PRT1
395
677
4 0 43 (11264 9216 4968 ) (11264 9216 5096 ) (11264 9296 5096 ) (11264 9296 4968 ) 
4 0 40 (11264 9296 5096 ) (11264 9320 5096 ) (11264 9320 4968 ) (11264 9296 4968 ) 
4 0 1 (11320 9216 4968 ) (11320 9216 5096 ) (11264 9216 5096 ) (11264 9216 4968 ) 
4 1 138 (11264 9064 5096 ) (11264 9216 5096 ) (11264 9216 4968 ) (11264 9064 4968 ) 
4 1 2 (11264 9064 4968 ) (11288 9064 4968 ) (11288 9064 5080 ) (11264 9064 5080 ) 
4 2 139 (11264 9064 5080 ) (11264 9064 4968 ) (11264 9056 4968 ) (11264 9056 5080 ) 
4 2 4 (11264 9056 4968 ) (11288 9056 4968 ) (11288 9056 5080 ) (11264 9056 5080 ) 
4 3 4 (11320 9008 4968 ) (11320 8752 4968 ) (11320 8752 5096 ) (11320 9008 5096 ) 
4 4 141 (11264 8752 5096 ) (11264 9056 5096 ) (11264 9056 4968 ) (11264 8752 4968 ) 
4 5 252 (11496 8192 4704 ) (11496 8192 4832 ) (11264 8192 4832 ) (11264 8192 4704 ) 
4 5 178 (11264 8192 4704 ) (11264 8192 4832 ) (11264 8304 4832 ) (11264 8304 4704 ) 
4 5 173 (11264 8304 4832 ) (11264 8320 4832 ) (11264 8320 4704 ) (11264 8304 4704 ) 
4 5 170 (11264 8320 4832 ) (11264 8328 4832 ) (11264 8328 4704 ) (11264 8320 4704 ) 
4 5 169 (11264 8328 4832 ) (11264 8360 4832 ) (11264 8360 4704 ) (11264 8328 4704 ) 
4 6 15 (10392 10280 5000 ) (10392 10280 5064 ) (10392 10408 5064 ) (10392 10408 5000 ) 
4 7 20 (10392 10528 4704 ) (10392 10400 4704 ) (10392 10400 4832 ) (10392 10528 4832 ) 
4 7 8 (10656 10400 4704 ) (10784 10400 4704 ) (10784 10400 4832 ) (10656 10400 4832 ) 
4 8 11 (10656 10272 4704 ) (10784 10272 4704 ) (10784 10272 4832 ) (10656 10272 4832 ) 
4 9 64 (10768 10240 4864 ) (10672 10240 4864 ) (10672 10240 4840 ) (10768 10240 4840 ) 
4 9 10 (10672 10240 4840 ) (10672 10256 4840 ) (10768 10256 4840 ) (10768 10240 4840 ) 
4 10 71 (10672 10240 4840 ) (10672 10240 4832 ) (10768 10240 4832 ) (10768 10240 4840 ) 
4 10 11 (10768 10240 4832 ) (10672 10240 4832 ) (10672 10256 4832 ) (10768 10256 4832 ) 
4 11 84 (10912 10240 4832 ) (10528 10240 4832 ) (10528 10240 4704 ) (10912 10240 4704 ) 
4 12 86 (10496 10240 4832 ) (10400 10240 4832 ) (10400 10240 4704 ) (10496 10240 4704 ) 
4 13 22 (10240 10472 5352 ) (10240 10472 4840 ) (10240 10408 4840 ) (10240 10408 5352 ) 
4 13 19 (10336 10464 4840 ) (10384 10464 4840 ) (10384 10416 4840 ) (10336 10416 4840 ) 
4 13 17 (10240 10408 4840 ) (10328 10408 4840 ) (10328 10408 5352 ) (10240 10408 5352 ) 
4 13 15 (10328 10408 4840 ) (10392 10408 4840 ) (10392 10408 5096 ) (10328 10408 5096 ) 
4 13 14 (10392 10408 5160 ) (10392 10408 5352 ) (10328 10408 5352 ) (10328 10408 5160 ) 
4 14 18 (10392 10280 5160 ) (10392 10280 5352 ) (10328 10280 5352 ) (10328 10280 5160 ) 
4 14 17 (10328 10408 5352 ) (10328 10408 5160 ) (10328 10280 5160 ) (10328 10280 5352 ) 
4 15 18 (10328 10280 4840 ) (10392 10280 4840 ) (10392 10280 5096 ) (10328 10280 5096 ) 
4 15 17 (10328 10408 5096 ) (10328 10408 4840 ) (10328 10280 4840 ) (10328 10280 5096 ) 
4 16 24 (10240 10408 5356 ) (10240 10408 5352 ) (10240 10280 5352 ) (10240 10280 5356 ) 
4 16 17 (10240 10408 5352 ) (10328 10408 5352 ) (10328 10280 5352 ) (10240 10280 5352 ) 
4 17 26 (10240 10408 5352 ) (10240 10408 4840 ) (10240 10280 4840 ) (10240 10280 5352 ) 
4 17 18 (10240 10280 5352 ) (10240 10280 4840 ) (10328 10280 4840 ) (10328 10280 5352 ) 
4 18 67 (10344 10240 4864 ) (10304 10240 4864 ) (10304 10240 4840 ) (10344 10240 4840 ) 
4 18 69 (10304 10240 4864 ) (10240 10240 4864 ) (10240 10240 4840 ) (10304 10240 4840 ) 
4 18 65 (10392 10240 4840 ) (10392 10240 4864 ) (10344 10240 4864 ) (10344 10240 4840 ) 
4 18 60 (10240 10240 4948 ) (10240 10240 4864 ) (10304 10240 4864 ) (10304 10240 4948 ) 
4 18 59 (10304 10240 4864 ) (10344 10240 4864 ) (10344 10240 4948 ) (10304 10240 4948 ) 
4 18 57 (10344 10240 4968 ) (10240 10240 4968 ) (10240 10240 4948 ) (10344 10240 4948 ) 
4 18 55 (10392 10240 4864 ) (10392 10240 4968 ) (10344 10240 4968 ) (10344 10240 4864 ) 
4 18 50 (10392 10240 4968 ) (10392 10240 5096 ) (10240 10240 5096 ) (10240 10240 4968 ) 
4 18 38 (10392 10240 5096 ) (10392 10240 5160 ) (10240 10240 5160 ) (10240 10240 5096 ) 
4 18 35 (10392 10240 5160 ) (10392 10240 5288 ) (10328 10240 5288 ) (10328 10240 5160 ) 
4 18 36 (10328 10240 5288 ) (10240 10240 5288 ) (10240 10240 5160 ) (10328 10240 5160 ) 
4 18 34 (10392 10240 5288 ) (10392 10240 5352 ) (10240 10240 5352 ) (10240 10240 5288 ) 
4 18 30 (10240 10240 4840 ) (10240 10240 5352 ) (10240 10280 5352 ) (10240 10280 4840 ) 
4 20 29 (10240 10400 4832 ) (10240 10408 4832 ) (10240 10408 4704 ) (10240 10400 4704 ) 
4 20 23 (10240 10408 4832 ) (10240 10472 4832 ) (10240 10472 4704 ) (10240 10408 4704 ) 
4 20 21 (10240 10472 4832 ) (10240 10528 4832 ) (10240 10528 4704 ) (10240 10472 4704 ) 
4 21 23 (10240 10472 4704 ) (10240 10472 4832 ) (10208 10472 4832 ) (10208 10472 4704 ) 
4 22 27 (9880 10408 5352 ) (9880 10408 5160 ) (9944 10408 5160 ) (9944 10408 5352 ) 
4 22 28 (9880 10408 5096 ) (9880 10408 4840 ) (9944 10408 4840 ) (9944 10408 5096 ) 
4 22 26 (9944 10408 4840 ) (10240 10408 4840 ) (10240 10408 5352 ) (9944 10408 5352 ) 
4 23 29 (10240 10408 4704 ) (10240 10408 4832 ) (10208 10408 4832 ) (10208 10408 4704 ) 
4 24 26 (10240 10280 5352 ) (10200 10280 5352 ) (10200 10408 5352 ) (10240 10408 5352 ) 
4 25 26 (10072 10280 5352 ) (9944 10280 5352 ) (9944 10408 5352 ) (10072 10408 5352 ) 
4 26 30 (9944 10280 4840 ) (10240 10280 4840 ) (10240 10280 5352 ) (9944 10280 5352 ) 
4 26 27 (9944 10280 5160 ) (9944 10280 5352 ) (9944 10408 5352 ) (9944 10408 5160 ) 
4 26 28 (9944 10408 4840 ) (9944 10280 4840 ) (9944 10280 5096 ) (9944 10408 5096 ) 
4 27 30 (9880 10280 5352 ) (9880 10280 5160 ) (9944 10280 5160 ) (9944 10280 5352 ) 
4 28 31 (9880 10280 5000 ) (9880 10280 5064 ) (9880 10408 5064 ) (9880 10408 5000 ) 
4 28 30 (9880 10280 5096 ) (9880 10280 4840 ) (9944 10280 4840 ) (9944 10280 5096 ) 
4 30 111 (10184 10240 4948 ) (9880 10240 4948 ) (9880 10240 4840 ) (10184 10240 4840 ) 
4 30 110 (10224 10240 4948 ) (10184 10240 4948 ) (10184 10240 4840 ) (10224 10240 4840 ) 
4 30 108 (10240 10240 4840 ) (10240 10240 4948 ) (10224 10240 4948 ) (10224 10240 4840 ) 
4 30 107 (10240 10240 4948 ) (10240 10240 5160 ) (9880 10240 5160 ) (9880 10240 4948 ) 
4 30 103 (9944 10240 5288 ) (9880 10240 5288 ) (9880 10240 5160 ) (9944 10240 5160 ) 
4 30 102 (10240 10240 5160 ) (10240 10240 5288 ) (9944 10240 5288 ) (9944 10240 5160 ) 
4 30 101 (10240 10240 5288 ) (10240 10240 5352 ) (9880 10240 5352 ) (9880 10240 5288 ) 
4 32 131 (9368 10240 4832 ) (9368 10240 5216 ) (9216 10240 5216 ) (9216 10240 4832 ) 
4 32 33 (9216 10240 4832 ) (9216 10240 5216 ) (9216 10280 5216 ) (9216 10280 4832 ) 
4 33 209 (8472 10240 5216 ) (8344 10240 5216 ) (8344 10240 4832 ) (8472 10240 4832 ) 
4 33 207 (8536 10240 5216 ) (8472 10240 5216 ) (8472 10240 4832 ) (8536 10240 4832 ) 
4 33 205 (9216 10240 4832 ) (9216 10240 5216 ) (8536 10240 5216 ) (8536 10240 4832 ) 
4 34 101 (10240 10240 5352 ) (10240 10240 5288 ) (10240 10216 5288 ) (10240 10216 5352 ) 
4 34 35 (10328 10240 5288 ) (10392 10240 5288 ) (10392 10216 5288 ) (10328 10216 5288 ) 
4 34 36 (10240 10216 5288 ) (10240 10240 5288 ) (10328 10240 5288 ) (10328 10216 5288 ) 
4 35 38 (10328 10240 5160 ) (10392 10240 5160 ) (10392 10216 5160 ) (10328 10216 5160 ) 
4 35 36 (10328 10240 5160 ) (10328 10216 5160 ) (10328 10216 5288 ) (10328 10240 5288 ) 
4 36 102 (10240 10240 5288 ) (10240 10240 5160 ) (10240 9960 5160 ) (10240 9960 5288 ) 
4 36 38 (10240 10240 5160 ) (10328 10240 5160 ) (10328 10216 5160 ) (10240 10216 5160 ) 
4 36 37 (10240 9960 5256 ) (10240 9960 5192 ) (10296 9960 5192 ) (10296 9960 5256 ) 
4 37 104 (10240 9956 5256 ) (10240 9960 5256 ) (10240 9960 5192 ) (10240 9956 5192 ) 
4 38 107 (10240 10240 5160 ) (10240 10240 5096 ) (10240 10216 5096 ) (10240 10216 5160 ) 
4 38 50 (10240 10216 5096 ) (10240 10240 5096 ) (10392 10240 5096 ) (10392 10216 5096 ) 
4 39 48 (10400 9880 4968 ) (10400 9704 4968 ) (10400 9704 5088 ) (10400 9880 5088 ) 
4 40 43 (10808 9296 4968 ) (11264 9296 4968 ) (11264 9296 5096 ) (10808 9296 5096 ) 
4 41 45 (10648 9296 4968 ) (10696 9296 4968 ) (10696 9296 5072 ) (10648 9296 5072 ) 
4 41 42 (10624 9616 5096 ) (10624 9616 4968 ) (10624 9520 4968 ) (10624 9520 5096 ) 
4 42 49 (10400 9592 4968 ) (10400 9544 4968 ) (10400 9544 5072 ) (10400 9592 5072 ) 
4 43 140 (11224 9216 5096 ) (10808 9216 5096 ) (10808 9216 4968 ) (11224 9216 4968 ) 
4 43 138 (11264 9216 4968 ) (11264 9216 5096 ) (11224 9216 5096 ) (11224 9216 4968 ) 
4 44 158 (10800 9216 5096 ) (10696 9216 5096 ) (10696 9216 4968 ) (10800 9216 4968 ) 
4 44 46 (10696 9288 4968 ) (10696 9216 4968 ) (10696 9216 5096 ) (10696 9288 5096 ) 
4 45 46 (10648 9288 5072 ) (10648 9288 4968 ) (10696 9288 4968 ) (10696 9288 5072 ) 
4 46 158 (10696 9216 5096 ) (10648 9216 5096 ) (10648 9216 4968 ) (10696 9216 4968 ) 
4 46 47 (10648 9288 4968 ) (10648 9216 4968 ) (10648 9216 5096 ) (10648 9288 5096 ) 
4 47 158 (10648 9216 5096 ) (10544 9216 5096 ) (10544 9216 4968 ) (10648 9216 4968 ) 
4 48 51 (10392 9880 4968 ) (10392 9704 4968 ) (10392 9704 5088 ) (10392 9880 5088 ) 
4 49 51 (10392 9592 4968 ) (10392 9544 4968 ) (10392 9544 5072 ) (10392 9592 5072 ) 
4 50 107 (10240 10240 5096 ) (10240 10240 4968 ) (10240 10216 4968 ) (10240 10216 5096 ) 
4 50 57 (10240 10216 4968 ) (10240 10240 4968 ) (10344 10240 4968 ) (10344 10216 4968 ) 
4 50 55 (10344 10240 4968 ) (10392 10240 4968 ) (10392 10216 4968 ) (10344 10216 4968 ) 
4 51 121 (10240 9952 4968 ) (10240 9440 4968 ) (10240 9440 5096 ) (10240 9952 5096 ) 
4 51 112 (10240 10208 4968 ) (10240 9952 4968 ) (10240 9952 5096 ) (10240 10208 5096 ) 
4 51 63 (10240 9760 4968 ) (10240 10192 4968 ) (10328 10192 4968 ) (10328 9760 4968 ) 
4 51 62 (10328 10192 4968 ) (10392 10192 4968 ) (10392 9952 4968 ) (10328 9952 4968 ) 
4 51 58 (10240 10192 4968 ) (10240 10208 4968 ) (10344 10208 4968 ) (10344 10192 4968 ) 
4 51 56 (10344 10208 4968 ) (10392 10208 4968 ) (10392 10192 4968 ) (10344 10192 4968 ) 
4 52 162 (10608 9216 4928 ) (10608 9216 4904 ) (10832 9216 4904 ) (10832 9216 4928 ) 
4 52 53 (10608 9216 4904 ) (10608 9488 4904 ) (10832 9488 4904 ) (10832 9216 4904 ) 
4 53 163 (10608 9216 4904 ) (10608 9216 4896 ) (10832 9216 4896 ) (10832 9216 4904 ) 
4 53 54 (10608 9216 4896 ) (10608 9488 4896 ) (10832 9488 4896 ) (10832 9216 4896 ) 
4 54 164 (10608 9216 4896 ) (10608 9216 4864 ) (10832 9216 4864 ) (10832 9216 4896 ) 
4 54 83 (10832 9216 4864 ) (10608 9216 4864 ) (10608 9488 4864 ) (10832 9488 4864 ) 
4 55 65 (10344 10240 4864 ) (10392 10240 4864 ) (10392 10216 4864 ) (10344 10216 4864 ) 
4 55 59 (10344 10240 4864 ) (10344 10232 4864 ) (10344 10232 4948 ) (10344 10240 4948 ) 
4 55 57 (10344 10216 4948 ) (10344 10216 4968 ) (10344 10240 4968 ) (10344 10240 4948 ) 
4 56 66 (10392 10208 4864 ) (10392 10192 4864 ) (10344 10192 4864 ) (10344 10208 4864 ) 
4 56 62 (10344 10192 4864 ) (10392 10192 4864 ) (10392 10192 4968 ) (10344 10192 4968 ) 
4 56 58 (10344 10192 4948 ) (10344 10192 4968 ) (10344 10208 4968 ) (10344 10208 4948 ) 
4 57 107 (10240 10240 4968 ) (10240 10240 4948 ) (10240 10216 4948 ) (10240 10216 4968 ) 
4 57 60 (10240 10240 4948 ) (10304 10240 4948 ) (10304 10232 4948 ) (10240 10232 4948 ) 
4 57 59 (10304 10240 4948 ) (10344 10240 4948 ) (10344 10232 4948 ) (10304 10232 4948 ) 
4 58 112 (10240 10208 4948 ) (10240 10192 4948 ) (10240 10192 4968 ) (10240 10208 4968 ) 
4 58 63 (10328 10192 4968 ) (10240 10192 4968 ) (10240 10192 4948 ) (10328 10192 4948 ) 
4 58 62 (10344 10192 4948 ) (10344 10192 4968 ) (10328 10192 4968 ) (10328 10192 4948 ) 
4 59 67 (10304 10240 4864 ) (10344 10240 4864 ) (10344 10232 4864 ) (10304 10232 4864 ) 
4 59 60 (10304 10240 4864 ) (10304 10232 4864 ) (10304 10232 4948 ) (10304 10240 4948 ) 
4 60 108 (10240 10240 4948 ) (10240 10240 4864 ) (10240 10232 4864 ) (10240 10232 4948 ) 
4 60 69 (10240 10232 4864 ) (10240 10240 4864 ) (10304 10240 4864 ) (10304 10232 4864 ) 
4 60 61 (10240 10232 4864 ) (10304 10232 4864 ) (10304 10232 4932 ) (10240 10232 4932 ) 
4 61 113 (10240 10208 4864 ) (10240 10192 4864 ) (10240 10192 4932 ) (10240 10208 4932 ) 
4 61 109 (10240 10232 4864 ) (10240 10208 4864 ) (10240 10208 4932 ) (10240 10232 4932 ) 
4 61 69 (10240 10192 4864 ) (10240 10232 4864 ) (10304 10232 4864 ) (10304 10192 4864 ) 
4 61 63 (10240 10192 4864 ) (10304 10192 4864 ) (10304 10192 4932 ) (10240 10192 4932 ) 
4 62 79 (10328 9952 4864 ) (10328 10000 4864 ) (10392 10000 4864 ) (10392 9952 4864 ) 
4 62 77 (10328 10000 4864 ) (10328 10032 4864 ) (10392 10032 4864 ) (10392 10000 4864 ) 
4 62 75 (10328 10032 4864 ) (10328 10128 4864 ) (10392 10128 4864 ) (10392 10032 4864 ) 
4 62 70 (10328 10128 4864 ) (10328 10160 4864 ) (10392 10160 4864 ) (10392 10128 4864 ) 
4 62 68 (10328 10160 4864 ) (10328 10192 4864 ) (10344 10192 4864 ) (10344 10160 4864 ) 
4 62 66 (10344 10192 4864 ) (10392 10192 4864 ) (10392 10160 4864 ) (10344 10160 4864 ) 
4 62 63 (10328 10192 4968 ) (10328 10192 4864 ) (10328 9952 4864 ) (10328 9952 4968 ) 
4 63 122 (10240 9952 4864 ) (10240 9864 4864 ) (10240 9760 4968 ) (10240 9952 4968 ) 
4 63 114 (10240 10192 4864 ) (10240 9952 4864 ) (10240 9952 4948 ) (10240 10192 4948 ) 
4 63 112 (10240 9952 4948 ) (10240 9952 4968 ) (10240 10192 4968 ) (10240 10192 4948 ) 
4 63 82 (10240 9864 4864 ) (10240 9904 4864 ) (10328 9904 4864 ) (10328 9864 4864 ) 
4 63 80 (10240 9904 4864 ) (10240 10000 4864 ) (10328 10000 4864 ) (10328 9904 4864 ) 
4 63 77 (10240 10000 4864 ) (10240 10032 4864 ) (10328 10032 4864 ) (10328 10000 4864 ) 
4 63 75 (10240 10032 4864 ) (10240 10128 4864 ) (10328 10128 4864 ) (10328 10032 4864 ) 
4 63 70 (10240 10128 4864 ) (10240 10160 4864 ) (10328 10160 4864 ) (10328 10128 4864 ) 
4 63 68 (10304 10192 4864 ) (10328 10192 4864 ) (10328 10160 4864 ) (10304 10160 4864 ) 
4 63 69 (10240 10160 4864 ) (10240 10192 4864 ) (10304 10192 4864 ) (10304 10160 4864 ) 
4 64 71 (10672 10240 4840 ) (10768 10240 4840 ) (10768 10160 4840 ) (10672 10160 4840 ) 
4 65 67 (10344 10240 4840 ) (10344 10232 4840 ) (10344 10232 4864 ) (10344 10240 4864 ) 
4 66 70 (10344 10160 4840 ) (10392 10160 4840 ) (10392 10160 4864 ) (10344 10160 4864 ) 
4 66 68 (10344 10192 4840 ) (10344 10160 4840 ) (10344 10160 4864 ) (10344 10192 4864 ) 
4 67 69 (10304 10240 4840 ) (10304 10232 4840 ) (10304 10232 4864 ) (10304 10240 4864 ) 
4 68 70 (10304 10160 4840 ) (10344 10160 4840 ) (10344 10160 4864 ) (10304 10160 4864 ) 
4 68 69 (10304 10192 4840 ) (10304 10160 4840 ) (10304 10160 4864 ) (10304 10192 4864 ) 
4 69 113 (10240 10208 4840 ) (10240 10192 4840 ) (10240 10192 4864 ) (10240 10208 4864 ) 
4 69 114 (10240 10192 4840 ) (10240 10160 4840 ) (10240 10160 4864 ) (10240 10192 4864 ) 
4 69 109 (10240 10232 4840 ) (10240 10208 4840 ) (10240 10208 4864 ) (10240 10232 4864 ) 
4 69 108 (10240 10240 4864 ) (10240 10240 4840 ) (10240 10232 4840 ) (10240 10232 4864 ) 
4 69 70 (10240 10160 4840 ) (10304 10160 4840 ) (10304 10160 4864 ) (10240 10160 4864 ) 
4 70 114 (10240 10160 4840 ) (10240 10128 4840 ) (10240 10128 4864 ) (10240 10160 4864 ) 
4 70 75 (10392 10128 4864 ) (10240 10128 4864 ) (10240 10128 4840 ) (10392 10128 4840 ) 
4 71 84 (10672 10240 4832 ) (10768 10240 4832 ) (10768 10160 4832 ) (10672 10160 4832 ) 
4 72 73 (10800 10032 4840 ) (10800 10128 4840 ) (10896 10128 4840 ) (10896 10032 4840 ) 
4 73 84 (10800 10128 4832 ) (10896 10128 4832 ) (10896 10032 4832 ) (10800 10032 4832 ) 
4 74 76 (10544 10128 4840 ) (10640 10128 4840 ) (10640 10032 4840 ) (10544 10032 4840 ) 
4 75 114 (10240 10032 4840 ) (10240 10032 4864 ) (10240 10128 4864 ) (10240 10128 4840 ) 
4 75 77 (10392 10032 4864 ) (10240 10032 4864 ) (10240 10032 4840 ) (10392 10032 4840 ) 
4 76 84 (10544 10128 4832 ) (10640 10128 4832 ) (10640 10032 4832 ) (10544 10032 4832 ) 
4 77 114 (10240 10000 4864 ) (10240 10032 4864 ) (10240 10032 4840 ) (10240 10000 4840 ) 
4 77 79 (10328 10000 4840 ) (10392 10000 4840 ) (10392 10000 4864 ) (10328 10000 4864 ) 
4 77 80 (10240 10000 4840 ) (10328 10000 4840 ) (10328 10000 4864 ) (10240 10000 4864 ) 
4 78 81 (10768 9904 4840 ) (10672 9904 4840 ) (10672 10000 4840 ) (10768 10000 4840 ) 
4 79 80 (10328 10000 4864 ) (10328 10000 4840 ) (10328 9952 4840 ) (10328 9952 4864 ) 
4 80 122 (10240 9904 4840 ) (10240 9904 4864 ) (10240 9952 4864 ) (10240 9952 4840 ) 
4 80 114 (10240 9952 4864 ) (10240 10000 4864 ) (10240 10000 4840 ) (10240 9952 4840 ) 
4 80 82 (10328 9904 4864 ) (10240 9904 4864 ) (10240 9904 4840 ) (10328 9904 4840 ) 
4 81 84 (10672 10000 4832 ) (10768 10000 4832 ) (10768 9904 4832 ) (10672 9904 4832 ) 
4 82 122 (10240 9864 4864 ) (10240 9904 4864 ) (10240 9904 4840 ) (10240 9888 4840 ) 
4 83 164 (10832 9216 4864 ) (10608 9216 4864 ) (10608 9216 4832 ) (10832 9216 4832 ) 
4 83 96 (10832 9216 4832 ) (10608 9216 4832 ) (10608 9488 4832 ) (10832 9488 4832 ) 
4 84 87 (10656 9888 4704 ) (10784 9888 4704 ) (10784 9888 4832 ) (10656 9888 4832 ) 
4 84 85 (10528 10144 4704 ) (10528 10016 4704 ) (10528 10016 4832 ) (10528 10144 4832 ) 
4 85 86 (10496 10144 4704 ) (10496 10016 4704 ) (10496 10016 4832 ) (10496 10144 4832 ) 
4 86 88 (10400 10112 4704 ) (10400 10048 4704 ) (10400 10048 4816 ) (10400 10112 4816 ) 
4 87 90 (10656 9856 4704 ) (10784 9856 4704 ) (10784 9856 4832 ) (10656 9856 4832 ) 
4 88 89 (10392 10112 4704 ) (10392 10048 4704 ) (10392 10048 4816 ) (10392 10112 4816 ) 
4 89 118 (10240 10208 4704 ) (10240 9952 4704 ) (10240 9952 4832 ) (10240 10208 4832 ) 
4 90 95 (10610 9848 4704 ) (10656 9848 4704 ) (10656 9848 4832 ) (10610 9848 4832 ) 
4 90 94 (10656 9848 4704 ) (10784 9848 4704 ) (10784 9848 4832 ) (10656 9848 4832 ) 
4 90 92 (10610 9856 4754 ) (10610 9856 4704 ) (10610 9848 4704 ) (10610 9848 4754 ) 
4 90 91 (10610 9856 4832 ) (10610 9856 4782 ) (10610 9848 4782 ) (10610 9848 4832 ) 
4 91 95 (10610 9848 4782 ) (10610 9848 4832 ) (10574 9848 4832 ) (10574 9848 4782 ) 
4 91 93 (10574 9856 4832 ) (10574 9856 4782 ) (10574 9848 4782 ) (10574 9848 4832 ) 
4 92 95 (10574 9848 4704 ) (10610 9848 4704 ) (10610 9848 4754 ) (10574 9848 4754 ) 
4 92 93 (10574 9856 4754 ) (10574 9856 4704 ) (10574 9848 4704 ) (10574 9848 4754 ) 
4 93 95 (10528 9848 4704 ) (10574 9848 4704 ) (10574 9848 4832 ) (10528 9848 4832 ) 
4 94 96 (10656 9632 4704 ) (10784 9632 4704 ) (10784 9632 4832 ) (10656 9632 4832 ) 
4 94 95 (10656 9848 4832 ) (10656 9848 4704 ) (10656 9664 4704 ) (10656 9664 4832 ) 
4 96 185 (10912 9216 4832 ) (10528 9216 4832 ) (10528 9216 4704 ) (10912 9216 4704 ) 
4 96 99 (10656 9216 4704 ) (10528 9216 4704 ) (10528 9632 4704 ) (10656 9632 4704 ) 
4 96 98 (10784 9216 4704 ) (10656 9216 4704 ) (10656 9504 4704 ) (10784 9504 4704 ) 
4 96 97 (10912 9216 4704 ) (10784 9216 4704 ) (10784 9632 4704 ) (10912 9632 4704 ) 
4 97 187 (10912 9216 4704 ) (10784 9216 4704 ) (10784 9216 4688 ) (10912 9216 4688 ) 
4 97 100 (10912 9632 4688 ) (10912 9216 4688 ) (10784 9216 4688 ) (10784 9632 4688 ) 
4 97 98 (10784 9504 4688 ) (10784 9216 4688 ) (10784 9216 4704 ) (10784 9504 4704 ) 
4 98 188 (10784 9216 4704 ) (10656 9216 4704 ) (10656 9216 4688 ) (10784 9216 4688 ) 
4 98 100 (10784 9504 4688 ) (10784 9216 4688 ) (10656 9216 4688 ) (10656 9504 4688 ) 
4 98 99 (10656 9504 4688 ) (10656 9216 4688 ) (10656 9216 4704 ) (10656 9504 4704 ) 
4 99 189 (10656 9216 4704 ) (10528 9216 4704 ) (10528 9216 4688 ) (10656 9216 4688 ) 
4 99 100 (10656 9632 4688 ) (10656 9216 4688 ) (10528 9216 4688 ) (10528 9632 4688 ) 
4 100 190 (10912 9216 4688 ) (10528 9216 4688 ) (10528 9216 4672 ) (10912 9216 4672 ) 
4 101 103 (9880 10216 5288 ) (9880 10240 5288 ) (9944 10240 5288 ) (9944 10216 5288 ) 
4 101 102 (9944 10240 5288 ) (10240 10240 5288 ) (10240 10216 5288 ) (9944 10216 5288 ) 
4 102 107 (9944 10240 5160 ) (10240 10240 5160 ) (10240 10216 5160 ) (9944 10216 5160 ) 
4 102 106 (10040 9960 5256 ) (9976 9960 5256 ) (9976 9960 5192 ) (10040 9960 5192 ) 
4 102 105 (10112 9960 5200 ) (10160 9960 5200 ) (10160 9960 5248 ) (10112 9960 5248 ) 
4 102 104 (10240 9960 5192 ) (10240 9960 5256 ) (10232 9960 5256 ) (10232 9960 5192 ) 
4 102 103 (9944 10240 5160 ) (9944 10216 5160 ) (9944 10216 5288 ) (9944 10240 5288 ) 
4 103 107 (9880 10216 5160 ) (9880 10240 5160 ) (9944 10240 5160 ) (9944 10216 5160 ) 
4 105 119 (10160 9952 5248 ) (10112 9952 5248 ) (10112 9952 5200 ) (10160 9952 5200 ) 
4 107 111 (9880 10216 4948 ) (9880 10240 4948 ) (10184 10240 4948 ) (10184 10216 4948 ) 
4 107 110 (10184 10240 4948 ) (10224 10240 4948 ) (10224 10232 4948 ) (10184 10232 4948 ) 
4 107 108 (10224 10240 4948 ) (10240 10240 4948 ) (10240 10232 4948 ) (10224 10232 4948 ) 
4 108 110 (10224 10240 4840 ) (10224 10232 4840 ) (10224 10232 4948 ) (10224 10240 4948 ) 
4 108 109 (10224 10232 4932 ) (10224 10232 4840 ) (10240 10232 4840 ) (10240 10232 4932 ) 
4 109 113 (10224 10208 4840 ) (10240 10208 4840 ) (10240 10208 4932 ) (10224 10208 4932 ) 
4 110 111 (10184 10240 4840 ) (10184 10232 4840 ) (10184 10232 4948 ) (10184 10240 4948 ) 
4 112 122 (10200 9952 4948 ) (10240 9952 4948 ) (10240 9952 4968 ) (10200 9952 4968 ) 
4 112 121 (9880 9952 5096 ) (9880 9952 4968 ) (10240 9952 4968 ) (10240 9952 5096 ) 
4 112 115 (10224 9952 4948 ) (10184 9952 4948 ) (10184 10192 4948 ) (10224 10192 4948 ) 
4 112 116 (10184 9952 4948 ) (9880 9952 4948 ) (9880 10208 4948 ) (10184 10208 4948 ) 
4 112 114 (10240 9952 4948 ) (10224 9952 4948 ) (10224 10192 4948 ) (10240 10192 4948 ) 
4 113 114 (10224 10192 4932 ) (10224 10192 4840 ) (10240 10192 4840 ) (10240 10192 4932 ) 
4 114 122 (10224 9952 4840 ) (10240 9952 4840 ) (10240 9952 4948 ) (10224 9952 4948 ) 
4 114 115 (10224 9952 4948 ) (10224 10192 4948 ) (10224 10192 4840 ) (10224 9952 4840 ) 
4 115 122 (10200 9952 4840 ) (10224 9952 4840 ) (10224 9952 4948 ) (10200 9952 4948 ) 
4 115 116 (10184 9952 4948 ) (10184 10192 4948 ) (10184 10192 4840 ) (10184 9952 4840 ) 
4 116 117 (9944 10016 4840 ) (9944 10144 4840 ) (10072 10144 4840 ) (10072 10016 4840 ) 
4 117 118 (9944 10016 4832 ) (9944 10144 4832 ) (10072 10144 4832 ) (10072 10016 4832 ) 
4 119 120 (10160 9496 5200 ) (10160 9448 5200 ) (10112 9448 5200 ) (10112 9496 5200 ) 
4 120 121 (10112 9496 5096 ) (10160 9496 5096 ) (10160 9448 5096 ) (10112 9448 5096 ) 
4 121 124 (9880 9592 4968 ) (9880 9544 4968 ) (9880 9544 5072 ) (9880 9592 5072 ) 
4 121 123 (9880 9880 4968 ) (9880 9704 4968 ) (9880 9704 5088 ) (9880 9880 5088 ) 
4 121 122 (10200 9952 4968 ) (10240 9952 4968 ) (10240 9760 4968 ) (10200 9760 4968 ) 
4 123 125 (9872 9880 4968 ) (9872 9704 4968 ) (9872 9704 5088 ) (9872 9880 5088 ) 
4 124 126 (9872 9592 4968 ) (9872 9544 4968 ) (9872 9544 5072 ) (9872 9592 5072 ) 
4 127 131 (9304 10152 5216 ) (9240 10152 5216 ) (9240 10216 5216 ) (9304 10216 5216 ) 
4 128 131 (9304 9928 5216 ) (9240 9928 5216 ) (9240 9992 5216 ) (9304 9992 5216 ) 
4 129 131 (9304 9544 5216 ) (9240 9544 5216 ) (9240 9608 5216 ) (9304 9608 5216 ) 
4 130 131 (9304 9320 5216 ) (9240 9320 5216 ) (9240 9384 5216 ) (9304 9384 5216 ) 
4 131 205 (9216 10240 5216 ) (9216 10240 4832 ) (9216 9256 4832 ) (9216 9256 5216 ) 
4 132 133 (10688 9096 5097 ) (10656 9096 5097 ) (10656 9160 5097 ) (10688 9160 5097 ) 
4 133 158 (10656 9096 5096 ) (10656 9160 5096 ) (10688 9160 5096 ) (10688 9096 5096 ) 
4 134 135 (10688 8904 5097 ) (10656 8904 5097 ) (10656 8968 5097 ) (10688 8968 5097 ) 
4 135 158 (10656 8904 5096 ) (10656 8968 5096 ) (10688 8968 5096 ) (10688 8904 5096 ) 
4 136 137 (10688 8608 5097 ) (10656 8608 5097 ) (10656 8672 5097 ) (10688 8672 5097 ) 
4 137 160 (10656 8608 5096 ) (10656 8672 5096 ) (10688 8672 5096 ) (10688 8608 5096 ) 
4 138 140 (11224 9216 4968 ) (11224 9064 4968 ) (11224 9064 5096 ) (11224 9216 5096 ) 
4 138 139 (11224 9064 5080 ) (11224 9064 4968 ) (11264 9064 4968 ) (11264 9064 5080 ) 
4 139 141 (11224 9056 4968 ) (11264 9056 4968 ) (11264 9056 5080 ) (11224 9056 5080 ) 
4 140 155 (10808 9160 4968 ) (10808 9096 4968 ) (10808 9096 5080 ) (10808 9160 5080 ) 
4 141 142 (11192 9008 4968 ) (11192 8752 4968 ) (11192 8752 5096 ) (11192 9008 5096 ) 
4 142 152 (11096 8752 4968 ) (11160 8752 4968 ) (11160 8752 5080 ) (11096 8752 5080 ) 
4 143 153 (10936 8752 4968 ) (11064 8752 4968 ) (11064 8752 5096 ) (10936 8752 5096 ) 
4 143 145 (10936 9000 5048 ) (10936 9000 4968 ) (10936 8872 4968 ) (10936 8872 5048 ) 
4 143 144 (10936 9000 5096 ) (10936 9000 5048 ) (10936 8872 5048 ) (10936 8872 5096 ) 
4 144 146 (10904 8872 5096 ) (10904 9000 5096 ) (10904 9000 5048 ) (10904 8872 5048 ) 
4 144 145 (10904 8872 5048 ) (10904 9000 5048 ) (10936 9000 5048 ) (10936 8872 5048 ) 
4 145 149 (10904 9000 4968 ) (10904 8872 4968 ) (10904 8872 5000 ) (10904 9000 5000 ) 
4 145 147 (10904 8872 5000 ) (10904 8872 5048 ) (10904 9000 5048 ) (10904 9000 5000 ) 
4 146 156 (10808 8968 5080 ) (10808 8968 5048 ) (10808 8904 5048 ) (10808 8904 5080 ) 
4 146 147 (10904 9000 5048 ) (10904 8872 5048 ) (10808 8872 5048 ) (10808 9000 5048 ) 
4 147 156 (10808 8904 5048 ) (10808 8968 5048 ) (10808 8968 5000 ) (10808 8904 5000 ) 
4 147 151 (10856 8872 5000 ) (10808 8872 5000 ) (10808 9000 5000 ) (10856 9000 5000 ) 
4 147 149 (10904 9000 5000 ) (10904 8872 5000 ) (10856 8872 5000 ) (10856 9000 5000 ) 
4 148 157 (10808 8808 5048 ) (10808 8856 5048 ) (10808 8856 5000 ) (10808 8808 5000 ) 
4 148 150 (10904 8856 5000 ) (10904 8808 5000 ) (10856 8808 5000 ) (10856 8856 5000 ) 
4 149 151 (10856 8872 5000 ) (10856 9000 5000 ) (10856 9000 4968 ) (10856 8872 4968 ) 
4 151 156 (10808 8968 4968 ) (10808 8904 4968 ) (10808 8904 5000 ) (10808 8968 5000 ) 
4 152 154 (11096 8744 4968 ) (11160 8744 4968 ) (11160 8744 5080 ) (11096 8744 5080 ) 
4 153 154 (10936 8744 4968 ) (11064 8744 4968 ) (11064 8744 5096 ) (10936 8744 5096 ) 
4 155 158 (10800 9160 4968 ) (10800 9096 4968 ) (10800 9096 5080 ) (10800 9160 5080 ) 
4 156 158 (10800 8968 4968 ) (10800 8904 4968 ) (10800 8904 5080 ) (10800 8968 5080 ) 
4 157 158 (10800 8808 5048 ) (10800 8856 5048 ) (10800 8856 5000 ) (10800 8808 5000 ) 
4 158 159 (10616 8776 4968 ) (10728 8776 4968 ) (10728 8776 5080 ) (10616 8776 5080 ) 
4 159 160 (10616 8768 4968 ) (10728 8768 4968 ) (10728 8768 5080 ) (10616 8768 5080 ) 
4 160 161 (10544 8512 4968 ) (10544 8256 4968 ) (10544 8256 5096 ) (10544 8512 5096 ) 
4 162 163 (10608 9008 4904 ) (10608 9216 4904 ) (10832 9216 4904 ) (10832 9008 4904 ) 
4 163 164 (10608 9008 4896 ) (10608 9216 4896 ) (10832 9216 4896 ) (10832 9008 4896 ) 
4 164 185 (10608 9216 4832 ) (10832 9216 4832 ) (10832 9008 4832 ) (10608 9008 4832 ) 
4 165 185 (10904 8856 4832 ) (10904 8808 4832 ) (10856 8808 4832 ) (10856 8856 4832 ) 
4 166 167 (10608 8240 4904 ) (10608 8720 4904 ) (10832 8720 4904 ) (10832 8240 4904 ) 
4 167 168 (10608 8240 4896 ) (10608 8720 4896 ) (10832 8720 4896 ) (10832 8240 4896 ) 
4 168 185 (10608 8720 4832 ) (10832 8720 4832 ) (10832 8240 4832 ) (10608 8240 4832 ) 
4 169 171 (11160 8328 4736 ) (11160 8328 4832 ) (11128 8328 4832 ) (11128 8328 4736 ) 
4 169 170 (11160 8328 4704 ) (11264 8328 4704 ) (11264 8328 4832 ) (11160 8328 4832 ) 
4 169 172 (11112 8328 4832 ) (11112 8328 4704 ) (11128 8328 4704 ) (11128 8328 4832 ) 
4 170 173 (11160 8320 4704 ) (11264 8320 4704 ) (11264 8320 4832 ) (11160 8320 4832 ) 
4 170 171 (11160 8328 4832 ) (11160 8328 4736 ) (11160 8320 4736 ) (11160 8320 4832 ) 
4 171 176 (11136 8320 4832 ) (11128 8320 4832 ) (11128 8320 4736 ) (11136 8320 4736 ) 
4 171 175 (11152 8320 4832 ) (11136 8320 4832 ) (11136 8320 4736 ) (11152 8320 4736 ) 
4 171 174 (11160 8320 4736 ) (11160 8320 4832 ) (11152 8320 4832 ) (11152 8320 4736 ) 
4 171 172 (11128 8328 4832 ) (11128 8328 4736 ) (11128 8320 4736 ) (11128 8320 4832 ) 
4 172 177 (11112 8320 4832 ) (11112 8320 4704 ) (11128 8320 4704 ) (11128 8320 4832 ) 
4 173 178 (11160 8304 4704 ) (11264 8304 4704 ) (11264 8304 4832 ) (11160 8304 4832 ) 
4 173 174 (11160 8320 4832 ) (11160 8320 4736 ) (11160 8304 4736 ) (11160 8304 4832 ) 
4 174 179 (11160 8304 4736 ) (11160 8304 4832 ) (11152 8304 4832 ) (11152 8304 4736 ) 
4 174 175 (11152 8320 4832 ) (11152 8320 4736 ) (11152 8304 4736 ) (11152 8304 4832 ) 
4 175 179 (11152 8304 4736 ) (11152 8304 4832 ) (11136 8304 4832 ) (11136 8304 4736 ) 
4 175 176 (11136 8320 4832 ) (11136 8320 4736 ) (11136 8304 4736 ) (11136 8304 4832 ) 
4 176 179 (11136 8304 4736 ) (11136 8304 4832 ) (11128 8304 4832 ) (11128 8304 4736 ) 
4 176 177 (11128 8320 4832 ) (11128 8320 4736 ) (11128 8304 4736 ) (11128 8304 4832 ) 
4 177 181 (11112 8304 4832 ) (11112 8304 4704 ) (11128 8304 4704 ) (11128 8304 4832 ) 
4 178 295 (11264 8192 4704 ) (11264 8192 4832 ) (11160 8192 4832 ) (11160 8192 4704 ) 
4 178 179 (11160 8304 4832 ) (11160 8304 4736 ) (11160 8296 4736 ) (11160 8296 4832 ) 
4 178 180 (11160 8296 4704 ) (11160 8192 4704 ) (11160 8192 4832 ) (11160 8296 4832 ) 
4 179 180 (11128 8296 4832 ) (11128 8296 4736 ) (11160 8296 4736 ) (11160 8296 4832 ) 
4 179 181 (11128 8304 4832 ) (11128 8304 4736 ) (11128 8296 4736 ) (11128 8296 4832 ) 
4 180 295 (11160 8192 4832 ) (11128 8192 4832 ) (11128 8192 4704 ) (11160 8192 4704 ) 
4 180 181 (11128 8296 4704 ) (11128 8192 4704 ) (11128 8192 4832 ) (11128 8296 4832 ) 
4 181 295 (11128 8192 4832 ) (11112 8192 4832 ) (11112 8192 4704 ) (11128 8192 4704 ) 
4 181 182 (11112 8228 4704 ) (11112 8192 4704 ) (11112 8192 4740 ) (11112 8228 4740 ) 
4 182 296 (11104 8192 4740 ) (11104 8192 4704 ) (11112 8192 4704 ) (11112 8192 4740 ) 
4 182 183 (11104 8228 4704 ) (11104 8192 4704 ) (11104 8192 4740 ) (11104 8228 4740 ) 
4 183 298 (10976 8192 4704 ) (11104 8192 4704 ) (11104 8192 4768 ) (10976 8192 4768 ) 
4 183 184 (10976 8296 4704 ) (10976 8232 4704 ) (10976 8232 4768 ) (10976 8296 4768 ) 
4 184 185 (10912 8296 4704 ) (10912 8232 4704 ) (10912 8232 4768 ) (10912 8296 4768 ) 
4 185 299 (10912 8192 4832 ) (10528 8192 4832 ) (10528 8192 4704 ) (10912 8192 4704 ) 
4 185 188 (10656 9216 4704 ) (10784 9216 4704 ) (10784 8224 4704 ) (10656 8224 4704 ) 
4 185 187 (10784 9216 4704 ) (10912 9216 4704 ) (10912 8192 4704 ) (10784 8192 4704 ) 
4 185 189 (10528 9216 4704 ) (10656 9216 4704 ) (10656 8192 4704 ) (10528 8192 4704 ) 
4 185 186 (10528 8480 4704 ) (10528 8416 4704 ) (10528 8416 4832 ) (10528 8480 4832 ) 
4 187 314 (10912 8192 4704 ) (10784 8192 4704 ) (10784 8192 4688 ) (10912 8192 4688 ) 
4 187 190 (10784 9216 4688 ) (10912 9216 4688 ) (10912 8192 4688 ) (10784 8192 4688 ) 
4 187 188 (10784 9216 4688 ) (10784 8224 4688 ) (10784 8224 4704 ) (10784 9216 4704 ) 
4 188 190 (10656 9216 4688 ) (10784 9216 4688 ) (10784 8224 4688 ) (10656 8224 4688 ) 
4 188 189 (10656 9216 4688 ) (10656 8224 4688 ) (10656 8224 4704 ) (10656 9216 4704 ) 
4 189 315 (10656 8192 4704 ) (10528 8192 4704 ) (10528 8192 4688 ) (10656 8192 4688 ) 
4 189 190 (10528 9216 4688 ) (10656 9216 4688 ) (10656 8192 4688 ) (10528 8192 4688 ) 
4 190 316 (10912 8192 4688 ) (10528 8192 4688 ) (10528 8192 4672 ) (10912 8192 4672 ) 
4 191 192 (9888 8288 4832 ) (9760 8288 4832 ) (9760 8288 4704 ) (9888 8288 4704 ) 
4 192 321 (9952 8192 4704 ) (9952 8192 4960 ) (9696 8192 4960 ) (9696 8192 4704 ) 
4 193 205 (9048 10216 5216 ) (9112 10216 5216 ) (9112 10152 5216 ) (9048 10152 5216 ) 
4 194 205 (8600 10216 5216 ) (8664 10216 5216 ) (8664 10152 5216 ) (8600 10152 5216 ) 
4 195 209 (8408 10216 5216 ) (8472 10216 5216 ) (8472 10152 5216 ) (8408 10152 5216 ) 
4 196 205 (9048 9992 5216 ) (9112 9992 5216 ) (9112 9928 5216 ) (9048 9928 5216 ) 
4 197 205 (8600 9992 5216 ) (8664 9992 5216 ) (8664 9928 5216 ) (8600 9928 5216 ) 
4 198 209 (8408 9992 5216 ) (8472 9992 5216 ) (8472 9928 5216 ) (8408 9928 5216 ) 
4 199 205 (9048 9608 5216 ) (9112 9608 5216 ) (9112 9544 5216 ) (9048 9544 5216 ) 
4 200 205 (8600 9608 5216 ) (8664 9608 5216 ) (8664 9544 5216 ) (8600 9544 5216 ) 
4 201 209 (8408 9608 5216 ) (8472 9608 5216 ) (8472 9544 5216 ) (8408 9544 5216 ) 
4 202 205 (9048 9384 5216 ) (9112 9384 5216 ) (9112 9320 5216 ) (9048 9320 5216 ) 
4 203 205 (8600 9384 5216 ) (8664 9384 5216 ) (8664 9320 5216 ) (8600 9320 5216 ) 
4 204 209 (8408 9384 5216 ) (8472 9384 5216 ) (8472 9320 5216 ) (8408 9320 5216 ) 
3 205 206 (8536 9256 4960 ) (8536 9256 5216 ) (8536 9768 5216 ) 
5 205 207 (8536 9256 4832 ) (8536 9256 4960 ) (8536 9768 5216 ) (8536 10240 5216 ) (8536 10240 4832 ) 
3 206 209 (8472 9256 5216 ) (8472 9768 5216 ) (8472 9256 4960 ) 
4 206 207 (8472 9256 4960 ) (8472 9767.998047 5216 ) (8536 9767.996094 5216 ) (8536 9256 4960.001465 ) 
4 207 216 (8536 9216 4832 ) (8536 9216 4940 ) (8472 9216 4940 ) (8472 9216 4832 ) 
5 207 209 (8472 9768 5216 ) (8472 10240 5216 ) (8472 10240 4832 ) (8472 9256 4832 ) (8472 9256 4960 ) 
4 207 208 (8472 9216 4832 ) (8472 9256 4832 ) (8536 9256 4832 ) (8536 9216 4832 ) 
4 208 216 (8536 9216 4812 ) (8536 9216 4832 ) (8472 9216 4832 ) (8472 9216 4812 ) 
4 210 219 (8768 8224 4832 ) (8640 8224 4832 ) (8640 8224 4816 ) (8768 8224 4816 ) 
4 210 211 (8768 8224 4816 ) (8640 8224 4816 ) (8640 8288 4816 ) (8768 8288 4816 ) 
4 211 219 (8768 8224 4816 ) (8640 8224 4816 ) (8640 8224 4808 ) (8768 8224 4808 ) 
4 211 213 (8768 8224 4808 ) (8640 8224 4808 ) (8640 8288 4808 ) (8768 8288 4808 ) 
4 212 219 (8984 8224 4808 ) (8824 8224 4808 ) (8824 8224 4760 ) (8984 8224 4760 ) 
4 213 219 (8768 8224 4808 ) (8640 8224 4808 ) (8640 8224 4760 ) (8768 8224 4760 ) 
4 213 214 (8768 8224 4760 ) (8640 8224 4760 ) (8640 8288 4760 ) (8768 8288 4760 ) 
4 214 219 (8768 8224 4760 ) (8640 8224 4760 ) (8640 8224 4704 ) (8768 8224 4704 ) 
4 215 218 (8480 8232 4704 ) (8528 8232 4704 ) (8528 8232 4720 ) (8480 8232 4720 ) 
4 215 217 (8472 8232 4816 ) (8472 8232 4720 ) (8536 8232 4720 ) (8536 8232 4816 ) 
4 215 216 (8536 8743.998047 4704 ) (8472 8743.998047 4704 ) (8472 8999.998047 4832 ) (8536 8999.997070 4832 ) 
4 217 219 (8536 8224 4720 ) (8536 8224 4816 ) (8472 8224 4816 ) (8472 8224 4720 ) 
4 217 218 (8480 8232 4720 ) (8528 8232 4720 ) (8528 8224 4720 ) (8480 8224 4720 ) 
4 218 219 (8528 8224 4720 ) (8480 8224 4720 ) (8480 8224 4704 ) (8528 8224 4704 ) 
4 219 360 (9056 8192 4704 ) (9056 8192 4736 ) (8352 8192 4736 ) (8352 8192 4704 ) 
4 219 348 (9056 8192 4736 ) (9056 8192 4960 ) (8352 8192 4960 ) (8352 8192 4736 ) 
4 220 234 (12400 7392 4832 ) (12336 7392 4832 ) (12336 7520 4832 ) (12400 7520 4832 ) 
4 220 233 (12464 7776 4832 ) (12464 7392 4832 ) (12400 7392 4832 ) (12400 7776 4832 ) 
4 220 232 (12336 7904 4832 ) (12464 7904 4832 ) (12464 7776 4832 ) (12336 7776 4832 ) 
4 220 230 (12720 7840 4832 ) (12720 7456 4832 ) (12464 7456 4832 ) (12464 7840 4832 ) 
4 220 229 (12848 7520 4832 ) (12848 7392 4832 ) (12720 7392 4832 ) (12720 7520 4832 ) 
4 220 226 (12776 7560 4832 ) (12776 7544 4832 ) (12774 7544 4832 ) (12774 7560 4832 ) 
4 220 225 (12774 7904 4832 ) (12776 7904 4832 ) (12776 7560 4832 ) (12774 7560 4832 ) 
4 220 227 (12776 7544 4832 ) (12776 7520 4832 ) (12774 7520 4832 ) (12774 7544 4832 ) 
4 220 228 (12720 7904 4832 ) (12774 7904 4832 ) (12774 7520 4832 ) (12720 7520 4832 ) 
4 220 223 (12784 7904 4832 ) (12848 7904 4832 ) (12848 7776 4832 ) (12784 7776 4832 ) 
4 220 224 (12776 7904 4832 ) (12784 7904 4832 ) (12784 7520 4832 ) (12776 7520 4832 ) 
4 221 268 (12528 7168 4864 ) (12528 7168 4840 ) (12536 7168 4840 ) (12536 7168 4864 ) 
4 221 266 (12536 7168 4840 ) (12648 7168 4840 ) (12648 7168 4864 ) (12536 7168 4864 ) 
4 221 265 (12648 7168 4840 ) (12656 7168 4840 ) (12656 7168 4864 ) (12648 7168 4864 ) 
4 221 222 (12536 7312 4840 ) (12648 7312 4840 ) (12648 7168 4840 ) (12536 7168 4840 ) 
4 222 267 (12536 7168 4832 ) (12648 7168 4832 ) (12648 7168 4840 ) (12536 7168 4840 ) 
4 222 231 (12648 7168 4832 ) (12536 7168 4832 ) (12536 7312 4832 ) (12648 7312 4832 ) 
4 223 235 (12784 7904 4704 ) (12848 7904 4704 ) (12848 7776 4704 ) (12784 7776 4704 ) 
4 223 224 (12784 7904 4832 ) (12784 7904 4704 ) (12784 7776 4704 ) (12784 7776 4832 ) 
4 224 238 (12784 7776 4704 ) (12784 7520 4704 ) (12776 7520 4704 ) (12776 7776 4704 ) 
4 224 235 (12776 7904 4704 ) (12784 7904 4704 ) (12784 7776 4704 ) (12776 7776 4704 ) 
4 224 229 (12776 7520 4704 ) (12784 7520 4704 ) (12784 7520 4832 ) (12776 7520 4832 ) 
4 224 226 (12776 7560 4704 ) (12776 7544 4704 ) (12776 7544 4832 ) (12776 7560 4832 ) 
4 224 225 (12776 7904 4832 ) (12776 7904 4704 ) (12776 7560 4704 ) (12776 7560 4832 ) 
4 224 227 (12776 7544 4704 ) (12776 7520 4704 ) (12776 7520 4832 ) (12776 7544 4832 ) 
4 225 239 (12776 7776 4704 ) (12776 7560 4704 ) (12774 7560 4704 ) (12774 7776 4704 ) 
4 225 235 (12774 7904 4704 ) (12776 7904 4704 ) (12776 7776 4704 ) (12774 7776 4704 ) 
4 225 228 (12774 7904 4832 ) (12774 7904 4704 ) (12774 7560 4704 ) (12774 7560 4832 ) 
4 225 226 (12774 7560 4832 ) (12774 7560 4704 ) (12776 7560 4704 ) (12776 7560 4832 ) 
4 226 240 (12776 7560 4704 ) (12776 7544 4704 ) (12774 7544 4704 ) (12774 7560 4704 ) 
4 226 227 (12774 7544 4832 ) (12774 7544 4704 ) (12776 7544 4704 ) (12776 7544 4832 ) 
4 226 228 (12774 7560 4704 ) (12774 7544 4704 ) (12774 7544 4832 ) (12774 7560 4832 ) 
4 227 241 (12776 7544 4704 ) (12776 7520 4704 ) (12774 7520 4704 ) (12774 7544 4704 ) 
4 227 229 (12774 7520 4704 ) (12776 7520 4704 ) (12776 7520 4832 ) (12774 7520 4832 ) 
4 227 228 (12774 7544 4704 ) (12774 7520 4704 ) (12774 7520 4832 ) (12774 7544 4832 ) 
4 228 242 (12720 7520 4704 ) (12720 7776 4704 ) (12774 7776 4704 ) (12774 7520 4704 ) 
4 228 235 (12720 7776 4704 ) (12720 7904 4704 ) (12774 7904 4704 ) (12774 7776 4704 ) 
4 228 230 (12720 7840 4704 ) (12720 7520 4704 ) (12720 7520 4832 ) (12720 7840 4832 ) 
4 228 229 (12720 7520 4832 ) (12720 7520 4704 ) (12774 7520 4704 ) (12774 7520 4832 ) 
4 229 246 (12720 7392 4704 ) (12720 7456 4704 ) (12848 7456 4704 ) (12848 7392 4704 ) 
4 229 245 (12720 7456 4704 ) (12720 7520 4704 ) (12848 7520 4704 ) (12848 7456 4704 ) 
4 229 230 (12720 7520 4704 ) (12720 7456 4704 ) (12720 7456 4832 ) (12720 7520 4832 ) 
4 230 245 (12464 7456 4704 ) (12464 7520 4704 ) (12720 7520 4704 ) (12720 7456 4704 ) 
4 230 242 (12464 7520 4704 ) (12464 7776 4704 ) (12720 7776 4704 ) (12720 7520 4704 ) 
4 230 236 (12464 7776 4704 ) (12464 7840 4704 ) (12720 7840 4704 ) (12720 7776 4704 ) 
4 230 233 (12464 7776 4704 ) (12464 7456 4704 ) (12464 7456 4832 ) (12464 7776 4832 ) 
4 230 232 (12464 7840 4704 ) (12464 7776 4704 ) (12464 7776 4832 ) (12464 7840 4832 ) 
4 231 275 (12464 7168 4768 ) (12464 7168 4704 ) (12720 7168 4704 ) (12720 7168 4768 ) 
4 231 274 (12720 7168 4832 ) (12464 7168 4832 ) (12464 7168 4768 ) (12720 7168 4768 ) 
4 231 251 (12720 7168 4704 ) (12464 7168 4704 ) (12464 7384 4704 ) (12720 7384 4704 ) 
4 232 243 (12336 7776 4704 ) (12336 7904 4704 ) (12400 7904 4704 ) (12400 7776 4704 ) 
4 232 237 (12400 7904 4704 ) (12464 7904 4704 ) (12464 7776 4704 ) (12400 7776 4704 ) 
4 232 233 (12400 7776 4704 ) (12464 7776 4704 ) (12464 7776 4832 ) (12400 7776 4832 ) 
4 233 249 (12464 7456 4704 ) (12464 7392 4704 ) (12400 7392 4704 ) (12400 7456 4704 ) 
4 233 245 (12464 7520 4704 ) (12464 7456 4704 ) (12400 7456 4704 ) (12400 7520 4704 ) 
4 233 242 (12400 7776 4704 ) (12464 7776 4704 ) (12464 7520 4704 ) (12400 7520 4704 ) 
4 233 234 (12400 7520 4704 ) (12400 7392 4704 ) (12400 7392 4832 ) (12400 7520 4832 ) 
4 234 249 (12336 7392 4704 ) (12336 7456 4704 ) (12400 7456 4704 ) (12400 7392 4704 ) 
4 234 245 (12336 7456 4704 ) (12336 7520 4704 ) (12400 7520 4704 ) (12400 7456 4704 ) 
4 235 239 (12774 7776 4576 ) (12776 7776 4576 ) (12776 7776 4704 ) (12774 7776 4704 ) 
4 235 238 (12776 7776 4576 ) (12784 7776 4576 ) (12784 7776 4704 ) (12776 7776 4704 ) 
4 235 242 (12720 7776 4576 ) (12774 7776 4576 ) (12774 7776 4704 ) (12720 7776 4704 ) 
4 235 236 (12720 7840 4576 ) (12720 7776 4576 ) (12720 7776 4704 ) (12720 7840 4704 ) 
4 236 242 (12464 7776 4576 ) (12720 7776 4576 ) (12720 7776 4704 ) (12464 7776 4704 ) 
4 236 237 (12464 7840 4576 ) (12464 7776 4576 ) (12464 7776 4704 ) (12464 7840 4704 ) 
4 237 243 (12400 7904 4576 ) (12400 7776 4576 ) (12400 7776 4704 ) (12400 7904 4704 ) 
4 237 242 (12400 7776 4704 ) (12400 7776 4576 ) (12464 7776 4576 ) (12464 7776 4704 ) 
4 238 245 (12776 7520 4576 ) (12784 7520 4576 ) (12784 7520 4704 ) (12776 7520 4704 ) 
4 238 240 (12776 7560 4576 ) (12776 7544 4576 ) (12776 7544 4704 ) (12776 7560 4704 ) 
4 238 239 (12776 7776 4704 ) (12776 7776 4576 ) (12776 7560 4576 ) (12776 7560 4704 ) 
4 238 241 (12776 7544 4576 ) (12776 7520 4576 ) (12776 7520 4704 ) (12776 7544 4704 ) 
4 239 242 (12774 7776 4704 ) (12774 7776 4576 ) (12774 7560 4576 ) (12774 7560 4704 ) 
4 239 240 (12774 7560 4704 ) (12774 7560 4576 ) (12776 7560 4576 ) (12776 7560 4704 ) 
4 240 241 (12774 7544 4704 ) (12774 7544 4576 ) (12776 7544 4576 ) (12776 7544 4704 ) 
4 240 242 (12774 7560 4576 ) (12774 7544 4576 ) (12774 7544 4704 ) (12774 7560 4704 ) 
4 241 245 (12774 7520 4576 ) (12776 7520 4576 ) (12776 7520 4704 ) (12774 7520 4704 ) 
4 241 242 (12774 7544 4576 ) (12774 7520 4576 ) (12774 7520 4704 ) (12774 7544 4704 ) 
4 242 245 (12400 7520 4576 ) (12774 7520 4576 ) (12774 7520 4704 ) (12400 7520 4704 ) 
4 242 244 (12400 7680 4576 ) (12400 7616 4576 ) (12400 7616 4692 ) (12400 7680 4692 ) 
4 244 250 (12328 7680 4576 ) (12328 7616 4576 ) (12328 7616 4692 ) (12328 7680 4692 ) 
4 245 249 (12336 7456 4576 ) (12464 7456 4576 ) (12464 7456 4704 ) (12336 7456 4704 ) 
4 245 247 (12560 7456 4576 ) (12624 7456 4576 ) (12624 7456 4692 ) (12560 7456 4692 ) 
4 245 246 (12720 7456 4576 ) (12848 7456 4576 ) (12848 7456 4704 ) (12720 7456 4704 ) 
4 247 248 (12568 7392 4684 ) (12568 7392 4576 ) (12616 7392 4576 ) (12616 7392 4684 ) 
4 248 251 (12568 7384 4576 ) (12616 7384 4576 ) (12616 7384 4684 ) (12568 7384 4684 ) 
4 250 263 (12288 7712 4576 ) (12288 7584 4576 ) (12288 7584 4704 ) (12288 7712 4704 ) 
4 251 277 (12720 7168 4704 ) (12464 7168 4704 ) (12464 7168 4576 ) (12720 7168 4576 ) 
4 252 295 (11264 8192 4832 ) (11264 8192 4704 ) (11264 8104 4704 ) (11264 8104 4832 ) 
4 252 253 (11264 8104 4704 ) (11400 8104 4704 ) (11400 8104 4828 ) (11264 8104 4828 ) 
4 253 297 (11264 8104 4704 ) (11264 8096 4704 ) (11264 8096 4828 ) (11264 8104 4828 ) 
4 253 255 (11264 8096 4704 ) (11400 8096 4704 ) (11400 8096 4828 ) (11264 8096 4828 ) 
4 254 257 (11432 7712 4704 ) (11560 7712 4704 ) (11560 7712 4832 ) (11432 7712 4832 ) 
4 254 255 (11432 8096 4832 ) (11432 8096 4704 ) (11432 7968 4704 ) (11432 7968 4832 ) 
4 255 300 (11264 8096 4704 ) (11264 7968 4704 ) (11264 7968 4832 ) (11264 8096 4832 ) 
4 256 301 (11264 7840 4704 ) (11264 7712 4704 ) (11264 7712 4832 ) (11264 7840 4832 ) 
4 256 257 (11264 7712 4704 ) (11304 7712 4704 ) (11304 7712 4832 ) (11264 7712 4832 ) 
4 257 301 (11264 7712 4704 ) (11264 7584 4704 ) (11264 7584 4832 ) (11264 7712 4832 ) 
4 257 263 (12200.001953 7584 4704 ) (11688 7584 4704 ) (11688 7712 4704 ) (12200.001953 7712 4704 ) 
4 257 264 (11432 7584 4704 ) (11304 7584 4704 ) (11304 7712 4704 ) (11432 7712 4704 ) 
4 257 259 (11264 7584 4832 ) (11264 7584 4704 ) (11304 7584 4704 ) (11304 7584 4832 ) 
4 257 258 (11432 7584 4704 ) (11560 7584 4704 ) (11560 7584 4832 ) (11432 7584 4832 ) 
4 258 260 (11432 7200 4704 ) (11432 7200 4832 ) (11432 7328 4832 ) (11432 7328 4704 ) 
4 259 301 (11264 7584 4704 ) (11264 7456 4704 ) (11264 7456 4832 ) (11264 7584 4832 ) 
4 260 302 (11264 7328 4704 ) (11264 7200 4704 ) (11264 7200 4832 ) (11264 7328 4832 ) 
4 260 261 (11264 7200 4704 ) (11400 7200 4704 ) (11400 7200 4828 ) (11264 7200 4828 ) 
4 261 305 (11264 7200 4704 ) (11264 7192 4704 ) (11264 7192 4828 ) (11264 7200 4828 ) 
4 261 262 (11264 7192 4704 ) (11400 7192 4704 ) (11400 7192 4828 ) (11264 7192 4828 ) 
4 262 306 (11264 7192 4704 ) (11264 7168 4704 ) (11264 7168 4832 ) (11264 7192 4832 ) 
4 262 288 (11496 7168 4832 ) (11264 7168 4832 ) (11264 7168 4704 ) (11496 7168 4704 ) 
4 265 269 (12656 6944 4840 ) (12656 6944 4864 ) (12648 6944 4864 ) (12648 6944 4840 ) 
4 265 266 (12648 6944 4840 ) (12648 6944 4864 ) (12648 7168 4864 ) (12648 7168 4840 ) 
4 266 269 (12648 6944 4840 ) (12648 6944 4864 ) (12536 6944 4864 ) (12536 6944 4840 ) 
4 266 268 (12536 6944 4840 ) (12536 6944 4864 ) (12536 7168 4864 ) (12536 7168 4840 ) 
4 266 267 (12536 6944 4840 ) (12536 7168 4840 ) (12648 7168 4840 ) (12648 6944 4840 ) 
4 267 274 (12536 7168 4832 ) (12648 7168 4832 ) (12648 6944 4832 ) (12536 6944 4832 ) 
4 268 269 (12528 6944 4864 ) (12528 6944 4840 ) (12536 6944 4840 ) (12536 6944 4864 ) 
4 270 272 (12920 6792 4840 ) (13032 6792 4840 ) (13032 6424 4840 ) (12920 6424 4840 ) 
4 271 273 (12536 6792 4840 ) (12648 6792 4840 ) (12648 6424 4840 ) (12536 6424 4840 ) 
4 272 279 (13032 6424 4832 ) (12920 6424 4832 ) (12920 6792 4832 ) (13032 6792 4832 ) 
4 273 279 (12648 6424 4832 ) (12536 6424 4832 ) (12536 6792 4832 ) (12648 6792 4832 ) 
4 274 275 (12720 6872 4768 ) (12464 6872 4768 ) (12464 7168 4768 ) (12720 7168 4768 ) 
4 275 277 (12720 6872 4704 ) (12464 6872 4704 ) (12464 7168 4704 ) (12720 7168 4704 ) 
4 275 276 (12464 7128 4704 ) (12464 7000 4704 ) (12464 7000 4768 ) (12464 7128 4768 ) 
4 276 283 (12288 7128 4704 ) (12288 7000 4704 ) (12288 7000 4768 ) (12288 7128 4768 ) 
4 277 278 (12560 6872 4576 ) (12624 6872 4576 ) (12624 6872 4688 ) (12560 6872 4688 ) 
4 278 279 (12624 6864 4688 ) (12560 6864 4688 ) (12560 6864 4576 ) (12624 6864 4576 ) 
4 279 289 (12288 6352 4576 ) (12288 6352 4704 ) (12288 6864 4704 ) (12288 6864 4576 ) 
4 279 285 (12288 6352 4704 ) (12288 6352 4768 ) (12288 6864 4768 ) (12288 6864 4704 ) 
4 279 282 (12288 6352 4768 ) (12288 6352 4832 ) (12288 6864 4832 ) (12288 6864 4768 ) 
4 280 281 (12152 6792 4840 ) (12264 6792 4840 ) (12264 6424 4840 ) (12152 6424 4840 ) 
4 281 282 (12264 6424 4832 ) (12152 6424 4832 ) (12152 6792 4832 ) (12264 6792 4832 ) 
4 282 285 (12080 6352 4768 ) (12080 6864 4768 ) (12288 6864 4768 ) (12288 6352 4768 ) 
4 283 284 (12200 7064 4704 ) (12200 7000 4704 ) (12200 7000 4768 ) (12200 7064 4768 ) 
4 284 286 (11760 7064 4704 ) (11760 7000 4704 ) (11760 7000 4768 ) (11760 7064 4768 ) 
4 285 289 (12288 6864 4704 ) (12288 6352 4704 ) (12080 6352 4704 ) (12080 6864 4704 ) 
4 286 287 (11504 7124 4704 ) (11504 7068 4704 ) (11504 7068 4740 ) (11504 7124 4740 ) 
4 287 288 (11496 7124 4704 ) (11496 7068 4704 ) (11496 7068 4740 ) (11496 7124 4740 ) 
4 288 326 (11264 6936 4832 ) (11264 7168 4832 ) (11264 7168 4704 ) (11264 6936 4704 ) 
4 290 291 (11064 7600 4840 ) (11064 7696 4840 ) (11160 7696 4840 ) (11160 7600 4840 ) 
4 291 303 (11064 7696 4832 ) (11160 7696 4832 ) (11160 7600 4832 ) (11064 7600 4832 ) 
4 292 293 (10672 7600 4840 ) (10672 7696 4840 ) (10768 7696 4840 ) (10768 7600 4840 ) 
4 293 309 (10672 7696 4832 ) (10768 7696 4832 ) (10768 7600 4832 ) (10672 7600 4832 ) 
4 294 319 (10240 7776 4832 ) (10240 7520 4832 ) (10240 7520 4960 ) (10240 7776 4960 ) 
4 294 312 (10240 7520 4832 ) (10240 7776 4832 ) (10464 7776 4832 ) (10464 7520 4832 ) 
4 295 297 (11208 8104 4704 ) (11264 8104 4704 ) (11264 8104 4828 ) (11208 8104 4828 ) 
4 295 296 (11112 8192 4704 ) (11112 8172 4704 ) (11112 8172 4740 ) (11112 8192 4740 ) 
4 296 298 (11104 8192 4704 ) (11104 8172 4704 ) (11104 8172 4740 ) (11104 8192 4740 ) 
4 297 300 (11208 8096 4704 ) (11264 8096 4704 ) (11264 8096 4828 ) (11208 8096 4828 ) 
4 299 314 (10784 8192 4704 ) (10912 8192 4704 ) (10912 8096 4704 ) (10784 8096 4704 ) 
4 299 315 (10528 8192 4704 ) (10656 8192 4704 ) (10656 8096 4704 ) (10528 8096 4704 ) 
4 299 308 (10656 8096 4704 ) (10784 8096 4704 ) (10784 8096 4832 ) (10656 8096 4832 ) 
4 300 303 (11176 8096 4832 ) (11176 8096 4704 ) (11176 7968 4704 ) (11176 7968 4832 ) 
4 301 303 (11176 7840 4704 ) (11176 7456 4704 ) (11176 7456 4832 ) (11176 7840 4832 ) 
4 302 305 (11208 7200 4704 ) (11264 7200 4704 ) (11264 7200 4828 ) (11208 7200 4828 ) 
4 302 303 (11176 7328 4704 ) (11176 7200 4704 ) (11176 7200 4832 ) (11176 7328 4832 ) 
4 303 304 (11048 7840 4704 ) (11048 7456 4704 ) (11048 7456 4832 ) (11048 7840 4832 ) 
4 304 307 (10920 7680 4704 ) (10920 7616 4704 ) (10920 7616 4816 ) (10920 7680 4816 ) 
4 305 306 (11208 7192 4704 ) (11264 7192 4704 ) (11264 7192 4828 ) (11208 7192 4828 ) 
4 306 326 (11264 7168 4704 ) (11264 7168 4832 ) (11112 7168 4832 ) (11112 7168 4704 ) 
4 307 309 (10912 7680 4704 ) (10912 7616 4704 ) (10912 7616 4816 ) (10912 7680 4816 ) 
4 308 309 (10656 7840 4704 ) (10784 7840 4704 ) (10784 7840 4832 ) (10656 7840 4832 ) 
4 309 310 (10528 7712 4704 ) (10528 7584 4704 ) (10528 7584 4832 ) (10528 7712 4832 ) 
4 310 312 (10464 7712 4704 ) (10464 7584 4704 ) (10464 7584 4832 ) (10464 7712 4832 ) 
4 311 317 (10240 7776 4744 ) (10240 7776 4792 ) (10240 7808 4792 ) (10240 7808 4744 ) 
4 311 312 (10296 7776 4792 ) (10240 7776 4792 ) (10240 7776 4744 ) (10296 7776 4744 ) 
4 312 319 (10240 7776 4704 ) (10240 7520 4704 ) (10240 7520 4832 ) (10240 7776 4832 ) 
4 312 313 (10296 7520 4792 ) (10240 7520 4792 ) (10240 7520 4744 ) (10296 7520 4744 ) 
4 313 320 (10240 7488 4792 ) (10240 7520 4792 ) (10240 7520 4744 ) (10240 7488 4744 ) 
4 314 316 (10784 8192 4688 ) (10912 8192 4688 ) (10912 8096 4688 ) (10784 8096 4688 ) 
4 315 316 (10528 8192 4688 ) (10656 8192 4688 ) (10656 8096 4688 ) (10528 8096 4688 ) 
4 317 319 (10120 7776 4744 ) (10240 7776 4744 ) (10240 7776 4792 ) (10120 7776 4792 ) 
4 318 321 (9952 8120 4744 ) (9952 7944 4744 ) (9952 7944 4792 ) (9952 8120 4792 ) 
4 319 321 (9952 7520 4704 ) (9952 7520 4960 ) (9952 7776 4960 ) (9952 7776 4704 ) 
4 319 320 (10120 7520 4744 ) (10240 7520 4744 ) (10240 7520 4792 ) (10120 7520 4792 ) 
4 321 329 (9952 7168 4704 ) (9952 7168 4960 ) (9696 7168 4960 ) (9696 7168 4704 ) 
4 321 324 (9696 7520 4960 ) (9696 7776 4960 ) (9696 7776 4704 ) (9696 7520 4704 ) 
4 321 322 (9696 8120 4744 ) (9696 7944 4744 ) (9696 7944 4792 ) (9696 8120 4792 ) 
4 323 324 (9352 7776 4744 ) (9528 7776 4744 ) (9528 7776 4792 ) (9352 7776 4792 ) 
4 324 358 (9216 7520 4704 ) (9216 7520 4736 ) (9216 7776 4736 ) (9216 7776 4704 ) 
4 324 338 (9216 7520 4736 ) (9216 7520 4960 ) (9216 7776 4960 ) (9216 7776 4736 ) 
4 324 325 (9528 7520 4792 ) (9352 7520 4792 ) (9352 7520 4744 ) (9528 7520 4744 ) 
4 327 336 (10240 6912 4704 ) (10240 6912 4960 ) (10240 7008 4960 ) (10240 7008 4704 ) 
4 327 328 (10336 6912 4704 ) (10336 6912 4960 ) (10240 6912 4960 ) (10240 6912 4704 ) 
4 328 393 (10336 6144 4592 ) (10336 6144 4960 ) (10240 6144 4960 ) (10240 6144 4592 ) 
4 328 337 (10240 6144 4592 ) (10240 6144 4704 ) (10240 6912 4704 ) (10240 6912 4592 ) 
4 328 336 (10240 6144 4704 ) (10240 6144 4960 ) (10240 6912 4960 ) (10240 6912 4704 ) 
4 329 334 (9888 7072 4784 ) (9760 7072 4784 ) (9760 7072 4704 ) (9888 7072 4704 ) 
4 329 330 (9888 7072 4832 ) (9760 7072 4832 ) (9760 7072 4784 ) (9888 7072 4784 ) 
4 330 334 (9760 7072 4784 ) (9888 7072 4784 ) (9888 7024 4784 ) (9760 7024 4784 ) 
4 330 332 (9760 7024 4784 ) (9888 7024 4784 ) (9888 7024 4832 ) (9760 7024 4832 ) 
4 331 336 (10000 7008 4832 ) (9952 7008 4832 ) (9952 7008 4784 ) (10000 7008 4784 ) 
4 332 336 (9888 7008 4832 ) (9760 7008 4832 ) (9760 7008 4784 ) (9888 7008 4784 ) 
4 332 334 (9888 7008 4784 ) (9760 7008 4784 ) (9760 7024 4784 ) (9888 7024 4784 ) 
4 333 336 (9696 7008 4832 ) (9648 7008 4832 ) (9648 7008 4784 ) (9696 7008 4784 ) 
4 334 336 (9888 7008 4784 ) (9760 7008 4784 ) (9760 7008 4704 ) (9888 7008 4704 ) 
4 335 336 (10048 6272 4960 ) (9600 6272 4960 ) (9600 6720 4960 ) (10048 6720 4960 ) 
4 336 394 (10240 6144 4704 ) (10240 6144 4960 ) (9312 6144 4960 ) (9312 6144 4704 ) 
4 336 337 (10240 6144 4704 ) (9312 6144 4704 ) (9312 6912 4704 ) (10240 6912 4704 ) 
4 337 394 (10240 6144 4592 ) (10240 6144 4704 ) (9312 6144 4704 ) (9312 6144 4592 ) 
4 338 358 (9184 7520 4736 ) (9184 7776 4736 ) (9216 7776 4736 ) (9216 7520 4736 ) 
4 338 343 (9184 7712 4736 ) (9184 7584 4736 ) (9184 7584 4832 ) (9184 7712 4832 ) 
4 339 348 (9120 8096 4736 ) (9120 8000 4736 ) (9120 8000 4928 ) (9120 8096 4928 ) 
4 340 348 (9120 7872 4864 ) (9120 7872 4928 ) (9120 7968 4928 ) (9120 7968 4864 ) 
4 341 348 (9120 7968 4736 ) (9120 7872 4736 ) (9120 7872 4800 ) (9120 7968 4800 ) 
4 342 348 (9120 7840 4736 ) (9120 7744 4736 ) (9120 7744 4928 ) (9120 7840 4928 ) 
4 343 359 (9120 7584 4736 ) (9120 7712 4736 ) (9184 7712 4736 ) (9184 7584 4736 ) 
4 343 348 (9120 7712 4736 ) (9120 7584 4736 ) (9120 7584 4832 ) (9120 7712 4832 ) 
4 344 348 (9120 7552 4736 ) (9120 7456 4736 ) (9120 7456 4928 ) (9120 7552 4928 ) 
4 345 348 (9120 7328 4864 ) (9120 7328 4928 ) (9120 7424 4928 ) (9120 7424 4864 ) 
4 346 348 (9120 7424 4736 ) (9120 7328 4736 ) (9120 7328 4800 ) (9120 7424 4800 ) 
4 347 348 (9120 7296 4736 ) (9120 7200 4736 ) (9120 7200 4928 ) (9120 7296 4928 ) 
4 348 390 (8288 7168 4960 ) (8288 7168 4736 ) (9120 7168 4736 ) (9120 7168 4960 ) 
6 348 360 (9120 7168 4736 ) (8288 7168 4736 ) (8288 8128 4736 ) (8352 8192 4736 ) (9056 8192 4736 ) (9120 8128 4736 ) 
4 348 357 (8288 7296 4736 ) (8288 7200 4736 ) (8288 7200 4928 ) (8288 7296 4928 ) 
4 348 355 (8288 7328 4864 ) (8288 7328 4928 ) (8288 7424 4928 ) (8288 7424 4864 ) 
4 348 356 (8288 7424 4736 ) (8288 7328 4736 ) (8288 7328 4800 ) (8288 7424 4800 ) 
4 348 354 (8288 7552 4736 ) (8288 7456 4736 ) (8288 7456 4928 ) (8288 7552 4928 ) 
4 348 353 (8288 7712 4736 ) (8288 7584 4736 ) (8288 7584 4832 ) (8288 7712 4832 ) 
4 348 352 (8288 7840 4736 ) (8288 7744 4736 ) (8288 7744 4928 ) (8288 7840 4928 ) 
4 348 350 (8288 7872 4864 ) (8288 7872 4928 ) (8288 7968 4928 ) (8288 7968 4864 ) 
4 348 351 (8288 7968 4736 ) (8288 7872 4736 ) (8288 7872 4800 ) (8288 7968 4800 ) 
4 348 349 (8288 8096 4736 ) (8288 8000 4736 ) (8288 8000 4928 ) (8288 8096 4928 ) 
4 353 361 (8224 7584 4736 ) (8224 7712 4736 ) (8288 7712 4736 ) (8288 7584 4736 ) 
4 358 359 (9184 7712 4704 ) (9184 7584 4704 ) (9184 7584 4736 ) (9184 7712 4736 ) 
4 359 360 (9120 7712 4704 ) (9120 7584 4704 ) (9120 7584 4736 ) (9120 7712 4736 ) 
4 360 390 (9120 7168 4736 ) (8288 7168 4736 ) (8288 7168 4704 ) (9120 7168 4704 ) 
4 360 389 (8448 7584 4704 ) (8448 7296 4704 ) (8416 7296 4704 ) (8416 7584 4704 ) 
4 360 388 (8448 8000 4704 ) (8448 7712 4704 ) (8416 7712 4704 ) (8416 8000 4704 ) 
4 360 387 (8608 7328 4704 ) (8608 7296 4704 ) (8448 7296 4704 ) (8448 7328 4704 ) 
4 360 384 (8608 7552 4704 ) (8608 7328 4704 ) (8448 7328 4704 ) (8448 7552 4704 ) 
4 360 383 (8608 7584 4704 ) (8608 7552 4704 ) (8448 7552 4704 ) (8448 7584 4704 ) 
4 360 382 (8608 7744 4704 ) (8608 7712 4704 ) (8448 7712 4704 ) (8448 7744 4704 ) 
4 360 379 (8608 7968 4704 ) (8608 7744 4704 ) (8448 7744 4704 ) (8448 7968 4704 ) 
4 360 378 (8608 8000 4704 ) (8608 7968 4704 ) (8448 7968 4704 ) (8448 8000 4704 ) 
4 360 377 (8640 7584 4704 ) (8640 7296 4704 ) (8608 7296 4704 ) (8608 7584 4704 ) 
4 360 376 (8640 8000 4704 ) (8640 7712 4704 ) (8608 7712 4704 ) (8608 8000 4704 ) 
4 360 375 (8800 7584 4704 ) (8800 7296 4704 ) (8768 7296 4704 ) (8768 7584 4704 ) 
4 360 374 (8800 8000 4704 ) (8800 7712 4704 ) (8768 7712 4704 ) (8768 8000 4704 ) 
4 360 373 (8960 7328 4704 ) (8960 7296 4704 ) (8800 7296 4704 ) (8800 7328 4704 ) 
4 360 370 (8960 7552 4704 ) (8960 7328 4704 ) (8800 7328 4704 ) (8800 7552 4704 ) 
4 360 369 (8960 7584 4704 ) (8960 7552 4704 ) (8800 7552 4704 ) (8800 7584 4704 ) 
4 360 368 (8960 7744 4704 ) (8960 7712 4704 ) (8800 7712 4704 ) (8800 7744 4704 ) 
4 360 365 (8960 7968 4704 ) (8960 7744 4704 ) (8800 7744 4704 ) (8800 7968 4704 ) 
4 360 364 (8960 8000 4704 ) (8960 7968 4704 ) (8800 7968 4704 ) (8800 8000 4704 ) 
4 360 363 (8992 7584 4704 ) (8992 7296 4704 ) (8960 7296 4704 ) (8960 7584 4704 ) 
4 360 362 (8992 8000 4704 ) (8992 7712 4704 ) (8960 7712 4704 ) (8960 8000 4704 ) 
4 360 361 (8288 7712 4704 ) (8288 7584 4704 ) (8288 7584 4736 ) (8288 7712 4736 ) 
4 362 368 (8960 7712 4688 ) (8960 7712 4704 ) (8960 7744 4704 ) (8960 7744 4688 ) 
4 362 365 (8960 7744 4704 ) (8960 7968 4704 ) (8960 7968 4688 ) (8960 7744 4688 ) 
4 362 364 (8960 7968 4704 ) (8960 8000 4704 ) (8960 8000 4688 ) (8960 7968 4688 ) 
4 363 373 (8960 7296 4688 ) (8960 7296 4704 ) (8960 7328 4704 ) (8960 7328 4688 ) 
4 363 370 (8960 7328 4704 ) (8960 7552 4704 ) (8960 7552 4688 ) (8960 7328 4688 ) 
4 363 369 (8960 7552 4704 ) (8960 7584 4704 ) (8960 7584 4688 ) (8960 7552 4688 ) 
4 364 374 (8800 7968 4688 ) (8800 7968 4704 ) (8800 8000 4704 ) (8800 8000 4688 ) 
4 364 365 (8800 7968 4704 ) (8800 7968 4688 ) (8960 7968 4688 ) (8960 7968 4704 ) 
4 365 374 (8800 7744 4688 ) (8800 7744 4704 ) (8800 7968 4704 ) (8800 7968 4688 ) 
4 365 368 (8800 7744 4704 ) (8800 7744 4688 ) (8960 7744 4688 ) (8960 7744 4704 ) 
4 365 366 (8960 7744 4688 ) (8800 7744 4688 ) (8800 7968 4688 ) (8960 7968 4688 ) 
4 366 367 (8960 7744 4656 ) (8800 7744 4656 ) (8800 7968 4656 ) (8960 7968 4656 ) 
4 368 374 (8800 7712 4688 ) (8800 7712 4704 ) (8800 7744 4704 ) (8800 7744 4688 ) 
4 369 375 (8800 7552 4688 ) (8800 7552 4704 ) (8800 7584 4704 ) (8800 7584 4688 ) 
4 369 370 (8800 7552 4704 ) (8800 7552 4688 ) (8960 7552 4688 ) (8960 7552 4704 ) 
4 370 375 (8800 7328 4688 ) (8800 7328 4704 ) (8800 7552 4704 ) (8800 7552 4688 ) 
4 370 373 (8800 7328 4704 ) (8800 7328 4688 ) (8960 7328 4688 ) (8960 7328 4704 ) 
4 370 371 (8960 7328 4688 ) (8800 7328 4688 ) (8800 7552 4688 ) (8960 7552 4688 ) 
4 371 372 (8960 7328 4656 ) (8800 7328 4656 ) (8800 7552 4656 ) (8960 7552 4656 ) 
4 373 375 (8800 7296 4688 ) (8800 7296 4704 ) (8800 7328 4704 ) (8800 7328 4688 ) 
4 376 382 (8608 7712 4688 ) (8608 7712 4704 ) (8608 7744 4704 ) (8608 7744 4688 ) 
4 376 379 (8608 7744 4704 ) (8608 7968 4704 ) (8608 7968 4688 ) (8608 7744 4688 ) 
4 376 378 (8608 7968 4704 ) (8608 8000 4704 ) (8608 8000 4688 ) (8608 7968 4688 ) 
4 377 387 (8608 7296 4688 ) (8608 7296 4704 ) (8608 7328 4704 ) (8608 7328 4688 ) 
4 377 384 (8608 7328 4704 ) (8608 7552 4704 ) (8608 7552 4688 ) (8608 7328 4688 ) 
4 377 383 (8608 7552 4704 ) (8608 7584 4704 ) (8608 7584 4688 ) (8608 7552 4688 ) 
4 378 388 (8448 7968 4688 ) (8448 7968 4704 ) (8448 8000 4704 ) (8448 8000 4688 ) 
4 378 379 (8448 7968 4704 ) (8448 7968 4688 ) (8608 7968 4688 ) (8608 7968 4704 ) 
4 379 388 (8448 7744 4688 ) (8448 7744 4704 ) (8448 7968 4704 ) (8448 7968 4688 ) 
4 379 382 (8448 7744 4704 ) (8448 7744 4688 ) (8608 7744 4688 ) (8608 7744 4704 ) 
4 379 380 (8608 7744 4688 ) (8448 7744 4688 ) (8448 7968 4688 ) (8608 7968 4688 ) 
4 380 381 (8608 7744 4656 ) (8448 7744 4656 ) (8448 7968 4656 ) (8608 7968 4656 ) 
4 382 388 (8448 7712 4688 ) (8448 7712 4704 ) (8448 7744 4704 ) (8448 7744 4688 ) 
4 383 389 (8448 7552 4688 ) (8448 7552 4704 ) (8448 7584 4704 ) (8448 7584 4688 ) 
4 383 384 (8448 7552 4704 ) (8448 7552 4688 ) (8608 7552 4688 ) (8608 7552 4704 ) 
4 384 389 (8448 7328 4688 ) (8448 7328 4704 ) (8448 7552 4704 ) (8448 7552 4688 ) 
4 384 387 (8448 7328 4704 ) (8448 7328 4688 ) (8608 7328 4688 ) (8608 7328 4704 ) 
4 384 385 (8608 7328 4688 ) (8448 7328 4688 ) (8448 7552 4688 ) (8608 7552 4688 ) 
4 385 386 (8608 7328 4656 ) (8448 7328 4656 ) (8448 7552 4656 ) (8608 7552 4656 ) 
4 387 389 (8448 7296 4688 ) (8448 7296 4704 ) (8448 7328 4704 ) (8448 7328 4688 ) 
4 390 391 (8656 7072 4800 ) (8656 7072 4704 ) (8752 7072 4704 ) (8752 7072 4800 ) 
4 393 394 (10240 6144 4960 ) (10240 6144 4592 ) (10240 5984 4592 ) (10240 5984 4960 ) 
