PRT1
379
928
4 0 85 (-11024 13312 2768 ) (-11024 13312 2560 ) (-10960 13312 2560 ) (-10960 13312 2768 ) 
4 0 15 (-11024 13568 2560 ) (-11024 13312 2560 ) (-11024 13312 2584 ) (-11024 13568 2584 ) 
4 0 13 (-11024 13696 2560 ) (-11024 13568 2560 ) (-11024 13568 2584 ) (-11024 13696 2584 ) 
4 0 11 (-11024 13760 2560 ) (-11024 13696 2560 ) (-11024 13696 2584 ) (-11024 13760 2584 ) 
4 0 9 (-11024 13824 2584 ) (-11024 13824 2560 ) (-11024 13760 2560 ) (-11024 13760 2584 ) 
4 0 8 (-11024 13823 2584 ) (-11024 13312 2584 ) (-11024 13312 2768 ) (-11024 13823 2768 ) 
4 0 7 (-11024 13824 2656 ) (-11024 13824 2584 ) (-11024 13823 2584 ) (-11024 13823 2656 ) 
4 0 6 (-11024 13824 2768 ) (-11024 13824 2656 ) (-11024 13823 2656 ) (-11024 13823 2768 ) 
4 0 1 (-11024 13536 2560 ) (-11024 13824 2560 ) (-10960 13824 2560 ) (-10960 13536 2560 ) 
4 0 2 (-11024 13312 2560 ) (-11024 13344 2560 ) (-10960 13344 2560 ) (-10960 13312 2560 ) 
4 1 13 (-11024 13696 2552 ) (-11024 13568 2552 ) (-11024 13568 2560 ) (-11024 13696 2560 ) 
4 1 11 (-11024 13760 2552 ) (-11024 13696 2552 ) (-11024 13696 2560 ) (-11024 13760 2560 ) 
4 1 9 (-11024 13824 2560 ) (-11024 13824 2552 ) (-11024 13760 2552 ) (-11024 13760 2560 ) 
4 1 3 (-11024 13568 2552 ) (-11024 13824 2552 ) (-10960 13824 2552 ) (-10960 13568 2552 ) 
4 2 85 (-11024 13312 2560 ) (-11024 13312 2552 ) (-10960 13312 2552 ) (-10960 13312 2560 ) 
4 3 13 (-11024 13696 2544 ) (-11024 13568 2544 ) (-11024 13568 2552 ) (-11024 13696 2552 ) 
4 3 11 (-11024 13760 2544 ) (-11024 13696 2544 ) (-11024 13696 2552 ) (-11024 13760 2552 ) 
4 3 9 (-11024 13824 2552 ) (-11024 13824 2544 ) (-11024 13760 2544 ) (-11024 13760 2552 ) 
4 3 5 (-11024 13664 2544 ) (-11024 13696 2544 ) (-10960 13696 2544 ) (-10960 13664 2544 ) 
4 3 4 (-11024 13696 2544 ) (-11024 13824 2544 ) (-10960 13824 2544 ) (-10960 13696 2544 ) 
4 4 9 (-11024 13824 2544 ) (-11024 13824 2528 ) (-11024 13760 2528 ) (-11024 13760 2544 ) 
4 4 5 (-10960 13696 2536 ) (-10960 13696 2544 ) (-11024 13696 2544 ) (-11024 13696 2536 ) 
4 6 43 (-11264 13824 2768 ) (-11264 13824 2656 ) (-11264 13823 2656 ) (-11264 13823 2768 ) 
4 6 8 (-11264 13823 2768 ) (-11264 13823 2656 ) (-11024 13823 2656 ) (-11024 13823 2768 ) 
4 6 7 (-11024 13823 2656 ) (-11244 13823 2656 ) (-11244 13824 2656 ) (-11024 13824 2656 ) 
4 7 9 (-11056 13824 2584 ) (-11024 13824 2584 ) (-11024 13823 2584 ) (-11056 13823 2584 ) 
4 7 10 (-11244 13824 2584 ) (-11056 13824 2584 ) (-11056 13823 2584 ) (-11244 13823 2584 ) 
4 7 8 (-11244 13823 2584 ) (-11024 13823 2584 ) (-11024 13823 2656 ) (-11244 13823 2656 ) 
4 8 88 (-11264 13312 2768 ) (-11264 13312 2584 ) (-11024 13312 2584 ) (-11024 13312 2768 ) 
4 8 72 (-11264 13312 2584 ) (-11264 13312 2768 ) (-11264 13344 2768 ) (-11264 13344 2584 ) 
4 8 46 (-11264 13344 2768 ) (-11264 13823 2768 ) (-11264 13823 2584 ) (-11264 13344 2584 ) 
4 8 15 (-11024 13568 2584 ) (-11024 13312 2584 ) (-11088 13312 2584 ) (-11088 13568 2584 ) 
4 8 16 (-11088 13312 2584 ) (-11264 13312 2584 ) (-11264 13568 2584 ) (-11088 13568 2584 ) 
4 8 13 (-11024 13696 2584 ) (-11024 13568 2584 ) (-11088 13568 2584 ) (-11088 13696 2584 ) 
4 8 14 (-11088 13568 2584 ) (-11264 13568 2584 ) (-11264 13696 2584 ) (-11088 13696 2584 ) 
4 8 11 (-11024 13760 2584 ) (-11024 13696 2584 ) (-11120 13696 2584 ) (-11120 13760 2584 ) 
4 8 12 (-11120 13696 2584 ) (-11264 13696 2584 ) (-11264 13760 2584 ) (-11120 13760 2584 ) 
4 8 9 (-11024 13823 2584 ) (-11024 13760 2584 ) (-11056 13760 2584 ) (-11056 13823 2584 ) 
4 8 10 (-11056 13760 2584 ) (-11264 13760 2584 ) (-11264 13823 2584 ) (-11056 13823 2584 ) 
4 9 11 (-11024 13760 2544 ) (-11024 13760 2584 ) (-11056 13760 2584 ) (-11056 13760 2544 ) 
4 9 10 (-11056 13760 2520 ) (-11056 13760 2584 ) (-11056 13824 2584 ) (-11056 13824 2520 ) 
4 10 46 (-11264 13760 2584 ) (-11264 13823 2584 ) (-11264 13823 2512 ) (-11264 13760 2512 ) 
4 10 45 (-11264 13823 2584 ) (-11264 13824 2584 ) (-11264 13824 2512 ) (-11264 13823 2512 ) 
4 10 18 (-11264 13760 2512 ) (-11264 13824 2512 ) (-11152 13824 2512 ) (-11152 13760 2512 ) 
4 10 11 (-11056 13760 2544 ) (-11056 13760 2584 ) (-11120 13760 2584 ) (-11120 13760 2544 ) 
4 10 12 (-11264 13760 2512 ) (-11120 13760 2512 ) (-11120 13760 2584 ) (-11264 13760 2584 ) 
4 11 13 (-11024 13696 2544 ) (-11024 13696 2584 ) (-11088 13696 2584 ) (-11088 13696 2544 ) 
4 11 14 (-11088 13696 2584 ) (-11120 13696 2584 ) (-11120 13696 2544 ) (-11088 13696 2544 ) 
4 11 12 (-11120 13760 2584 ) (-11120 13760 2544 ) (-11120 13696 2544 ) (-11120 13696 2584 ) 
4 12 46 (-11264 13696 2584 ) (-11264 13760 2584 ) (-11264 13760 2512 ) (-11264 13696 2512 ) 
4 12 18 (-11264 13696 2512 ) (-11264 13760 2512 ) (-11152 13760 2512 ) (-11152 13696 2512 ) 
4 12 14 (-11264 13696 2512 ) (-11120 13696 2512 ) (-11120 13696 2584 ) (-11264 13696 2584 ) 
4 13 15 (-11024 13568 2560 ) (-11024 13568 2584 ) (-11088 13568 2584 ) (-11088 13568 2560 ) 
4 13 14 (-11088 13696 2584 ) (-11088 13696 2544 ) (-11088 13568 2544 ) (-11088 13568 2584 ) 
4 14 46 (-11264 13568 2584 ) (-11264 13696 2584 ) (-11264 13696 2512 ) (-11264 13568 2512 ) 
4 14 18 (-11264 13568 2512 ) (-11264 13696 2512 ) (-11152 13696 2512 ) (-11152 13568 2512 ) 
4 14 17 (-11120 13696 2512 ) (-11088 13696 2512 ) (-11088 13568 2512 ) (-11120 13568 2512 ) 
4 14 16 (-11264 13568 2512 ) (-11088 13568 2512 ) (-11088 13568 2584 ) (-11264 13568 2584 ) 
4 15 88 (-11024 13312 2560 ) (-11024 13312 2584 ) (-11088 13312 2584 ) (-11088 13312 2560 ) 
4 15 16 (-11088 13568 2584 ) (-11088 13568 2560 ) (-11088 13312 2560 ) (-11088 13312 2584 ) 
4 16 92 (-11264 13312 2544 ) (-11264 13312 2512 ) (-11088 13312 2512 ) (-11088 13312 2544 ) 
4 16 88 (-11264 13312 2584 ) (-11264 13312 2544 ) (-11088 13312 2544 ) (-11088 13312 2584 ) 
4 16 72 (-11264 13312 2512 ) (-11264 13312 2584 ) (-11264 13344 2584 ) (-11264 13344 2512 ) 
4 16 46 (-11264 13344 2584 ) (-11264 13568 2584 ) (-11264 13568 2512 ) (-11264 13344 2512 ) 
4 16 18 (-11152 13312 2512 ) (-11264 13312 2512 ) (-11264 13568 2512 ) (-11152 13568 2512 ) 
4 16 17 (-11088 13312 2512 ) (-11120 13312 2512 ) (-11120 13568 2512 ) (-11088 13568 2512 ) 
4 17 96 (-11088 13312 2512 ) (-11120 13312 2512 ) (-11120 13312 2496 ) (-11088 13312 2496 ) 
4 18 97 (-11152 13312 2512 ) (-11264 13312 2512 ) (-11264 13312 1552 ) (-11152 13312 1552 ) 
4 18 82 (-11264 13312 1552 ) (-11264 13312 2511 ) (-11264 13824 2511 ) (-11264 13824 1552 ) 
4 18 80 (-11264 13312 2511 ) (-11264 13312 2512 ) (-11264 13824 2512 ) (-11264 13824 2511 ) 
4 18 19 (-11152 13312 1552 ) (-11264 13312 1552 ) (-11264 13824 1552 ) (-11152 13824 1552 ) 
4 19 98 (-11152 13312 1520 ) (-11152 13312 1552 ) (-11264 13312 1552 ) (-11264 13312 1520 ) 
4 19 84 (-11264 13312 1520 ) (-11264 13312 1552 ) (-11264 13824 1552 ) (-11264 13824 1520 ) 
4 20 26 (-12168 14064 3664 ) (-12168 14064 3408 ) (-12168 13856 3408 ) (-12168 13856 3664 ) 
4 20 24 (-12168 13856 3408 ) (-12168 13866 3408 ) (-12144 13866 3408 ) (-12144 13856 3408 ) 
4 20 23 (-12168 13866 3408 ) (-12168 13922 3408 ) (-12144 13922 3408 ) (-12144 13866 3408 ) 
4 20 22 (-12168 13922 3408 ) (-12168 13932 3408 ) (-12144 13932 3408 ) (-12144 13922 3408 ) 
4 20 21 (-12168 13932 3408 ) (-12168 14064 3408 ) (-12144 14064 3408 ) (-12144 13932 3408 ) 
4 21 26 (-12168 14064 3408 ) (-12168 14064 3406 ) (-12168 13932 3406 ) (-12168 13932 3408 ) 
4 21 25 (-12168 13932 3406 ) (-12168 14064 3406 ) (-12144 14064 3406 ) (-12144 13932 3406 ) 
4 21 22 (-12168 13932 3406 ) (-12144 13932 3406 ) (-12144 13932 3408 ) (-12168 13932 3408 ) 
4 22 26 (-12168 13932 3406 ) (-12168 13922 3406 ) (-12168 13922 3408 ) (-12168 13932 3408 ) 
4 22 23 (-12168 13922 3406 ) (-12144 13922 3406 ) (-12144 13922 3408 ) (-12168 13922 3408 ) 
4 22 25 (-12168 13922 3406 ) (-12168 13932 3406 ) (-12144 13932 3406 ) (-12144 13922 3406 ) 
4 23 26 (-12168 13922 3406 ) (-12168 13866 3406 ) (-12168 13866 3408 ) (-12168 13922 3408 ) 
4 23 25 (-12168 13866 3406 ) (-12168 13922 3406 ) (-12144 13922 3406 ) (-12144 13866 3406 ) 
4 23 24 (-12168 13866 3406 ) (-12144 13866 3406 ) (-12144 13866 3408 ) (-12168 13866 3408 ) 
4 24 26 (-12168 13866 3406 ) (-12168 13856 3406 ) (-12168 13856 3408 ) (-12168 13866 3408 ) 
4 24 25 (-12168 13856 3406 ) (-12168 13866 3406 ) (-12144 13866 3406 ) (-12144 13856 3406 ) 
4 25 81 (-12168 14064 2512 ) (-12144 14064 2512 ) (-12144 13856 2512 ) (-12168 13856 2512 ) 
4 25 26 (-12168 14064 3406 ) (-12168 14064 2512 ) (-12168 13856 2512 ) (-12168 13856 3406 ) 
4 26 81 (-12248 14064 2512 ) (-12168 14064 2512 ) (-12168 13856 2512 ) (-12248 13856 2512 ) 
4 26 42 (-12248 13856 2512 ) (-12220 13856 2512 ) (-12220 13856 2600 ) (-12248 13856 2600 ) 
4 26 41 (-12248 13856 3496 ) (-12248 13856 3408 ) (-12220 13856 3408 ) (-12220 13856 3496 ) 
3 26 32 (-12248 13918.713867 3664 ) (-12248 13921 3664 ) (-12248 13925.018555 3658.995361 ) 
3 26 31 (-12248 13876 3664 ) (-12248 13918.713867 3664 ) (-12248 13930.064453 3654.989258 ) 
4 26 30 (-12248 13856 3640.666992 ) (-12248 13856 3664 ) (-12248 13876 3664 ) (-12248 13936 3654 ) 
3 26 29 (-12248 13951.043945 3664 ) (-12248 13953.250977 3664 ) (-12248 13947.119141 3659.094238 ) 
3 26 28 (-12248 13856 3586.199707 ) (-12248 13856 3640.666992 ) (-12248 13942 3655 ) 
5 26 27 (-12248 14064 3664 ) (-12248 14064 2512 ) (-12248 13856 2512 ) (-12248 13856 3586.199707 ) (-12248 13953.250977 3664 ) 
4 27 81 (-12256 14064 2512 ) (-12248 14064 2512 ) (-12248 13856 2512 ) (-12256 13856 2512 ) 
4 27 42 (-12256 13856 2512 ) (-12248 13856 2512 ) (-12248 13856 2600 ) (-12256 13856 2600 ) 
4 27 41 (-12248 13856 3408 ) (-12248 13856 3496 ) (-12256 13856 3496 ) (-12256 13856 3408 ) 
4 27 39 (-12256 13951.808594 3662.845703 ) (-12256 13953.250977 3664 ) (-12256 13955.828125 3664 ) (-12256 13951 3658 ) 
3 27 38 (-12256 13932.527344 3647.421143 ) (-12256 13933.724609 3648.378906 ) (-12256 13936 3648 ) 
4 27 37 (-12256 13935.945313 3644.155762 ) (-12256 13932.213867 3647.170654 ) (-12256 13932.527344 3647.421143 ) (-12256 13942 3649 ) 
3 27 36 (-12256 13938.315430 3642.240967 ) (-12256 13935.945313 3644.155762 ) (-12256 13946.930664 3652.944824 ) 
4 27 35 (-12256 14064 3664 ) (-12256 14064 3540.687500 ) (-12256 13938.315430 3642.240967 ) (-12256 13955.828125 3664 ) 
5 27 33 (-12256 14064 3540.687500 ) (-12256 14064 2512 ) (-12256 13856 2512 ) (-12256 13856 3586.199707 ) (-12256 13932.213867 3647.170654 ) 
4 27 29 (-12256 13953.250000 3664 ) (-12256 13947 3659 ) (-12248 13947.111328 3659.086426 ) (-12248 13953.253906 3664 ) 
4 27 28 (-12256 13942 3655 ) (-12256 13856 3586.199951 ) (-12248 13856 3586.195313 ) (-12248 13942.004883 3655 ) 
4 28 38 (-12256 13933.724609 3648.378906 ) (-12256 13932.527344 3647.421143 ) (-12256 13932.011719 3647.335205 ) (-12256 13929.938477 3649.010254 ) 
3 28 37 (-12256 13932.527344 3647.421143 ) (-12256 13932.214844 3647.171143 ) (-12256 13932.011719 3647.335205 ) 
4 28 33 (-12256 13856 3586.199707 ) (-12256 13856 3640.666992 ) (-12256 13925.855469 3652.309326 ) (-12256 13932.214844 3647.171143 ) 
4 28 30 (-12256 13936 3654 ) (-12256 13856 3640.666748 ) (-12248 13856 3640.666016 ) (-12248 13936 3654 ) 
3 29 39 (-12256 13952 3664 ) (-12256 13953.250977 3664 ) (-12256 13951.807617 3662.845703 ) 
3 30 34 (-12256 13920.583008 3656.569580 ) (-12256 13922.362305 3656.272949 ) (-12256 13924.851563 3653.120361 ) 
5 30 33 (-12256 13856 3640.666992 ) (-12256 13856 3664 ) (-12256 13876 3664 ) (-12256 13920.583008 3656.569580 ) (-12256 13925.855469 3652.309326 ) 
4 30 31 (-12256 13930 3655 ) (-12256 13876 3664 ) (-12248 13875.996094 3664 ) (-12248 13930.064453 3654.989258 ) 
4 31 40 (-12256 13916.261719 3664 ) (-12256 13918.663086 3664 ) (-12256 13920.204102 3662.776367 ) (-12256 13921 3658 ) 
4 31 34 (-12256 13911.386719 3664 ) (-12256 13916.261719 3664 ) (-12256 13922.362305 3656.273193 ) (-12256 13920.581055 3656.570068 ) 
3 31 33 (-12256 13876 3664 ) (-12256 13911.386719 3664 ) (-12256 13920.581055 3656.570068 ) 
4 31 32 (-12256 13925 3658.970215 ) (-12256 13918.665039 3664 ) (-12248 13918.710938 3664 ) (-12248 13925.023438 3658.989990 ) 
3 32 40 (-12256 13918.663086 3664 ) (-12256 13920 3664 ) (-12256 13920.204102 3662.776611 ) 
4 33 210 (-12288 14064 2512 ) (-12288 13856 2512 ) (-12288 13856 3408 ) (-12288 14064 3408 ) 
4 33 134 (-12288 13856 3408 ) (-12288 13856 3600 ) (-12288 13888 3600 ) (-12288 13888 3408 ) 
5 33 127 (-12288 13888 3600 ) (-12288 13990.643555 3600 ) (-12288 14064 3540.727783 ) (-12288 14064 3408 ) (-12288 13888 3408 ) 
3 33 116 (-12288 13876 3664 ) (-12288 13911.436523 3664 ) (-12288 13920.645508 3656.559082 ) 
5 33 115 (-12288 13856 3640.666992 ) (-12288 13856 3664 ) (-12288 13876 3664 ) (-12288 13920.645508 3656.559082 ) (-12288 13925.896484 3652.316162 ) 
5 33 113 (-12288 13856 3600 ) (-12288 13856 3640.666992 ) (-12288 13925.896484 3652.316162 ) (-12288 13932.239258 3647.191162 ) (-12288 13873.250977 3600 ) 
3 33 112 (-12288 13932.239258 3647.191162 ) (-12288 13990.643555 3600 ) (-12288 13873.250977 3600 ) 
4 33 81 (-12288 13856 2512 ) (-12288 14064 2512 ) (-12256 14064 2512 ) (-12256 13856 2512 ) 
4 33 42 (-12288 13856 2512 ) (-12256 13856 2512 ) (-12256 13856 2600 ) (-12288 13856 2600 ) 
4 33 41 (-12256 13856 3408 ) (-12256 13856 3496 ) (-12288 13856 3496 ) (-12288 13856 3408 ) 
4 33 38 (-12256 13929.933594 3649.011230 ) (-12256 13932.007813 3647.334717 ) (-12288 13932.048828 3647.341553 ) (-12288 13929.996094 3649 ) 
4 33 37 (-12256 13932.007813 3647.334717 ) (-12256 13935.944336 3644.154297 ) (-12288 13935.968750 3644.174316 ) (-12288 13932.048828 3647.341553 ) 
4 33 36 (-12256 13935.944336 3644.154297 ) (-12256 13938.314453 3642.239014 ) (-12288 13938.333984 3642.263184 ) (-12288 13935.968750 3644.174316 ) 
4 33 35 (-12256 13938.314453 3642.239014 ) (-12256 14064 3540.683594 ) (-12288 14064 3540.723633 ) (-12288 13938.333984 3642.263184 ) 
4 33 34 (-12288 13911.432617 3664 ) (-12256 13911.382813 3664 ) (-12256 13924.859375 3653.111084 ) (-12288 13924.771484 3653.221924 ) 
4 34 116 (-12288 13911.436523 3664 ) (-12288 13916.261719 3664 ) (-12288 13922.362305 3656.272949 ) (-12288 13920.645508 3656.559082 ) 
3 34 115 (-12288 13922.362305 3656.272949 ) (-12288 13924.764648 3653.230713 ) (-12288 13920.645508 3656.559082 ) 
4 34 40 (-12256 13916.269531 3664 ) (-12256 13920.998047 3658.009277 ) (-12288 13920.998047 3658.009033 ) (-12288 13916.269531 3664 ) 
3 35 127 (-12288 14064 3600 ) (-12288 14064 3540.727783 ) (-12288 13990.643555 3600 ) 
5 35 112 (-12288 13955.827148 3664 ) (-12288 14064 3664 ) (-12288 14064 3600 ) (-12288 13990.643555 3600 ) (-12288 13938.334961 3642.265869 ) 
4 35 39 (-12256 13951 3657.996338 ) (-12256 13955.832031 3664 ) (-12288 13955.832031 3664 ) (-12288 13951 3657.995605 ) 
4 35 36 (-12288 13938.337891 3642.263672 ) (-12256 13938.318359 3642.239502 ) (-12256 13946.940430 3652.952881 ) (-12288 13946.942383 3652.954590 ) 
3 36 112 (-12288 13946.928711 3652.943359 ) (-12288 13938.334961 3642.265869 ) (-12288 13935.970703 3644.176025 ) 
4 36 37 (-12288 13942 3649 ) (-12288 13935.970703 3644.176270 ) (-12256 13935.946289 3644.156250 ) (-12256 13942 3649 ) 
3 37 113 (-12288 13932.239258 3647.191162 ) (-12288 13932.052734 3647.342041 ) (-12288 13932.526367 3647.420898 ) 
4 37 112 (-12288 13942 3649 ) (-12288 13935.970703 3644.176025 ) (-12288 13932.239258 3647.191162 ) (-12288 13932.526367 3647.420898 ) 
4 37 38 (-12288 13935.998047 3648 ) (-12288 13932.051758 3647.342773 ) (-12256 13932.010742 3647.335938 ) (-12256 13935.997070 3648 ) 
4 38 113 (-12288 13932.526367 3647.421143 ) (-12288 13932.052734 3647.342041 ) (-12288 13930 3649 ) (-12288 13933.723633 3648.379395 ) 
3 38 112 (-12288 13936 3648 ) (-12288 13932.526367 3647.421143 ) (-12288 13933.723633 3648.379395 ) 
3 39 114 (-12288 13952 3664 ) (-12288 13953.250000 3664 ) (-12288 13951.808594 3662.846924 ) 
4 39 112 (-12288 13953.250000 3664 ) (-12288 13955.827148 3664 ) (-12288 13951 3658.003174 ) (-12288 13951.808594 3662.846924 ) 
3 40 117 (-12288 13918.681641 3664 ) (-12288 13920 3664 ) (-12288 13920.199219 3662.801514 ) 
4 40 116 (-12288 13916.261719 3664 ) (-12288 13918.681641 3664 ) (-12288 13920.199219 3662.801514 ) (-12288 13921 3658 ) 
4 41 137 (-12288 13856 3496 ) (-12288 13856 3408 ) (-12288 13848 3408 ) (-12288 13848 3496 ) 
4 41 60 (-12288 13848 3496 ) (-12288 13848 3408 ) (-12256 13848 3408 ) (-12256 13848 3496 ) 
4 41 54 (-12256 13848 3408 ) (-12220 13848 3408 ) (-12220 13848 3496 ) (-12256 13848 3496 ) 
4 42 211 (-12288 13856 2600 ) (-12288 13856 2512 ) (-12288 13848 2512 ) (-12288 13848 2600 ) 
4 42 70 (-12288 13848 2600 ) (-12288 13848 2513 ) (-12220 13848 2513 ) (-12220 13848 2600 ) 
4 43 46 (-11728 13823 2768 ) (-11728 13823 2656 ) (-11264 13823 2656 ) (-11264 13823 2768 ) 
4 43 44 (-11444 13823 2656 ) (-11728 13823 2656 ) (-11728 13824 2656 ) (-11444 13824 2656 ) 
4 44 46 (-11728 13823 2656 ) (-11728 13823 2584 ) (-11444 13823 2584 ) (-11444 13823 2656 ) 
4 44 45 (-11444 13823 2584 ) (-11728 13823 2584 ) (-11728 13824 2584 ) (-11444 13824 2584 ) 
4 45 80 (-11264 13824 2512 ) (-11264 13823 2512 ) (-11728 13823 2512 ) (-11728 13824 2512 ) 
4 45 46 (-11728 13823 2584 ) (-11728 13823 2512 ) (-11264 13823 2512 ) (-11264 13823 2584 ) 
4 46 80 (-11264 13823 2512 ) (-11264 13344 2512 ) (-11728 13344 2512 ) (-11728 13823 2512 ) 
4 46 72 (-11728 13344 2512 ) (-11264 13344 2512 ) (-11264 13344 2768 ) (-11728 13344 2768 ) 
4 46 49 (-11728 13492 2512 ) (-11728 13388 2512 ) (-11728 13388 2624 ) (-11728 13492 2624 ) 
4 47 62 (-12176 13536 2512 ) (-12176 13492 2512 ) (-12176 13492 2704 ) (-12176 13536 2704 ) 
4 47 51 (-12176 13492 2624 ) (-12176 13492 2512 ) (-11760 13492 2512 ) (-11760 13492 2624 ) 
4 47 48 (-12176 13492 2704 ) (-12176 13492 2624 ) (-11760 13492 2624 ) (-11760 13492 2704 ) 
4 48 62 (-12176 13388 2624 ) (-12176 13388 2704 ) (-12176 13492 2704 ) (-12176 13492 2624 ) 
4 48 52 (-12176 13388 2704 ) (-12176 13388 2624 ) (-11760 13388 2624 ) (-11760 13388 2704 ) 
4 48 51 (-11760 13388 2624 ) (-12176 13388 2624 ) (-12176 13492 2624 ) (-11760 13492 2624 ) 
4 49 50 (-11740 13488 2620 ) (-11740 13488 2512 ) (-11740 13392 2512 ) (-11740 13392 2620 ) 
4 50 51 (-11748 13488 2620 ) (-11748 13488 2512 ) (-11748 13392 2512 ) (-11748 13392 2620 ) 
4 51 62 (-12176 13492 2512 ) (-12176 13388 2512 ) (-12176 13388 2624 ) (-12176 13492 2624 ) 
4 51 52 (-12176 13388 2624 ) (-12176 13388 2512 ) (-11760 13388 2512 ) (-11760 13388 2624 ) 
4 52 62 (-12176 13388 2512 ) (-12176 13344 2512 ) (-12176 13344 2704 ) (-12176 13388 2704 ) 
4 53 54 (-12208 13792 3408 ) (-12208 13376 3408 ) (-12208 13376 3600 ) (-12208 13792 3600 ) 
4 54 74 (-12256 13344 3568 ) (-12256 13344 3552 ) (-12248 13344 3552 ) (-12248 13344 3568 ) 
4 54 57 (-12256 13844 3500 ) (-12256 13844 3516 ) (-12256 13845 3516 ) (-12256 13845 3500 ) 
4 54 55 (-12256 13844 3516 ) (-12256 13844 3600 ) (-12256 13848 3600 ) (-12256 13848 3516 ) 
4 54 60 (-12256 13848 3408 ) (-12256 13844 3408 ) (-12256 13844 3500 ) (-12256 13848 3500 ) 
4 54 61 (-12256 13844 3408 ) (-12256 13344 3408 ) (-12256 13344 3600 ) (-12256 13844 3600 ) 
4 55 138 (-12288 13848 3600 ) (-12288 13848 3516 ) (-12288 13844 3516 ) (-12288 13844 3600 ) 
4 55 59 (-12257 13844 3516 ) (-12287 13844 3516 ) (-12288 13845 3516 ) (-12256 13845 3516 ) 
3 55 57 (-12256 13844 3516 ) (-12257 13844 3516 ) (-12256 13845 3516 ) 
3 55 56 (-12287 13844 3516 ) (-12288 13844 3516 ) (-12288 13845 3516 ) 
4 55 61 (-12256 13844 3516 ) (-12256 13844 3600 ) (-12288 13844 3600 ) (-12288 13844 3516 ) 
4 56 138 (-12288 13845 3500 ) (-12288 13844 3500 ) (-12288 13844 3516 ) (-12288 13845 3516 ) 
3 56 59 (-12288 13845 3516 ) (-12287 13844 3516 ) (-12287 13844 3515 ) 
3 56 58 (-12287 13844 3500 ) (-12288 13845 3500 ) (-12287 13844 3501 ) 
4 56 61 (-12287 13844 3516 ) (-12288 13844 3516 ) (-12288 13844 3500 ) (-12287 13844 3500 ) 
3 56 60 (-12287 13844 3500 ) (-12288 13844 3500 ) (-12288 13845 3500 ) 
3 57 59 (-12257 13844 3515 ) (-12257 13844 3516 ) (-12256 13845 3516 ) 
3 57 58 (-12256 13845 3500 ) (-12257 13844 3500 ) (-12257 13844 3501 ) 
3 57 60 (-12256 13844 3500 ) (-12257 13844 3500 ) (-12256 13845 3500 ) 
4 57 61 (-12256 13844 3500 ) (-12256 13844 3516 ) (-12257 13844 3516 ) (-12257 13844 3500 ) 
4 58 61 (-12287 13844 3501 ) (-12287 13844 3500 ) (-12257 13844 3500 ) (-12257 13844 3501 ) 
4 58 60 (-12257 13844 3500 ) (-12287 13844 3500 ) (-12288 13845 3500 ) (-12256 13845 3500 ) 
4 59 61 (-12257 13844 3516 ) (-12287 13844 3516 ) (-12287 13844 3515 ) (-12257 13844 3515 ) 
4 60 138 (-12288 13848 3500 ) (-12288 13848 3408 ) (-12288 13844 3408 ) (-12288 13844 3500 ) 
4 60 61 (-12288 13844 3408 ) (-12256 13844 3408 ) (-12256 13844 3500 ) (-12288 13844 3500 ) 
4 61 138 (-12288 13844 3408 ) (-12288 13344 3408 ) (-12288 13344 3600 ) (-12288 13844 3600 ) 
4 61 77 (-12288 13344 3496 ) (-12288 13344 3432 ) (-12280 13344 3432 ) (-12280 13344 3496 ) 
4 61 74 (-12288 13344 3568 ) (-12288 13344 3552 ) (-12256 13344 3552 ) (-12256 13344 3568 ) 
4 62 73 (-12208 13344 2512 ) (-12176 13344 2512 ) (-12176 13344 2704 ) (-12208 13344 2704 ) 
4 62 71 (-12208 13344 2512 ) (-12208 13344 2604 ) (-12208 13792 2604 ) (-12208 13792 2512 ) 
4 62 63 (-12208 13344 2604 ) (-12208 13344 2704 ) (-12208 13792 2704 ) (-12208 13792 2604 ) 
4 63 76 (-12248 13344 2704 ) (-12256 13344 2704 ) (-12256 13344 2604 ) (-12248 13344 2604 ) 
4 63 73 (-12208 13344 2604 ) (-12208 13344 2704 ) (-12248 13344 2704 ) (-12248 13344 2604 ) 
4 63 70 (-12256 13848 2604 ) (-12208 13848 2604 ) (-12208 13840 2604 ) (-12256 13840 2604 ) 
4 63 71 (-12208 13840 2604 ) (-12208 13344 2604 ) (-12256 13344 2604 ) (-12256 13840 2604 ) 
4 63 66 (-12256 13845 2604 ) (-12256 13844 2604 ) (-12256 13844 2620 ) (-12256 13845 2620 ) 
4 63 64 (-12256 13844 2620 ) (-12256 13844 2704 ) (-12256 13848 2704 ) (-12256 13848 2620 ) 
4 63 69 (-12256 13844 2604 ) (-12256 13344 2604 ) (-12256 13344 2704 ) (-12256 13844 2704 ) 
4 64 212 (-12288 13848 2704 ) (-12288 13848 2620 ) (-12288 13844 2620 ) (-12288 13844 2704 ) 
4 64 68 (-12257 13844 2620 ) (-12287 13844 2620 ) (-12288 13845 2620 ) (-12256 13845 2620 ) 
3 64 66 (-12256 13844 2620 ) (-12257 13844 2620 ) (-12256 13845 2620 ) 
3 64 65 (-12287 13844 2620 ) (-12288 13844 2620 ) (-12288 13845 2620 ) 
4 64 69 (-12256 13844 2620 ) (-12256 13844 2704 ) (-12288 13844 2704 ) (-12288 13844 2620 ) 
4 65 212 (-12288 13845 2604 ) (-12288 13844 2604 ) (-12288 13844 2620 ) (-12288 13845 2620 ) 
3 65 70 (-12287 13844 2604 ) (-12288 13844 2604 ) (-12288 13845 2604 ) 
3 65 68 (-12288 13845 2620 ) (-12287 13844 2620 ) (-12287 13844 2619 ) 
3 65 67 (-12287 13844 2605 ) (-12287 13844 2604 ) (-12288 13845 2604 ) 
4 65 69 (-12288 13844 2604 ) (-12287 13844 2604 ) (-12287 13844 2620 ) (-12288 13844 2620 ) 
3 66 70 (-12256 13845 2604 ) (-12256 13844 2604 ) (-12257 13844 2604 ) 
3 66 68 (-12257 13844 2619 ) (-12257 13844 2620 ) (-12256 13845 2620 ) 
3 66 67 (-12257 13844 2604 ) (-12257 13844 2605 ) (-12256 13845 2604 ) 
4 66 69 (-12257 13844 2604 ) (-12256 13844 2604 ) (-12256 13844 2620 ) (-12257 13844 2620 ) 
4 67 70 (-12256 13845 2604 ) (-12257 13844 2604 ) (-12287 13844 2604 ) (-12288 13845 2604 ) 
4 67 69 (-12287 13844 2604 ) (-12257 13844 2604 ) (-12257 13844 2605 ) (-12287 13844 2605 ) 
4 68 69 (-12257 13844 2619 ) (-12257 13844 2620 ) (-12287 13844 2620 ) (-12287 13844 2619 ) 
4 69 212 (-12288 13844 2604 ) (-12288 13840 2604 ) (-12288 13840 2704 ) (-12288 13844 2704 ) 
4 69 213 (-12288 13840 2604 ) (-12288 13344 2604 ) (-12288 13344 2704 ) (-12288 13840 2704 ) 
4 69 79 (-12280 13344 2704 ) (-12288 13344 2704 ) (-12288 13344 2604 ) (-12280 13344 2604 ) 
4 69 76 (-12256 13344 2704 ) (-12280 13344 2704 ) (-12280 13344 2604 ) (-12256 13344 2604 ) 
4 69 70 (-12256 13844 2604 ) (-12256 13840 2604 ) (-12288 13840 2604 ) (-12288 13844 2604 ) 
4 69 71 (-12256 13840 2604 ) (-12256 13344 2604 ) (-12288 13344 2604 ) (-12288 13840 2604 ) 
4 70 212 (-12288 13848 2604 ) (-12288 13848 2513 ) (-12288 13840 2513 ) (-12288 13840 2604 ) 
4 70 71 (-12208 13840 2513 ) (-12208 13840 2604 ) (-12288 13840 2604 ) (-12288 13840 2513 ) 
4 71 213 (-12288 13840 2512 ) (-12288 13344 2512 ) (-12288 13344 2604 ) (-12288 13840 2604 ) 
4 71 79 (-12288 13344 2512 ) (-12280 13344 2512 ) (-12280 13344 2604 ) (-12288 13344 2604 ) 
4 71 76 (-12280 13344 2512 ) (-12248 13344 2512 ) (-12248 13344 2604 ) (-12280 13344 2604 ) 
4 71 73 (-12248 13344 2512 ) (-12208 13344 2512 ) (-12208 13344 2604 ) (-12248 13344 2604 ) 
4 72 99 (-11264 13312 2512 ) (-11264 13312 2768 ) (-11728 13312 2768 ) (-11728 13312 2512 ) 
4 72 80 (-11264 13312 2512 ) (-11728 13312 2512 ) (-11728 13344 2512 ) (-11264 13344 2512 ) 
4 73 103 (-12248 13312 2704 ) (-12248 13312 2512 ) (-12176 13312 2512 ) (-12176 13312 2704 ) 
4 73 76 (-12248 13344 2704 ) (-12248 13344 2512 ) (-12248 13312 2512 ) (-12248 13312 2704 ) 
4 74 193 (-12288 13343 3568 ) (-12288 13344 3568 ) (-12288 13344 3552 ) (-12288 13343 3552 ) 
4 74 75 (-12288 13343 3552 ) (-12248 13343 3552 ) (-12248 13343 3568 ) (-12288 13343 3568 ) 
4 75 194 (-12288 13328 3568 ) (-12288 13343 3568 ) (-12288 13343 3552 ) (-12288 13328 3552 ) 
4 76 103 (-12280 13312 2512 ) (-12248 13312 2512 ) (-12248 13312 2704 ) (-12280 13312 2704 ) 
4 76 79 (-12280 13344 2704 ) (-12280 13344 2512 ) (-12280 13312 2512 ) (-12280 13312 2704 ) 
4 77 195 (-12288 13343 3496 ) (-12288 13344 3496 ) (-12288 13344 3432 ) (-12288 13343 3432 ) 
4 77 78 (-12288 13343 3432 ) (-12280 13343 3432 ) (-12280 13343 3496 ) (-12288 13343 3496 ) 
4 78 196 (-12288 13312 3432 ) (-12288 13312 3496 ) (-12288 13343 3496 ) (-12288 13343 3432 ) 
4 78 104 (-12288 13312 3496 ) (-12288 13312 3432 ) (-12280 13312 3432 ) (-12280 13312 3496 ) 
4 79 213 (-12288 13312 2512 ) (-12288 13312 2704 ) (-12288 13344 2704 ) (-12288 13344 2512 ) 
4 79 105 (-12288 13312 2704 ) (-12288 13312 2512 ) (-12280 13312 2512 ) (-12280 13312 2704 ) 
4 80 99 (-11264 13312 2511 ) (-11264 13312 2512 ) (-11728 13312 2512 ) (-11728 13312 2511 ) 
4 80 82 (-11264 13824 2511 ) (-11264 13312 2511 ) (-11728 13312 2511 ) (-11728 13824 2511 ) 
4 81 210 (-12288 13856 2512 ) (-12288 14064 2512 ) (-12288 14064 2511 ) (-12288 13856 2511 ) 
4 81 83 (-12144 14064 2511 ) (-12144 13856 2511 ) (-12288 13856 2511 ) (-12288 14064 2511 ) 
4 82 99 (-11264 13312 1552 ) (-11264 13312 2511 ) (-11728 13312 2511 ) (-11728 13312 1552 ) 
4 82 84 (-11264 13312 1552 ) (-11728 13312 1552 ) (-11728 13824 1552 ) (-11264 13824 1552 ) 
4 83 217 (-12288 13856 2511 ) (-12288 14064 2511 ) (-12288 14064 2384 ) (-12288 13856 2384 ) 
4 84 111 (-11264 13312 1520 ) (-11264 13312 1552 ) (-11728 13312 1552 ) (-11728 13312 1520 ) 
4 85 88 (-11024 13312 2768 ) (-11024 13312 2544 ) (-11024 13216 2544 ) (-11024 13216 2768 ) 
4 85 86 (-11024 13216 2768 ) (-11024 13216 2544 ) (-10960 13216 2544 ) (-10960 13216 2768 ) 
4 86 94 (-11024 13056 2536 ) (-11024 13056 2544 ) (-11024 13120 2544 ) (-11024 13120 2536 ) 
4 86 90 (-11024 13056 2584 ) (-11024 13056 2656 ) (-11024 13057 2656 ) (-11024 13057 2584 ) 
4 86 91 (-11024 13056 2544 ) (-11024 13056 2584 ) (-11024 13057 2584 ) (-11024 13057 2544 ) 
4 86 89 (-11024 13056 2656 ) (-11024 13056 2768 ) (-11024 13057 2768 ) (-11024 13057 2656 ) 
4 86 88 (-11024 13057 2768 ) (-11024 13216 2768 ) (-11024 13216 2544 ) (-11024 13057 2544 ) 
4 86 87 (-11024 13056 2536 ) (-11024 13184 2536 ) (-10960 13184 2536 ) (-10960 13056 2536 ) 
4 87 94 (-11024 13120 2528 ) (-11024 13056 2528 ) (-11024 13056 2536 ) (-11024 13120 2536 ) 
4 88 99 (-11264 13312 2768 ) (-11264 13312 2544 ) (-11264 13057 2544 ) (-11264 13057 2768 ) 
4 88 94 (-11024 13120 2544 ) (-11024 13057 2544 ) (-11056 13057 2544 ) (-11056 13120 2544 ) 
4 88 95 (-11056 13057 2544 ) (-11264 13057 2544 ) (-11264 13120 2544 ) (-11056 13120 2544 ) 
4 88 93 (-11120 13120 2544 ) (-11264 13120 2544 ) (-11264 13184 2544 ) (-11120 13184 2544 ) 
4 88 92 (-11264 13312 2544 ) (-11088 13312 2544 ) (-11088 13184 2544 ) (-11264 13184 2544 ) 
4 88 90 (-11244 13057 2584 ) (-11024 13057 2584 ) (-11024 13057 2656 ) (-11244 13057 2656 ) 
4 88 91 (-11264 13057 2584 ) (-11264 13057 2544 ) (-11024 13057 2544 ) (-11024 13057 2584 ) 
4 88 89 (-11264 13057 2768 ) (-11264 13057 2656 ) (-11024 13057 2656 ) (-11024 13057 2768 ) 
4 89 100 (-11264 13056 2656 ) (-11264 13056 2768 ) (-11264 13057 2768 ) (-11264 13057 2656 ) 
4 89 90 (-11244 13057 2656 ) (-11024 13057 2656 ) (-11024 13056 2656 ) (-11244 13056 2656 ) 
4 90 91 (-11244 13057 2584 ) (-11024 13057 2584 ) (-11024 13056 2584 ) (-11244 13056 2584 ) 
4 91 102 (-11264 13057 2544 ) (-11264 13056 2544 ) (-11264 13056 2584 ) (-11264 13057 2584 ) 
4 91 94 (-11024 13057 2544 ) (-11024 13056 2544 ) (-11056 13056 2544 ) (-11056 13057 2544 ) 
4 91 95 (-11056 13056 2544 ) (-11264 13056 2544 ) (-11264 13057 2544 ) (-11056 13057 2544 ) 
4 92 99 (-11264 13312 2544 ) (-11264 13312 2512 ) (-11264 13184 2512 ) (-11264 13184 2544 ) 
4 92 97 (-11264 13184 2512 ) (-11264 13312 2512 ) (-11152 13312 2512 ) (-11152 13184 2512 ) 
4 92 96 (-11120 13312 2512 ) (-11088 13312 2512 ) (-11088 13184 2512 ) (-11120 13184 2512 ) 
4 92 93 (-11264 13184 2512 ) (-11120 13184 2512 ) (-11120 13184 2544 ) (-11264 13184 2544 ) 
4 93 99 (-11264 13184 2512 ) (-11264 13120 2512 ) (-11264 13120 2544 ) (-11264 13184 2544 ) 
4 93 97 (-11264 13120 2512 ) (-11264 13184 2512 ) (-11152 13184 2512 ) (-11152 13120 2512 ) 
4 93 95 (-11264 13120 2512 ) (-11120 13120 2512 ) (-11120 13120 2544 ) (-11264 13120 2544 ) 
4 94 95 (-11056 13120 2544 ) (-11056 13120 2520 ) (-11056 13056 2520 ) (-11056 13056 2544 ) 
4 95 102 (-11264 13057 2512 ) (-11264 13056 2512 ) (-11264 13056 2544 ) (-11264 13057 2544 ) 
4 95 99 (-11264 13120 2512 ) (-11264 13057 2512 ) (-11264 13057 2544 ) (-11264 13120 2544 ) 
4 95 97 (-11152 13056 2512 ) (-11264 13056 2512 ) (-11264 13120 2512 ) (-11152 13120 2512 ) 
4 97 102 (-11264 13057 1552 ) (-11264 13056 1552 ) (-11264 13056 2512 ) (-11264 13057 2512 ) 
4 97 99 (-11264 13312 2512 ) (-11264 13312 1552 ) (-11264 13057 1552 ) (-11264 13057 2512 ) 
4 97 98 (-11264 13056 1552 ) (-11264 13312 1552 ) (-11152 13312 1552 ) (-11152 13056 1552 ) 
4 98 111 (-11264 13312 1552 ) (-11264 13312 1520 ) (-11264 13056 1520 ) (-11264 13056 1552 ) 
4 99 111 (-11264 13312 1552 ) (-11264 13057 1552 ) (-11728 13057 1552 ) (-11728 13312 1552 ) 
4 99 101 (-11728 13057 2656 ) (-11728 13057 2584 ) (-11444 13057 2584 ) (-11444 13057 2656 ) 
4 99 102 (-11728 13057 2584 ) (-11728 13057 1552 ) (-11264 13057 1552 ) (-11264 13057 2584 ) 
4 99 100 (-11728 13057 2768 ) (-11728 13057 2656 ) (-11264 13057 2656 ) (-11264 13057 2768 ) 
4 100 101 (-11444 13056 2656 ) (-11728 13056 2656 ) (-11728 13057 2656 ) (-11444 13057 2656 ) 
4 101 102 (-11444 13056 2584 ) (-11728 13056 2584 ) (-11728 13057 2584 ) (-11444 13057 2584 ) 
4 102 111 (-11264 13057 1552 ) (-11264 13056 1552 ) (-11728 13056 1552 ) (-11728 13057 1552 ) 
4 103 106 (-12280 13280 2512 ) (-12176 13280 2512 ) (-12176 13280 2704 ) (-12280 13280 2704 ) 
4 103 105 (-12280 13312 2704 ) (-12280 13312 2512 ) (-12280 13280 2512 ) (-12280 13280 2704 ) 
4 104 250 (-12288 13312 3496 ) (-12288 13312 3432 ) (-12288 13280 3432 ) (-12288 13280 3496 ) 
4 105 251 (-12288 13312 2704 ) (-12288 13312 2512 ) (-12288 13280 2512 ) (-12288 13280 2704 ) 
4 105 106 (-12288 13280 2512 ) (-12280 13280 2512 ) (-12280 13280 2704 ) (-12288 13280 2704 ) 
4 106 253 (-12288 13280 2704 ) (-12288 13280 2512 ) (-12288 13056 2512 ) (-12288 13056 2704 ) 
4 106 107 (-12288 13056 2704 ) (-12288 13056 2512 ) (-12176 13056 2512 ) (-12176 13056 2704 ) 
4 107 253 (-12288 13056 2704 ) (-12288 13056 2512 ) (-12288 12928 2512 ) (-12288 12928 2704 ) 
4 107 108 (-12240 12928 2640 ) (-12288 12928 2640 ) (-12288 12928 2576 ) (-12240 12928 2576 ) 
4 108 255 (-12288 12928 2640 ) (-12288 12928 2576 ) (-12288 12896 2576 ) (-12288 12896 2640 ) 
4 108 110 (-12288 12896 2616 ) (-12288 12896 2600 ) (-12280 12896 2600 ) (-12280 12896 2616 ) 
4 108 109 (-12264 12896 2600 ) (-12248 12896 2600 ) (-12248 12896 2616 ) (-12264 12896 2616 ) 
4 110 256 (-12288 12892 2616 ) (-12288 12896 2616 ) (-12288 12896 2600 ) (-12288 12892 2600 ) 
4 112 134 (-12288 13888 3600 ) (-12288 13873.250977 3600 ) (-12296 13873.250977 3600 ) (-12296 13888 3600 ) 
4 112 127 (-12288 14064 3600 ) (-12288 13888 3600 ) (-12296 13888 3600 ) (-12296 14064 3600 ) 
4 112 114 (-12288 13953.250000 3664 ) (-12296 13953.250000 3664 ) (-12296 13947.002930 3659.002686 ) (-12288 13946.913086 3658.930420 ) 
4 112 113 (-12296 13942 3655 ) (-12296 13873.250000 3600 ) (-12288 13873.250000 3600 ) (-12288 13942 3655 ) 
4 112 118 (-12296 14064 3664 ) (-12296 14064 3600 ) (-12296 13873.250977 3600 ) (-12296 13953.250977 3664 ) 
4 113 134 (-12288 13873.250977 3600 ) (-12288 13856 3600 ) (-12296 13856 3600 ) (-12296 13873.250977 3600 ) 
4 113 115 (-12296 13936 3654 ) (-12296 13856 3640.666748 ) (-12288 13856 3640.666748 ) (-12288 13936 3654 ) 
4 113 118 (-12296 13873.250977 3600 ) (-12296 13856 3600 ) (-12296 13856 3640.666992 ) (-12296 13942 3655 ) 
3 114 118 (-12296 13951 3664 ) (-12296 13953.250977 3664 ) (-12296 13947 3659 ) 
4 115 116 (-12296 13930.001953 3655 ) (-12296 13876.001953 3664 ) (-12288 13876.001953 3664 ) (-12288 13930.093750 3654.984619 ) 
4 115 118 (-12296 13856 3640.666992 ) (-12296 13856 3664 ) (-12296 13876 3664 ) (-12296 13936 3654 ) 
4 116 117 (-12296 13924.994141 3658.956055 ) (-12296 13918.609375 3664 ) (-12288 13918.683594 3664 ) (-12288 13924.853516 3659.126221 ) 
3 116 118 (-12296 13876 3664 ) (-12296 13918.607422 3664 ) (-12296 13930.001953 3655 ) 
3 117 118 (-12296 13918.607422 3664 ) (-12296 13921.007813 3664 ) (-12296 13924.997070 3658.952637 ) 
4 118 134 (-12296 13856 3600 ) (-12400 13856 3600 ) (-12400 13888 3600 ) (-12296 13888 3600 ) 
4 118 127 (-12400 13888 3600 ) (-12400 14064 3600 ) (-12296 14064 3600 ) (-12296 13888 3600 ) 
4 119 120 (-12672 14016 3602 ) (-12736 14016 3602 ) (-12736 14048 3602 ) (-12672 14048 3602 ) 
4 120 128 (-12672 14048 3600 ) (-12672 14016 3600 ) (-12736 14016 3600 ) (-12736 14048 3600 ) 
4 121 122 (-12944 14016 3602 ) (-13008 14016 3602 ) (-13008 14048 3602 ) (-12944 14048 3602 ) 
4 122 133 (-12992 14016 3600 ) (-13008 14016 3600 ) (-13008 14048 3600 ) (-12992 14048 3600 ) 
4 122 131 (-12960 14016 3600 ) (-12992 14016 3600 ) (-12992 14048 3600 ) (-12960 14048 3600 ) 
4 122 129 (-12944 14048 3600 ) (-12944 14016 3600 ) (-12960 14016 3600 ) (-12960 14048 3600 ) 
4 123 124 (-12592 13696 3602 ) (-12592 13728 3602 ) (-12528 13728 3602 ) (-12528 13696 3602 ) 
4 124 154 (-12592 13728 3600 ) (-12528 13728 3600 ) (-12528 13696 3600 ) (-12592 13696 3600 ) 
4 125 126 (-12720 13696 3602 ) (-12720 13728 3602 ) (-12656 13728 3602 ) (-12656 13696 3602 ) 
4 126 154 (-12720 13728 3600 ) (-12656 13728 3600 ) (-12656 13696 3600 ) (-12720 13696 3600 ) 
4 127 210 (-12288 14064 3408 ) (-12288 13888 3408 ) (-12400 13888 3408 ) (-12400 14064 3408 ) 
4 127 134 (-12400 13888 3408 ) (-12288 13888 3408 ) (-12288 13888 3600 ) (-12400 13888 3600 ) 
4 128 135 (-12816 13888 3408 ) (-12760 13888 3408 ) (-12760 13888 3520 ) (-12816 13888 3520 ) 
4 129 136 (-12960 13888 3408 ) (-12948 13888 3408 ) (-12948 13888 3520 ) (-12960 13888 3520 ) 
4 129 131 (-12960 14016 3456 ) (-12960 14016 3600 ) (-12960 14048 3600 ) (-12960 14048 3456 ) 
4 129 130 (-12960 14176 3600 ) (-12960 14176 3408 ) (-12960 14048 3408 ) (-12960 14048 3600 ) 
4 129 132 (-12960 14016 3408 ) (-12960 13888 3408 ) (-12960 13888 3600 ) (-12960 14016 3600 ) 
4 130 133 (-12992 14176 3600 ) (-12992 14176 3408 ) (-12992 14048 3408 ) (-12992 14048 3600 ) 
4 130 131 (-12992 14048 3600 ) (-12992 14048 3456 ) (-12960 14048 3456 ) (-12960 14048 3600 ) 
4 131 133 (-12992 14016 3456 ) (-12992 14016 3600 ) (-12992 14048 3600 ) (-12992 14048 3456 ) 
4 131 132 (-12992 14016 3600 ) (-12992 14016 3456 ) (-12960 14016 3456 ) (-12960 14016 3600 ) 
4 132 136 (-12992 13888 3408 ) (-12960 13888 3408 ) (-12960 13888 3520 ) (-12992 13888 3520 ) 
4 132 133 (-12992 14016 3408 ) (-12992 13888 3408 ) (-12992 13888 3600 ) (-12992 14016 3600 ) 
4 133 136 (-13004 13888 3408 ) (-12992 13888 3408 ) (-12992 13888 3520 ) (-13004 13888 3520 ) 
4 134 210 (-12400 13888 3408 ) (-12288 13888 3408 ) (-12288 13856 3408 ) (-12400 13856 3408 ) 
4 134 137 (-12324 13856 3408 ) (-12288 13856 3408 ) (-12288 13856 3496 ) (-12324 13856 3496 ) 
4 135 165 (-12816 13856 3408 ) (-12760 13856 3408 ) (-12760 13856 3448 ) (-12816 13856 3448 ) 
4 135 161 (-12760 13856 3448 ) (-12760 13856 3520 ) (-12816 13856 3520 ) (-12816 13856 3448 ) 
4 136 183 (-13004 13856 3408 ) (-12948 13856 3408 ) (-12948 13856 3520 ) (-13004 13856 3520 ) 
4 137 140 (-12296 13848 3439.750000 ) (-12296 13848 3447.750000 ) (-12324 13848 3447.750000 ) (-12324 13848 3439.750000 ) 
4 137 139 (-12296 13848 3447.750000 ) (-12296 13848 3496 ) (-12324 13848 3496 ) (-12324 13848 3447.750000 ) 
4 137 142 (-12324 13848 3408 ) (-12296 13848 3408 ) (-12296 13848 3439.750000 ) (-12324 13848 3439.750000 ) 
4 137 138 (-12296 13848 3408 ) (-12288 13848 3408 ) (-12288 13848 3496 ) (-12296 13848 3496 ) 
4 138 195 (-12288 13344 3432 ) (-12288 13344 3496 ) (-12296 13344 3496 ) (-12296 13344 3432 ) 
4 138 193 (-12288 13344 3552 ) (-12288 13344 3568 ) (-12296 13344 3568 ) (-12296 13344 3552 ) 
4 138 141 (-12296 13345 3439.750000 ) (-12296 13344 3439.750000 ) (-12296 13344 3447.750000 ) (-12296 13345 3447.750000 ) 
4 138 140 (-12296 13848 3447.750000 ) (-12296 13848 3439.750000 ) (-12296 13345 3439.750000 ) (-12296 13345 3447.750000 ) 
4 138 139 (-12296 13848 3600 ) (-12296 13848 3447.750000 ) (-12296 13344 3447.750000 ) (-12296 13344 3600 ) 
4 138 142 (-12296 13848 3439.750000 ) (-12296 13848 3408 ) (-12296 13344 3408 ) (-12296 13344 3439.750000 ) 
4 139 195 (-12296 13344 3447.750000 ) (-12296 13344 3496 ) (-12328 13344 3496 ) (-12328 13344 3447.750000 ) 
4 139 193 (-12296 13344 3552 ) (-12296 13344 3568 ) (-12328 13344 3568 ) (-12328 13344 3552 ) 
4 139 141 (-12328 13344 3447.750000 ) (-12328 13345 3447.750000 ) (-12296 13345 3447.750000 ) (-12296 13344 3447.750000 ) 
4 139 140 (-12328 13345 3447.750000 ) (-12328 13848 3447.750000 ) (-12296 13848 3447.750000 ) (-12296 13345 3447.750000 ) 
4 139 143 (-12328 13848 3600 ) (-12328 13848 3447.750000 ) (-12328 13344 3447.750000 ) (-12328 13344 3600 ) 
4 140 143 (-12328 13848 3447.750000 ) (-12328 13848 3439.750000 ) (-12328 13345 3439.750000 ) (-12328 13345 3447.750000 ) 
4 140 142 (-12328 13345 3439.750000 ) (-12328 13848 3439.750000 ) (-12296 13848 3439.750000 ) (-12296 13345 3439.750000 ) 
4 140 141 (-12328 13345 3439.750000 ) (-12296 13345 3439.750000 ) (-12296 13345 3447.750000 ) (-12328 13345 3447.750000 ) 
4 141 195 (-12296 13344 3439.750000 ) (-12296 13344 3447.750000 ) (-12328 13344 3447.750000 ) (-12328 13344 3439.750000 ) 
4 141 143 (-12328 13345 3439.750000 ) (-12328 13344 3439.750000 ) (-12328 13344 3447.750000 ) (-12328 13345 3447.750000 ) 
4 141 142 (-12328 13344 3439.750000 ) (-12328 13345 3439.750000 ) (-12296 13345 3439.750000 ) (-12296 13344 3439.750000 ) 
4 142 195 (-12296 13344 3432 ) (-12296 13344 3439.750000 ) (-12328 13344 3439.750000 ) (-12328 13344 3432 ) 
4 142 143 (-12328 13848 3439.750000 ) (-12328 13848 3408 ) (-12328 13344 3408 ) (-12328 13344 3439.750000 ) 
4 143 195 (-12328 13344 3432 ) (-12328 13344 3496 ) (-12336 13344 3496 ) (-12336 13344 3432 ) 
4 143 193 (-12328 13344 3552 ) (-12328 13344 3568 ) (-12336 13344 3568 ) (-12336 13344 3552 ) 
4 143 144 (-12336 13792 3408 ) (-12336 13344 3408 ) (-12336 13344 3600 ) (-12336 13792 3600 ) 
4 144 195 (-12336 13344 3432 ) (-12336 13344 3496 ) (-12360 13344 3496 ) (-12360 13344 3432 ) 
4 144 193 (-12336 13344 3552 ) (-12336 13344 3568 ) (-12360 13344 3568 ) (-12360 13344 3552 ) 
4 144 147 (-12360 13345 3439.750000 ) (-12360 13344 3439.750000 ) (-12360 13344 3447.750000 ) (-12360 13345 3447.750000 ) 
4 144 146 (-12360 13792 3447.750000 ) (-12360 13792 3439.750000 ) (-12360 13345 3439.750000 ) (-12360 13345 3447.750000 ) 
4 144 145 (-12360 13792 3600 ) (-12360 13792 3447.750000 ) (-12360 13344 3447.750000 ) (-12360 13344 3600 ) 
4 144 148 (-12360 13792 3439.750000 ) (-12360 13792 3408 ) (-12360 13344 3408 ) (-12360 13344 3439.750000 ) 
4 145 195 (-12360 13344 3447.750000 ) (-12360 13344 3496 ) (-12368 13344 3496 ) (-12368 13344 3447.750000 ) 
4 145 193 (-12360 13344 3552 ) (-12360 13344 3568 ) (-12368 13344 3568 ) (-12368 13344 3552 ) 
4 145 149 (-12368 13344 3447.750000 ) (-12368 13344 3600 ) (-12368 13536 3600 ) (-12368 13536 3447.750000 ) 
4 145 147 (-12368 13344 3447.750000 ) (-12368 13345 3447.750000 ) (-12360 13345 3447.750000 ) (-12360 13344 3447.750000 ) 
4 145 146 (-12368 13345 3447.750000 ) (-12368 13792 3447.750000 ) (-12360 13792 3447.750000 ) (-12360 13345 3447.750000 ) 
4 146 150 (-12368 13345 3447.750000 ) (-12368 13536 3447.750000 ) (-12368 13536 3439.750000 ) (-12368 13345 3439.750000 ) 
4 146 148 (-12368 13345 3439.750000 ) (-12368 13792 3439.750000 ) (-12360 13792 3439.750000 ) (-12360 13345 3439.750000 ) 
4 146 147 (-12368 13345 3439.750000 ) (-12360 13345 3439.750000 ) (-12360 13345 3447.750000 ) (-12368 13345 3447.750000 ) 
4 147 195 (-12360 13344 3439.750000 ) (-12360 13344 3447.750000 ) (-12368 13344 3447.750000 ) (-12368 13344 3439.750000 ) 
4 147 151 (-12368 13344 3439.750000 ) (-12368 13344 3447.750000 ) (-12368 13345 3447.750000 ) (-12368 13345 3439.750000 ) 
4 147 148 (-12368 13344 3439.750000 ) (-12368 13345 3439.750000 ) (-12360 13345 3439.750000 ) (-12360 13344 3439.750000 ) 
4 148 195 (-12360 13344 3432 ) (-12360 13344 3439.750000 ) (-12368 13344 3439.750000 ) (-12368 13344 3432 ) 
4 148 152 (-12368 13536 3408 ) (-12368 13344 3408 ) (-12368 13344 3439.750000 ) (-12368 13536 3439.750000 ) 
4 149 195 (-12368 13344 3447.750000 ) (-12368 13344 3496 ) (-12392 13344 3496 ) (-12392 13344 3447.750000 ) 
4 149 193 (-12368 13344 3552 ) (-12368 13344 3568 ) (-12392 13344 3568 ) (-12392 13344 3552 ) 
4 149 151 (-12392 13344 3447.750000 ) (-12392 13345 3447.750000 ) (-12368 13345 3447.750000 ) (-12368 13344 3447.750000 ) 
4 149 150 (-12392 13345 3447.750000 ) (-12392 13536 3447.750000 ) (-12368 13536 3447.750000 ) (-12368 13345 3447.750000 ) 
4 149 153 (-12392 13536 3600 ) (-12392 13536 3447.750000 ) (-12392 13344 3447.750000 ) (-12392 13344 3600 ) 
4 150 153 (-12392 13536 3447.750000 ) (-12392 13536 3439.750000 ) (-12392 13345 3439.750000 ) (-12392 13345 3447.750000 ) 
4 150 152 (-12392 13345 3439.750000 ) (-12392 13536 3439.750000 ) (-12368 13536 3439.750000 ) (-12368 13345 3439.750000 ) 
4 150 151 (-12392 13345 3439.750000 ) (-12368 13345 3439.750000 ) (-12368 13345 3447.750000 ) (-12392 13345 3447.750000 ) 
4 151 195 (-12368 13344 3439.750000 ) (-12368 13344 3447.750000 ) (-12392 13344 3447.750000 ) (-12392 13344 3439.750000 ) 
4 151 153 (-12392 13345 3439.750000 ) (-12392 13344 3439.750000 ) (-12392 13344 3447.750000 ) (-12392 13345 3447.750000 ) 
4 151 152 (-12392 13344 3439.750000 ) (-12392 13345 3439.750000 ) (-12368 13345 3439.750000 ) (-12368 13344 3439.750000 ) 
4 152 195 (-12368 13344 3432 ) (-12368 13344 3439.750000 ) (-12392 13344 3439.750000 ) (-12392 13344 3432 ) 
4 152 153 (-12392 13536 3439.750000 ) (-12392 13536 3408 ) (-12392 13344 3408 ) (-12392 13344 3439.750000 ) 
4 153 195 (-12392 13344 3432 ) (-12392 13344 3496 ) (-12400 13344 3496 ) (-12400 13344 3432 ) 
4 153 193 (-12392 13344 3552 ) (-12392 13344 3568 ) (-12400 13344 3568 ) (-12400 13344 3552 ) 
4 153 172 (-12400 13376 3408 ) (-12400 13344 3408 ) (-12400 13344 3600 ) (-12400 13376 3600 ) 
4 153 167 (-12400 13536 3408 ) (-12400 13376 3408 ) (-12400 13376 3600 ) (-12400 13536 3600 ) 
4 154 161 (-12840 13856 3544 ) (-12744 13856 3544 ) (-12744 13568 3544 ) (-12840 13568 3544 ) 
4 154 163 (-12848 13568 3544 ) (-12848 13856 3544 ) (-12840 13856 3544 ) (-12840 13568 3544 ) 
4 154 156 (-12744 13856 3544 ) (-12400 13856 3544 ) (-12400 13568 3544 ) (-12744 13568 3544 ) 
4 154 155 (-12848 13568 3552 ) (-12848 13568 3544 ) (-12400 13568 3544 ) (-12400 13568 3552 ) 
4 155 169 (-12664 13536 3544 ) (-12584 13536 3544 ) (-12584 13536 3552 ) (-12664 13536 3552 ) 
4 155 167 (-12584 13536 3544 ) (-12400 13536 3544 ) (-12400 13536 3552 ) (-12584 13536 3552 ) 
4 155 171 (-12848 13536 3552 ) (-12848 13536 3544 ) (-12664 13536 3544 ) (-12664 13536 3552 ) 
4 155 162 (-12744 13544 3544 ) (-12744 13540 3544 ) (-12840 13540 3544 ) (-12840 13544 3544 ) 
4 155 161 (-12840 13568 3544 ) (-12744 13568 3544 ) (-12744 13544 3544 ) (-12840 13544 3544 ) 
4 155 163 (-12848 13540 3544 ) (-12848 13568 3544 ) (-12840 13568 3544 ) (-12840 13540 3544 ) 
4 155 159 (-12504 13540 3544 ) (-12512 13540 3544 ) (-12512 13544 3544 ) (-12504 13544 3544 ) 
4 155 160 (-12736 13540 3544 ) (-12744 13540 3544 ) (-12744 13544 3544 ) (-12736 13544 3544 ) 
4 155 158 (-12408 13540 3544 ) (-12504 13540 3544 ) (-12504 13544 3544 ) (-12408 13544 3544 ) 
4 155 157 (-12400 13544 3544 ) (-12400 13540 3544 ) (-12408 13540 3544 ) (-12408 13544 3544 ) 
4 155 156 (-12744 13568 3544 ) (-12400 13568 3544 ) (-12400 13544 3544 ) (-12744 13544 3544 ) 
4 155 164 (-12400 13536 3544 ) (-12848 13536 3544 ) (-12848 13540 3544 ) (-12400 13540 3544 ) 
4 156 166 (-12400 13568 3448 ) (-12400 13544 3448 ) (-12744 13544 3448 ) (-12744 13568 3448 ) 
4 156 165 (-12744 13856 3448 ) (-12400 13856 3448 ) (-12400 13568 3448 ) (-12744 13568 3448 ) 
4 156 161 (-12744 13856 3448 ) (-12744 13544 3448 ) (-12744 13544 3544 ) (-12744 13856 3544 ) 
4 156 159 (-12512 13544 3448 ) (-12504 13544 3448 ) (-12504 13544 3544 ) (-12512 13544 3544 ) 
4 156 160 (-12744 13544 3544 ) (-12744 13544 3448 ) (-12736 13544 3448 ) (-12736 13544 3544 ) 
4 156 158 (-12504 13544 3448 ) (-12408 13544 3448 ) (-12408 13544 3544 ) (-12504 13544 3544 ) 
4 156 157 (-12408 13544 3448 ) (-12400 13544 3448 ) (-12400 13544 3544 ) (-12408 13544 3544 ) 
4 157 166 (-12400 13544 3448 ) (-12400 13540 3448 ) (-12408 13540 3448 ) (-12408 13544 3448 ) 
4 157 164 (-12408 13540 3448 ) (-12400 13540 3448 ) (-12400 13540 3544 ) (-12408 13540 3544 ) 
4 157 158 (-12408 13544 3544 ) (-12408 13544 3448 ) (-12408 13540 3448 ) (-12408 13540 3544 ) 
4 158 166 (-12408 13540 3448 ) (-12504 13540 3448 ) (-12504 13544 3448 ) (-12408 13544 3448 ) 
4 158 159 (-12504 13544 3544 ) (-12504 13544 3448 ) (-12504 13540 3448 ) (-12504 13540 3544 ) 
4 158 164 (-12504 13540 3448 ) (-12408 13540 3448 ) (-12408 13540 3544 ) (-12504 13540 3544 ) 
4 159 166 (-12504 13540 3448 ) (-12512 13540 3448 ) (-12512 13544 3448 ) (-12504 13544 3448 ) 
4 159 164 (-12512 13540 3448 ) (-12504 13540 3448 ) (-12504 13540 3544 ) (-12512 13540 3544 ) 
4 160 166 (-12736 13540 3448 ) (-12744 13540 3448 ) (-12744 13544 3448 ) (-12736 13544 3448 ) 
4 160 162 (-12744 13544 3448 ) (-12744 13540 3448 ) (-12744 13540 3544 ) (-12744 13544 3544 ) 
4 160 164 (-12744 13540 3448 ) (-12736 13540 3448 ) (-12736 13540 3544 ) (-12744 13540 3544 ) 
4 161 166 (-12744 13568 3448 ) (-12744 13544 3448 ) (-12840 13544 3448 ) (-12840 13568 3448 ) 
4 161 165 (-12840 13856 3448 ) (-12744 13856 3448 ) (-12744 13568 3448 ) (-12840 13568 3448 ) 
4 161 163 (-12840 13856 3448 ) (-12840 13544 3448 ) (-12840 13544 3544 ) (-12840 13856 3544 ) 
4 161 162 (-12840 13544 3544 ) (-12840 13544 3448 ) (-12744 13544 3448 ) (-12744 13544 3544 ) 
4 162 166 (-12744 13544 3448 ) (-12744 13540 3448 ) (-12840 13540 3448 ) (-12840 13544 3448 ) 
4 162 163 (-12840 13544 3448 ) (-12840 13540 3448 ) (-12840 13540 3544 ) (-12840 13544 3544 ) 
4 162 164 (-12840 13540 3448 ) (-12744 13540 3448 ) (-12744 13540 3544 ) (-12840 13540 3544 ) 
4 163 180 (-12848 13656 3448 ) (-12848 13600 3448 ) (-12848 13600 3520 ) (-12848 13656 3520 ) 
4 163 166 (-12848 13540 3448 ) (-12848 13568 3448 ) (-12840 13568 3448 ) (-12840 13540 3448 ) 
4 163 165 (-12848 13568 3448 ) (-12848 13856 3448 ) (-12840 13856 3448 ) (-12840 13568 3448 ) 
4 163 164 (-12848 13540 3448 ) (-12840 13540 3448 ) (-12840 13540 3544 ) (-12848 13540 3544 ) 
4 164 169 (-12664 13536 3448 ) (-12584 13536 3448 ) (-12584 13536 3544 ) (-12664 13536 3544 ) 
4 164 167 (-12584 13536 3448 ) (-12400 13536 3448 ) (-12400 13536 3544 ) (-12584 13536 3544 ) 
4 164 171 (-12848 13536 3544 ) (-12848 13536 3448 ) (-12664 13536 3448 ) (-12664 13536 3544 ) 
4 164 166 (-12400 13536 3448 ) (-12848 13536 3448 ) (-12848 13540 3448 ) (-12400 13540 3448 ) 
4 165 180 (-12848 13656 3408 ) (-12848 13600 3408 ) (-12848 13600 3448 ) (-12848 13656 3448 ) 
4 165 166 (-12400 13568 3440 ) (-12400 13568 3448 ) (-12848 13568 3448 ) (-12848 13568 3440 ) 
4 166 169 (-12664 13536 3440 ) (-12584 13536 3440 ) (-12584 13536 3448 ) (-12664 13536 3448 ) 
4 166 167 (-12584 13536 3440 ) (-12400 13536 3440 ) (-12400 13536 3448 ) (-12584 13536 3448 ) 
4 166 171 (-12848 13536 3448 ) (-12848 13536 3440 ) (-12664 13536 3440 ) (-12664 13536 3448 ) 
4 167 177 (-12544 13376 3408 ) (-12456 13376 3408 ) (-12456 13376 3600 ) (-12544 13376 3600 ) 
4 167 178 (-12584 13376 3408 ) (-12576 13376 3408 ) (-12576 13376 3600 ) (-12584 13376 3600 ) 
4 167 174 (-12424 13376 3439.750000 ) (-12424 13376 3447.750000 ) (-12456 13376 3447.750000 ) (-12456 13376 3439.750000 ) 
4 167 173 (-12424 13376 3447.750000 ) (-12424 13376 3600 ) (-12456 13376 3600 ) (-12456 13376 3447.750000 ) 
4 167 176 (-12456 13376 3408 ) (-12424 13376 3408 ) (-12424 13376 3439.750000 ) (-12456 13376 3439.750000 ) 
4 167 172 (-12424 13376 3408 ) (-12400 13376 3408 ) (-12400 13376 3600 ) (-12424 13376 3600 ) 
4 167 168 (-12584 13536 3600 ) (-12584 13536 3592 ) (-12584 13532 3592 ) (-12584 13532 3600 ) 
4 167 169 (-12584 13536 3560 ) (-12584 13536 3408 ) (-12584 13532 3408 ) (-12584 13532 3560 ) 
4 167 170 (-12584 13532 3408 ) (-12584 13376 3408 ) (-12584 13376 3600 ) (-12584 13532 3600 ) 
4 168 171 (-12664 13536 3600 ) (-12664 13536 3592 ) (-12664 13532 3592 ) (-12664 13532 3600 ) 
4 168 170 (-12664 13532 3600 ) (-12664 13532 3592 ) (-12584 13532 3592 ) (-12584 13532 3600 ) 
4 169 170 (-12664 13532 3560 ) (-12664 13532 3408 ) (-12584 13532 3408 ) (-12584 13532 3560 ) 
4 169 171 (-12664 13536 3560 ) (-12664 13536 3408 ) (-12664 13532 3408 ) (-12664 13532 3560 ) 
4 170 178 (-12664 13376 3408 ) (-12584 13376 3408 ) (-12584 13376 3600 ) (-12664 13376 3600 ) 
4 170 171 (-12664 13532 3408 ) (-12664 13376 3408 ) (-12664 13376 3600 ) (-12664 13532 3600 ) 
4 171 181 (-12848 13536 3408 ) (-12848 13376 3408 ) (-12848 13376 3600 ) (-12848 13536 3600 ) 
4 171 179 (-12848 13376 3600 ) (-12848 13376 3408 ) (-12704 13376 3408 ) (-12704 13376 3600 ) 
4 171 178 (-12672 13376 3408 ) (-12664 13376 3408 ) (-12664 13376 3600 ) (-12672 13376 3600 ) 
4 172 195 (-12400 13344 3432 ) (-12400 13344 3496 ) (-12424 13344 3496 ) (-12424 13344 3432 ) 
4 172 193 (-12400 13344 3552 ) (-12400 13344 3568 ) (-12424 13344 3568 ) (-12424 13344 3552 ) 
4 172 175 (-12424 13345 3439.750000 ) (-12424 13344 3439.750000 ) (-12424 13344 3447.750000 ) (-12424 13345 3447.750000 ) 
4 172 174 (-12424 13376 3447.750000 ) (-12424 13376 3439.750000 ) (-12424 13345 3439.750000 ) (-12424 13345 3447.750000 ) 
4 172 173 (-12424 13376 3600 ) (-12424 13376 3447.750000 ) (-12424 13344 3447.750000 ) (-12424 13344 3600 ) 
4 172 176 (-12424 13376 3439.750000 ) (-12424 13376 3408 ) (-12424 13344 3408 ) (-12424 13344 3439.750000 ) 
4 173 195 (-12424 13344 3447.750000 ) (-12424 13344 3496 ) (-12456 13344 3496 ) (-12456 13344 3447.750000 ) 
4 173 193 (-12424 13344 3552 ) (-12424 13344 3568 ) (-12456 13344 3568 ) (-12456 13344 3552 ) 
4 173 177 (-12456 13376 3600 ) (-12456 13376 3447.750000 ) (-12456 13344 3447.750000 ) (-12456 13344 3600 ) 
4 173 175 (-12456 13344 3447.750000 ) (-12456 13345 3447.750000 ) (-12424 13345 3447.750000 ) (-12424 13344 3447.750000 ) 
4 173 174 (-12456 13345 3447.750000 ) (-12456 13376 3447.750000 ) (-12424 13376 3447.750000 ) (-12424 13345 3447.750000 ) 
4 174 177 (-12456 13376 3447.750000 ) (-12456 13376 3439.750000 ) (-12456 13345 3439.750000 ) (-12456 13345 3447.750000 ) 
4 174 176 (-12456 13345 3439.750000 ) (-12456 13376 3439.750000 ) (-12424 13376 3439.750000 ) (-12424 13345 3439.750000 ) 
4 174 175 (-12456 13345 3439.750000 ) (-12424 13345 3439.750000 ) (-12424 13345 3447.750000 ) (-12456 13345 3447.750000 ) 
4 175 195 (-12424 13344 3439.750000 ) (-12424 13344 3447.750000 ) (-12456 13344 3447.750000 ) (-12456 13344 3439.750000 ) 
4 175 177 (-12456 13345 3439.750000 ) (-12456 13344 3439.750000 ) (-12456 13344 3447.750000 ) (-12456 13345 3447.750000 ) 
4 175 176 (-12456 13344 3439.750000 ) (-12456 13345 3439.750000 ) (-12424 13345 3439.750000 ) (-12424 13344 3439.750000 ) 
4 176 195 (-12424 13344 3432 ) (-12424 13344 3439.750000 ) (-12456 13344 3439.750000 ) (-12456 13344 3432 ) 
4 176 177 (-12456 13376 3439.750000 ) (-12456 13376 3408 ) (-12456 13344 3408 ) (-12456 13344 3439.750000 ) 
4 177 195 (-12456 13344 3432 ) (-12456 13344 3496 ) (-12472 13344 3496 ) (-12472 13344 3432 ) 
4 177 193 (-12456 13344 3552 ) (-12456 13344 3568 ) (-12504 13344 3568 ) (-12504 13344 3552 ) 
4 178 197 (-12668 13344 3408 ) (-12580 13344 3408 ) (-12580 13344 3500 ) (-12668 13344 3500 ) 
4 179 204 (-12808 13344 3496 ) (-12840 13344 3496 ) (-12840 13344 3432 ) (-12808 13344 3432 ) 
4 179 202 (-12744 13344 3552 ) (-12744 13344 3568 ) (-12848 13344 3568 ) (-12848 13344 3552 ) 
4 179 181 (-12848 13376 3408 ) (-12848 13344 3408 ) (-12848 13344 3600 ) (-12848 13376 3600 ) 
4 180 182 (-12880 13656 3408 ) (-12880 13600 3408 ) (-12880 13600 3520 ) (-12880 13656 3520 ) 
4 181 202 (-12848 13344 3552 ) (-12848 13344 3568 ) (-12880 13344 3568 ) (-12880 13344 3552 ) 
4 181 182 (-12880 13536 3408 ) (-12880 13344 3408 ) (-12880 13344 3600 ) (-12880 13536 3600 ) 
4 182 206 (-12904 13344 3496 ) (-12912 13344 3496 ) (-12912 13344 3432 ) (-12904 13344 3432 ) 
4 182 202 (-12880 13344 3552 ) (-12880 13344 3568 ) (-12912 13344 3568 ) (-12912 13344 3552 ) 
4 182 183 (-12912 13792 3408 ) (-12912 13344 3408 ) (-12912 13344 3600 ) (-12912 13792 3600 ) 
4 183 206 (-12912 13344 3432 ) (-12912 13344 3496 ) (-12936 13344 3496 ) (-12936 13344 3432 ) 
4 183 202 (-12912 13344 3552 ) (-12912 13344 3568 ) (-13000 13344 3568 ) (-13000 13344 3552 ) 
4 183 184 (-13040 13792 3408 ) (-13040 13376 3408 ) (-13040 13376 3600 ) (-13040 13792 3600 ) 
4 184 188 (-13071 13792 3408 ) (-13071 13376 3408 ) (-13071 13376 3448 ) (-13071 13792 3448 ) 
4 184 187 (-13071 13376 3448 ) (-13071 13376 3520 ) (-13071 13388 3520 ) (-13071 13388 3448 ) 
4 184 186 (-13071 13588 3520 ) (-13071 13792 3520 ) (-13071 13792 3448 ) (-13071 13588 3448 ) 
4 184 185 (-13071 13376 3520 ) (-13071 13376 3600 ) (-13071 13792 3600 ) (-13071 13792 3520 ) 
4 185 187 (-13071 13376 3520 ) (-13072 13376 3520 ) (-13072 13388 3520 ) (-13071 13388 3520 ) 
4 185 186 (-13072 13588 3520 ) (-13072 13792 3520 ) (-13071 13792 3520 ) (-13071 13588 3520 ) 
4 186 190 (-13072 13656 3448 ) (-13072 13600 3448 ) (-13072 13600 3520 ) (-13072 13656 3520 ) 
4 186 189 (-13072 13692 3460 ) (-13072 13692 3484 ) (-13072 13756 3484 ) (-13072 13756 3460 ) 
4 186 188 (-13072 13588 3448 ) (-13072 13792 3448 ) (-13071 13792 3448 ) (-13071 13588 3448 ) 
4 187 188 (-13072 13376 3448 ) (-13072 13388 3448 ) (-13071 13388 3448 ) (-13071 13376 3448 ) 
4 188 190 (-13072 13656 3408 ) (-13072 13600 3408 ) (-13072 13600 3448 ) (-13072 13656 3448 ) 
4 189 191 (-13104 13692 3460 ) (-13104 13692 3484 ) (-13104 13756 3484 ) (-13104 13756 3460 ) 
4 190 191 (-13104 13656 3408 ) (-13104 13600 3408 ) (-13104 13600 3520 ) (-13104 13656 3520 ) 
4 191 192 (-13296 13656 3408 ) (-13296 13600 3408 ) (-13296 13600 3520 ) (-13296 13656 3520 ) 
4 192 354 (-13312 13656 3520 ) (-13312 13656 3408 ) (-13312 13600 3408 ) (-13312 13600 3520 ) 
4 193 194 (-12504 13343 3552 ) (-12288 13343 3552 ) (-12288 13343 3568 ) (-12504 13343 3568 ) 
4 195 196 (-12472 13343 3432 ) (-12288 13343 3432 ) (-12288 13343 3496 ) (-12472 13343 3496 ) 
4 196 250 (-12288 13312 3432 ) (-12288 13312 3496 ) (-12472 13312 3496 ) (-12472 13312 3432 ) 
4 197 199 (-12628 13332 3408 ) (-12620 13332 3408 ) (-12620 13332 3500 ) (-12628 13332 3500 ) 
4 197 198 (-12620 13332 3408 ) (-12580 13332 3408 ) (-12580 13332 3500 ) (-12620 13332 3500 ) 
4 197 200 (-12668 13332 3408 ) (-12628 13332 3408 ) (-12628 13332 3500 ) (-12668 13332 3500 ) 
4 198 201 (-12620 13324 3408 ) (-12580 13324 3408 ) (-12580 13324 3500 ) (-12620 13324 3500 ) 
4 198 199 (-12620 13332 3500 ) (-12620 13332 3408 ) (-12620 13324 3408 ) (-12620 13324 3500 ) 
4 199 201 (-12628 13324 3408 ) (-12620 13324 3408 ) (-12620 13324 3500 ) (-12628 13324 3500 ) 
4 199 200 (-12628 13332 3500 ) (-12628 13332 3408 ) (-12628 13324 3408 ) (-12628 13324 3500 ) 
4 200 201 (-12668 13324 3408 ) (-12628 13324 3408 ) (-12628 13324 3500 ) (-12668 13324 3500 ) 
4 201 279 (-12668 13312 3408 ) (-12580 13312 3408 ) (-12580 13312 3500 ) (-12668 13312 3500 ) 
4 202 203 (-13000 13343 3552 ) (-12744 13343 3552 ) (-12744 13343 3568 ) (-13000 13343 3568 ) 
4 204 205 (-12840 13343 3496 ) (-12840 13343 3432 ) (-12808 13343 3432 ) (-12808 13343 3496 ) 
4 205 208 (-12808 13342 3496 ) (-12840 13342 3496 ) (-12840 13342 3432 ) (-12808 13342 3432 ) 
4 206 207 (-12936 13343 3496 ) (-12936 13343 3432 ) (-12904 13343 3432 ) (-12904 13343 3496 ) 
4 207 209 (-12904 13342 3496 ) (-12936 13342 3496 ) (-12936 13342 3432 ) (-12904 13342 3432 ) 
4 208 341 (-12870 13312 3416 ) (-12864 13312 3416 ) (-12864 13312 3512 ) (-12870 13312 3512 ) 
4 208 337 (-12864 13312 3416 ) (-12776 13312 3416 ) (-12776 13312 3460 ) (-12864 13312 3460 ) 
4 208 334 (-12776 13312 3460 ) (-12776 13312 3512 ) (-12864 13312 3512 ) (-12864 13312 3460 ) 
4 209 342 (-12968 13312 3416 ) (-12874 13312 3416 ) (-12874 13312 3512 ) (-12968 13312 3512 ) 
4 210 217 (-12288 14064 2511 ) (-12288 13856 2511 ) (-12400 13856 2511 ) (-12400 14064 2511 ) 
4 210 211 (-12288 13856 2512 ) (-12288 13856 2600 ) (-12324 13856 2600 ) (-12324 13856 2512 ) 
4 211 212 (-12288 13848 2513 ) (-12288 13848 2600 ) (-12324 13848 2600 ) (-12324 13848 2513 ) 
4 212 213 (-12336 13840 2704 ) (-12336 13840 2513 ) (-12288 13840 2513 ) (-12288 13840 2704 ) 
4 213 251 (-12288 13312 2512 ) (-12288 13312 2704 ) (-12336 13312 2704 ) (-12336 13312 2512 ) 
4 213 214 (-12336 13792 2512 ) (-12336 13312 2512 ) (-12336 13312 2704 ) (-12336 13792 2704 ) 
4 214 251 (-12336 13312 2704 ) (-12368 13312 2704 ) (-12368 13312 2512 ) (-12336 13312 2512 ) 
4 215 216 (-12464 13792 2512 ) (-12464 13632 2512 ) (-12784 13632 2512 ) (-12784 13792 2512 ) 
4 216 218 (-12464 13792 2511 ) (-12464 13632 2511 ) (-12784 13632 2511 ) (-12784 13792 2511 ) 
4 218 219 (-12464 13632 2510 ) (-12784 13632 2510 ) (-12784 13792 2510 ) (-12464 13792 2510 ) 
4 220 357 (-12512 12288 4064 ) (-12512 12288 3904 ) (-12384 12288 3904 ) (-12384 12288 3936.020264 ) 
5 220 258 (-12512 12288 3904 ) (-12512 12288 4064 ) (-12512 13152 4064 ) (-12512 13280 3936 ) (-12512 13280 3904 ) 
4 220 238 (-12512 13220.100586 3904 ) (-12512 13242.701172 3904 ) (-12500.200195 13254.500000 3904 ) (-12488.900391 13243.200195 3904 ) 
4 220 237 (-12512 13061.701172 3904 ) (-12512 13085.991211 3904 ) (-12421.051758 13175.350586 3904 ) (-12409.700195 13164 3904 ) 
4 220 236 (-12512 13085.991211 3904 ) (-12512 13220.100586 3904 ) (-12488.849609 13243.250977 3904 ) (-12421.050781 13175.351563 3904 ) 
4 220 235 (-12494.498047 13260.202148 3904 ) (-12493.349609 13261.350586 3904 ) (-12402.849609 13170.850586 3904 ) (-12403.998047 13169.702148 3904 ) 
5 220 234 (-12512 12288 3904 ) (-12512 13061.701172 3904 ) (-12402.849609 13170.850586 3904 ) (-12384 13152 3904 ) (-12384 12288 3904 ) 
3 220 233 (-12512 13242.701172 3904 ) (-12512 13280 3904 ) (-12493.349609 13261.350586 3904 ) 
4 221 234 (-12384 13120 3712 ) (-12384 13024 3712 ) (-12384 13024 3904 ) (-12384 13120 3904 ) 
4 222 234 (-12384 12896 3838 ) (-12384 12896 3904 ) (-12384 12992 3904 ) (-12384 12992 3838 ) 
4 223 234 (-12384 12992 3712 ) (-12384 12896 3712 ) (-12384 12896 3778.149902 ) (-12384 12992 3778.149902 ) 
4 224 234 (-12384 12864 3712 ) (-12384 12768 3712 ) (-12384 12768 3904 ) (-12384 12864 3904 ) 
4 225 234 (-12384 12704 3904 ) (-12384 12736 3904 ) (-12384 12736 3840 ) (-12384 12704 3840 ) 
4 226 234 (-12384 12608 3840 ) (-12384 12608 3904 ) (-12384 12640 3904 ) (-12384 12640 3840 ) 
4 227 234 (-12384 12736 3712 ) (-12384 12704 3712 ) (-12384 12704 3776 ) (-12384 12736 3776 ) 
4 228 234 (-12384 12640 3712 ) (-12384 12608 3712 ) (-12384 12608 3776 ) (-12384 12640 3776 ) 
4 229 234 (-12384 12576 3712 ) (-12384 12480 3712 ) (-12384 12480 3904 ) (-12384 12576 3904 ) 
4 230 234 (-12384 12352 3838 ) (-12384 12352 3904 ) (-12384 12448 3904 ) (-12384 12448 3838 ) 
4 231 234 (-12384 12448 3712 ) (-12384 12352 3712 ) (-12384 12352 3778.149902 ) (-12384 12448 3778.149902 ) 
4 232 356 (-12352 12288 3904 ) (-12384 12288 3904 ) (-12384 12288 3712 ) (-12352 12288 3712 ) 
4 232 234 (-12384 12320 3712 ) (-12384 12288 3712 ) (-12384 12288 3904 ) (-12384 12320 3904 ) 
4 233 258 (-12512 13242.701172 3904 ) (-12512 13280 3904 ) (-12512 13280 3712 ) (-12512 13242.701172 3712 ) 
3 233 252 (-12512 13242.701172 3712 ) (-12512 13280 3712 ) (-12493.349609 13261.350586 3712 ) 
4 233 246 (-12512 13242.703125 3712 ) (-12500.201172 13254.501953 3712 ) (-12500.201172 13254.501953 3728 ) (-12512 13242.703125 3728 ) 
4 233 245 (-12494.499023 13260.204102 3712 ) (-12493.353516 13261.349609 3712 ) (-12493.353516 13261.349609 3728 ) (-12494.499023 13260.204102 3728 ) 
4 233 240 (-12500.201172 13254.501953 3888 ) (-12512 13242.703125 3888 ) (-12512 13242.703125 3728 ) (-12500.201172 13254.501953 3728 ) 
4 233 239 (-12493.353516 13261.349609 3728 ) (-12493.353516 13261.349609 3888 ) (-12494.499023 13260.204102 3888 ) (-12494.499023 13260.204102 3728 ) 
4 233 238 (-12500.201172 13254.501953 3904 ) (-12512 13242.703125 3904 ) (-12512 13242.703125 3888 ) (-12500.201172 13254.501953 3888 ) 
4 233 235 (-12493.353516 13261.349609 3888 ) (-12493.353516 13261.349609 3904 ) (-12494.499023 13260.204102 3904 ) (-12494.499023 13260.204102 3888 ) 
4 234 357 (-12384 12288 3904 ) (-12512 12288 3904 ) (-12512 12288 3712 ) (-12384 12288 3712 ) 
4 234 258 (-12512 12288 3712 ) (-12512 12288 3904 ) (-12512 13061.701172 3904 ) (-12512 13061.701172 3712 ) 
4 234 257 (-12384 12288 3712 ) (-12512 12288 3712 ) (-12512 12896 3712 ) (-12384 12896 3712 ) 
4 234 254 (-12512 12896 3712 ) (-12512 12928 3712 ) (-12384 12928 3712 ) (-12384 12896 3712 ) 
5 234 252 (-12512 12928 3712 ) (-12512 13061.701172 3712 ) (-12402.849609 13170.850586 3712 ) (-12384 13152 3712 ) (-12384 12928 3712 ) 
4 234 249 (-12409.702148 13164 3712 ) (-12512 13061.703125 3712 ) (-12512 13061.703125 3728 ) (-12409.702148 13164 3728 ) 
4 234 247 (-12402.853516 13170.849609 3728 ) (-12402.853516 13170.849609 3712 ) (-12403.993164 13169.709961 3712 ) (-12403.943359 13169.759766 3728 ) 
4 234 240 (-12409.701172 13164.001953 3728 ) (-12512 13061.703125 3728 ) (-12512 13061.703125 3888 ) (-12409.701172 13164.001953 3888 ) 
4 234 239 (-12402.853516 13170.849609 3888 ) (-12402.853516 13170.849609 3728 ) (-12404 13169.704102 3728 ) (-12404 13169.704102 3888 ) 
4 234 237 (-12409.701172 13164.001953 3888 ) (-12512 13061.703125 3888 ) (-12512 13061.703125 3904 ) (-12409.701172 13164.001953 3904 ) 
4 234 235 (-12402.853516 13170.849609 3904 ) (-12402.853516 13170.849609 3888 ) (-12404 13169.704102 3888 ) (-12404 13169.704102 3904 ) 
4 235 239 (-12494.498047 13260.201172 3888 ) (-12493.355469 13261.343750 3888 ) (-12402.851563 13170.847656 3888 ) (-12403.998047 13169.701172 3888 ) 
4 236 258 (-12512 13085.991211 3904 ) (-12512 13220.100586 3904 ) (-12512 13220.100586 3888 ) (-12512 13085.982422 3888 ) 
4 236 240 (-12421.045898 13175.347656 3888 ) (-12512 13085.980469 3888 ) (-12512 13220.099609 3888 ) (-12488.848633 13243.250977 3888 ) 
4 236 238 (-12488.849609 13243.251953 3888 ) (-12512 13220.101563 3888 ) (-12512 13220.101563 3904 ) (-12488.849609 13243.251953 3904 ) 
4 236 237 (-12512 13085.982422 3888 ) (-12421.045898 13175.347656 3888 ) (-12421.049805 13175.351563 3904 ) (-12512 13085.990234 3904 ) 
4 237 258 (-12512 13061.701172 3904 ) (-12512 13085.991211 3904 ) (-12512 13085.982422 3888 ) (-12512 13061.701172 3888 ) 
4 237 240 (-12409.700195 13164 3888 ) (-12512 13061.699219 3888 ) (-12512 13085.980469 3888 ) (-12421.046875 13175.346680 3888 ) 
4 238 258 (-12512 13220.100586 3904 ) (-12512 13242.701172 3904 ) (-12512 13242.701172 3888 ) (-12512 13220.100586 3888 ) 
4 238 240 (-12512 13242.699219 3888 ) (-12500.199219 13254.500000 3888 ) (-12488.899414 13243.200195 3888 ) (-12512 13220.099609 3888 ) 
4 239 247 (-12482.065430 13250.054688 3728 ) (-12402.851563 13170.847656 3728 ) (-12403.998047 13169.701172 3728 ) (-12483.199219 13248.902344 3728 ) 
4 239 245 (-12494.498047 13260.201172 3728 ) (-12493.355469 13261.343750 3728 ) (-12482.065430 13250.054688 3728 ) (-12483.199219 13248.902344 3728 ) 
4 239 243 (-12483.199219 13248.902344 3728 ) (-12415.250977 13180.954102 3728 ) (-12415.294922 13180.998047 3888 ) (-12483.199219 13248.902344 3888 ) 
4 240 258 (-12512 13242.701172 3888 ) (-12512 13242.701172 3728 ) (-12512 13061.701172 3728 ) (-12512 13061.701172 3888 ) 
4 240 249 (-12421.003906 13175.303711 3728 ) (-12409.700195 13164 3728 ) (-12512 13061.699219 3728 ) (-12512 13085.896484 3728 ) 
4 240 248 (-12488.849609 13243.150391 3728 ) (-12421.003906 13175.303711 3728 ) (-12512 13085.896484 3728 ) (-12512 13219.581055 3728 ) 
4 240 246 (-12512 13242.699219 3728 ) (-12500.199219 13254.500000 3728 ) (-12488.899414 13243.200195 3728 ) (-12512 13220.100586 3728 ) 
4 240 244 (-12488.899414 13243.200195 3728 ) (-12488.849609 13243.150391 3728 ) (-12512 13219.581055 3728 ) (-12512 13220.100586 3728 ) 
4 240 242 (-12421.004883 13175.301758 3728 ) (-12488.704102 13243 3728 ) (-12488.705078 13243.001953 3888 ) (-12421.047852 13175.344727 3888 ) 
4 240 241 (-12488.704102 13243 3728 ) (-12488.901367 13243.198242 3728 ) (-12488.902344 13243.199219 3888 ) (-12488.705078 13243.001953 3888 ) 
4 241 243 (-12484.600586 13247.400391 3728 ) (-12483.201172 13248.900391 3728 ) (-12483.201172 13248.900391 3888 ) (-12484.600586 13247.400391 3888 ) 
4 241 242 (-12488.705078 13243.001953 3888 ) (-12488.705078 13243.001953 3728 ) (-12484.600586 13247.400391 3728 ) (-12484.600586 13247.400391 3888 ) 
4 242 243 (-12416.715820 13179.516602 3728 ) (-12484.597656 13247.398438 3728 ) (-12484.597656 13247.398438 3888 ) (-12416.758789 13179.558594 3888 ) 
4 244 258 (-12512 13220.101563 3712 ) (-12512 13219.582031 3712 ) (-12512 13219.582031 3728 ) (-12512 13220.101563 3728 ) 
3 244 252 (-12512 13219.582031 3712 ) (-12512 13220.101563 3712 ) (-12482.984375 13249.117188 3712 ) 
4 244 248 (-12488.901367 13243.099609 3728 ) (-12512 13219.585938 3728 ) (-12512 13219.585938 3712 ) (-12488.801758 13243.201172 3712 ) 
4 244 246 (-12488.901367 13243.200195 3712 ) (-12512 13220.101563 3712 ) (-12512 13220.101563 3728 ) (-12488.901367 13243.200195 3728 ) 
4 244 245 (-12483.048828 13249.052734 3728 ) (-12483.048828 13249.052734 3712 ) (-12483.199219 13248.902344 3712 ) (-12483.199219 13248.902344 3728 ) 
5 245 252 (-12494.498047 13260.202148 3712 ) (-12493.349609 13261.350586 3712 ) (-12482.058594 13250.059570 3712 ) (-12482.984375 13249.117188 3712 ) (-12483.198242 13248.903320 3712 ) 
4 245 247 (-12482.062500 13250.061523 3712 ) (-12482.062500 13250.061523 3728 ) (-12483.296875 13248.804688 3728 ) (-12483.296875 13248.804688 3712 ) 
4 246 258 (-12512 13242.701172 3728 ) (-12512 13242.701172 3712 ) (-12512 13220.101563 3712 ) (-12512 13220.101563 3728 ) 
4 246 252 (-12512 13220.101563 3712 ) (-12512 13242.701172 3712 ) (-12500.200195 13254.500000 3712 ) (-12488.901367 13243.200195 3712 ) 
4 247 252 (-12483.249023 13248.847656 3712 ) (-12482.058594 13250.059570 3712 ) (-12402.849609 13170.850586 3712 ) (-12403.991211 13169.708984 3712 ) 
4 248 258 (-12512 13219.582031 3712 ) (-12512 13085.889648 3712 ) (-12512 13085.897461 3728 ) (-12512 13219.582031 3728 ) 
4 248 252 (-12512 13085.889648 3712 ) (-12512 13219.582031 3712 ) (-12488.798828 13243.198242 3712 ) (-12421 13175.297852 3712 ) 
4 248 249 (-12512 13085.886719 3712 ) (-12421 13175.296875 3712 ) (-12421.104492 13175.201172 3728 ) (-12512 13085.893555 3728 ) 
4 249 258 (-12512 13085.889648 3712 ) (-12512 13061.701172 3712 ) (-12512 13061.701172 3728 ) (-12512 13085.897461 3728 ) 
4 249 252 (-12512 13061.701172 3712 ) (-12512 13085.889648 3712 ) (-12421 13175.297852 3712 ) (-12409.700195 13164 3712 ) 
4 251 253 (-12288 13280 2512 ) (-12288 13280 2704 ) (-12368 13280 2704 ) (-12368 13280 2512 ) 
4 252 258 (-12512 12928 3680 ) (-12512 12928 3712 ) (-12512 13280 3712 ) (-12512 13280 3680 ) 
4 252 254 (-12384 12928 3712 ) (-12512 12928 3712 ) (-12512 12928 3680 ) (-12384 12928 3680 ) 
4 253 255 (-12288 12928 2576 ) (-12288 12928 2640 ) (-12304 12928 2640 ) (-12304 12928 2576 ) 
4 254 258 (-12512 12896 3680 ) (-12512 12896 3712 ) (-12512 12928 3712 ) (-12512 12928 3680 ) 
4 254 257 (-12384 12896 3712 ) (-12512 12896 3712 ) (-12512 12896 3680 ) (-12384 12896 3680 ) 
4 255 256 (-12288 12896 2600 ) (-12288 12896 2616 ) (-12296 12896 2616 ) (-12296 12896 2600 ) 
4 257 357 (-12384 12288 3712 ) (-12512 12288 3712 ) (-12512 12288 3680 ) (-12384 12288 3680 ) 
4 257 258 (-12512 12288 3680 ) (-12512 12288 3712 ) (-12512 12896 3712 ) (-12512 12896 3680 ) 
4 258 357 (-12512 12288 3680 ) (-12512 12288 4064 ) (-12544 12288 4064 ) (-12544 12288 3680 ) 
4 258 264 (-12544 12288 3680 ) (-12544 12288 3904 ) (-12544 13280 3904 ) (-12544 13280 3680 ) 
5 258 263 (-12544 12288 3904 ) (-12544 12288 4064 ) (-12544 13152 4064 ) (-12544 13280 3936.030029 ) (-12544 13280 3904 ) 
4 258 260 (-12544 12320 3680 ) (-12544 12608 3680 ) (-12512 12608 3680 ) (-12512 12320 3680 ) 
4 258 259 (-12544 12736 3680 ) (-12544 13024 3680 ) (-12512 13024 3680 ) (-12512 12736 3680 ) 
4 259 283 (-12544 12736 3680 ) (-12544 12768 3680 ) (-12544 12768 3664 ) (-12544 12736 3664 ) 
4 259 276 (-12544 12992 3680 ) (-12544 13024 3680 ) (-12544 13024 3664 ) (-12544 12992 3664 ) 
4 259 278 (-12544 12768 3680 ) (-12544 12992 3680 ) (-12544 12992 3664 ) (-12544 12768 3664 ) 
4 260 287 (-12544 12320 3680 ) (-12544 12608 3680 ) (-12544 12608 3664 ) (-12544 12320 3664 ) 
4 261 282 (-12544 12848 3536 ) (-12544 12848 3528 ) (-12544 12784 3528 ) (-12544 12784 3536 ) 
4 261 278 (-12544 12784 3576 ) (-12544 12848 3576 ) (-12544 12848 3536 ) (-12544 12784 3536 ) 
4 262 280 (-12544 13168 3480 ) (-12544 13232 3480 ) (-12544 13232 3464 ) (-12544 13168 3464 ) 
4 262 279 (-12544 13232 3480 ) (-12544 13296 3480 ) (-12544 13296 3464 ) (-12544 13232 3464 ) 
4 263 357 (-12544 12288 3904 ) (-12544 12288 4064 ) (-12704 12288 4064 ) (-12704 12288 3904 ) 
5 263 288 (-12704 12288 3904 ) (-12704 12288 4064 ) (-12704 13152 4064 ) (-12704 13280 3936.030029 ) (-12704 13280 3904 ) 
4 263 273 (-12672 13272 3904 ) (-12672 12288 3904 ) (-12688 12288 3904 ) (-12688 13272 3904 ) 
4 263 274 (-12704 12288 3904 ) (-12704 13280 3904 ) (-12688 13280 3904 ) (-12688 12288 3904 ) 
4 263 267 (-12576 13272 3904 ) (-12576 12288 3904 ) (-12672 12288 3904 ) (-12672 13272 3904 ) 
4 263 266 (-12560 13272 3904 ) (-12560 12288 3904 ) (-12576 12288 3904 ) (-12576 13272 3904 ) 
4 263 264 (-12560 13280 3904 ) (-12544 13280 3904 ) (-12544 12288 3904 ) (-12560 12288 3904 ) 
4 264 357 (-12544 12288 3680 ) (-12544 12288 3904 ) (-12560 12288 3904 ) (-12560 12288 3680 ) 
4 264 287 (-12544 12608 3680 ) (-12544 12320 3680 ) (-12560 12320 3680 ) (-12560 12608 3680 ) 
4 264 283 (-12544 12768 3680 ) (-12544 12736 3680 ) (-12560 12736 3680 ) (-12560 12768 3680 ) 
4 264 276 (-12544 13024 3680 ) (-12544 12992 3680 ) (-12560 12992 3680 ) (-12560 13024 3680 ) 
4 264 278 (-12544 12992 3680 ) (-12544 12768 3680 ) (-12560 12768 3680 ) (-12560 12992 3680 ) 
4 264 265 (-12560 13280 3712 ) (-12560 13280 3680 ) (-12560 13272 3680 ) (-12560 13272 3712 ) 
4 264 266 (-12560 12288 3904 ) (-12560 13272 3904 ) (-12560 13272 3680 ) (-12560 12288 3680 ) 
4 265 270 (-12576 13280 3712 ) (-12576 13280 3680 ) (-12576 13272 3680 ) (-12576 13272 3712 ) 
4 265 266 (-12576 13272 3712 ) (-12576 13272 3680 ) (-12560 13272 3680 ) (-12560 13272 3712 ) 
4 266 357 (-12560 12288 3904 ) (-12576 12288 3904 ) (-12576 12288 3680 ) (-12560 12288 3680 ) 
4 266 287 (-12560 12608 3680 ) (-12560 12320 3680 ) (-12576 12320 3680 ) (-12576 12608 3680 ) 
4 266 284 (-12560 12768 3680 ) (-12560 12736 3680 ) (-12576 12736 3680 ) (-12576 12768 3680 ) 
4 266 276 (-12560 13024 3680 ) (-12560 12992 3680 ) (-12576 12992 3680 ) (-12576 13024 3680 ) 
4 266 278 (-12560 12992 3680 ) (-12560 12768 3680 ) (-12576 12768 3680 ) (-12576 12992 3680 ) 
4 266 271 (-12576 13272 3728 ) (-12576 13272 3680 ) (-12576 12288 3680 ) (-12576 12288 3728 ) 
4 266 269 (-12576 13272 3888 ) (-12576 13272 3728 ) (-12576 12288 3728 ) (-12576 12288 3888 ) 
4 266 267 (-12576 12288 3904 ) (-12576 13272 3904 ) (-12576 13272 3888 ) (-12576 12288 3888 ) 
4 267 357 (-12576 12288 3904 ) (-12672 12288 3904 ) (-12672 12288 3888 ) (-12576 12288 3888 ) 
4 267 273 (-12672 12288 3904 ) (-12672 13272 3904 ) (-12672 13272 3888 ) (-12672 12288 3888 ) 
4 267 269 (-12672 12288 3888 ) (-12672 13272 3888 ) (-12576 13272 3888 ) (-12576 12288 3888 ) 
4 268 269 (-12672 13278 3728 ) (-12576 13278 3728 ) (-12576 13278 3888 ) (-12672 13278 3888 ) 
4 269 357 (-12672 12288 3888 ) (-12672 12288 3728 ) (-12576 12288 3728 ) (-12576 12288 3888 ) 
4 269 273 (-12672 13272 3728 ) (-12672 12288 3728 ) (-12672 12288 3888 ) (-12672 13272 3888 ) 
4 269 271 (-12672 12288 3728 ) (-12672 13272 3728 ) (-12576 13272 3728 ) (-12576 12288 3728 ) 
4 270 272 (-12672 13280 3712 ) (-12672 13280 3680 ) (-12672 13272 3680 ) (-12672 13272 3712 ) 
4 270 271 (-12576 13272 3680 ) (-12576 13272 3712 ) (-12672 13272 3712 ) (-12672 13272 3680 ) 
4 271 357 (-12672 12288 3728 ) (-12672 12288 3680 ) (-12576 12288 3680 ) (-12576 12288 3728 ) 
4 271 287 (-12576 12608 3680 ) (-12576 12320 3680 ) (-12672 12320 3680 ) (-12672 12608 3680 ) 
4 271 286 (-12616 12736 3680 ) (-12672 12736 3680 ) (-12672 12768 3680 ) (-12616 12768 3680 ) 
4 271 284 (-12576 12768 3680 ) (-12576 12736 3680 ) (-12616 12736 3680 ) (-12616 12768 3680 ) 
4 271 276 (-12576 13024 3680 ) (-12576 12992 3680 ) (-12672 12992 3680 ) (-12672 13024 3680 ) 
4 271 278 (-12576 12992 3680 ) (-12576 12768 3680 ) (-12672 12768 3680 ) (-12672 12992 3680 ) 
4 271 273 (-12672 13272 3680 ) (-12672 12288 3680 ) (-12672 12288 3728 ) (-12672 13272 3728 ) 
4 272 273 (-12688 13272 3712 ) (-12688 13272 3680 ) (-12672 13272 3680 ) (-12672 13272 3712 ) 
4 272 274 (-12688 13280 3712 ) (-12688 13280 3680 ) (-12688 13272 3680 ) (-12688 13272 3712 ) 
4 273 357 (-12672 12288 3904 ) (-12688 12288 3904 ) (-12688 12288 3680 ) (-12672 12288 3680 ) 
4 273 287 (-12672 12608 3680 ) (-12672 12320 3680 ) (-12688 12320 3680 ) (-12688 12608 3680 ) 
4 273 286 (-12672 12768 3680 ) (-12672 12736 3680 ) (-12688 12736 3680 ) (-12688 12768 3680 ) 
4 273 276 (-12672 13024 3680 ) (-12672 12992 3680 ) (-12688 12992 3680 ) (-12688 13024 3680 ) 
4 273 278 (-12672 12992 3680 ) (-12672 12768 3680 ) (-12688 12768 3680 ) (-12688 12992 3680 ) 
4 273 274 (-12688 12288 3904 ) (-12688 13272 3904 ) (-12688 13272 3680 ) (-12688 12288 3680 ) 
4 274 357 (-12688 12288 3904 ) (-12704 12288 3904 ) (-12704 12288 3680 ) (-12688 12288 3680 ) 
4 274 288 (-12704 13280 3680 ) (-12704 12288 3680 ) (-12704 12288 3904 ) (-12704 13280 3904 ) 
4 274 287 (-12704 12320 3680 ) (-12704 12608 3680 ) (-12688 12608 3680 ) (-12688 12320 3680 ) 
4 274 286 (-12704 12736 3680 ) (-12704 12768 3680 ) (-12688 12768 3680 ) (-12688 12736 3680 ) 
4 274 276 (-12704 12992 3680 ) (-12704 13024 3680 ) (-12688 13024 3680 ) (-12688 12992 3680 ) 
4 274 278 (-12704 12768 3680 ) (-12704 12992 3680 ) (-12688 12992 3680 ) (-12688 12768 3680 ) 
4 275 282 (-12704 13024 3536 ) (-12704 13140 3536 ) (-12544 13140 3536 ) (-12544 13024 3536 ) 
4 275 277 (-12704 13024 3536 ) (-12544 13024 3536 ) (-12544 13024 3616 ) (-12704 13024 3616 ) 
4 276 289 (-12704 12992 3664 ) (-12704 12992 3680 ) (-12704 13024 3680 ) (-12704 13024 3664 ) 
4 276 278 (-12544 12992 3664 ) (-12544 12992 3680 ) (-12704 12992 3680 ) (-12704 12992 3664 ) 
4 277 282 (-12704 12992 3536 ) (-12704 13024 3536 ) (-12544 13024 3536 ) (-12544 12992 3536 ) 
4 277 278 (-12704 12992 3536 ) (-12544 12992 3536 ) (-12544 12992 3616 ) (-12704 12992 3616 ) 
4 278 291 (-12704 12848 3536 ) (-12704 12784 3536 ) (-12704 12784 3576 ) (-12704 12848 3576 ) 
4 278 289 (-12704 12768 3664 ) (-12704 12768 3680 ) (-12704 12992 3680 ) (-12704 12992 3664 ) 
4 278 286 (-12616 12768 3680 ) (-12704 12768 3680 ) (-12704 12768 3664 ) (-12616 12768 3664 ) 
4 278 284 (-12560 12768 3680 ) (-12616 12768 3680 ) (-12616 12768 3664 ) (-12560 12768 3664 ) 
4 278 283 (-12544 12768 3664 ) (-12544 12768 3680 ) (-12560 12768 3680 ) (-12560 12768 3664 ) 
4 278 282 (-12544 12768 3536 ) (-12704 12768 3536 ) (-12704 12992 3536 ) (-12544 12992 3536 ) 
4 279 292 (-12704 13296 3464 ) (-12704 13232 3464 ) (-12704 13232 3480 ) (-12704 13296 3480 ) 
3 279 281 (-12704 13232 3408 ) (-12698 13232 3408 ) (-12704 13232 3414 ) 
5 279 280 (-12698 13232 3408 ) (-12544 13232 3408 ) (-12544 13232 3536 ) (-12704 13232 3536 ) (-12704 13232 3414 ) 
4 280 293 (-12704 13168 3414 ) (-12704 13168 3460 ) (-12704 13232 3460 ) (-12704 13232 3414 ) 
4 280 292 (-12704 13168 3464 ) (-12704 13168 3480 ) (-12704 13232 3480 ) (-12704 13232 3464 ) 
5 280 282 (-12698 13168 3408 ) (-12544 13168 3408 ) (-12544 13168 3536 ) (-12704 13168 3536 ) (-12704 13168 3414 ) 
4 280 281 (-12704 13232 3414 ) (-12698 13232 3408 ) (-12698 13168 3408 ) (-12704 13168 3414 ) 
4 281 294 (-12704 13168 3412 ) (-12704 13168 3414 ) (-12704 13232 3414 ) (-12704 13232 3412 ) 
3 281 282 (-12704 13168 3408 ) (-12698 13168 3408 ) (-12704 13168 3414 ) 
4 282 296 (-12704 12976 3460 ) (-12704 13040 3460 ) (-12704 13040 3412 ) (-12704 12976 3412 ) 
4 282 291 (-12704 12784 3536 ) (-12704 12848 3536 ) (-12704 12848 3528 ) (-12704 12784 3528 ) 
4 282 285 (-12616 12768 3408 ) (-12560 12768 3408 ) (-12560 12768 3520 ) (-12616 12768 3520 ) 
4 283 284 (-12560 12768 3680 ) (-12560 12768 3664 ) (-12560 12736 3664 ) (-12560 12736 3680 ) 
4 284 286 (-12616 12768 3680 ) (-12616 12768 3664 ) (-12616 12736 3664 ) (-12616 12736 3680 ) 
4 286 289 (-12704 12736 3664 ) (-12704 12736 3680 ) (-12704 12768 3680 ) (-12704 12768 3664 ) 
4 287 290 (-12704 12320 3664 ) (-12704 12320 3680 ) (-12704 12608 3680 ) (-12704 12608 3664 ) 
4 288 357 (-12704 12288 3680 ) (-12704 12288 4064 ) (-12708 12288 4064 ) (-12708 12288 3680 ) 
5 288 297 (-12708 13280 3680 ) (-12708 12288 3680 ) (-12708 12288 4064 ) (-12708 13152 4064 ) (-12708 13280 3936.030029 ) 
4 288 290 (-12708 12320 3680 ) (-12708 12608 3680 ) (-12704 12608 3680 ) (-12704 12320 3680 ) 
4 288 289 (-12708 12736 3680 ) (-12708 13024 3680 ) (-12704 13024 3680 ) (-12704 12736 3680 ) 
4 289 298 (-12708 12736 3664 ) (-12708 12736 3680 ) (-12708 13024 3680 ) (-12708 13024 3664 ) 
4 290 299 (-12708 12320 3664 ) (-12708 12320 3680 ) (-12708 12608 3680 ) (-12708 12608 3664 ) 
4 291 300 (-12708 12848 3528 ) (-12708 12784 3528 ) (-12708 12784 3576 ) (-12708 12848 3576 ) 
4 292 301 (-12708 13296 3464 ) (-12708 13168 3464 ) (-12708 13168 3480 ) (-12708 13296 3480 ) 
4 293 295 (-12706 13232 3460 ) (-12706 13232 3416 ) (-12706 13168 3416 ) (-12706 13168 3460 ) 
4 293 294 (-12704 13168 3414 ) (-12706 13168 3416 ) (-12706 13232 3416 ) (-12704 13232 3414 ) 
4 294 295 (-12706 13232 3416 ) (-12706 13232 3412 ) (-12706 13168 3412 ) (-12706 13168 3416 ) 
4 295 302 (-12708 13232 3412 ) (-12708 13168 3412 ) (-12708 13168 3460 ) (-12708 13232 3460 ) 
4 296 303 (-12708 13040 3412 ) (-12708 12976 3412 ) (-12708 12976 3460 ) (-12708 13040 3460 ) 
4 297 357 (-12708 12288 3680 ) (-12708 12288 4064 ) (-12736 12288 4064 ) (-12736 12288 3680 ) 
4 297 335 (-12736 12288 3680 ) (-12736 12288 3712 ) (-12736 13280 3712 ) (-12736 13280 3680 ) 
4 297 321 (-12736 12861.060547 3712 ) (-12736 12732.101563 3712 ) (-12736 12732.101563 3728 ) (-12736 12861.060547 3728 ) 
4 297 320 (-12736 12890.500000 3728 ) (-12736 12890.500000 3712 ) (-12736 12861.060547 3712 ) (-12736 12861.060547 3728 ) 
4 297 317 (-12736 12890.500000 3888 ) (-12736 12890.500000 3728 ) (-12736 12732.101563 3728 ) (-12736 12732.101563 3888 ) 
4 297 316 (-12736 12732.101563 3904 ) (-12736 12861.060547 3904 ) (-12736 12861.060547 3888 ) (-12736 12732.101563 3888 ) 
4 297 315 (-12736 12861.060547 3904 ) (-12736 12890.500000 3904 ) (-12736 12890.500000 3888 ) (-12736 12861.060547 3888 ) 
4 297 314 (-12736 12890.500000 3904 ) (-12736 13272 3904 ) (-12736 13272 3712 ) (-12736 12890.500000 3712 ) 
4 297 313 (-12736 12709.500000 3904 ) (-12736 12732.101563 3904 ) (-12736 12732.101563 3712 ) (-12736 12709.500000 3712 ) 
4 297 312 (-12736 12288 3712 ) (-12736 12288 3904 ) (-12736 12709.500000 3904 ) (-12736 12709.500000 3712 ) 
5 297 304 (-12736 12288 3904 ) (-12736 12288 4064 ) (-12736 13152 4064 ) (-12736 13280 3936.030029 ) (-12736 13280 3904 ) 
4 297 299 (-12736 12320 3680 ) (-12736 12608 3680 ) (-12708 12608 3680 ) (-12708 12320 3680 ) 
4 297 298 (-12736 12736 3680 ) (-12736 13024 3680 ) (-12708 13024 3680 ) (-12708 12736 3680 ) 
4 300 336 (-12736 12784 3576 ) (-12736 12848 3576 ) (-12736 12848 3528 ) (-12736 12784 3528 ) 
4 302 338 (-12736 13168 3460 ) (-12736 13232 3460 ) (-12736 13232 3412 ) (-12736 13168 3412 ) 
4 303 339 (-12736 12976 3460 ) (-12736 13040 3460 ) (-12736 13040 3412 ) (-12736 12976 3412 ) 
5 304 357 (-12736 12288 3904 ) (-12736 12288 4064 ) (-13088 12288 4064 ) (-13216 12288 3936.030029 ) (-13216 12288 3904 ) 
4 304 316 (-12736 12861.060547 3904 ) (-12736 12732.101563 3904 ) (-13179 13175.101563 3904 ) (-13111.151367 13242.950195 3904 ) 
4 304 315 (-12736 12890.500000 3904 ) (-12736 12861.060547 3904 ) (-13111.199219 13243 3904 ) (-13099.798828 13254.298828 3904 ) 
4 304 314 (-12736 13272 3904 ) (-12736 12890.500000 3904 ) (-13105.499023 13260 3904 ) (-13093.497070 13272 3904 ) 
4 304 313 (-12736 12732.101563 3904 ) (-12736 12709.500000 3904 ) (-13190.299805 13163.799805 3904 ) (-13179 13175.101563 3904 ) 
5 304 312 (-12736 12709.500000 3904 ) (-12736 12288 3904 ) (-13216 12288 3904 ) (-13216 13149.498047 3904 ) (-13196 13169.499023 3904 ) 
4 304 311 (-13216 13149.498047 3904 ) (-13216 13152.011719 3904 ) (-13096.010742 13272 3904 ) (-13093.497070 13272 3904 ) 
4 304 310 (-13040 13272 3904 ) (-13096.010742 13272 3904 ) (-13088.010742 13280 3904 ) (-13040 13280 3904 ) 
4 304 307 (-12864 13272 3904 ) (-12912 13272 3904 ) (-12912 13280 3904 ) (-12864 13280 3904 ) 
4 305 306 (-12848 13278 3728 ) (-12752 13278 3728 ) (-12752 13278 3888 ) (-12848 13278 3888 ) 
4 306 314 (-12752 13272 3728 ) (-12752 13272 3888 ) (-12848 13272 3888 ) (-12848 13272 3728 ) 
4 307 347 (-12896 13272 3712 ) (-12912 13272 3712 ) (-12912 13280 3712 ) (-12896 13280 3712 ) 
4 307 343 (-12864 13272 3712 ) (-12896 13272 3712 ) (-12896 13280 3712 ) (-12864 13280 3712 ) 
4 307 314 (-12912 13272 3712 ) (-12864 13272 3712 ) (-12864 13272 3904 ) (-12912 13272 3904 ) 
4 308 309 (-13024 13278 3728 ) (-12928 13278 3728 ) (-12928 13278 3888 ) (-13024 13278 3888 ) 
4 309 314 (-12928 13272 3728 ) (-12928 13272 3888 ) (-13024 13272 3888 ) (-13024 13272 3728 ) 
4 310 347 (-13040 13272 3712 ) (-13096.013672 13272 3712 ) (-13088.011719 13280 3712 ) (-13040 13280 3712 ) 
4 310 314 (-13093.500000 13272 3712 ) (-13040 13272 3712 ) (-13040 13272 3904 ) (-13093.500000 13272 3904 ) 
4 310 311 (-13096.013672 13272 3712 ) (-13093.500000 13272 3712 ) (-13093.500000 13272 3904 ) (-13096.013672 13272 3904 ) 
4 311 347 (-13216 13149.499023 3712 ) (-13216 13152.012695 3712 ) (-13096.012695 13272 3712 ) (-13093.499023 13272 3712 ) 
4 311 319 (-13116.799805 13248.700195 3888 ) (-13184.699219 13180.800781 3888 ) (-13184.699219 13180.800781 3728 ) (-13116.799805 13248.700195 3728 ) 
4 311 314 (-13105.500000 13260 3712 ) (-13093.500000 13272 3712 ) (-13093.500000 13272 3904 ) (-13105.500000 13260 3904 ) 
4 311 312 (-13216 13149.500000 3904 ) (-13216 13149.500000 3712 ) (-13196 13169.500000 3712 ) (-13196 13169.500000 3904 ) 
4 312 357 (-12736 12288 3712 ) (-12736 12288 3904 ) (-13216 12288 3904 ) (-13216 12288 3712 ) 
5 312 347 (-12896 12288 3712 ) (-13216 12288 3712 ) (-13216 13149.499023 3712 ) (-13196 13169.500000 3712 ) (-12896 12869.500000 3712 ) 
4 312 343 (-12864 12288 3712 ) (-12896 12288 3712 ) (-12896 12869.500000 3712 ) (-12864 12837.500000 3712 ) 
4 312 335 (-12736 12709.500000 3712 ) (-12736 12288 3712 ) (-12864 12288 3712 ) (-12864 12837.500000 3712 ) 
4 312 333 (-13216 12320 3712 ) (-13216 12288 3712 ) (-13216 12288 3904 ) (-13216 12320 3904 ) 
4 312 331 (-13216 12352 3840 ) (-13216 12352 3904 ) (-13216 12448 3904 ) (-13216 12448 3840 ) 
4 312 332 (-13216 12448 3712 ) (-13216 12352 3712 ) (-13216 12352 3776 ) (-13216 12448 3776 ) 
4 312 330 (-13216 12576 3712 ) (-13216 12480 3712 ) (-13216 12480 3904 ) (-13216 12576 3904 ) 
4 312 329 (-13216 12640 3712 ) (-13216 12608 3712 ) (-13216 12608 3776 ) (-13216 12640 3776 ) 
4 312 328 (-13216 12736 3712 ) (-13216 12704 3712 ) (-13216 12704 3776 ) (-13216 12736 3776 ) 
4 312 327 (-13216 12608 3904 ) (-13216 12640 3904 ) (-13216 12640 3840 ) (-13216 12608 3840 ) 
4 312 326 (-13216 12704 3904 ) (-13216 12736 3904 ) (-13216 12736 3840 ) (-13216 12704 3840 ) 
4 312 325 (-13216 12864 3712 ) (-13216 12768 3712 ) (-13216 12768 3904 ) (-13216 12864 3904 ) 
4 312 323 (-13216 12896 3840 ) (-13216 12896 3904 ) (-13216 12992 3904 ) (-13216 12992 3840 ) 
4 312 324 (-13216 12992 3712 ) (-13216 12896 3712 ) (-13216 12896 3776 ) (-13216 12992 3776 ) 
4 312 322 (-13216 13120 3712 ) (-13216 13024 3712 ) (-13216 13024 3904 ) (-13216 13120 3904 ) 
4 312 313 (-12736 12709.500000 3712 ) (-13190.299805 13163.799805 3712 ) (-13190.299805 13163.799805 3904 ) (-12736 12709.500000 3904 ) 
4 313 347 (-12896 12869.500000 3712 ) (-13190.299805 13163.800781 3712 ) (-13179 13175.101563 3712 ) (-12896 12892.101563 3712 ) 
4 313 343 (-12864 12837.500000 3712 ) (-12896 12869.500000 3712 ) (-12896 12892.101563 3712 ) (-12864 12860.101563 3712 ) 
4 313 335 (-12736 12732.101563 3712 ) (-12736 12709.500000 3712 ) (-12864 12837.500000 3712 ) (-12864 12860.101563 3712 ) 
4 313 321 (-12736 12732.101563 3712 ) (-13179 13175.100586 3712 ) (-13179 13175.100586 3728 ) (-12736 12732.101563 3728 ) 
4 313 317 (-13179 13175.100586 3728 ) (-13179 13175.100586 3888 ) (-12736 12732.101563 3888 ) (-12736 12732.101563 3728 ) 
4 313 316 (-13179 13175.100586 3888 ) (-13179 13175.100586 3904 ) (-12736 12732.101563 3904 ) (-12736 12732.101563 3888 ) 
4 314 347 (-12896 13050.500000 3712 ) (-13105.499023 13260 3712 ) (-13093.499023 13272 3712 ) (-12896 13272 3712 ) 
4 314 343 (-12864 13018.500000 3712 ) (-12896 13050.500000 3712 ) (-12896 13272 3712 ) (-12864 13272 3712 ) 
4 314 335 (-12736 13272 3712 ) (-12736 12890.500000 3712 ) (-12864 13018.500000 3712 ) (-12864 13272 3712 ) 
4 314 320 (-13099.799805 13254.299805 3712 ) (-12736 12890.500000 3712 ) (-12736 12890.500000 3728 ) (-13099.799805 13254.299805 3728 ) 
4 314 317 (-13099.799805 13254.299805 3728 ) (-12736 12890.500000 3728 ) (-12736 12890.500000 3888 ) (-13099.799805 13254.299805 3888 ) 
4 314 315 (-13099.799805 13254.299805 3888 ) (-12736 12890.500000 3888 ) (-12736 12890.500000 3904 ) (-13099.799805 13254.299805 3904 ) 
4 315 317 (-13099.798828 13254.298828 3888 ) (-12736 12890.500000 3888 ) (-12736 12861.060547 3888 ) (-13111.199219 13243 3888 ) 
4 315 316 (-13111.198242 13243 3888 ) (-12736 12861.061523 3888 ) (-12736 12861.060547 3904 ) (-13111.198242 13243 3904 ) 
4 316 317 (-12736 12732.101563 3888 ) (-13179 13175.101563 3888 ) (-13111.151367 13242.950195 3888 ) (-12736 12861.060547 3888 ) 
4 317 321 (-12736 12732.101563 3728 ) (-13179 13175.100586 3728 ) (-13111.199219 13243 3728 ) (-12736 12861.060547 3728 ) 
4 317 320 (-13111.199219 13243 3728 ) (-13099.798828 13254.298828 3728 ) (-12736 12890.500000 3728 ) (-12736 12861.060547 3728 ) 
4 317 318 (-13111.197266 13242.997070 3728 ) (-13179.347656 13175.448242 3728 ) (-13179.347656 13175.449219 3888 ) (-13111.197266 13242.997070 3888 ) 
4 318 319 (-13115.413086 13247.290039 3728 ) (-13183.300781 13179.402344 3728 ) (-13183.300781 13179.402344 3888 ) (-13115.413086 13247.290039 3888 ) 
4 320 347 (-12896 13023.935547 3712 ) (-13111.198242 13243 3712 ) (-13099.797852 13254.298828 3712 ) (-12896 13050.500000 3712 ) 
4 320 343 (-12864 12991.360352 3712 ) (-12896 13023.935547 3712 ) (-12896 13050.500000 3712 ) (-12864 13018.500000 3712 ) 
4 320 335 (-12736 12890.500000 3712 ) (-12736 12861.060547 3712 ) (-12864 12991.360352 3712 ) (-12864 13018.500000 3712 ) 
4 320 321 (-12736 12861.060547 3728 ) (-13111.199219 13243 3728 ) (-13111.199219 13243 3712 ) (-12736 12861.060547 3712 ) 
4 321 347 (-12896 12892.101563 3712 ) (-13178.997070 13175.099609 3712 ) (-13111.199219 13243 3712 ) (-12896 13023.935547 3712 ) 
4 321 343 (-12864 12860.101563 3712 ) (-12896 12892.101563 3712 ) (-12896 13023.935547 3712 ) (-12864 12991.360352 3712 ) 
4 321 335 (-12736 12861.060547 3712 ) (-12736 12732.101563 3712 ) (-12864 12860.101563 3712 ) (-12864 12991.360352 3712 ) 
4 333 358 (-13216 12288 3904 ) (-13248 12288 3904 ) (-13248 12288 3712 ) (-13216 12288 3712 ) 
4 334 341 (-12864 13312 3512 ) (-12864 13312 3460 ) (-12864 13280 3460 ) (-12864 13280 3512 ) 
4 334 337 (-12864 13280 3460 ) (-12864 13312 3460 ) (-12776 13312 3460 ) (-12776 13280 3460 ) 
4 335 357 (-12736 12288 3680 ) (-12736 12288 3712 ) (-12864 12288 3712 ) (-12864 12288 3680 ) 
4 335 343 (-12864 12288 3680 ) (-12864 12288 3712 ) (-12864 13280 3712 ) (-12864 13280 3680 ) 
4 336 346 (-12864 12784 3576 ) (-12864 12848 3576 ) (-12864 12848 3528 ) (-12864 12784 3528 ) 
4 337 341 (-12864 13280 3460 ) (-12864 13312 3460 ) (-12864 13312 3416 ) (-12864 13280 3416 ) 
4 338 340 (-12864 13168 3412 ) (-12800 13168 3412 ) (-12800 13168 3460 ) (-12864 13168 3460 ) 
4 339 340 (-12800 13040 3412 ) (-12800 12976 3412 ) (-12800 12976 3460 ) (-12800 13040 3460 ) 
4 343 357 (-12864 12288 3680 ) (-12864 12288 3712 ) (-12896 12288 3712 ) (-12896 12288 3680 ) 
4 343 347 (-12896 13280 3712 ) (-12896 13280 3680 ) (-12896 12288 3680 ) (-12896 12288 3712 ) 
4 343 345 (-12896 12320 3680 ) (-12896 12608 3680 ) (-12864 12608 3680 ) (-12864 12320 3680 ) 
4 343 344 (-12896 12736 3680 ) (-12896 13024 3680 ) (-12864 13024 3680 ) (-12864 12736 3680 ) 
4 344 350 (-12896 12736 3664 ) (-12896 12736 3680 ) (-12896 12768 3680 ) (-12896 12768 3664 ) 
4 344 348 (-12896 12768 3680 ) (-12896 13024 3680 ) (-12896 13024 3664 ) (-12896 12768 3664 ) 
4 345 351 (-12896 12320 3664 ) (-12896 12320 3680 ) (-12896 12608 3680 ) (-12896 12608 3664 ) 
4 346 349 (-12896 12848 3528 ) (-12896 12784 3528 ) (-12896 12784 3576 ) (-12896 12848 3576 ) 
4 347 357 (-12896 12288 3680 ) (-12896 12288 3712 ) (-13216 12288 3712 ) (-13216 12288 3680 ) 
4 347 353 (-13056 12608 3680 ) (-13056 12320 3680 ) (-13088 12320 3680 ) (-13088 12608 3680 ) 
4 347 352 (-13056 13024 3680 ) (-13056 12736 3680 ) (-13088 12736 3680 ) (-13088 13024 3680 ) 
4 347 351 (-12896 12608 3680 ) (-12896 12320 3680 ) (-13056 12320 3680 ) (-13056 12608 3680 ) 
4 347 350 (-12896 12768 3680 ) (-12896 12736 3680 ) (-13056 12736 3680 ) (-13056 12768 3680 ) 
4 347 348 (-12896 13024 3680 ) (-12896 12768 3680 ) (-13056 12768 3680 ) (-13056 13024 3680 ) 
4 348 352 (-13056 12768 3680 ) (-13056 13024 3680 ) (-13056 13024 3664 ) (-13056 12768 3664 ) 
4 348 350 (-13056 12768 3680 ) (-13056 12768 3664 ) (-12896 12768 3664 ) (-12896 12768 3680 ) 
4 348 349 (-12896 12768 3664 ) (-13056 12768 3664 ) (-13056 12992 3664 ) (-12896 12992 3664 ) 
4 350 352 (-13056 12736 3680 ) (-13056 12768 3680 ) (-13056 12768 3664 ) (-13056 12736 3664 ) 
4 351 353 (-13056 12320 3680 ) (-13056 12608 3680 ) (-13056 12608 3664 ) (-13056 12320 3664 ) 
4 354 355 (-13328 13656 3408 ) (-13328 13600 3408 ) (-13328 13600 3520 ) (-13328 13656 3520 ) 
4 356 357 (-12384 12224 3904 ) (-12384 12288 3904 ) (-12384 12288 3712 ) (-12384 12224 3712 ) 
4 357 359 (-12848 12064 3680 ) (-12752 12064 3680 ) (-12752 12064 3776 ) (-12848 12064 3776 ) 
4 357 358 (-13216 12288 3904 ) (-13216 12288 3712 ) (-13216 12224 3712 ) (-13216 12224 3904 ) 
4 359 361 (-12848 11904 3680 ) (-12752 11904 3680 ) (-12752 11904 3776 ) (-12848 11904 3776 ) 
4 360 364 (-13008 11872 3840 ) (-13008 11872 3796 ) (-12592 11872 3796 ) (-12592 11872 3840 ) 
4 360 362 (-12593 11872 3796 ) (-13007 11872 3796 ) (-13007 11876 3796 ) (-12593 11876 3796 ) 
4 360 361 (-13008 11876 3796 ) (-13008 11904 3796 ) (-12592 11904 3796 ) (-12592 11876 3796 ) 
4 361 362 (-12593 11876 3796 ) (-13007 11876 3796 ) (-13007 11876 3724 ) (-12593 11876 3724 ) 
4 361 363 (-12592 11876 3680 ) (-12592 11876 3724 ) (-13008 11876 3724 ) (-13008 11876 3680 ) 
4 362 369 (-13007 11872 3724 ) (-12593 11872 3724 ) (-12593 11872 3728 ) (-13007 11872 3728 ) 
4 362 367 (-12593 11872 3728 ) (-12593 11872 3792 ) (-13007 11872 3792 ) (-13007 11872 3728 ) 
4 362 365 (-12593 11872 3792 ) (-12593 11872 3796 ) (-13007 11872 3796 ) (-13007 11872 3792 ) 
4 362 363 (-12593 11872 3724 ) (-13007 11872 3724 ) (-13007 11876 3724 ) (-12593 11876 3724 ) 
4 363 370 (-13008 11872 3724 ) (-13008 11872 3680 ) (-12592 11872 3680 ) (-12592 11872 3724 ) 
4 364 371 (-13008 11808 3840 ) (-13008 11808 3796 ) (-12592 11808 3796 ) (-12592 11808 3840 ) 
4 364 365 (-12593 11808 3796 ) (-13007 11808 3796 ) (-13007 11872 3796 ) (-12593 11872 3796 ) 
4 365 372 (-13007 11808 3792 ) (-12593 11808 3792 ) (-12593 11808 3796 ) (-13007 11808 3796 ) 
4 365 367 (-12593 11808 3792 ) (-13007 11808 3792 ) (-13007 11872 3792 ) (-12593 11872 3792 ) 
4 366 367 (-12593 11872 3728 ) (-12593 11808 3728 ) (-12593 11808 3792 ) (-12593 11872 3792 ) 
4 367 372 (-13007 11808 3728 ) (-12593 11808 3728 ) (-12593 11808 3792 ) (-13007 11808 3792 ) 
4 367 369 (-12593 11808 3728 ) (-13007 11808 3728 ) (-13007 11872 3728 ) (-12593 11872 3728 ) 
4 367 368 (-13007 11872 3728 ) (-13007 11808 3728 ) (-13007 11808 3792 ) (-13007 11872 3792 ) 
4 369 372 (-13007 11808 3724 ) (-12593 11808 3724 ) (-12593 11808 3728 ) (-13007 11808 3728 ) 
4 369 370 (-12593 11808 3724 ) (-13007 11808 3724 ) (-13007 11872 3724 ) (-12593 11872 3724 ) 
4 370 376 (-12912 11808 3680 ) (-12976 11808 3680 ) (-12976 11872 3680 ) (-12912 11872 3680 ) 
4 370 375 (-12624 11808 3680 ) (-12688 11808 3680 ) (-12688 11872 3680 ) (-12624 11872 3680 ) 
4 370 373 (-13008 11808 3724 ) (-13008 11808 3680 ) (-12592 11808 3680 ) (-12592 11808 3724 ) 
4 371 374 (-12592 11804 3796 ) (-12592 11804 3840 ) (-13008 11804 3840 ) (-13008 11804 3796 ) 
4 371 372 (-12593 11804 3796 ) (-13007 11804 3796 ) (-13007 11808 3796 ) (-12593 11808 3796 ) 
4 372 374 (-12593 11804 3796 ) (-13007 11804 3796 ) (-13007 11804 3724 ) (-12593 11804 3724 ) 
4 372 373 (-12593 11804 3724 ) (-13007 11804 3724 ) (-13007 11808 3724 ) (-12593 11808 3724 ) 
4 373 374 (-12592 11804 3680 ) (-12592 11804 3724 ) (-13008 11804 3724 ) (-13008 11804 3680 ) 
4 375 377 (-12688 11808 3648 ) (-12688 11872 3648 ) (-12624 11872 3648 ) (-12624 11808 3648 ) 
4 376 378 (-12976 11808 3648 ) (-12976 11872 3648 ) (-12912 11872 3648 ) (-12912 11808 3648 ) 
