


materialPath: D:\SteamLibrary\steamapps\common\GarrysMod\garrysmod\materials
Loading D:\Workspace\Github Repositories\rp_undertale_republic\rp_undertale_republic.vmf
ConVarRef mat_reduceparticles doesn't point to an existing ConVar
material "hankkits/misc/ruinsdoor03" not found.
Material not found!: HANKKITS/MISC/RUINSDOOR03
"materials/wood/mainstreet_woodsiding05a_tooltexture.vtf": cached version doesn't exist
material "undertale/leaves/ruins_leaves" not found.
Material not found!: UNDERTALE/LEAVES/RUINS_LEAVES
material "concrete/blend_blacktop_01" not found.
Material not found!: CONCRETE/BLEND_BLACKTOP_01
"materials/saintblue/deus ex/unatco/texture/un_safe_2.vtf": cached version doesn't exist
Brush 162971: MAX_MAP_BRUSHSIDES
Side 5
Texture: SAINTBLUE/UNDYNESHOUSE/FRIDGECOLOR



materialPath: D:\SteamLibrary\steamapps\common\GarrysMod\garrysmod\materials
Loading D:\Workspace\Github Repositories\rp_undertale_republic\rp_undertale_republic.vmf
ConVarRef mat_reduceparticles doesn't point to an existing ConVar
material "hankkits/misc/ruinsdoor03" not found.
Material not found!: HANKKITS/MISC/RUINSDOOR03
"materials/wood/mainstreet_woodsiding05a_tooltexture.vtf": cached version doesn't exist
material "undertale/leaves/ruins_leaves" not found.
Material not found!: UNDERTALE/LEAVES/RUINS_LEAVES
material "concrete/blend_blacktop_01" not found.
Material not found!: CONCRETE/BLEND_BLACKTOP_01
"materials/saintblue/deus ex/unatco/texture/un_safe_2.vtf": cached version doesn't exist
Could not locate 'GameData' key in d:\steamlibrary\steamapps\common\garrysmod\garrysmod\gameinfo.txt
fixing up env_cubemap materials on brush sides...
0...1...2...3...4...5...6...7...8...9...100...1...2...3...4...5...6...7...8...9...10Processing areas...Wrote D:\Workspace\Github Repositories\rp_undertale_republic\rp_undertale_republic.lin
Areaportal leak ! File: D:\Workspace\Github Repositories\rp_undertale_republic\rp_undertale_republic.lin 
Brush 101843: areaportal brush doesn't touch two areas

Brush 101843: areaportal brush doesn't touch two areas
done (0)
Building Faces...error: material NATURE/ROCKFLOOR002A doesn't have a $bottommaterial
error: material NATURE/ROCKFLOOR002A doesn't have a $bottommaterial
done (0)
Chop Details...done (0)
Find Visible Detail Sides...
Merged 2292 detail faces...done (0)
Merging details...done (0)
FixTjuncs...
PruneNodes...
WriteBSP...
done (2)
writing D:\Workspace\Github Repositories\rp_undertale_republic\rp_undertale_republic.prt...Building visibility clusters...
done (1)
Creating default LDR cubemaps for env_cubemap using skybox materials:
   skybox/sky_day03_05*.vmt
 ! Run buildcubemaps in the engine to get the correct cube maps.
Creating default HDR cubemaps for env_cubemap using skybox materials:
   skybox/sky_day03_05*.vmt
 ! Run buildcubemaps in the engine to get the correct cube maps.
Finding displacement neighbors...
Finding lightmap sample positions...
Displacement Alpha : 0...1...2...3...4...5...6...7...8...9...10
Building Physics collision data...
done (1) (2916374 bytes)
Placing detail props : 0...1...2...3...4...5...6...7...8...9...10
Compacting texture/material tables...
Reduced 12076 texinfos to 8644
Reduced 591 texdatas to 519 (20914 bytes to 18174)
Writing D:\Workspace\Github Repositories\rp_undertale_republic\rp_undertale_republic.bsp
10 seconds elapsed
