


materialPath: A:\steam\steamapps\common\GarrysMod\garrysmod\materials
Loading A:\republic-community\garrys-mod\hammer\maps\rp_underrune\rp_underrune.vmf
ConVarRef mat_reduceparticles doesn't point to an existing ConVar
Material not found!: DE_SHACKS/YELLOW_PLASTER
Material not found!: GLASS/HOTEL_GLASS001
Material not found!: CONCRETE/COMPUTERWALL005E
Material not found!: CONCRETE/CONCRETEWALL008
Material not found!: TEST/COLOR004
Material not found!: SWAMP/BRICK/SWAMPCOBBLEWALL001
Material not found!: CONCRETE/CINDERBLOCKWALL01COLORTINT_OFFWHITE
fixing up env_cubemap materials on brush sides...
0...1...2...3...4...5...6...7...8...9...10
FindPortalSide: Couldn't find a good match for which brush to assign to a portal near (6490.5 -4956.7 3880.7)
Leaf 0 contents: CONTENTS_SOLID 
Leaf 1 contents: 
viscontents (node 0 contents ^ node 1 contents): CONTENTS_SOLID 
This means that none of the brushes in leaf 0 or 1 that touches the portal has CONTENTS_SOLID 
Check for a huge brush enclosing the coordinates above that has contents CONTENTS_SOLID 
Candidate brush IDs: Brush 24436: 


FindPortalSide: Couldn't find a good match for which brush to assign to a portal near (6490.5 -4951.6 3881.8)
Leaf 0 contents: CONTENTS_SOLID 
Leaf 1 contents: 
viscontents (node 0 contents ^ node 1 contents): CONTENTS_SOLID 
This means that none of the brushes in leaf 0 or 1 that touches the portal has CONTENTS_SOLID 
Check for a huge brush enclosing the coordinates above that has contents CONTENTS_SOLID 
Candidate brush IDs: Brush 24436: 


FindPortalSide: Couldn't find a good match for which brush to assign to a portal near (6490.5 -4964.7 3878.8)
Leaf 0 contents: CONTENTS_SOLID 
Leaf 1 contents: 
viscontents (node 0 contents ^ node 1 contents): CONTENTS_SOLID 
This means that none of the brushes in leaf 0 or 1 that touches the portal has CONTENTS_SOLID 
Check for a huge brush enclosing the coordinates above that has contents CONTENTS_SOLID 
Candidate brush IDs: Brush 24436: 


FindPortalSide: Couldn't find a good match for which brush to assign to a portal near (6490.5 -4970.0 3877.5)
Leaf 0 contents: CONTENTS_SOLID 
Leaf 1 contents: 
viscontents (node 0 contents ^ node 1 contents): CONTENTS_SOLID 
This means that none of the brushes in leaf 0 or 1 that touches the portal has CONTENTS_SOLID 
Check for a huge brush enclosing the coordinates above that has contents CONTENTS_SOLID 
Candidate brush IDs: Brush 24436: 


FindPortalSide: Couldn't find a good match for which brush to assign to a portal near (8548.9 -5523.2 4082.6)
Leaf 0 contents: 
Leaf 1 contents: CONTENTS_SOLID 
viscontents (node 0 contents ^ node 1 contents): CONTENTS_SOLID 
This means that none of the brushes in leaf 0 or 1 that touches the portal has CONTENTS_SOLID 
Check for a huge brush enclosing the coordinates above that has contents CONTENTS_SOLID 
Candidate brush IDs: Brush 24881: 

0...1...2...3...4...5...6...7...8...9...10
FindPortalSide: Couldn't find a good match for which brush to assign to a portal near (6490.5 -4959.6 3880.0)
Leaf 0 contents: CONTENTS_SOLID 
Leaf 1 contents: 
viscontents (node 0 contents ^ node 1 contents): CONTENTS_SOLID 
This means that none of the brushes in leaf 0 or 1 that touches the portal has CONTENTS_SOLID 
Check for a huge brush enclosing the coordinates above that has contents CONTENTS_SOLID 
Candidate brush IDs: Brush 24436: 


FindPortalSide: Couldn't find a good match for which brush to assign to a portal near (6490.5 -4978.5 3875.5)
Leaf 0 contents: CONTENTS_SOLID 
Leaf 1 contents: 
viscontents (node 0 contents ^ node 1 contents): CONTENTS_SOLID 
This means that none of the brushes in leaf 0 or 1 that touches the portal has CONTENTS_SOLID 
Check for a huge brush enclosing the coordinates above that has contents CONTENTS_SOLID 
Candidate brush IDs: Brush 24436: 

Processing areas...done (0)
Building Faces...error: material NATURE/ROCKFLOOR002A doesn't have a $bottommaterial
done (0)
Chop Details...done (0)
Find Visible Detail Sides...
Merged 2482 detail faces...done (0)
Merging details...done (0)
FixTjuncs...
PruneNodes...
WriteBSP...
done (2)
writing A:\republic-community\garrys-mod\hammer\maps\rp_underrune\rp_underrune.prt...Building visibility clusters...
done (1)
Creating default LDR cubemaps for env_cubemap using skybox materials:
   skybox/sky_day02_05_hdr*.vmt
 ! Run buildcubemaps in the engine to get the correct cube maps.
*** Error: Skybox vtf files for skybox/sky_day02_05_hdr weren't compiled with the same size texture and/or same flags!
Can't load skybox file skybox/sky_day02_05_hdr to build the default cubemap!
Finding displacement neighbors...
Finding lightmap sample positions...
Displacement Alpha : 0...1...2...3...4...5...6...7...8...9...10
Building Physics collision data...
done (1) (2592905 bytes)
Placing detail props : 0...1...2...3...4...5...6...7...8...9...10
Compacting texture/material tables...
Reduced 9346 texinfos to 7441
Reduced 435 texdatas to 394 (13756 bytes to 11903)
Writing A:\republic-community\garrys-mod\hammer\maps\rp_underrune\rp_underrune.bsp
11 seconds elapsed



16 threads
reading a:\republic-community\garrys-mod\hammer\maps\rp_underrune\rp_underrune.bsp
reading a:\republic-community\garrys-mod\hammer\maps\rp_underrune\rp_underrune.prt
7007 portalclusters
23358 numportals
0...1...2...3...4...5...6...7...8...9...10Optimized: 486203 visible clusters (9.19%)
Total clusters visible: 5288819
Average clusters visible: 754
Building PAS...
Average clusters audible: 1496
visdatasize:2546115  compressed from 12332320
writing a:\republic-community\garrys-mod\hammer\maps\rp_underrune\rp_underrune.bsp
4 seconds elapsed



[Reading texlights from 'lights.rad']
[45 texlights parsed from 'lights.rad']

Loading a:\republic-community\garrys-mod\hammer\maps\rp_underrune\rp_underrune.bsp
PREP OK
27711 faces
68 degenerate faces
5305602 square feet [764006656.00 square inches]
95 Displacements
91636 Square Feet [13195689.00 Square Inches]
27643 patches before subdivision
zero area child patch
zero area child patch
zero area child patch
zero area child patch
zero area child patch
zero area child patch
375513 patches after subdivision
light has _fifty_percent_distance of 256.000000 but _zero_percent_distance of 0.000000
343 direct lights
0...1...2...3...4...5...6...7...8...9...100...1...2...3...4...5...6...7...8...9...10transfers 50578014, max 2567
transfer lists: 385.9 megs
0...1...2...3...4...5...6...7...8...9...10	Bounce #1 added RGB(1810942, 1187221, 1387696)
0...1...2...3...4...5...6...7...8...9...10	Bounce #2 added RGB(564569, 190875, 139059)
0...1...2...3...4...5...6...7...8...9...10	Bounce #3 added RGB(295435, 69674, 32765)
0...1...2...3...4...5...6...7...8...9...10	Bounce #4 added RGB(175544, 35864, 11607)
0...1...2...3...4...5...6...7...8...9...10	Bounce #5 added RGB(116032, 21717, 6077)
0...1...2...3...4...5...6...7...8...9...10	Bounce #6 added RGB(80124, 14009, 3659)
0...1...2...3...4...5...6...7...8...9...10	Bounce #7 added RGB(58097, 9339, 2346)
0...1...2...3...4...5...6...7...8...9...10	Bounce #8 added RGB(43464, 6324, 1535)
0...1...2...3...4...5...6...7...8...9...10	Bounce #9 added RGB(33490, 4330, 1013)
0...1...2...3...4...5...6...7...8...9...10	Bounce #10 added RGB(26377, 2983, 672)
0...1...2...3...4...5...6...7...8...9...10	Bounce #11 added RGB(21167, 2067, 446)
0...1...2...3...4...5...6...7...8...9...10	Bounce #12 added RGB(17238, 1438, 296)
0...1...2...3...4...5...6...7...8...9...10	Bounce #13 added RGB(14210, 1005, 197)
0...1...2...3...4...5...6...7...8...9...10	Bounce #14 added RGB(11831, 704, 131)
0...1...2...3...4...5...6...7...8...9...10	Bounce #15 added RGB(9932, 495, 88)
0...1...2...3...4...5...6...7...8...9...10	Bounce #16 added RGB(8396, 349, 58)
0...1...2...3...4...5...6...7...8...9...10	Bounce #17 added RGB(7140, 246, 39)
0...1...2...3...4...5...6...7...8...9...10	Bounce #18 added RGB(6104, 175, 26)
0...1...2...3...4...5...6...7...8...9...10	Bounce #19 added RGB(5241, 124, 17)
0...1...2...3...4...5...6...7...8...9...10	Bounce #20 added RGB(4517, 88, 12)
0...1...2...3...4...5...6...7...8...9...10	Bounce #21 added RGB(3908, 63, 8)
0...1...2...3...4...5...6...7...8...9...10	Bounce #22 added RGB(3392, 45, 5)
0...1...2...3...4...5...6...7...8...9...10	Bounce #23 added RGB(2952, 32, 3)
0...1...2...3...4...5...6...7...8...9...10	Bounce #24 added RGB(2576, 23, 2)
0...1...2...3...4...5...6...7...8...9...10	Bounce #25 added RGB(2254, 16, 2)
0...1...2...3...4...5...6...7...8...9...10	Bounce #26 added RGB(1976, 12, 1)
0...1...2...3...4...5...6...7...8...9...10	Bounce #27 added RGB(1736, 8, 1)
0...1...2...3...4...5...6...7...8...9...10	Bounce #28 added RGB(1528, 6, 0)
0...1...2...3...4...5...6...7...8...9...10	Bounce #29 added RGB(1348, 4, 0)
0...1...2...3...4...5...6...7...8...9...10	Bounce #30 added RGB(1191, 3, 0)
0...1...2...3...4...5...6...7...8...9...10	Bounce #31 added RGB(1054, 2, 0)
0...1...2...3...4...5...6...7...8...9...10	Bounce #32 added RGB(934, 2, 0)
0...1...2...3...4...5...6...7...8...9...10	Bounce #33 added RGB(829, 1, 0)
0...1...2...3...4...5...6...7...8...9...10	Bounce #34 added RGB(737, 1, 0)
0...1...2...3...4...5...6...7...8...9...10	Bounce #35 added RGB(656, 1, 0)
0...1...2...3...4...5...6...7...8...9...10	Bounce #36 added RGB(585, 0, 0)
0...1...2...3...4...5...6...7...8...9...10	Bounce #37 added RGB(522, 0, 0)
0...1...2...3...4...5...6...7...8...9...10	Bounce #38 added RGB(466, 0, 0)
0...1...2...3...4...5...6...7...8...9...10	Bounce #39 added RGB(417, 0, 0)
0...1...2...3...4...5...6...7...8...9...10	Bounce #40 added RGB(373, 0, 0)
0...1...2...3...4...5...6...7...8...9...10	Bounce #41 added RGB(334, 0, 0)
0...1...2...3...4...5...6...7...8...9...10	Bounce #42 added RGB(300, 0, 0)
0...1...2...3...4...5...6...7...8...9...10	Bounce #43 added RGB(269, 0, 0)
0...1...2...3...4...5...6...7...8...9...10	Bounce #44 added RGB(242, 0, 0)
0...1...2...3...4...5...6...7...8...9...10	Bounce #45 added RGB(218, 0, 0)
0...1...2...3...4...5...6...7...8...9...10	Bounce #46 added RGB(196, 0, 0)
0...1...2...3...4...5...6...7...8...9...10	Bounce #47 added RGB(177, 0, 0)
0...1...2...3...4...5...6...7...8...9...10	Bounce #48 added RGB(159, 0, 0)
0...1...2...3...4...5...6...7...8...9...10	Bounce #49 added RGB(144, 0, 0)
0...1...2...3...4...5...6...7...8...9...10	Bounce #50 added RGB(130, 0, 0)
0...1...2...3...4...5...6...7...8...9...10	Bounce #51 added RGB(117, 0, 0)
0...1...2...3...4...5...6...7...8...9...10	Bounce #52 added RGB(106, 0, 0)
0...1...2...3...4...5...6...7...8...9...10	Bounce #53 added RGB(96, 0, 0)
0...1...2...3...4...5...6...7...8...9...10	Bounce #54 added RGB(87, 0, 0)
0...1...2...3...4...5...6...7...8...9...10	Bounce #55 added RGB(79, 0, 0)
0...1...2...3...4...5...6...7...8...9...10	Bounce #56 added RGB(71, 0, 0)
0...1...2...3...4...5...6...7...8...9...10	Bounce #57 added RGB(65, 0, 0)
0...1...2...3...4...5...6...7...8...9...10	Bounce #58 added RGB(59, 0, 0)
0...1...2...3...4...5...6...7...8...9...10	Bounce #59 added RGB(53, 0, 0)
0...1...2...3...4...5...6...7...8...9...10	Bounce #60 added RGB(48, 0, 0)
0...1...2...3...4...5...6...7...8...9...10	Bounce #61 added RGB(44, 0, 0)
0...1...2...3...4...5...6...7...8...9...10	Bounce #62 added RGB(40, 0, 0)
0...1...2...3...4...5...6...7...8...9...10	Bounce #63 added RGB(36, 0, 0)
0...1...2...3...4...5...6...7...8...9...10	Bounce #64 added RGB(33, 0, 0)
0...1...2...3...4...5...6...7...8...9...10	Bounce #65 added RGB(30, 0, 0)
0...1...2...3...4...5...6...7...8...9...10	Bounce #66 added RGB(27, 0, 0)
0...1...2...3...4...5...6...7...8...9...10	Bounce #67 added RGB(25, 0, 0)
0...1...2...3...4...5...6...7...8...9...10	Bounce #68 added RGB(23, 0, 0)
0...1...2...3...4...5...6...7...8...9...10	Bounce #69 added RGB(21, 0, 0)
0...1...2...3...4...5...6...7...8...9...10	Bounce #70 added RGB(19, 0, 0)
0...1...2...3...4...5...6...7...8...9...10	Bounce #71 added RGB(17, 0, 0)
0...1...2...3...4...5...6...7...8...9...10	Bounce #72 added RGB(16, 0, 0)
0...1...2...3...4...5...6...7...8...9...10	Bounce #73 added RGB(14, 0, 0)
0...1...2...3...4...5...6...7...8...9...10	Bounce #74 added RGB(13, 0, 0)
0...1...2...3...4...5...6...7...8...9...10	Bounce #75 added RGB(12, 0, 0)
0...1...2...3...4...5...6...7...8...9...10	Bounce #76 added RGB(11, 0, 0)
0...1...2...3...4...5...6...7...8...9...10	Bounce #77 added RGB(10, 0, 0)
0...1...2...3...4...5...6...7...8...9...10	Bounce #78 added RGB(9, 0, 0)
0...1...2...3...4...5...6...7...8...9...10	Bounce #79 added RGB(8, 0, 0)
0...1...2...3...4...5...6...7...8...9...10	Bounce #80 added RGB(8, 0, 0)
0...1...2...3...4...5...6...7...8...9...10	Bounce #81 added RGB(7, 0, 0)
0...1...2...3...4...5...6...7...8...9...10	Bounce #82 added RGB(6, 0, 0)
0...1...2...3...4...5...6...7...8...9...10	Bounce #83 added RGB(6, 0, 0)
0...1...2...3...4...5...6...7...8...9...10	Bounce #84 added RGB(5, 0, 0)
0...1...2...3...4...5...6...7...8...9...10	Bounce #85 added RGB(5, 0, 0)
0...1...2...3...4...5...6...7...8...9...10	Bounce #86 added RGB(4, 0, 0)
0...1...2...3...4...5...6...7...8...9...10	Bounce #87 added RGB(4, 0, 0)
0...1...2...3...4...5...6...7...8...9...10	Bounce #88 added RGB(4, 0, 0)
0...1...2...3...4...5...6...7...8...9...10	Bounce #89 added RGB(3, 0, 0)
0...1...2...3...4...5...6...7...8...9...10	Bounce #90 added RGB(3, 0, 0)
0...1...2...3...4...5...6...7...8...9...10	Bounce #91 added RGB(3, 0, 0)
0...1...2...3...4...5...6...7...8...9...10	Bounce #92 added RGB(3, 0, 0)
0...1...2...3...4...5...6...7...8...9...10	Bounce #93 added RGB(2, 0, 0)
0...1...2...3...4...5...6...7...8...9...10	Bounce #94 added RGB(2, 0, 0)
0...1...2...3...4...5...6...7...8...9...10	Bounce #95 added RGB(2, 0, 0)
0...1...2...3...4...5...6...7...8...9...10	Bounce #96 added RGB(2, 0, 0)
0...1...2...3...4...5...6...7...8...9...10	Bounce #97 added RGB(2, 0, 0)
0...1...2...3...4...5...6...7...8...9...10	Bounce #98 added RGB(1, 0, 0)
0...1...2...3...4...5...6...7...8...9...10	Bounce #99 added RGB(1, 0, 0)
0...1...2...3...4...5...6...7...8...9...10	Bounce #100 added RGB(1, 0, 0)
Build Patch/Sample Hash Table(s).....Done<0.1893 sec>
0...1...2...3...4...5...6...7...8...9...10FinalLightFace Done
75 of 75 (100% of) surface lights went in leaf ambient cubes.
0...1...2...3...4...5...6...7...8...9...10Writing leaf ambient...done
Ready to Finish

Object names       Objects/Maxobjs  Memory / Maxmem  Fullness 
------------       ---------------  ---------------  -------- 
models                 236/1024        11328/49152    (23.0%) 
brushes               6803/16384       81636/196608   (41.5%) 
brushsides           60394/65536      483152/524288   (92.2%) VERY FULL!
planes               51900/65536     1038000/1310720  (79.2%) 
vertexes             49705/65536      596460/786432   (75.8%) 
nodes                14435/65536      461920/2097152  (22.0%) 
texinfos              7441/12288      535752/884736   (60.6%) 
texdata                394/2048        12608/65536    (19.2%) 
dispinfos               95/0           16720/0        ( 0.0%) 
disp_verts            5063/0          101260/0        ( 0.0%) 
disp_tris             7648/0           15296/0        ( 0.0%) 
disp_lmsamples       93112/0           93112/0        ( 0.0%) 
faces                27711/65536     1551816/3670016  (42.3%) 
hdr faces                0/65536           0/3670016  ( 0.0%) 
origfaces            16840/65536      943040/3670016  (25.7%) 
leaves               14672/65536      469504/2097152  (22.4%) 
leaffaces            35748/65536       71496/131072   (54.5%) 
leafbrushes          16851/65536       33702/131072   (25.7%) 
areas                    8/1024           64/8192     ( 0.8%) 
surfedges           202485/512000     809940/2048000  (39.5%) 
edges               123079/256000     492316/1024000  (48.1%) 
LDR worldlights        343/8192        30184/720896   ( 4.2%) 
HDR worldlights          0/8192            0/720896   ( 0.0%) 
leafwaterdata            8/32768          96/393216   ( 0.0%) 
waterstrips           2960/32768       29600/327680   ( 9.0%) 
waterverts               0/65536           0/786432   ( 0.0%) 
waterindices         51867/65536      103734/131072   (79.1%) 
cubemapsamples           8/1024          128/16384    ( 0.8%) 
overlays                38/512         13376/180224   ( 7.4%) 
LDR lightdata         [variable]    10459612/0        ( 0.0%) 
HDR lightdata         [variable]           0/0        ( 0.0%) 
visdata               [variable]     2546115/16777216 (15.2%) 
entdata               [variable]      294707/393216   (74.9%) 
LDR ambient table    14672/65536       58688/262144   (22.4%) 
HDR ambient table    14672/65536       58688/262144   (22.4%) 
LDR leaf ambient     50943/65536     1426404/1835008  (77.7%) 
HDR leaf ambient     14672/65536      410816/1835008  (22.4%) 
occluders                0/0               0/0        ( 0.0%) 
occluder polygons        0/0               0/0        ( 0.0%) 
occluder vert ind        0/0               0/0        ( 0.0%) 
detail props          [variable]           1/12       ( 8.3%) 
static props          [variable]           1/20330    ( 0.0%) 
pakfile               [variable]       97201/0        ( 0.0%) 
physics               [variable]     2592905/4194304  (61.8%) 
physics terrain       [variable]       21725/1048576  ( 2.1%) 

Level flags = 0

Total triangle count: 78819
Writing a:\republic-community\garrys-mod\hammer\maps\rp_underrune\rp_underrune.bsp
1 minute, 30 seconds elapsed



[Reading texlights from 'lights.rad']
[45 texlights parsed from 'lights.rad']

Loading a:\republic-community\garrys-mod\hammer\maps\rp_underrune\rp_underrune.bsp
PREP OK
27711 faces
68 degenerate faces
5305602 square feet [764006656.00 square inches]
95 Displacements
91636 Square Feet [13195689.00 Square Inches]
27643 patches before subdivision
zero area child patch
zero area child patch
zero area child patch
zero area child patch
zero area child patch
zero area child patch
375513 patches after subdivision
light has _fifty_percent_distance of 256.000000 but _zero_percent_distance of 0.000000
343 direct lights
0...1...2...3...4...5...6...7...8...9...100...1...2...3...4...5...6...7...8...9...10transfers 50578014, max 2567
transfer lists: 385.9 megs
0...1...2...3...4...5...6...7...8...9...10	Bounce #1 added RGB(1510023, 880986, 944940)
0...1...2...3...4...5...6...7...8...9...10	Bounce #2 added RGB(525198, 165827, 106830)
0...1...2...3...4...5...6...7...8...9...10	Bounce #3 added RGB(284324, 65700, 28106)
0...1...2...3...4...5...6...7...8...9...10	Bounce #4 added RGB(170582, 34888, 11039)
0...1...2...3...4...5...6...7...8...9...10	Bounce #5 added RGB(113244, 21353, 5991)
0...1...2...3...4...5...6...7...8...9...10	Bounce #6 added RGB(78346, 13833, 3654)
0...1...2...3...4...5...6...7...8...9...10	Bounce #7 added RGB(56888, 9244, 2349)
0...1...2...3...4...5...6...7...8...9...10	Bounce #8 added RGB(42590, 6269, 1537)
0...1...2...3...4...5...6...7...8...9...10	Bounce #9 added RGB(32834, 4296, 1015)
0...1...2...3...4...5...6...7...8...9...10	Bounce #10 added RGB(25868, 2962, 672)
0...1...2...3...4...5...6...7...8...9...10	Bounce #11 added RGB(20763, 2054, 446)
0...1...2...3...4...5...6...7...8...9...10	Bounce #12 added RGB(16912, 1430, 297)
0...1...2...3...4...5...6...7...8...9...10	Bounce #13 added RGB(13944, 999, 197)
0...1...2...3...4...5...6...7...8...9...10	Bounce #14 added RGB(11613, 701, 131)
0...1...2...3...4...5...6...7...8...9...10	Bounce #15 added RGB(9752, 493, 88)
0...1...2...3...4...5...6...7...8...9...10	Bounce #16 added RGB(8246, 347, 58)
0...1...2...3...4...5...6...7...8...9...10	Bounce #17 added RGB(7015, 245, 39)
0...1...2...3...4...5...6...7...8...9...10	Bounce #18 added RGB(6000, 174, 26)
0...1...2...3...4...5...6...7...8...9...10	Bounce #19 added RGB(5153, 123, 17)
0...1...2...3...4...5...6...7...8...9...10	Bounce #20 added RGB(4444, 88, 12)
0...1...2...3...4...5...6...7...8...9...10	Bounce #21 added RGB(3846, 63, 8)
0...1...2...3...4...5...6...7...8...9...10	Bounce #22 added RGB(3340, 45, 5)
0...1...2...3...4...5...6...7...8...9...10	Bounce #23 added RGB(2908, 32, 3)
0...1...2...3...4...5...6...7...8...9...10	Bounce #24 added RGB(2539, 23, 2)
0...1...2...3...4...5...6...7...8...9...10	Bounce #25 added RGB(2222, 16, 2)
0...1...2...3...4...5...6...7...8...9...10	Bounce #26 added RGB(1949, 12, 1)
0...1...2...3...4...5...6...7...8...9...10	Bounce #27 added RGB(1714, 8, 1)
0...1...2...3...4...5...6...7...8...9...10	Bounce #28 added RGB(1509, 6, 0)
0...1...2...3...4...5...6...7...8...9...10	Bounce #29 added RGB(1332, 4, 0)
0...1...2...3...4...5...6...7...8...9...10	Bounce #30 added RGB(1177, 3, 0)
0...1...2...3...4...5...6...7...8...9...10	Bounce #31 added RGB(1042, 2, 0)
0...1...2...3...4...5...6...7...8...9...10	Bounce #32 added RGB(924, 2, 0)
0...1...2...3...4...5...6...7...8...9...10	Bounce #33 added RGB(821, 1, 0)
0...1...2...3...4...5...6...7...8...9...10	Bounce #34 added RGB(730, 1, 0)
0...1...2...3...4...5...6...7...8...9...10	Bounce #35 added RGB(650, 1, 0)
0...1...2...3...4...5...6...7...8...9...10	Bounce #36 added RGB(579, 0, 0)
0...1...2...3...4...5...6...7...8...9...10	Bounce #37 added RGB(517, 0, 0)
0...1...2...3...4...5...6...7...8...9...10	Bounce #38 added RGB(462, 0, 0)
0...1...2...3...4...5...6...7...8...9...10	Bounce #39 added RGB(413, 0, 0)
0...1...2...3...4...5...6...7...8...9...10	Bounce #40 added RGB(370, 0, 0)
0...1...2...3...4...5...6...7...8...9...10	Bounce #41 added RGB(332, 0, 0)
0...1...2...3...4...5...6...7...8...9...10	Bounce #42 added RGB(298, 0, 0)
0...1...2...3...4...5...6...7...8...9...10	Bounce #43 added RGB(267, 0, 0)
0...1...2...3...4...5...6...7...8...9...10	Bounce #44 added RGB(240, 0, 0)
0...1...2...3...4...5...6...7...8...9...10	Bounce #45 added RGB(216, 0, 0)
0...1...2...3...4...5...6...7...8...9...10	Bounce #46 added RGB(195, 0, 0)
0...1...2...3...4...5...6...7...8...9...10	Bounce #47 added RGB(176, 0, 0)
0...1...2...3...4...5...6...7...8...9...10	Bounce #48 added RGB(158, 0, 0)
0...1...2...3...4...5...6...7...8...9...10	Bounce #49 added RGB(143, 0, 0)
0...1...2...3...4...5...6...7...8...9...10	Bounce #50 added RGB(129, 0, 0)
0...1...2...3...4...5...6...7...8...9...10	Bounce #51 added RGB(117, 0, 0)
0...1...2...3...4...5...6...7...8...9...10	Bounce #52 added RGB(105, 0, 0)
0...1...2...3...4...5...6...7...8...9...10	Bounce #53 added RGB(95, 0, 0)
0...1...2...3...4...5...6...7...8...9...10	Bounce #54 added RGB(86, 0, 0)
0...1...2...3...4...5...6...7...8...9...10	Bounce #55 added RGB(78, 0, 0)
0...1...2...3...4...5...6...7...8...9...10	Bounce #56 added RGB(71, 0, 0)
0...1...2...3...4...5...6...7...8...9...10	Bounce #57 added RGB(64, 0, 0)
0...1...2...3...4...5...6...7...8...9...10	Bounce #58 added RGB(58, 0, 0)
0...1...2...3...4...5...6...7...8...9...10	Bounce #59 added RGB(53, 0, 0)
0...1...2...3...4...5...6...7...8...9...10	Bounce #60 added RGB(48, 0, 0)
0...1...2...3...4...5...6...7...8...9...10	Bounce #61 added RGB(44, 0, 0)
0...1...2...3...4...5...6...7...8...9...10	Bounce #62 added RGB(40, 0, 0)
0...1...2...3...4...5...6...7...8...9...10	Bounce #63 added RGB(36, 0, 0)
0...1...2...3...4...5...6...7...8...9...10	Bounce #64 added RGB(33, 0, 0)
0...1...2...3...4...5...6...7...8...9...10	Bounce #65 added RGB(30, 0, 0)
0...1...2...3...4...5...6...7...8...9...10	Bounce #66 added RGB(27, 0, 0)
0...1...2...3...4...5...6...7...8...9...10	Bounce #67 added RGB(25, 0, 0)
0...1...2...3...4...5...6...7...8...9...10	Bounce #68 added RGB(23, 0, 0)
0...1...2...3...4...5...6...7...8...9...10	Bounce #69 added RGB(21, 0, 0)
0...1...2...3...4...5...6...7...8...9...10	Bounce #70 added RGB(19, 0, 0)
0...1...2...3...4...5...6...7...8...9...10	Bounce #71 added RGB(17, 0, 0)
0...1...2...3...4...5...6...7...8...9...10	Bounce #72 added RGB(16, 0, 0)
0...1...2...3...4...5...6...7...8...9...10	Bounce #73 added RGB(14, 0, 0)
0...1...2...3...4...5...6...7...8...9...10	Bounce #74 added RGB(13, 0, 0)
0...1...2...3...4...5...6...7...8...9...10	Bounce #75 added RGB(12, 0, 0)
0...1...2...3...4...5...6...7...8...9...10	Bounce #76 added RGB(11, 0, 0)
0...1...2...3...4...5...6...7...8...9...10	Bounce #77 added RGB(10, 0, 0)
0...1...2...3...4...5...6...7...8...9...10	Bounce #78 added RGB(9, 0, 0)
0...1...2...3...4...5...6...7...8...9...10	Bounce #79 added RGB(8, 0, 0)
0...1...2...3...4...5...6...7...8...9...10	Bounce #80 added RGB(7, 0, 0)
0...1...2...3...4...5...6...7...8...9...10	Bounce #81 added RGB(7, 0, 0)
0...1...2...3...4...5...6...7...8...9...10	Bounce #82 added RGB(6, 0, 0)
0...1...2...3...4...5...6...7...8...9...10	Bounce #83 added RGB(6, 0, 0)
0...1...2...3...4...5...6...7...8...9...10	Bounce #84 added RGB(5, 0, 0)
0...1...2...3...4...5...6...7...8...9...10	Bounce #85 added RGB(5, 0, 0)
0...1...2...3...4...5...6...7...8...9...10	Bounce #86 added RGB(4, 0, 0)
0...1...2...3...4...5...6...7...8...9...10	Bounce #87 added RGB(4, 0, 0)
0...1...2...3...4...5...6...7...8...9...10	Bounce #88 added RGB(4, 0, 0)
0...1...2...3...4...5...6...7...8...9...10	Bounce #89 added RGB(3, 0, 0)
0...1...2...3...4...5...6...7...8...9...10	Bounce #90 added RGB(3, 0, 0)
0...1...2...3...4...5...6...7...8...9...10	Bounce #91 added RGB(3, 0, 0)
0...1...2...3...4...5...6...7...8...9...10	Bounce #92 added RGB(3, 0, 0)
0...1...2...3...4...5...6...7...8...9...10	Bounce #93 added RGB(2, 0, 0)
0...1...2...3...4...5...6...7...8...9...10	Bounce #94 added RGB(2, 0, 0)
0...1...2...3...4...5...6...7...8...9...10	Bounce #95 added RGB(2, 0, 0)
0...1...2...3...4...5...6...7...8...9...10	Bounce #96 added RGB(2, 0, 0)
0...1...2...3...4...5...6...7...8...9...10	Bounce #97 added RGB(2, 0, 0)
0...1...2...3...4...5...6...7...8...9...10	Bounce #98 added RGB(1, 0, 0)
0...1...2...3...4...5...6...7...8...9...10	Bounce #99 added RGB(1, 0, 0)
0...1...2...3...4...5...6...7...8...9...10	Bounce #100 added RGB(1, 0, 0)
Build Patch/Sample Hash Table(s).....Done<0.2732 sec>
0...1...2...3...4...5...6...7...8...9...10FinalLightFace Done
75 of 75 (100% of) surface lights went in leaf ambient cubes.
0...1...2...3...4...5...6...7...8...9...10Writing leaf ambient...done
Ready to Finish

Object names       Objects/Maxobjs  Memory / Maxmem  Fullness 
------------       ---------------  ---------------  -------- 
models                 236/1024        11328/49152    (23.0%) 
brushes               6803/16384       81636/196608   (41.5%) 
brushsides           60394/65536      483152/524288   (92.2%) VERY FULL!
planes               51900/65536     1038000/1310720  (79.2%) 
vertexes             49705/65536      596460/786432   (75.8%) 
nodes                14435/65536      461920/2097152  (22.0%) 
texinfos              7441/12288      535752/884736   (60.6%) 
texdata                394/2048        12608/65536    (19.2%) 
dispinfos               95/0           16720/0        ( 0.0%) 
disp_verts            5063/0          101260/0        ( 0.0%) 
disp_tris             7648/0           15296/0        ( 0.0%) 
disp_lmsamples       93112/0           93112/0        ( 0.0%) 
faces                27711/65536     1551816/3670016  (42.3%) 
hdr faces            27711/65536     1551816/3670016  (42.3%) 
origfaces            16840/65536      943040/3670016  (25.7%) 
leaves               14672/65536      469504/2097152  (22.4%) 
leaffaces            35748/65536       71496/131072   (54.5%) 
leafbrushes          16851/65536       33702/131072   (25.7%) 
areas                    8/1024           64/8192     ( 0.8%) 
surfedges           202485/512000     809940/2048000  (39.5%) 
edges               123079/256000     492316/1024000  (48.1%) 
LDR worldlights        343/8192        30184/720896   ( 4.2%) 
HDR worldlights        343/8192        30184/720896   ( 4.2%) 
leafwaterdata            8/32768          96/393216   ( 0.0%) 
waterstrips           2960/32768       29600/327680   ( 9.0%) 
waterverts               0/65536           0/786432   ( 0.0%) 
waterindices         51867/65536      103734/131072   (79.1%) 
cubemapsamples           8/1024          128/16384    ( 0.8%) 
overlays                38/512         13376/180224   ( 7.4%) 
LDR lightdata         [variable]    10459612/0        ( 0.0%) 
HDR lightdata         [variable]    10459612/0        ( 0.0%) 
visdata               [variable]     2546115/16777216 (15.2%) 
entdata               [variable]      294707/393216   (74.9%) 
LDR ambient table    14672/65536       58688/262144   (22.4%) 
HDR ambient table    14672/65536       58688/262144   (22.4%) 
LDR leaf ambient     50943/65536     1426404/1835008  (77.7%) 
HDR leaf ambient     50542/65536     1415176/1835008  (77.1%) 
occluders                0/0               0/0        ( 0.0%) 
occluder polygons        0/0               0/0        ( 0.0%) 
occluder vert ind        0/0               0/0        ( 0.0%) 
detail props          [variable]           1/12       ( 8.3%) 
static props          [variable]           1/20330    ( 0.0%) 
pakfile               [variable]       97201/0        ( 0.0%) 
physics               [variable]     2592905/4194304  (61.8%) 
physics terrain       [variable]       21725/1048576  ( 2.1%) 

Level flags = 0

Total triangle count: 78819
Writing a:\republic-community\garrys-mod\hammer\maps\rp_underrune\rp_underrune.bsp
1 minute, 29 seconds elapsed
