


materialPath: A:\steam\steamapps\common\GarrysMod\garrysmod\materials
Loading A:\republic-community\garrys-mod\hammer\maps\undertalerp\spawn1.vmf
ConVarRef mat_reduceparticles doesn't point to an existing ConVar
Could not locate 'GameData' key in a:\steam\steamapps\common\garrysmod\garrysmod\gameinfo.txt
fixing up env_cubemap materials on brush sides...
0...1...2...3...4...5...6...7...8...9...100...1...2...3...4...5...6...7...8...9...10Processing areas...done (0)
Building Faces...done (0)
FixTjuncs...
PruneNodes...
WriteBSP...
done (0)
writing A:\republic-community\garrys-mod\hammer\maps\undertalerp\spawn1.prt...Building visibility clusters...
done (0)
Creating default LDR cubemaps for env_cubemap using skybox materials:
   skybox/sky_day01_01*.vmt
 ! Run buildcubemaps in the engine to get the correct cube maps.
Creating default HDR cubemaps for env_cubemap using skybox materials:
   skybox/sky_day01_01*.vmt
 ! Run buildcubemaps in the engine to get the correct cube maps.
Finding displacement neighbors...
Finding lightmap sample positions...
Displacement Alpha : 0...1...2...3...4...5...6...7...8...9...10
Building Physics collision data...
done (0) (7482 bytes)
Placing detail props : 0...1...2...3...4...5...6...7...8...9...10
Compacting texture/material tables...
Reduced 42 texinfos to 27
Reduced 7 texdatas to 7 (157 bytes to 157)
Writing A:\republic-community\garrys-mod\hammer\maps\undertalerp\spawn1.bsp
0 seconds elapsed



6 threads
reading a:\republic-community\garrys-mod\hammer\maps\undertalerp\spawn1.bsp
reading a:\republic-community\garrys-mod\hammer\maps\undertalerp\spawn1.prt
  24 portalclusters
  70 numportals
0...1...2...3...4...5...6...7...8...9...100...1...2...3...4...5...6...7...8...9...10Optimized: 0 visible clusters (0.00%)
Total clusters visible: 384
Average clusters visible: 16
Building PAS...
Average clusters audible: 24
visdatasize:340  compressed from 384
writing a:\republic-community\garrys-mod\hammer\maps\undertalerp\spawn1.bsp
0 seconds elapsed



[Reading texlights from 'lights.rad']
[45 texlights parsed from 'lights.rad']

Loading a:\republic-community\garrys-mod\hammer\maps\undertalerp\spawn1.bsp
82 faces
12627 square feet [1818298.50 square inches]
0 Displacements
0 Square Feet [0.00 Square Inches]
82 patches before subdivision
1622 patches after subdivision
1 direct lights
0...1...2...3...4...5...6...7...8...9...100...1...2...3...4...5...6...7...8...9...10transfers 144895, max 218
transfer lists:   1.1 megs
0...1...2...3...4...5...6...7...8...9...10	Bounce #1 added RGB(3915, 800, 3872)
0...1...2...3...4...5...6...7...8...9...10	Bounce #2 added RGB(1421, 113, 1380)
0...1...2...3...4...5...6...7...8...9...10	Bounce #3 added RGB(480, 10, 460)
0...1...2...3...4...5...6...7...8...9...10	Bounce #4 added RGB(171, 1, 162)
0...1...2...3...4...5...6...7...8...9...10	Bounce #5 added RGB(58, 0, 54)
0...1...2...3...4...5...6...7...8...9...10	Bounce #6 added RGB(21, 0, 20)
0...1...2...3...4...5...6...7...8...9...10	Bounce #7 added RGB(7, 0, 7)
0...1...2...3...4...5...6...7...8...9...10	Bounce #8 added RGB(3, 0, 3)
0...1...2...3...4...5...6...7...8...9...10	Bounce #9 added RGB(1, 0, 1)
Build Patch/Sample Hash Table(s).....Done<0.0002 sec>
0...1...2...3...4...5...6...7...8...9...10FinalLightFace Done
0 of 0 (0% of) surface lights went in leaf ambient cubes.
0...1...2...3...4...5...6...7...8...9...10Writing leaf ambient...done
Ready to Finish

Object names       Objects/Maxobjs  Memory / Maxmem  Fullness 
------------       ---------------  ---------------  -------- 
models                   4/1024          192/49152    ( 0.4%) 
brushes                 12/8192          144/98304    ( 0.1%) 
brushsides             112/65536         896/524288   ( 0.2%) 
planes                 176/65536        3520/1310720  ( 0.3%) 
vertexes               139/65536        1668/786432   ( 0.2%) 
nodes                   81/65536        2592/2097152  ( 0.1%) 
texinfos                27/12288        1944/884736   ( 0.2%) 
texdata                  7/2048          224/65536    ( 0.3%) 
dispinfos                0/0               0/0        ( 0.0%) 
disp_verts               0/0               0/0        ( 0.0%) 
disp_tris                0/0               0/0        ( 0.0%) 
disp_lmsamples           0/0               0/0        ( 0.0%) 
faces                   82/65536        4592/3670016  ( 0.1%) 
hdr faces                0/65536           0/3670016  ( 0.0%) 
origfaces               63/65536        3528/3670016  ( 0.1%) 
leaves                  86/65536        2752/2097152  ( 0.1%) 
leaffaces               92/65536         184/131072   ( 0.1%) 
leafbrushes             23/65536          46/131072   ( 0.0%) 
areas                    2/256            16/2048     ( 0.8%) 
surfedges              692/512000       2768/2048000  ( 0.1%) 
edges                  365/256000       1460/1024000  ( 0.1%) 
LDR worldlights          1/8192           88/720896   ( 0.0%) 
HDR worldlights          0/8192            0/720896   ( 0.0%) 
leafwaterdata            0/32768           0/393216   ( 0.0%) 
waterstrips              0/32768           0/327680   ( 0.0%) 
waterverts               0/65536           0/786432   ( 0.0%) 
waterindices             0/65536           0/131072   ( 0.0%) 
cubemapsamples           0/1024            0/16384    ( 0.0%) 
overlays                 0/512             0/180224   ( 0.0%) 
LDR lightdata         [variable]       28524/0        ( 0.0%) 
HDR lightdata         [variable]           0/0        ( 0.0%) 
visdata               [variable]         340/16777216 ( 0.0%) 
entdata               [variable]        1167/393216   ( 0.3%) 
LDR ambient table       86/65536         344/262144   ( 0.1%) 
HDR ambient table       86/65536         344/262144   ( 0.1%) 
LDR leaf ambient       114/65536        3192/1835008  ( 0.2%) 
HDR leaf ambient        86/65536        2408/1835008  ( 0.1%) 
occluders                0/0               0/0        ( 0.0%) 
occluder polygons        0/0               0/0        ( 0.0%) 
occluder vert ind        0/0               0/0        ( 0.0%) 
detail props          [variable]           1/12       ( 8.3%) 
static props          [variable]           1/12       ( 8.3%) 
pakfile               [variable]      105655/0        ( 0.0%) 
physics               [variable]        7482/4194304  ( 0.2%) 
physics terrain       [variable]           2/1048576  ( 0.0%) 

Level flags = 0

Total triangle count: 228
Writing a:\republic-community\garrys-mod\hammer\maps\undertalerp\spawn1.bsp
0 seconds elapsed



[Reading texlights from 'lights.rad']
[45 texlights parsed from 'lights.rad']

Loading a:\republic-community\garrys-mod\hammer\maps\undertalerp\spawn1.bsp
82 faces
12627 square feet [1818298.50 square inches]
0 Displacements
0 Square Feet [0.00 Square Inches]
82 patches before subdivision
1622 patches after subdivision
1 direct lights
0...1...2...3...4...5...6...7...8...9...100...1...2...3...4...5...6...7...8...9...10transfers 144895, max 218
transfer lists:   1.1 megs
0...1...2...3...4...5...6...7...8...9...10	Bounce #1 added RGB(3915, 800, 3872)
0...1...2...3...4...5...6...7...8...9...10	Bounce #2 added RGB(1421, 113, 1380)
0...1...2...3...4...5...6...7...8...9...10	Bounce #3 added RGB(480, 10, 460)
0...1...2...3...4...5...6...7...8...9...10	Bounce #4 added RGB(171, 1, 162)
0...1...2...3...4...5...6...7...8...9...10	Bounce #5 added RGB(58, 0, 54)
0...1...2...3...4...5...6...7...8...9...10	Bounce #6 added RGB(21, 0, 20)
0...1...2...3...4...5...6...7...8...9...10	Bounce #7 added RGB(7, 0, 7)
0...1...2...3...4...5...6...7...8...9...10	Bounce #8 added RGB(3, 0, 3)
0...1...2...3...4...5...6...7...8...9...10	Bounce #9 added RGB(1, 0, 1)
Build Patch/Sample Hash Table(s).....Done<0.0002 sec>
0...1...2...3...4...5...6...7...8...9...10FinalLightFace Done
0 of 0 (0% of) surface lights went in leaf ambient cubes.
0...1...2...3...4...5...6...7...8...9...10Writing leaf ambient...done
Ready to Finish

Object names       Objects/Maxobjs  Memory / Maxmem  Fullness 
------------       ---------------  ---------------  -------- 
models                   4/1024          192/49152    ( 0.4%) 
brushes                 12/8192          144/98304    ( 0.1%) 
brushsides             112/65536         896/524288   ( 0.2%) 
planes                 176/65536        3520/1310720  ( 0.3%) 
vertexes               139/65536        1668/786432   ( 0.2%) 
nodes                   81/65536        2592/2097152  ( 0.1%) 
texinfos                27/12288        1944/884736   ( 0.2%) 
texdata                  7/2048          224/65536    ( 0.3%) 
dispinfos                0/0               0/0        ( 0.0%) 
disp_verts               0/0               0/0        ( 0.0%) 
disp_tris                0/0               0/0        ( 0.0%) 
disp_lmsamples           0/0               0/0        ( 0.0%) 
faces                   82/65536        4592/3670016  ( 0.1%) 
hdr faces               82/65536        4592/3670016  ( 0.1%) 
origfaces               63/65536        3528/3670016  ( 0.1%) 
leaves                  86/65536        2752/2097152  ( 0.1%) 
leaffaces               92/65536         184/131072   ( 0.1%) 
leafbrushes             23/65536          46/131072   ( 0.0%) 
areas                    2/256            16/2048     ( 0.8%) 
surfedges              692/512000       2768/2048000  ( 0.1%) 
edges                  365/256000       1460/1024000  ( 0.1%) 
LDR worldlights          1/8192           88/720896   ( 0.0%) 
HDR worldlights          1/8192           88/720896   ( 0.0%) 
leafwaterdata            0/32768           0/393216   ( 0.0%) 
waterstrips              0/32768           0/327680   ( 0.0%) 
waterverts               0/65536           0/786432   ( 0.0%) 
waterindices             0/65536           0/131072   ( 0.0%) 
cubemapsamples           0/1024            0/16384    ( 0.0%) 
overlays                 0/512             0/180224   ( 0.0%) 
LDR lightdata         [variable]       28524/0        ( 0.0%) 
HDR lightdata         [variable]       28524/0        ( 0.0%) 
visdata               [variable]         340/16777216 ( 0.0%) 
entdata               [variable]        1167/393216   ( 0.3%) 
LDR ambient table       86/65536         344/262144   ( 0.1%) 
HDR ambient table       86/65536         344/262144   ( 0.1%) 
LDR leaf ambient       114/65536        3192/1835008  ( 0.2%) 
HDR leaf ambient       114/65536        3192/1835008  ( 0.2%) 
occluders                0/0               0/0        ( 0.0%) 
occluder polygons        0/0               0/0        ( 0.0%) 
occluder vert ind        0/0               0/0        ( 0.0%) 
detail props          [variable]           1/12       ( 8.3%) 
static props          [variable]           1/12       ( 8.3%) 
pakfile               [variable]      105655/0        ( 0.0%) 
physics               [variable]        7482/4194304  ( 0.2%) 
physics terrain       [variable]           2/1048576  ( 0.0%) 

Level flags = 0

Total triangle count: 228
Writing a:\republic-community\garrys-mod\hammer\maps\undertalerp\spawn1.bsp
0 seconds elapsed
