PRT1
325
718
4 0 6 (1168 8206 3376 ) (1168 8462 3376 ) (1168 8462 3334 ) (1168 8206 3334 ) 
4 0 2 (1168 8206 3334 ) (1168 8462 3334 ) (1296 8462 3334 ) (1296 8206 3334 ) 
4 1 6 (1168 8466 3334 ) (1168 8590 3334 ) (1168 8590 3328 ) (1168 8466 3328 ) 
4 1 5 (1168 8590 3334 ) (1168 8594 3334 ) (1168 8594 3328 ) (1168 8590 3328 ) 
4 1 2 (1168 8466 3328 ) (1172 8466 3328 ) (1172 8466 3334 ) (1168 8466 3334 ) 
4 2 6 (1168 8202 3334 ) (1168 8466 3334 ) (1168 8466 3328 ) (1168 8202 3328 ) 
4 2 4 (1168 8206 3328 ) (1168 8462 3328 ) (1296 8462 3328 ) (1296 8206 3328 ) 
4 2 3 (1168 8202 3328 ) (1172 8202 3328 ) (1172 8202 3334 ) (1168 8202 3334 ) 
4 3 112 (1172 8192 3334 ) (1168 8192 3334 ) (1168 8192 3328 ) (1172 8192 3328 ) 
4 3 6 (1168 8192 3328 ) (1168 8192 3334 ) (1168 8202 3334 ) (1168 8202 3328 ) 
4 4 6 (1168 8206 3328 ) (1168 8462 3328 ) (1168 8462 3264 ) (1168 8206 3264 ) 
4 5 10 (1040 8594 3328 ) (1040 8590 3328 ) (1040 8590 3334 ) (1040 8594 3334 ) 
4 5 6 (1040 8590 3334 ) (1040 8590 3328 ) (1168 8590 3328 ) (1168 8590 3334 ) 
4 6 114 (1168 8192 3264 ) (1168 8192 3376 ) (1040 8192 3376 ) (1040 8192 3264 ) 
4 6 18 (1040 8226 3334 ) (1040 8226 3328 ) (1040 8198 3328 ) (1040 8198 3334 ) 
4 6 17 (1040 8232 3366 ) (1040 8284 3366 ) (1040 8284 3264 ) (1040 8232 3264 ) 
4 6 16 (1040 8306 3312 ) (1040 8306 3296 ) (1040 8290 3296 ) (1040 8290 3312 ) 
4 6 15 (1040 8306 3334 ) (1040 8306 3328 ) (1040 8290 3328 ) (1040 8290 3334 ) 
4 6 14 (1040 8310 3366 ) (1040 8358 3366 ) (1040 8358 3264 ) (1040 8310 3264 ) 
4 6 13 (1040 8378 3312 ) (1040 8378 3296 ) (1040 8362 3296 ) (1040 8362 3312 ) 
4 6 12 (1040 8378 3334 ) (1040 8378 3328 ) (1040 8362 3328 ) (1040 8362 3334 ) 
4 6 11 (1040 8384 3366 ) (1040 8572 3366 ) (1040 8572 3264 ) (1040 8384 3264 ) 
4 6 10 (1040 8590 3334 ) (1040 8590 3328 ) (1040 8578 3328 ) (1040 8578 3334 ) 
4 6 7 (1040 8358 3368 ) (1040 8358 3366 ) (1040 8310 3366 ) (1040 8310 3368 ) 
4 7 14 (1040 8358 3366 ) (1040 8310 3366 ) (1038 8310 3366 ) (1038 8358 3366 ) 
4 7 8 (1038 8358 3368 ) (1038 8358 3366 ) (1038 8310 3366 ) (1038 8310 3368 ) 
4 8 14 (1038 8310 3366 ) (1034 8310 3366 ) (1034 8358 3366 ) (1038 8358 3366 ) 
4 8 9 (1034 8358 3366 ) (1034 8310 3366 ) (1034 8310 3368 ) (1034 8358 3368 ) 
4 9 19 (1032 8358 3368 ) (1032 8358 3366 ) (1032 8310 3366 ) (1032 8310 3368 ) 
4 9 14 (1032 8310 3366 ) (1032 8358 3366 ) (1034 8358 3366 ) (1034 8310 3366 ) 
4 11 23 (1032 8572 3328 ) (1032 8572 3264 ) (1032 8384 3264 ) (1032 8384 3328 ) 
4 11 21 (1032 8572 3334 ) (1032 8572 3328 ) (1032 8384 3328 ) (1032 8384 3334 ) 
4 11 20 (1032 8384 3366 ) (1032 8572 3366 ) (1032 8572 3334 ) (1032 8384 3334 ) 
4 14 24 (1032 8310 3366 ) (1032 8358 3366 ) (1032 8358 3264 ) (1032 8310 3264 ) 
4 17 28 (1032 8284 3328 ) (1032 8284 3264 ) (1032 8232 3264 ) (1032 8232 3328 ) 
4 17 27 (1032 8284 3334 ) (1032 8284 3328 ) (1032 8232 3328 ) (1032 8232 3334 ) 
4 17 25 (1032 8232 3366 ) (1032 8284 3366 ) (1032 8284 3334 ) (1032 8232 3334 ) 
4 19 34 (1024 8306 3376 ) (1024 8362 3376 ) (1024 8362 3366 ) (1024 8306 3366 ) 
4 19 24 (1032 8362 3366 ) (1032 8306 3366 ) (1024 8306 3366 ) (1024 8362 3366 ) 
4 20 35 (1024 8384 3366 ) (1024 8572 3366 ) (1024 8572 3334 ) (1024 8384 3334 ) 
4 20 21 (1024 8384 3334 ) (1024 8572 3334 ) (1032 8572 3334 ) (1032 8384 3334 ) 
4 21 36 (1024 8572 3334 ) (1024 8572 3328 ) (1024 8384 3328 ) (1024 8384 3334 ) 
4 21 23 (1024 8384 3328 ) (1024 8572 3328 ) (1032 8572 3328 ) (1032 8384 3328 ) 
4 22 37 (1024 8366 3328 ) (1024 8362 3328 ) (1024 8362 3334 ) (1024 8366 3334 ) 
4 22 24 (1032 8362 3328 ) (1032 8362 3334 ) (1024 8362 3334 ) (1024 8362 3328 ) 
4 23 38 (1024 8572 3328 ) (1024 8572 3264 ) (1024 8384 3264 ) (1024 8384 3328 ) 
4 24 40 (1024 8306 3366 ) (1024 8362 3366 ) (1024 8362 3264 ) (1024 8306 3264 ) 
4 24 29 (1024 8306 3264 ) (1024 8362 3264 ) (1032 8362 3264 ) (1032 8306 3264 ) 
4 24 26 (1032 8306 3328 ) (1032 8306 3334 ) (1024 8306 3334 ) (1024 8306 3328 ) 
4 25 77 (1024 8232 3366 ) (1024 8284 3366 ) (1024 8284 3334 ) (1024 8232 3334 ) 
4 25 27 (1032 8232 3334 ) (1024 8232 3334 ) (1024 8284 3334 ) (1032 8284 3334 ) 
4 26 41 (1024 8306 3334 ) (1024 8306 3328 ) (1024 8302 3328 ) (1024 8302 3334 ) 
4 27 77 (1024 8284 3328 ) (1024 8232 3328 ) (1024 8232 3334 ) (1024 8284 3334 ) 
4 27 28 (1032 8232 3328 ) (1024 8232 3328 ) (1024 8284 3328 ) (1032 8284 3328 ) 
4 28 77 (1024 8284 3264 ) (1024 8232 3264 ) (1024 8232 3328 ) (1024 8284 3328 ) 
4 29 69 (1024 8306 3264 ) (1024 8362 3264 ) (1024 8362 3256 ) (1024 8306 3256 ) 
4 30 31 (988 8318 3378 ) (988 8350 3378 ) (1020 8350 3378 ) (1020 8318 3378 ) 
4 31 34 (988 8350 3376 ) (1020 8350 3376 ) (1020 8318 3376 ) (988 8318 3376 ) 
4 32 33 (924 8318 3378 ) (924 8350 3378 ) (956 8350 3378 ) (956 8318 3378 ) 
4 33 34 (924 8350 3376 ) (956 8350 3376 ) (956 8318 3376 ) (924 8318 3376 ) 
4 34 42 (912 8358 3366 ) (912 8310 3366 ) (912 8310 3368 ) (912 8358 3368 ) 
4 34 40 (1024 8306 3366 ) (912 8306 3366 ) (912 8362 3366 ) (1024 8362 3366 ) 
4 35 36 (999 8384 3334 ) (999 8572 3334 ) (1024 8572 3334 ) (1024 8384 3334 ) 
4 36 38 (999 8384 3328 ) (999 8572 3328 ) (1024 8572 3328 ) (1024 8384 3328 ) 
4 37 39 (999 8362 3328 ) (999 8362 3334 ) (999 8366 3334 ) (999 8366 3328 ) 
4 37 40 (999 8362 3334 ) (999 8362 3328 ) (1024 8362 3328 ) (1024 8362 3334 ) 
4 39 40 (912 8362 3334 ) (912 8362 3328 ) (999 8362 3328 ) (999 8362 3334 ) 
4 40 69 (912 8306 3264 ) (912 8362 3264 ) (1024 8362 3264 ) (1024 8306 3264 ) 
4 40 42 (912 8358 3264 ) (912 8310 3264 ) (912 8310 3366 ) (912 8358 3366 ) 
4 40 41 (912 8306 3334 ) (912 8306 3328 ) (1024 8306 3328 ) (1024 8306 3334 ) 
4 42 43 (904 8358 3264 ) (904 8310 3264 ) (904 8310 3368 ) (904 8358 3368 ) 
4 43 80 (800 8296 3264 ) (828 8296 3264 ) (828 8296 3352 ) (800 8296 3352 ) 
4 43 73 (904 8296 3264 ) (880 8296 3264 ) (880 8306 3264 ) (904 8306 3264 ) 
4 43 72 (880 8306 3264 ) (880 8362 3264 ) (904 8362 3264 ) (904 8306 3264 ) 
4 43 71 (880 8362 3264 ) (880 8372 3264 ) (904 8372 3264 ) (904 8362 3264 ) 
4 43 70 (880 8372 3264 ) (880 8504 3264 ) (904 8504 3264 ) (904 8372 3264 ) 
4 43 75 (880 8296 3264 ) (800 8296 3264 ) (800 8504 3264 ) (880 8504 3264 ) 
3 43 49 (800 8358.756836 3520 ) (800 8360.988281 3520 ) (800 8364.965820 3515.028076 ) 
3 43 48 (800 8316 3520 ) (800 8358.756836 3520 ) (800 8369.994141 3511 ) 
4 43 47 (800 8296 3496.666504 ) (800 8296 3520 ) (800 8316 3520 ) (800 8376 3510 ) 
3 43 46 (800 8391 3520 ) (800 8393.250000 3520 ) (800 8387.003906 3515.003174 ) 
3 43 45 (800 8296 3442.200195 ) (800 8296 3496.666504 ) (800 8382 3511 ) 
5 43 44 (800 8504 3520 ) (800 8504 3264 ) (800 8296 3264 ) (800 8296 3442.200195 ) (800 8393.250000 3520 ) 
4 44 80 (792 8296 3264 ) (800 8296 3264 ) (800 8296 3352 ) (792 8296 3352 ) 
4 44 75 (800 8296 3264 ) (792 8296 3264 ) (792 8504 3264 ) (800 8504 3264 ) 
4 44 56 (792 8391.807617 3518.845947 ) (792 8393.250000 3520 ) (792 8395.799805 3520 ) (792 8391 3514 ) 
3 44 55 (792 8372.525391 3503.420654 ) (792 8373.719727 3504.376465 ) (792 8375.990234 3503.998291 ) 
4 44 54 (792 8375.983398 3500.177979 ) (792 8372.235352 3503.188477 ) (792 8372.525391 3503.420654 ) (792 8382 3505 ) 
3 44 53 (792 8378.393555 3498.242432 ) (792 8375.983398 3500.177979 ) (792 8387.016602 3509.021240 ) 
4 44 52 (792 8504 3520 ) (792 8504 3397.362305 ) (792 8378.393555 3498.242432 ) (792 8395.799805 3520 ) 
5 44 50 (792 8504 3397.362305 ) (792 8504 3264 ) (792 8296 3264 ) (792 8296 3442.200195 ) (792 8372.235352 3503.188477 ) 
4 44 46 (792 8393.248047 3520 ) (792 8387.002930 3515.003662 ) (800 8387.010742 3515.011719 ) (800 8393.246094 3520 ) 
4 44 45 (792 8381.997070 3511 ) (792 8296 3442.201660 ) (800 8296 3442.203125 ) (800 8381.995117 3511 ) 
4 45 55 (792 8373.720703 3504.376709 ) (792 8372.525391 3503.420898 ) (792 8372.045898 3503.340820 ) (792 8369.980469 3505 ) 
3 45 54 (792 8372.525391 3503.420898 ) (792 8372.235352 3503.188477 ) (792 8372.045898 3503.340820 ) 
4 45 50 (792 8296 3442.200195 ) (792 8296 3496.666504 ) (792 8365.859375 3508.309570 ) (792 8372.235352 3503.188477 ) 
4 45 47 (792 8375.998047 3510 ) (792 8296 3496.667480 ) (800 8296 3496.667480 ) (800 8375.998047 3510 ) 
3 46 56 (792 8392 3520 ) (792 8393.250000 3520 ) (792 8391.807617 3518.845703 ) 
3 47 51 (792 8360.547852 3512.575195 ) (792 8362.385742 3512.268799 ) (792 8365.013672 3508.988525 ) 
5 47 50 (792 8296 3496.666504 ) (792 8296 3520 ) (792 8316 3520 ) (792 8360.547852 3512.575195 ) (792 8365.859375 3508.309570 ) 
4 47 48 (792 8370 3511 ) (792 8316.003906 3520 ) (800 8316.007813 3520 ) (800 8369.993164 3511.001709 ) 
4 48 57 (792 8356.194336 3520 ) (792 8358.761719 3520 ) (792 8360.191406 3518.855469 ) (792 8361 3514 ) 
4 48 51 (792 8351.303711 3520 ) (792 8356.194336 3520 ) (792 8362.386719 3512.268555 ) (792 8360.548828 3512.574951 ) 
3 48 50 (792 8316 3520 ) (792 8351.303711 3520 ) (792 8360.548828 3512.574951 ) 
4 48 49 (792 8365.001953 3515.001465 ) (792 8358.760742 3520 ) (800 8358.757813 3520 ) (800 8364.965820 3515.026855 ) 
3 49 57 (792 8358.761719 3520 ) (792 8360 3520 ) (792 8360.191406 3518.855469 ) 
4 50 80 (760 8296 3264 ) (792 8296 3264 ) (792 8296 3352 ) (760 8296 3352 ) 
4 50 75 (792 8296 3264 ) (760 8296 3264 ) (760 8504 3264 ) (792 8504 3264 ) 
3 50 62 (760 8316 3520 ) (760 8351.323242 3520 ) (760 8360.572266 3512.571289 ) 
5 50 61 (760 8296 3496.666504 ) (760 8296 3520 ) (760 8316 3520 ) (760 8360.572266 3512.571289 ) (760 8365.875000 3508.312500 ) 
4 50 59 (760 8296 3442.200195 ) (760 8296 3496.666504 ) (760 8365.875000 3508.312500 ) (760 8372.245117 3503.196289 ) 
5 50 58 (760 8504 3397.378418 ) (760 8504 3264 ) (760 8296 3264 ) (760 8296 3442.200195 ) (760 8372.245117 3503.196289 ) 
4 50 55 (760 8372.063477 3503.343994 ) (760 8370.001953 3505 ) (792 8369.987305 3504.998779 ) (792 8372.050781 3503.341797 ) 
4 50 54 (760 8375.995117 3500.186279 ) (760 8372.063477 3503.343994 ) (792 8372.050781 3503.341797 ) (792 8375.987305 3500.180420 ) 
4 50 53 (760 8378.402344 3498.252686 ) (760 8375.995117 3500.186279 ) (792 8375.987305 3500.180420 ) (792 8378.396484 3498.245361 ) 
4 50 52 (760 8504 3397.378906 ) (760 8378.402344 3498.252686 ) (792 8378.396484 3498.245361 ) (792 8504 3397.367188 ) 
4 50 51 (760 8364.977539 3509.034668 ) (760 8351.324219 3520 ) (792 8351.308594 3520 ) (792 8365.003906 3509.001221 ) 
4 51 62 (760 8360.573242 3512.571289 ) (760 8351.323242 3520 ) (760 8356.194336 3520 ) (760 8362.385742 3512.269043 ) 
3 51 61 (760 8364.976563 3509.034668 ) (760 8360.573242 3512.571289 ) (760 8362.385742 3512.269043 ) 
4 51 57 (792 8356.191406 3520 ) (792 8361 3513.996338 ) (760 8361 3513.998047 ) (760 8356.193359 3520 ) 
4 52 58 (760 8504 3520 ) (760 8504 3397.378418 ) (760 8378.402344 3498.252197 ) (760 8395.799805 3520 ) 
4 52 56 (760 8395.801758 3520 ) (760 8391 3513.998047 ) (792 8391 3513.998535 ) (792 8395.800781 3520 ) 
4 52 53 (760 8387.021484 3509.025146 ) (760 8378.402344 3498.251709 ) (792 8378.394531 3498.242188 ) (792 8387.020508 3509.024170 ) 
3 53 58 (760 8378.402344 3498.252197 ) (760 8375.994141 3500.186279 ) (760 8387.017578 3509.022217 ) 
4 53 54 (760 8381.995117 3505 ) (760 8375.992188 3500.187012 ) (792 8375.982422 3500.179199 ) (792 8381.995117 3505 ) 
3 54 59 (760 8372.245117 3503.196777 ) (760 8372.062500 3503.343750 ) (760 8372.525391 3503.420898 ) 
4 54 58 (760 8375.994141 3500.186279 ) (760 8372.245117 3503.196777 ) (760 8372.525391 3503.420898 ) (760 8382 3505 ) 
4 54 55 (760 8376 3504 ) (760 8372.061523 3503.343750 ) (792 8372.044922 3503.341064 ) (792 8375.989258 3503.998291 ) 
4 55 59 (760 8372.062500 3503.343750 ) (760 8370 3505 ) (760 8373.723633 3504.379150 ) (760 8372.525391 3503.420898 ) 
3 55 58 (760 8373.723633 3504.379150 ) (760 8376 3504 ) (760 8372.525391 3503.420898 ) 
3 56 60 (760 8392 3520 ) (760 8393.250000 3520 ) (760 8391.807617 3518.846436 ) 
4 56 58 (760 8393.250000 3520 ) (760 8395.799805 3520 ) (760 8391 3514 ) (760 8391.807617 3518.846436 ) 
3 57 63 (760 8358.756836 3520 ) (760 8360 3520 ) (760 8360.191406 3518.850586 ) 
4 57 62 (760 8361 3514 ) (760 8356.194336 3520 ) (760 8358.756836 3520 ) (760 8360.191406 3518.850586 ) 
4 58 80 (752 8296 3264 ) (760 8296 3264 ) (760 8296 3352 ) (752 8296 3352 ) 
4 58 75 (760 8296 3264 ) (752 8296 3264 ) (752 8504 3264 ) (760 8504 3264 ) 
4 58 60 (752 8393.248047 3520 ) (752 8387.002930 3515.004150 ) (760 8387.055664 3515.047119 ) (760 8393.246094 3520 ) 
4 58 59 (752 8381.997070 3511 ) (752 8296 3442.201660 ) (760 8296 3442.203125 ) (760 8381.995117 3511 ) 
5 58 64 (752 8504 3520 ) (752 8504 3264 ) (752 8296 3264 ) (752 8296 3442.200195 ) (752 8393.250000 3520 ) 
4 59 61 (752 8375.998047 3510 ) (752 8296 3496.667480 ) (760 8296 3496.667480 ) (760 8375.998047 3510 ) 
3 59 64 (752 8296 3442.200195 ) (752 8296 3496.666504 ) (752 8382 3511 ) 
3 60 64 (752 8391 3520 ) (752 8393.250000 3520 ) (752 8387 3515 ) 
4 61 62 (752 8370 3511 ) (752 8316.003906 3520 ) (760 8316 3520 ) (760 8369.993164 3511.001709 ) 
4 61 64 (752 8296 3496.666504 ) (752 8296 3520 ) (752 8316 3520 ) (752 8376 3510 ) 
4 62 63 (752 8364.997070 3515.011475 ) (752 8358.767578 3520 ) (760 8358.761719 3520 ) (760 8364.988281 3515.013428 ) 
3 62 64 (752 8316 3520 ) (752 8358.761719 3520 ) (752 8370 3511 ) 
3 63 64 (752 8358.761719 3520 ) (752 8361.004883 3520 ) (752 8365.007813 3514.998047 ) 
4 64 80 (724 8296 3264 ) (752 8296 3264 ) (752 8296 3352 ) (724 8296 3352 ) 
4 64 75 (752 8296 3264 ) (648 8296 3264 ) (648 8504 3264 ) (752 8504 3264 ) 
4 65 66 (376 8456 3458 ) (312 8456 3458 ) (312 8488 3458 ) (376 8488 3458 ) 
4 66 67 (376 8488 3456 ) (376 8456 3456 ) (312 8456 3456 ) (312 8488 3456 ) 
4 67 68 (232 8328 3264 ) (288 8328 3264 ) (288 8328 3376 ) (232 8328 3376 ) 
4 68 90 (232 8296 3264 ) (288 8296 3264 ) (288 8296 3376 ) (232 8296 3376 ) 
4 70 75 (880 8504 3264 ) (880 8504 3262 ) (880 8372 3262 ) (880 8372 3264 ) 
4 70 74 (880 8372 3262 ) (880 8504 3262 ) (904 8504 3262 ) (904 8372 3262 ) 
4 70 71 (880 8372 3264 ) (880 8372 3262 ) (904 8372 3262 ) (904 8372 3264 ) 
4 71 72 (880 8362 3264 ) (880 8362 3262 ) (904 8362 3262 ) (904 8362 3264 ) 
4 71 75 (880 8372 3262 ) (880 8362 3262 ) (880 8362 3264 ) (880 8372 3264 ) 
4 71 74 (880 8362 3262 ) (880 8372 3262 ) (904 8372 3262 ) (904 8362 3262 ) 
4 72 75 (880 8362 3262 ) (880 8306 3262 ) (880 8306 3264 ) (880 8362 3264 ) 
4 72 74 (880 8306 3262 ) (880 8362 3262 ) (904 8362 3262 ) (904 8306 3262 ) 
4 72 73 (880 8306 3264 ) (880 8306 3262 ) (904 8306 3262 ) (904 8306 3264 ) 
4 73 75 (880 8306 3262 ) (880 8296 3262 ) (880 8296 3264 ) (880 8306 3264 ) 
4 73 74 (880 8296 3262 ) (880 8306 3262 ) (904 8306 3262 ) (904 8296 3262 ) 
4 74 106 (904 8504 2367 ) (904 8296 2367 ) (880 8296 2367 ) (880 8504 2367 ) 
4 74 75 (880 8504 3262 ) (880 8504 2367 ) (880 8296 2367 ) (880 8296 3262 ) 
4 75 106 (880 8296 2367 ) (648 8296 2367 ) (648 8504 2367 ) (880 8504 2367 ) 
4 75 92 (724 8296 2456 ) (724 8296 2368 ) (828 8296 2368 ) (828 8296 2456 ) 
4 76 172 (872 8192 3456 ) (828 8192 3456 ) (828 8192 3366 ) (872 8192 3366 ) 
4 76 81 (828 8192 3366 ) (828 8192 3456 ) (828 8288 3456 ) (828 8288 3366 ) 
4 76 79 (872 8192 3366 ) (828 8192 3366 ) (828 8288 3366 ) (872 8288 3366 ) 
4 77 78 (1010 8284 3366 ) (1010 8284 3264 ) (1010 8232 3264 ) (1010 8232 3366 ) 
4 79 174 (872 8192 3366 ) (828 8192 3366 ) (828 8192 3264 ) (872 8192 3264 ) 
4 79 81 (828 8288 3264 ) (828 8192 3264 ) (828 8192 3366 ) (828 8288 3366 ) 
4 80 87 (760 8288 3264 ) (792 8288 3264 ) (792 8288 3352 ) (760 8288 3352 ) 
4 80 81 (792 8288 3264 ) (828 8288 3264 ) (828 8288 3352 ) (792 8288 3352 ) 
4 80 89 (724 8288 3264 ) (760 8288 3264 ) (760 8288 3352 ) (724 8288 3352 ) 
4 81 174 (792 8192 3366 ) (792 8192 3264 ) (828 8192 3264 ) (828 8192 3366 ) 
4 81 172 (828 8192 3456 ) (792 8192 3456 ) (792 8192 3366 ) (828 8192 3366 ) 
4 81 84 (792 8285 3356 ) (792 8284 3356 ) (792 8284 3372 ) (792 8285 3372 ) 
4 81 82 (792 8288 3456 ) (792 8288 3372 ) (792 8284 3372 ) (792 8284 3456 ) 
4 81 87 (792 8288 3356 ) (792 8288 3264 ) (792 8284 3264 ) (792 8284 3356 ) 
4 81 88 (792 8284 3264 ) (792 8192 3264 ) (792 8192 3456 ) (792 8284 3456 ) 
4 82 86 (791 8284 3372 ) (761 8284 3372 ) (760 8285 3372 ) (792 8285 3372 ) 
3 82 84 (792 8284 3372 ) (791 8284 3372 ) (792 8285 3372 ) 
3 82 83 (761 8284 3372 ) (760 8284 3372 ) (760 8285 3372 ) 
4 82 89 (760 8288 3456 ) (760 8288 3372 ) (760 8284 3372 ) (760 8284 3456 ) 
4 82 88 (760 8284 3456 ) (760 8284 3372 ) (792 8284 3372 ) (792 8284 3456 ) 
3 83 86 (760 8285 3372 ) (761 8284 3372 ) (761 8284 3371 ) 
3 83 85 (761 8284 3356 ) (760 8285 3356 ) (761 8284 3357 ) 
4 83 88 (760 8284 3372 ) (760 8284 3356 ) (761 8284 3356 ) (761 8284 3372 ) 
4 83 89 (760 8285 3356 ) (760 8284 3356 ) (760 8284 3372 ) (760 8285 3372 ) 
3 83 87 (761 8284 3356 ) (760 8284 3356 ) (760 8285 3356 ) 
3 84 86 (791 8284 3371 ) (791 8284 3372 ) (792 8285 3372 ) 
3 84 85 (792 8285 3356 ) (791 8284 3356 ) (791 8284 3357 ) 
3 84 87 (792 8284 3356 ) (791 8284 3356 ) (792 8285 3356 ) 
4 84 88 (791 8284 3356 ) (792 8284 3356 ) (792 8284 3372 ) (791 8284 3372 ) 
4 85 88 (761 8284 3356 ) (791 8284 3356 ) (791 8284 3357 ) (761 8284 3357 ) 
4 85 87 (791 8284 3356 ) (761 8284 3356 ) (760 8285 3356 ) (792 8285 3356 ) 
4 86 88 (791 8284 3371 ) (791 8284 3372 ) (761 8284 3372 ) (761 8284 3371 ) 
4 87 88 (760 8284 3356 ) (760 8284 3264 ) (792 8284 3264 ) (792 8284 3356 ) 
4 87 89 (760 8288 3356 ) (760 8288 3264 ) (760 8284 3264 ) (760 8284 3356 ) 
4 88 174 (760 8192 3366 ) (760 8192 3264 ) (792 8192 3264 ) (792 8192 3366 ) 
4 88 172 (792 8192 3456 ) (760 8192 3456 ) (760 8192 3366 ) (792 8192 3366 ) 
4 88 89 (760 8284 3264 ) (760 8192 3264 ) (760 8192 3456 ) (760 8284 3456 ) 
4 89 174 (680 8192 3366 ) (680 8192 3264 ) (760 8192 3264 ) (760 8192 3366 ) 
4 89 172 (760 8192 3456 ) (680 8192 3456 ) (680 8192 3366 ) (760 8192 3366 ) 
4 90 223 (232 8192 3456 ) (200 8192 3456 ) (200 8192 3264 ) (232 8192 3264 ) 
4 90 219 (340 8192 3456 ) (232 8192 3456 ) (232 8192 3264 ) (340 8192 3264 ) 
4 90 175 (648 8192 3456 ) (340 8192 3456 ) (340 8192 3264 ) (648 8192 3264 ) 
4 91 258 (168 8192 3456 ) (0 8192 3456 ) (0 8192 3264 ) (168 8192 3264 ) 
4 91 110 (0 8192 3264 ) (0 8192 3456 ) (0 8296 3456 ) (0 8296 3264 ) 
4 92 99 (760 8288 2368 ) (792 8288 2368 ) (792 8288 2456 ) (760 8288 2456 ) 
4 92 93 (792 8288 2368 ) (828 8288 2368 ) (828 8288 2456 ) (792 8288 2456 ) 
4 92 101 (724 8288 2368 ) (760 8288 2368 ) (760 8288 2456 ) (724 8288 2456 ) 
4 93 194 (792 8192 2368 ) (872 8192 2368 ) (872 8192 2560 ) (792 8192 2560 ) 
4 93 96 (792 8285 2460 ) (792 8284 2460 ) (792 8284 2476 ) (792 8285 2476 ) 
4 93 94 (792 8284 2560 ) (792 8288 2560 ) (792 8288 2476 ) (792 8284 2476 ) 
4 93 99 (792 8288 2460 ) (792 8288 2368 ) (792 8284 2368 ) (792 8284 2460 ) 
4 93 100 (792 8192 2560 ) (792 8284 2560 ) (792 8284 2368 ) (792 8192 2368 ) 
4 94 98 (791 8284 2476 ) (761 8284 2476 ) (760 8285 2476 ) (792 8285 2476 ) 
3 94 96 (792 8284 2476 ) (791 8284 2476 ) (792 8285 2476 ) 
3 94 95 (761 8284 2476 ) (760 8284 2476 ) (760 8285 2476 ) 
4 94 101 (760 8284 2560 ) (760 8288 2560 ) (760 8288 2476 ) (760 8284 2476 ) 
4 94 100 (760 8284 2560 ) (760 8284 2476 ) (792 8284 2476 ) (792 8284 2560 ) 
3 95 98 (760 8285 2476 ) (761 8284 2476 ) (761 8284 2475 ) 
3 95 97 (761 8284 2460 ) (760 8285 2460 ) (761 8284 2461 ) 
4 95 100 (760 8284 2476 ) (760 8284 2460 ) (761 8284 2460 ) (761 8284 2476 ) 
4 95 101 (760 8285 2460 ) (760 8284 2460 ) (760 8284 2476 ) (760 8285 2476 ) 
3 95 99 (761 8284 2460 ) (760 8284 2460 ) (760 8285 2460 ) 
3 96 98 (791 8284 2475 ) (791 8284 2476 ) (792 8285 2476 ) 
3 96 97 (792 8285 2460 ) (791 8284 2460 ) (791 8284 2461 ) 
3 96 99 (792 8284 2460 ) (791 8284 2460 ) (792 8285 2460 ) 
4 96 100 (791 8284 2460 ) (792 8284 2460 ) (792 8284 2476 ) (791 8284 2476 ) 
4 97 100 (761 8284 2460 ) (791 8284 2460 ) (791 8284 2461 ) (761 8284 2461 ) 
4 97 99 (791 8284 2460 ) (761 8284 2460 ) (760 8285 2460 ) (792 8285 2460 ) 
4 98 100 (791 8284 2475 ) (791 8284 2476 ) (761 8284 2476 ) (761 8284 2475 ) 
4 99 100 (760 8284 2460 ) (760 8284 2368 ) (792 8284 2368 ) (792 8284 2460 ) 
4 99 101 (760 8288 2460 ) (760 8288 2368 ) (760 8284 2368 ) (760 8284 2460 ) 
4 100 194 (760 8192 2368 ) (792 8192 2368 ) (792 8192 2560 ) (760 8192 2560 ) 
4 100 101 (760 8192 2560 ) (760 8284 2560 ) (760 8284 2368 ) (760 8192 2368 ) 
4 101 194 (680 8192 2560 ) (680 8192 2368 ) (760 8192 2368 ) (760 8192 2560 ) 
4 102 224 (200 8192 2560 ) (200 8192 2368 ) (232 8192 2368 ) (232 8192 2560 ) 
4 102 220 (232 8192 2368 ) (340 8192 2368 ) (340 8192 2560 ) (232 8192 2560 ) 
4 102 195 (340 8192 2368 ) (648 8192 2368 ) (648 8192 2560 ) (340 8192 2560 ) 
4 102 104 (616 8192 2368 ) (456 8192 2368 ) (456 8232 2368 ) (616 8232 2368 ) 
4 102 105 (392 8192 2368 ) (232 8192 2368 ) (232 8232 2368 ) (392 8232 2368 ) 
4 103 259 (0 8192 2560 ) (0 8192 2368 ) (168 8192 2368 ) (168 8192 2560 ) 
4 103 111 (0 8192 2368 ) (0 8192 2560 ) (0 8296 2560 ) (0 8296 2368 ) 
4 104 198 (616 8192 2368 ) (456 8192 2368 ) (456 8192 2367 ) (616 8192 2367 ) 
4 104 107 (616 8232 2367 ) (616 8192 2367 ) (456 8192 2367 ) (456 8232 2367 ) 
4 105 221 (340 8192 2368 ) (232 8192 2368 ) (232 8192 2367 ) (340 8192 2367 ) 
4 105 199 (392 8192 2368 ) (340 8192 2368 ) (340 8192 2367 ) (392 8192 2367 ) 
4 105 108 (392 8192 2367 ) (232 8192 2367 ) (232 8232 2367 ) (392 8232 2367 ) 
4 107 198 (616 8192 2366 ) (616 8192 2367 ) (456 8192 2367 ) (456 8192 2366 ) 
4 107 109 (456 8232 2366 ) (616 8232 2366 ) (616 8192 2366 ) (456 8192 2366 ) 
4 108 221 (340 8192 2367 ) (232 8192 2367 ) (232 8192 2366 ) (340 8192 2366 ) 
4 108 199 (392 8192 2367 ) (340 8192 2367 ) (340 8192 2366 ) (392 8192 2366 ) 
4 108 109 (232 8192 2366 ) (232 8232 2366 ) (392 8232 2366 ) (392 8192 2366 ) 
4 109 222 (340 8192 2366 ) (232 8192 2366 ) (232 8192 2352 ) (340 8192 2352 ) 
4 109 200 (616 8192 2352 ) (616 8192 2366 ) (340 8192 2366 ) (340 8192 2352 ) 
4 110 290 (0 8192 3264 ) (0 8192 3456 ) (-24 8192 3456 ) (-24 8192 3264 ) 
4 111 291 (0 8192 2368 ) (0 8192 2560 ) (-24 8192 2560 ) (-24 8192 2368 ) 
4 112 117 (1168 8074 3334 ) (1168 8090 3334 ) (1168 8090 3328 ) (1168 8074 3328 ) 
4 112 114 (1168 8090 3334 ) (1168 8192 3334 ) (1168 8192 3328 ) (1168 8090 3328 ) 
4 113 119 (1168 7784 2368 ) (1168 7784 2560 ) (1168 7976 2560 ) (1168 7976 2368 ) 
4 114 118 (1168 8090 3264 ) (1168 8090 3328 ) (1040 8090 3328 ) (1040 8090 3264 ) 
4 114 117 (1168 8090 3328 ) (1168 8090 3334 ) (1040 8090 3334 ) (1040 8090 3328 ) 
4 114 116 (1168 8090 3334 ) (1168 8090 3376 ) (1040 8090 3376 ) (1040 8090 3334 ) 
4 114 115 (1040 8096 3366 ) (1040 8192 3366 ) (1040 8192 3264 ) (1040 8096 3264 ) 
4 115 173 (1024 8192 3366 ) (1024 8192 3264 ) (1024 8096 3264 ) (1024 8096 3366 ) 
4 116 117 (1040 8090 3334 ) (1168 8090 3334 ) (1168 8078 3334 ) (1040 8078 3334 ) 
4 117 118 (1040 8090 3328 ) (1168 8090 3328 ) (1168 8078 3328 ) (1040 8078 3328 ) 
4 119 197 (1024 7784 2368 ) (1024 7784 2560 ) (1024 7976 2560 ) (1024 7976 2368 ) 
4 120 263 (0 7712 3760 ) (0 7712 3792 ) (0 7720 3792 ) (0 7720 3760 ) 
4 120 131 (544 7712 3792 ) (0 7712 3792 ) (0 7712 3760 ) (544 7712 3760 ) 
4 120 130 (8 7712 3760 ) (0 7712 3760 ) (0 7720 3760 ) (8 7720 3760 ) 
4 120 127 (184 7712 3760 ) (136 7712 3760 ) (136 7720 3760 ) (184 7720 3760 ) 
4 120 124 (360 7712 3760 ) (312 7712 3760 ) (312 7720 3760 ) (360 7720 3760 ) 
4 120 121 (544 7712 3760 ) (488 7712 3760 ) (488 7720 3760 ) (536 7720 3760 ) 
4 121 147 (488 7720 3568 ) (536 7720 3568 ) (544 7712 3568 ) (488 7712 3568 ) 
4 121 133 (488 7712 3568 ) (544 7712 3568 ) (544 7712 3760 ) (488 7712 3760 ) 
4 122 123 (376 7718 3584 ) (472 7718 3584 ) (472 7718 3744 ) (376 7718 3744 ) 
4 123 133 (472 7712 3584 ) (472 7712 3744 ) (376 7712 3744 ) (376 7712 3584 ) 
4 124 147 (312 7720 3568 ) (360 7720 3568 ) (360 7712 3568 ) (312 7712 3568 ) 
4 124 133 (312 7712 3568 ) (360 7712 3568 ) (360 7712 3760 ) (312 7712 3760 ) 
4 125 126 (200 7718 3584 ) (296 7718 3584 ) (296 7718 3744 ) (200 7718 3744 ) 
4 126 133 (296 7712 3584 ) (296 7712 3744 ) (200 7712 3744 ) (200 7712 3584 ) 
4 127 147 (136 7720 3568 ) (184 7720 3568 ) (184 7712 3568 ) (136 7712 3568 ) 
4 127 133 (136 7712 3568 ) (184 7712 3568 ) (184 7712 3760 ) (136 7712 3760 ) 
4 128 129 (24 7718 3584 ) (120 7718 3584 ) (120 7718 3744 ) (24 7718 3744 ) 
4 129 133 (120 7712 3584 ) (120 7712 3744 ) (24 7712 3744 ) (24 7712 3584 ) 
4 130 267 (0 7720 3568 ) (0 7712 3568 ) (0 7712 3760 ) (0 7720 3760 ) 
4 130 147 (0 7712 3568 ) (0 7720 3568 ) (8 7720 3568 ) (8 7712 3568 ) 
4 130 133 (0 7712 3568 ) (8 7712 3568 ) (8 7712 3760 ) (0 7712 3760 ) 
4 131 263 (0 7592 3760 ) (0 7592 3792 ) (0 7712 3792 ) (0 7712 3760 ) 
4 131 148 (0 7592 3791.690186 ) (0 7592 3760 ) (664 7592 3760 ) (664 7592 3791.690186 ) 
4 131 141 (559.147278 7683.200195 3760 ) (467.832703 7592 3760 ) (445.236633 7592 3760 ) (547.823181 7694.512695 3760 ) 
4 131 140 (554.657410 7701.342285 3760 ) (565.977783 7690.021973 3760 ) (564.805237 7688.851074 3760 ) (553.486206 7700.171875 3760 ) 
4 131 136 (638.338867 7604 3760 ) (626.338806 7592 3760 ) (603.724670 7592 3760 ) (627.028320 7615.312500 3760 ) 
4 131 135 (603.724670 7592 3760 ) (467.832703 7592 3760 ) (559.148254 7683.201172 3760 ) (627.028381 7615.312500 3760 ) 
4 131 134 (565.977783 7690.021973 3760 ) (645.169067 7610.831055 3760 ) (643.998962 7609.661133 3760 ) (564.803833 7688.849609 3760 ) 
5 131 133 (0 7712 3760 ) (544 7712 3760 ) (554.657410 7701.342285 3760 ) (445.236633 7592 3760 ) (0 7592 3760 ) 
3 131 132 (645.169067 7610.831055 3760 ) (664 7592 3760 ) (626.338806 7592 3760 ) 
4 132 157 (626.340881 7592 3568 ) (664 7592 3568 ) (664 7592 3759.690186 ) (626.338806 7592 3759.690186 ) 
4 132 148 (664 7592 3759.690186 ) (664 7592 3760 ) (626.338806 7592 3760 ) (626.338806 7592 3759.690186 ) 
3 132 147 (664 7592 3568 ) (626.340881 7592 3568 ) (645.170105 7610.829590 3568 ) 
4 132 144 (638.340332 7604 3568 ) (626.341858 7592 3568 ) (626.341675 7592 3584 ) (638.340576 7604 3584 ) 
4 132 142 (645.174683 7610.833496 3584 ) (645.174744 7610.833496 3568 ) (644 7609.659668 3568 ) (644 7609.659668 3584 ) 
4 132 137 (638.340576 7604 3584 ) (626.341675 7592 3584 ) (626.340027 7592 3744 ) (638.339417 7604 3744 ) 
4 132 136 (626.340027 7592 3744 ) (626.339844 7592 3760 ) (638.339355 7604 3760 ) (638.339417 7604 3744 ) 
4 132 134 (645.173767 7610.834473 3760 ) (645.174683 7610.833496 3584 ) (644 7609.659180 3584 ) (644 7609.660156 3760 ) 
4 133 278 (0 7642.476074 3568 ) (0 7619.831055 3568 ) (0 7619.831055 3584 ) (0 7642.475586 3584 ) 
4 133 277 (0 7619.831055 3568 ) (0 7592 3568 ) (0 7592 3584 ) (0 7619.831055 3584 ) 
4 133 272 (0 7592 3584 ) (0 7592 3744 ) (0 7642.472168 3744 ) (0 7642.475586 3584 ) 
4 133 271 (0 7619.830078 3760 ) (0 7642.471680 3760 ) (0 7642.472168 3744 ) (0 7619.830078 3744 ) 
4 133 268 (0 7592 3744 ) (0 7592 3760 ) (0 7619.830078 3760 ) (0 7619.830078 3744 ) 
4 133 267 (0 7712 3568 ) (0 7642.476074 3568 ) (0 7642.471680 3760 ) (0 7712 3760 ) 
4 133 157 (0 7592 3759.690186 ) (0 7592 3568 ) (445.234558 7592 3568 ) (445.236633 7592 3759.690186 ) 
4 133 148 (0 7592 3760 ) (0 7592 3759.690186 ) (445.236633 7592 3759.690186 ) (445.236633 7592 3760 ) 
5 133 147 (445.234558 7592 3568 ) (0 7592 3568 ) (0 7712 3568 ) (544 7712 3568 ) (554.656372 7701.343262 3568 ) 
4 133 146 (445.234375 7592 3568 ) (547.822571 7694.514160 3568 ) (547.822266 7694.514160 3584 ) (445.234497 7592 3584 ) 
4 133 145 (553.485596 7700.173340 3568 ) (554.655457 7701.342285 3568 ) (554.655518 7701.342285 3584 ) (553.485657 7700.173340 3584 ) 
4 133 141 (547.823242 7694.512695 3760 ) (445.235992 7592 3760 ) (445.234497 7592 3584 ) (547.822266 7694.514160 3584 ) 
4 133 140 (554.655518 7701.342285 3584 ) (554.656433 7701.341309 3760 ) (553.486267 7700.171875 3760 ) (553.485657 7700.173340 3584 ) 
4 134 142 (565.978516 7690.021973 3584 ) (645.171875 7610.832031 3584 ) (644 7609.659668 3584 ) (564.804199 7688.849121 3584 ) 
4 134 140 (565.979980 7690.023926 3760 ) (565.980469 7690.023438 3584 ) (564.804443 7688.849121 3584 ) (564.803955 7688.849609 3760 ) 
4 134 139 (564.804321 7688.848145 3744 ) (564.804749 7688.847656 3584 ) (632.686646 7620.971191 3584 ) (632.685852 7620.972168 3744 ) 
4 135 157 (467.832703 7592 3759.690186 ) (467.832764 7592 3744 ) (603.724854 7592 3744 ) (603.724670 7592 3759.690186 ) 
4 135 148 (603.724670 7592 3760 ) (467.832703 7592 3760 ) (467.832703 7592 3759.690186 ) (603.724670 7592 3759.690186 ) 
4 135 141 (467.832214 7592 3744 ) (467.832031 7592 3760 ) (559.148376 7683.201172 3760 ) (559.148438 7683.201172 3744 ) 
4 135 137 (467.839844 7592 3744 ) (559.151672 7683.197754 3744 ) (627.028748 7615.312500 3744 ) (603.724792 7592 3744 ) 
4 135 136 (603.726563 7592 3744 ) (627.029114 7615.312012 3744 ) (627.029053 7615.312012 3760 ) (603.725708 7592 3760 ) 
4 136 157 (626.338989 7592 3744 ) (626.338806 7592 3759.690186 ) (603.724670 7592 3759.690186 ) (603.724854 7592 3744 ) 
4 136 148 (626.338806 7592 3759.690186 ) (626.338806 7592 3760 ) (603.724670 7592 3760 ) (603.724670 7592 3759.690186 ) 
4 136 137 (638.339233 7604 3744 ) (626.338928 7592 3744 ) (603.724792 7592 3744 ) (627.028687 7615.312500 3744 ) 
4 137 157 (626.340698 7592 3584 ) (626.338989 7592 3744 ) (467.832764 7592 3744 ) (467.833527 7592 3584 ) 
4 137 144 (638.339905 7604 3584 ) (626.340454 7592 3584 ) (603.726196 7592 3584 ) (627.029114 7615.311523 3584 ) 
4 137 143 (603.726196 7592 3584 ) (467.833740 7592 3584 ) (559.147583 7683.199707 3584 ) (627.029114 7615.311523 3584 ) 
4 137 141 (559.147522 7683.199219 3584 ) (467.834198 7592 3584 ) (467.832214 7592 3744 ) (559.147095 7683.199707 3744 ) 
4 137 138 (627.029419 7615.311523 3584 ) (559.148865 7683.198730 3584 ) (559.148438 7683.199219 3744 ) (627.028625 7615.312500 3744 ) 
4 138 139 (631.272583 7619.556152 3584 ) (563.394043 7687.439941 3584 ) (563.392578 7687.439453 3744 ) (631.270020 7619.555664 3744 ) 
4 140 145 (553.485352 7700.173828 3584 ) (554.656250 7701.343750 3584 ) (565.978516 7690.021973 3584 ) (564.805969 7688.851074 3584 ) 
4 141 157 (445.236633 7592 3759.690186 ) (445.234741 7592 3584 ) (467.833527 7592 3584 ) (467.832703 7592 3759.690186 ) 
4 141 148 (467.832703 7592 3760 ) (445.236633 7592 3760 ) (445.236633 7592 3759.690186 ) (467.832703 7592 3759.690186 ) 
4 141 146 (445.234375 7592 3584 ) (547.822327 7694.514648 3584 ) (559.148010 7683.200195 3584 ) (467.833740 7592 3584 ) 
4 142 147 (564.805115 7688.850098 3568 ) (565.978027 7690.021484 3568 ) (645.170105 7610.829590 3568 ) (644 7609.659668 3568 ) 
4 142 145 (564.805481 7688.850098 3584 ) (565.980469 7690.023438 3584 ) (565.980530 7690.023438 3568 ) (564.805542 7688.850098 3568 ) 
4 143 157 (467.833374 7592 3568 ) (603.726074 7592 3568 ) (603.726501 7592 3584 ) (467.833496 7592 3584 ) 
4 143 147 (603.726074 7592 3568 ) (467.833374 7592 3568 ) (559.149902 7683.202148 3568 ) (627.028870 7615.312012 3568 ) 
4 143 146 (467.835938 7592 3584 ) (559.150024 7683.201660 3584 ) (559.150024 7683.201660 3568 ) (467.834259 7592 3568 ) 
4 143 144 (603.726563 7592 3568 ) (627.027893 7615.312988 3568 ) (627.027466 7615.313477 3584 ) (603.722900 7592 3584 ) 
4 144 157 (603.726074 7592 3568 ) (626.340881 7592 3568 ) (626.340698 7592 3584 ) (603.726501 7592 3584 ) 
4 144 147 (626.340881 7592 3568 ) (603.726074 7592 3568 ) (627.028809 7615.312012 3568 ) (638.340149 7604 3568 ) 
4 145 147 (553.485474 7700.173340 3568 ) (554.656372 7701.343262 3568 ) (565.978027 7690.021484 3568 ) (564.806152 7688.851074 3568 ) 
4 146 157 (445.234558 7592 3568 ) (467.833374 7592 3568 ) (467.833496 7592 3584 ) (445.234741 7592 3584 ) 
4 146 147 (467.833374 7592 3568 ) (445.234558 7592 3568 ) (547.822449 7694.514160 3568 ) (559.148193 7683.200195 3568 ) 
4 147 286 (0 7719.880371 3536 ) (0 7592 3536 ) (0 7592 3568 ) (0 7719.880371 3568 ) 
4 147 159 (0 7592 3567.690186 ) (0 7592 3536 ) (536 7592 3536 ) (536 7592 3567.690186 ) 
4 147 158 (536 7592 3536 ) (664 7592 3536 ) (664 7592 3567.690186 ) (536 7592 3567.690186 ) 
4 147 157 (0 7592 3568 ) (0 7592 3567.690186 ) (664 7592 3567.690186 ) (664 7592 3568 ) 
4 148 304 (0 7168 3791.690186 ) (0 7168 3759.690186 ) (664 7168 3759.690186 ) (664 7168 3791.690186 ) 
4 148 268 (0 7461.741211 3760 ) (0 7592 3760 ) (0 7592 3759.690186 ) (0 7461.741211 3759.690186 ) 
4 148 266 (0 7168 3759.690186 ) (0 7168 3760 ) (0 7461.741211 3760 ) (0 7461.741211 3759.690186 ) 
4 148 264 (0 7168 3760 ) (0 7168 3791.690186 ) (0 7592 3791.690186 ) (0 7592 3760 ) 
4 148 157 (0 7592 3759.690186 ) (664 7592 3759.690186 ) (664 7168 3759.690186 ) (0 7168 3759.690186 ) 
4 149 157 (664 7560 3567.690186 ) (664 7464 3567.690186 ) (664 7464 3759.690186 ) (664 7560 3759.690186 ) 
4 150 157 (664 7336 3694 ) (664 7336 3759.690186 ) (664 7432 3759.690186 ) (664 7432 3694 ) 
4 151 157 (664 7432 3567.690186 ) (664 7336 3567.690186 ) (664 7336 3634.149902 ) (664 7432 3634.149902 ) 
4 152 153 (664 7208 3568 ) (664 7208 3567.690186 ) (696 7208 3567.690186 ) (696 7208 3568 ) 
4 152 157 (664 7304 3567.690186 ) (664 7208 3567.690186 ) (664 7208 3759.690186 ) (664 7304 3759.690186 ) 
4 153 156 (664 7176 3568 ) (664 7176 3567.690186 ) (696 7176 3567.690186 ) (696 7176 3568 ) 
4 153 157 (664 7208 3567.690186 ) (664 7176 3567.690186 ) (664 7176 3568 ) (664 7208 3568 ) 
4 154 293 (696 7168 3759.690186 ) (664 7168 3759.690186 ) (664 7168 3696 ) (696 7168 3696 ) 
4 154 157 (664 7168 3696 ) (664 7168 3759.690186 ) (664 7176 3759.690186 ) (664 7176 3696 ) 
4 155 295 (728 7168 3631.690186 ) (728 7168 3632 ) (696 7168 3632 ) (696 7168 3631.690186 ) 
4 155 156 (696 7168 3632 ) (696 7176 3632 ) (696 7176 3631.690186 ) (696 7168 3631.690186 ) 
4 156 296 (664 7168 3567.690186 ) (696 7168 3567.690186 ) (696 7168 3632 ) (664 7168 3632 ) 
4 156 157 (664 7176 3567.690186 ) (664 7168 3567.690186 ) (664 7168 3632 ) (664 7176 3632 ) 
4 157 304 (0 7168 3759.690186 ) (0 7168 3567.690186 ) (664 7168 3567.690186 ) (664 7168 3759.690186 ) 
4 157 286 (0 7168 3567.690186 ) (0 7168 3568 ) (0 7592 3568 ) (0 7592 3567.690186 ) 
4 157 279 (0 7484.161621 3568 ) (0 7461.741211 3568 ) (0 7461.741211 3584 ) (0 7484.162598 3584 ) 
4 157 277 (0 7592 3584 ) (0 7592 3568 ) (0 7484.161621 3568 ) (0 7484.162598 3584 ) 
4 157 272 (0 7592 3744 ) (0 7592 3584 ) (0 7461.741211 3584 ) (0 7461.741211 3744 ) 
4 157 268 (0 7461.741211 3759.690186 ) (0 7592 3759.690186 ) (0 7592 3744 ) (0 7461.741211 3744 ) 
4 157 266 (0 7168 3568 ) (0 7168 3759.690186 ) (0 7461.741211 3759.690186 ) (0 7461.741211 3568 ) 
4 157 167 (536 7168 3567.690186 ) (0 7168 3567.690186 ) (0 7176 3567.690186 ) (536 7176 3567.690186 ) 
4 157 161 (184 7464 3567.690186 ) (312 7464 3567.690186 ) (312 7176 3567.690186 ) (184 7176 3567.690186 ) 
4 157 160 (312 7464 3567.690186 ) (536 7464 3567.690186 ) (536 7176 3567.690186 ) (312 7176 3567.690186 ) 
4 157 162 (0 7176 3567.690186 ) (0 7464 3567.690186 ) (184 7464 3567.690186 ) (184 7176 3567.690186 ) 
4 157 159 (0 7464 3567.690186 ) (0 7592 3567.690186 ) (536 7592 3567.690186 ) (536 7464 3567.690186 ) 
4 157 158 (664 7168 3567.690186 ) (536 7168 3567.690186 ) (536 7592 3567.690186 ) (664 7592 3567.690186 ) 
4 158 304 (664 7168 3567.690186 ) (536 7168 3567.690186 ) (536 7168 3536 ) (664 7168 3536 ) 
4 158 167 (536 7168 3567.690186 ) (536 7176 3567.690186 ) (536 7176 3536 ) (536 7168 3536 ) 
4 158 160 (536 7176 3567.690186 ) (536 7464 3567.690186 ) (536 7464 3536 ) (536 7176 3536 ) 
4 158 159 (536 7464 3567.690186 ) (536 7592 3567.690186 ) (536 7592 3536 ) (536 7464 3536 ) 
4 159 286 (0 7464 3536 ) (0 7464 3567.690186 ) (0 7592 3567.690186 ) (0 7592 3536 ) 
4 159 161 (312 7464 3567.690186 ) (184 7464 3567.690186 ) (184 7464 3536 ) (312 7464 3536 ) 
4 159 160 (536 7464 3536 ) (536 7464 3567.690186 ) (312 7464 3567.690186 ) (312 7464 3536 ) 
4 159 162 (184 7464 3567.690186 ) (0 7464 3567.690186 ) (0 7464 3536 ) (184 7464 3536 ) 
4 160 167 (536 7176 3536 ) (536 7176 3567.690186 ) (312 7176 3567.690186 ) (312 7176 3536 ) 
4 160 163 (344 7208 3520 ) (344 7432 3520 ) (504 7432 3520 ) (504 7208 3520 ) 
4 160 161 (312 7464 3567.690186 ) (312 7464 3536 ) (312 7176 3536 ) (312 7176 3567.690186 ) 
4 161 167 (312 7176 3567.690186 ) (184 7176 3567.690186 ) (184 7176 3536 ) (312 7176 3536 ) 
4 161 162 (184 7464 3567.690186 ) (184 7464 3536 ) (184 7176 3536 ) (184 7176 3567.690186 ) 
4 162 287 (0 7176 3520 ) (0 7176 3536 ) (0 7464 3536 ) (0 7464 3520 ) 
4 162 286 (0 7176 3536 ) (0 7176 3567.690186 ) (0 7464 3567.690186 ) (0 7464 3536 ) 
4 162 167 (184 7176 3567.690186 ) (0 7176 3567.690186 ) (0 7176 3536 ) (184 7176 3536 ) 
4 162 164 (80 7432 3520 ) (152 7432 3520 ) (152 7208 3520 ) (80 7208 3520 ) 
4 162 166 (0 7208 3520 ) (0 7432 3520 ) (64 7432 3520 ) (64 7208 3520 ) 
4 163 205 (504 7432 3512 ) (504 7208 3512 ) (344 7208 3512 ) (344 7432 3512 ) 
4 164 261 (80 7432 3512 ) (152 7432 3512 ) (152 7208 3512 ) (80 7208 3512 ) 
4 164 165 (80 7432 3516 ) (80 7432 3512 ) (80 7208 3512 ) (80 7208 3516 ) 
4 165 261 (64 7432 3512 ) (80 7432 3512 ) (80 7208 3512 ) (64 7208 3512 ) 
4 165 166 (64 7432 3516 ) (64 7432 3512 ) (64 7208 3512 ) (64 7208 3516 ) 
4 166 288 (0 7432 3512 ) (0 7208 3512 ) (0 7208 3520 ) (0 7432 3520 ) 
4 166 261 (0 7208 3512 ) (0 7432 3512 ) (64 7432 3512 ) (64 7208 3512 ) 
4 167 304 (536 7168 3567.690186 ) (0 7168 3567.690186 ) (0 7168 3536 ) (536 7168 3536 ) 
4 167 286 (0 7168 3536 ) (0 7168 3567.690186 ) (0 7176 3567.690186 ) (0 7176 3536 ) 
4 168 169 (456 8136 3458 ) (456 8168 3458 ) (520 8168 3458 ) (520 8136 3458 ) 
4 169 175 (456 8168 3456 ) (520 8168 3456 ) (520 8136 3456 ) (456 8136 3456 ) 
4 170 217 (340 8168 3486 ) (340 8168 3458 ) (340 8136 3458 ) (340 8136 3486 ) 
4 170 171 (340 8168 3458 ) (392 8168 3458 ) (392 8136 3458 ) (340 8136 3458 ) 
4 171 218 (340 8168 3458 ) (340 8168 3456 ) (340 8136 3456 ) (340 8136 3458 ) 
4 171 175 (340 8136 3456 ) (340 8168 3456 ) (392 8168 3456 ) (392 8136 3456 ) 
4 172 176 (872 8008 3456 ) (680 8008 3456 ) (680 8008 3366 ) (872 8008 3366 ) 
4 172 174 (872 8008 3366 ) (680 8008 3366 ) (680 8192 3366 ) (872 8192 3366 ) 
4 174 176 (680 8008 3264 ) (872 8008 3264 ) (872 8008 3366 ) (680 8008 3366 ) 
4 175 219 (340 8192 3456 ) (340 8192 3264 ) (340 8008 3264 ) (340 8008 3456 ) 
4 175 187 (648 8008 3296 ) (648 8008 3304 ) (340 8008 3304 ) (340 8008 3296 ) 
4 175 185 (536 8008 3400 ) (340 8008 3400 ) (340 8008 3304 ) (536 8008 3304 ) 
4 175 184 (544 8008 3400 ) (536 8008 3400 ) (536 8008 3304 ) (544 8008 3304 ) 
4 175 181 (640 8008 3400 ) (544 8008 3400 ) (544 8008 3304 ) (640 8008 3304 ) 
4 175 180 (648 8008 3304 ) (648 8008 3400 ) (640 8008 3400 ) (640 8008 3304 ) 
4 175 178 (648 8008 3400 ) (648 8008 3408 ) (340 8008 3408 ) (340 8008 3400 ) 
4 176 177 (680 7976 3264 ) (680 7784 3264 ) (680 7784 3456 ) (680 7976 3456 ) 
4 177 188 (648 7976 3264 ) (648 7784 3264 ) (648 7784 3304 ) (648 7976 3304 ) 
4 177 180 (648 7784 3304 ) (648 7784 3400 ) (648 7976 3400 ) (648 7976 3304 ) 
4 177 179 (648 7784 3400 ) (648 7784 3456 ) (648 7976 3456 ) (648 7976 3400 ) 
4 178 228 (340 7984 3400 ) (340 7980 3400 ) (340 7980 3408 ) (340 7984 3408 ) 
4 178 227 (340 8008 3408 ) (340 8008 3400 ) (340 7984 3400 ) (340 7984 3408 ) 
4 178 229 (340 7980 3400 ) (340 7976 3400 ) (340 7976 3408 ) (340 7980 3408 ) 
4 178 185 (340 8008 3400 ) (536 8008 3400 ) (536 7984 3400 ) (340 7984 3400 ) 
4 178 186 (536 7980 3400 ) (536 7976 3400 ) (340 7976 3400 ) (340 7980 3400 ) 
4 178 184 (536 8008 3400 ) (544 8008 3400 ) (544 7976 3400 ) (536 7976 3400 ) 
4 178 182 (640 7984 3400 ) (640 7980 3400 ) (544 7980 3400 ) (544 7984 3400 ) 
4 178 181 (544 8008 3400 ) (640 8008 3400 ) (640 7984 3400 ) (544 7984 3400 ) 
4 178 183 (640 7980 3400 ) (640 7976 3400 ) (544 7976 3400 ) (544 7980 3400 ) 
4 178 180 (640 8008 3400 ) (648 8008 3400 ) (648 7976 3400 ) (640 7976 3400 ) 
4 178 179 (340 7976 3400 ) (648 7976 3400 ) (648 7976 3408 ) (340 7976 3408 ) 
4 179 229 (340 7784 3400 ) (340 7784 3408 ) (340 7976 3408 ) (340 7976 3400 ) 
4 179 226 (340 7784 3408 ) (340 7784 3456 ) (340 7976 3456 ) (340 7976 3408 ) 
4 179 186 (536 7784 3400 ) (340 7784 3400 ) (340 7976 3400 ) (536 7976 3400 ) 
4 179 184 (544 7784 3400 ) (536 7784 3400 ) (536 7976 3400 ) (544 7976 3400 ) 
4 179 183 (640 7784 3400 ) (544 7784 3400 ) (544 7976 3400 ) (640 7976 3400 ) 
4 179 180 (648 7976 3400 ) (648 7784 3400 ) (640 7784 3400 ) (640 7976 3400 ) 
4 180 187 (640 8008 3304 ) (648 8008 3304 ) (648 7976 3304 ) (640 7976 3304 ) 
4 180 188 (648 7976 3304 ) (648 7784 3304 ) (640 7784 3304 ) (640 7976 3304 ) 
4 180 182 (640 7984 3304 ) (640 7980 3304 ) (640 7980 3400 ) (640 7984 3400 ) 
4 180 181 (640 8008 3304 ) (640 7984 3304 ) (640 7984 3400 ) (640 8008 3400 ) 
4 180 183 (640 7980 3304 ) (640 7784 3304 ) (640 7784 3400 ) (640 7980 3400 ) 
4 181 187 (544 8008 3304 ) (640 8008 3304 ) (640 7984 3304 ) (544 7984 3304 ) 
4 181 184 (544 8008 3304 ) (544 7984 3304 ) (544 7984 3400 ) (544 8008 3400 ) 
4 181 182 (544 7984 3400 ) (544 7984 3304 ) (640 7984 3304 ) (640 7984 3400 ) 
4 182 187 (640 7984 3304 ) (640 7980 3304 ) (544 7980 3304 ) (544 7984 3304 ) 
4 182 184 (544 7984 3304 ) (544 7980 3304 ) (544 7980 3400 ) (544 7984 3400 ) 
4 182 183 (544 7980 3400 ) (544 7980 3304 ) (640 7980 3304 ) (640 7980 3400 ) 
4 183 187 (640 7980 3304 ) (640 7976 3304 ) (544 7976 3304 ) (544 7980 3304 ) 
4 183 188 (640 7976 3304 ) (640 7784 3304 ) (544 7784 3304 ) (544 7976 3304 ) 
4 183 184 (544 7980 3304 ) (544 7784 3304 ) (544 7784 3400 ) (544 7980 3400 ) 
4 184 187 (536 8008 3304 ) (544 8008 3304 ) (544 7976 3304 ) (536 7976 3304 ) 
4 184 188 (544 7976 3304 ) (544 7784 3304 ) (536 7784 3304 ) (536 7976 3304 ) 
4 184 185 (536 8008 3304 ) (536 7984 3304 ) (536 7984 3400 ) (536 8008 3400 ) 
4 184 186 (536 7980 3304 ) (536 7784 3304 ) (536 7784 3400 ) (536 7980 3400 ) 
4 185 232 (340 8008 3316 ) (340 8008 3304 ) (340 7984 3304 ) (340 7984 3316 ) 
4 185 227 (340 7984 3400 ) (340 8008 3400 ) (340 8008 3316 ) (340 7984 3316 ) 
4 185 187 (340 8008 3304 ) (536 8008 3304 ) (536 7984 3304 ) (340 7984 3304 ) 
4 186 235 (340 7784 3304 ) (340 7784 3316 ) (340 7976 3316 ) (340 7976 3304 ) 
4 186 233 (340 7976 3316 ) (340 7980 3316 ) (340 7980 3304 ) (340 7976 3304 ) 
4 186 229 (340 7784 3316 ) (340 7784 3400 ) (340 7980 3400 ) (340 7980 3316 ) 
4 186 189 (380 7784 3304 ) (468 7784 3304 ) (468 7784 3356 ) (380 7784 3356 ) 
4 186 187 (536 7980 3304 ) (536 7976 3304 ) (340 7976 3304 ) (340 7980 3304 ) 
4 186 188 (536 7976 3304 ) (536 7784 3304 ) (340 7784 3304 ) (340 7976 3304 ) 
4 187 234 (340 7976 3296 ) (340 7976 3304 ) (340 8008 3304 ) (340 8008 3296 ) 
4 187 188 (648 7976 3296 ) (648 7976 3304 ) (340 7976 3304 ) (340 7976 3296 ) 
4 188 238 (340 7976 3264 ) (340 7784 3264 ) (340 7784 3268 ) (340 7976 3268 ) 
4 188 235 (340 7784 3268 ) (340 7784 3304 ) (340 7976 3304 ) (340 7976 3268 ) 
4 188 189 (380 7784 3264 ) (468 7784 3264 ) (468 7784 3304 ) (380 7784 3304 ) 
4 189 191 (420 7772 3264 ) (428 7772 3264 ) (428 7772 3356 ) (420 7772 3356 ) 
4 189 190 (428 7772 3264 ) (468 7772 3264 ) (468 7772 3356 ) (428 7772 3356 ) 
4 189 192 (380 7772 3264 ) (420 7772 3264 ) (420 7772 3356 ) (380 7772 3356 ) 
4 190 193 (428 7764 3264 ) (468 7764 3264 ) (468 7764 3356 ) (428 7764 3356 ) 
4 190 191 (428 7772 3356 ) (428 7772 3264 ) (428 7764 3264 ) (428 7764 3356 ) 
4 191 193 (420 7764 3264 ) (428 7764 3264 ) (428 7764 3356 ) (420 7764 3356 ) 
4 191 192 (420 7772 3356 ) (420 7772 3264 ) (420 7764 3264 ) (420 7764 3356 ) 
4 192 193 (380 7764 3264 ) (420 7764 3264 ) (420 7764 3356 ) (380 7764 3356 ) 
4 193 206 (380 7752 3264 ) (468 7752 3264 ) (468 7752 3356 ) (380 7752 3356 ) 
4 194 196 (680 8008 2368 ) (872 8008 2368 ) (872 8008 2560 ) (680 8008 2560 ) 
4 195 220 (340 8192 2560 ) (340 8192 2368 ) (340 8008 2368 ) (340 8008 2560 ) 
4 195 198 (456 8192 2368 ) (616 8192 2368 ) (616 8072 2368 ) (456 8072 2368 ) 
4 195 199 (340 8072 2368 ) (340 8192 2368 ) (392 8192 2368 ) (392 8072 2368 ) 
4 196 197 (680 7976 2368 ) (872 7976 2368 ) (872 7976 2560 ) (680 7976 2560 ) 
4 197 239 (340 7976 2368 ) (340 7784 2368 ) (340 7784 2560 ) (340 7976 2560 ) 
4 198 200 (616 8072 2366 ) (456 8072 2366 ) (456 8192 2366 ) (616 8192 2366 ) 
4 199 221 (340 8192 2368 ) (340 8192 2366 ) (340 8072 2366 ) (340 8072 2368 ) 
4 199 200 (392 8072 2366 ) (340 8072 2366 ) (340 8192 2366 ) (392 8192 2366 ) 
4 200 222 (340 8192 2366 ) (340 8192 2352 ) (340 8072 2352 ) (340 8072 2366 ) 
4 201 209 (504 7288 3384 ) (504 7224 3384 ) (504 7224 3392 ) (504 7288 3392 ) 
4 201 205 (504 7224 3392 ) (504 7224 3432 ) (504 7288 3432 ) (504 7288 3392 ) 
4 202 207 (504 7672 3320 ) (504 7608 3320 ) (504 7608 3336 ) (504 7672 3336 ) 
4 202 206 (504 7736 3320 ) (504 7672 3320 ) (504 7672 3336 ) (504 7736 3336 ) 
4 203 209 (344 7464 3392 ) (344 7580 3392 ) (504 7580 3392 ) (504 7464 3392 ) 
4 203 204 (344 7464 3472 ) (344 7464 3392 ) (504 7464 3392 ) (504 7464 3472 ) 
4 204 209 (344 7432 3392 ) (344 7464 3392 ) (504 7464 3392 ) (504 7432 3392 ) 
4 204 205 (344 7432 3472 ) (344 7432 3392 ) (504 7432 3392 ) (504 7432 3472 ) 
4 205 211 (344 7288 3392 ) (344 7224 3392 ) (344 7224 3432 ) (344 7288 3432 ) 
4 205 209 (504 7208 3392 ) (344 7208 3392 ) (344 7432 3392 ) (504 7432 3392 ) 
4 206 212 (344 7736 3320 ) (344 7672 3320 ) (344 7672 3336 ) (344 7736 3336 ) 
3 206 208 (344 7672 3264 ) (350 7672 3264 ) (344 7672 3270 ) 
5 206 207 (350 7672 3264 ) (504 7672 3264 ) (504 7672 3392 ) (344 7672 3392 ) (344 7672 3270 ) 
4 207 213 (344 7608 3270 ) (344 7608 3316 ) (344 7672 3316 ) (344 7672 3270 ) 
4 207 212 (344 7608 3320 ) (344 7608 3336 ) (344 7672 3336 ) (344 7672 3320 ) 
5 207 209 (350 7608 3264 ) (504 7608 3264 ) (504 7608 3392 ) (344 7608 3392 ) (344 7608 3270 ) 
4 207 208 (344 7672 3270 ) (350 7672 3264 ) (350 7608 3264 ) (344 7608 3270 ) 
4 208 214 (344 7608 3268 ) (344 7608 3270 ) (344 7672 3270 ) (344 7672 3268 ) 
3 208 209 (344 7608 3264 ) (350 7608 3264 ) (344 7608 3270 ) 
4 209 216 (344 7416 3316 ) (344 7480 3316 ) (344 7480 3268 ) (344 7416 3268 ) 
4 209 211 (344 7224 3392 ) (344 7288 3392 ) (344 7288 3384 ) (344 7224 3384 ) 
4 209 210 (432 7208 3264 ) (488 7208 3264 ) (488 7208 3376 ) (432 7208 3376 ) 
4 211 231 (340 7288 3384 ) (340 7224 3384 ) (340 7224 3432 ) (340 7288 3432 ) 
4 212 230 (340 7736 3320 ) (340 7608 3320 ) (340 7608 3336 ) (340 7736 3336 ) 
4 213 215 (342 7672 3316 ) (342 7672 3272 ) (342 7608 3272 ) (342 7608 3316 ) 
4 213 214 (344 7608 3270 ) (342 7608 3272 ) (342 7672 3272 ) (344 7672 3270 ) 
4 214 215 (342 7672 3272 ) (342 7672 3268 ) (342 7608 3268 ) (342 7608 3272 ) 
4 215 236 (340 7672 3268 ) (340 7608 3268 ) (340 7608 3316 ) (340 7672 3316 ) 
4 216 237 (340 7480 3268 ) (340 7416 3268 ) (340 7416 3316 ) (340 7480 3316 ) 
4 217 218 (340 8136 3458 ) (328 8136 3458 ) (328 8168 3458 ) (340 8168 3458 ) 
4 218 219 (328 8168 3456 ) (340 8168 3456 ) (340 8136 3456 ) (328 8136 3456 ) 
4 219 242 (232 8008 3400 ) (232 8008 3304 ) (304 8008 3304 ) (304 8008 3400 ) 
4 219 245 (232 8008 3304 ) (232 8008 3296 ) (304 8008 3296 ) (304 8008 3304 ) 
4 219 241 (304 8008 3296 ) (312 8008 3296 ) (312 8008 3400 ) (304 8008 3400 ) 
4 219 240 (232 8008 3408 ) (232 8008 3400 ) (312 8008 3400 ) (312 8008 3408 ) 
4 219 234 (340 8008 3296 ) (340 8008 3304 ) (312 8008 3304 ) (312 8008 3296 ) 
4 219 232 (340 8008 3304 ) (340 8008 3316 ) (312 8008 3316 ) (312 8008 3304 ) 
4 219 227 (340 8008 3316 ) (340 8008 3408 ) (312 8008 3408 ) (312 8008 3316 ) 
4 219 223 (232 8008 3264 ) (232 8008 3456 ) (232 8192 3456 ) (232 8192 3264 ) 
4 220 224 (232 8008 2368 ) (232 8008 2560 ) (232 8192 2560 ) (232 8192 2368 ) 
4 220 221 (232 8072 2368 ) (232 8192 2368 ) (340 8192 2368 ) (340 8072 2368 ) 
4 221 222 (340 8072 2366 ) (232 8072 2366 ) (232 8192 2366 ) (340 8192 2366 ) 
4 223 242 (232 8008 3304 ) (232 8008 3400 ) (208 8008 3400 ) (208 8008 3304 ) 
4 223 245 (232 8008 3296 ) (232 8008 3304 ) (208 8008 3304 ) (208 8008 3296 ) 
4 223 246 (208 8008 3400 ) (200 8008 3400 ) (200 8008 3296 ) (208 8008 3296 ) 
4 223 240 (232 8008 3400 ) (232 8008 3408 ) (200 8008 3408 ) (200 8008 3400 ) 
4 223 225 (200 8096 3376 ) (200 8096 3264 ) (200 8040 3264 ) (200 8040 3376 ) 
4 225 255 (184 8040 3264 ) (184 8040 3376 ) (184 8096 3376 ) (184 8096 3264 ) 
4 226 247 (312 7976 3408 ) (312 7784 3408 ) (312 7784 3456 ) (312 7976 3456 ) 
4 226 229 (340 7784 3408 ) (312 7784 3408 ) (312 7976 3408 ) (340 7976 3408 ) 
4 227 241 (312 8008 3400 ) (312 8008 3316 ) (312 7984 3316 ) (312 7984 3400 ) 
4 227 240 (312 8008 3408 ) (312 8008 3400 ) (312 7984 3400 ) (312 7984 3408 ) 
4 227 232 (312 7984 3316 ) (312 8008 3316 ) (340 8008 3316 ) (340 7984 3316 ) 
4 227 228 (340 7984 3400 ) (340 7984 3408 ) (312 7984 3408 ) (312 7984 3400 ) 
4 228 240 (312 7980 3400 ) (312 7980 3408 ) (312 7984 3408 ) (312 7984 3400 ) 
4 228 229 (340 7980 3400 ) (340 7980 3408 ) (312 7980 3408 ) (312 7980 3400 ) 
4 229 247 (312 7976 3316 ) (312 7784 3316 ) (312 7784 3408 ) (312 7976 3408 ) 
4 229 241 (312 7980 3316 ) (312 7976 3316 ) (312 7976 3400 ) (312 7980 3400 ) 
4 229 240 (312 7976 3400 ) (312 7976 3408 ) (312 7980 3408 ) (312 7980 3400 ) 
4 229 235 (312 7784 3316 ) (312 7976 3316 ) (340 7976 3316 ) (340 7784 3316 ) 
4 229 233 (312 7976 3316 ) (312 7980 3316 ) (340 7980 3316 ) (340 7976 3316 ) 
4 231 248 (312 7224 3432 ) (312 7288 3432 ) (312 7288 3384 ) (312 7224 3384 ) 
4 232 241 (312 8008 3316 ) (312 8008 3304 ) (312 7984 3304 ) (312 7984 3316 ) 
4 232 234 (312 7984 3304 ) (312 8008 3304 ) (340 8008 3304 ) (340 7984 3304 ) 
4 233 241 (312 7980 3304 ) (312 7976 3304 ) (312 7976 3316 ) (312 7980 3316 ) 
4 233 235 (340 7976 3304 ) (340 7976 3316 ) (312 7976 3316 ) (312 7976 3304 ) 
4 233 234 (340 7976 3304 ) (312 7976 3304 ) (312 7980 3304 ) (340 7980 3304 ) 
4 234 241 (312 8008 3304 ) (312 8008 3296 ) (312 7976 3296 ) (312 7976 3304 ) 
4 234 235 (340 7976 3296 ) (340 7976 3304 ) (312 7976 3304 ) (312 7976 3296 ) 
4 235 249 (312 7976 3268 ) (312 7784 3268 ) (312 7784 3316 ) (312 7976 3316 ) 
4 235 238 (312 7784 3268 ) (312 7976 3268 ) (340 7976 3268 ) (340 7784 3268 ) 
4 236 250 (312 7672 3268 ) (312 7608 3268 ) (312 7608 3316 ) (312 7672 3316 ) 
4 237 251 (312 7480 3268 ) (312 7416 3268 ) (312 7416 3316 ) (312 7480 3316 ) 
4 238 253 (312 7784 3264 ) (312 7784 3268 ) (312 7976 3268 ) (312 7976 3264 ) 
4 239 254 (312 7784 2368 ) (312 7784 2560 ) (312 7976 2560 ) (312 7976 2368 ) 
4 240 247 (312 7976 3400 ) (312 7976 3408 ) (200 7976 3408 ) (200 7976 3400 ) 
4 240 243 (208 7980 3400 ) (208 7984 3400 ) (304 7984 3400 ) (304 7980 3400 ) 
4 240 242 (208 7984 3400 ) (208 8008 3400 ) (304 8008 3400 ) (304 7984 3400 ) 
4 240 244 (304 7976 3400 ) (208 7976 3400 ) (208 7980 3400 ) (304 7980 3400 ) 
4 240 241 (312 7976 3400 ) (304 7976 3400 ) (304 8008 3400 ) (312 8008 3400 ) 
4 240 246 (208 7976 3400 ) (200 7976 3400 ) (200 8008 3400 ) (208 8008 3400 ) 
4 241 249 (312 7976 3296 ) (312 7976 3316 ) (304 7976 3316 ) (304 7976 3296 ) 
4 241 247 (312 7976 3316 ) (312 7976 3400 ) (304 7976 3400 ) (304 7976 3316 ) 
4 241 243 (304 7980 3400 ) (304 7984 3400 ) (304 7984 3304 ) (304 7980 3304 ) 
4 241 242 (304 7984 3400 ) (304 8008 3400 ) (304 8008 3304 ) (304 7984 3304 ) 
4 241 244 (304 7976 3304 ) (304 7976 3400 ) (304 7980 3400 ) (304 7980 3304 ) 
4 241 245 (304 8008 3296 ) (304 7976 3296 ) (304 7976 3304 ) (304 8008 3304 ) 
4 242 246 (208 7984 3400 ) (208 8008 3400 ) (208 8008 3304 ) (208 7984 3304 ) 
4 242 245 (208 7984 3304 ) (208 8008 3304 ) (304 8008 3304 ) (304 7984 3304 ) 
4 242 243 (208 7984 3400 ) (208 7984 3304 ) (304 7984 3304 ) (304 7984 3400 ) 
4 243 244 (208 7980 3400 ) (208 7980 3304 ) (304 7980 3304 ) (304 7980 3400 ) 
4 243 246 (208 7980 3400 ) (208 7984 3400 ) (208 7984 3304 ) (208 7980 3304 ) 
4 243 245 (208 7980 3304 ) (208 7984 3304 ) (304 7984 3304 ) (304 7980 3304 ) 
4 244 249 (208 7976 3316 ) (208 7976 3304 ) (304 7976 3304 ) (304 7976 3316 ) 
4 244 247 (304 7976 3400 ) (208 7976 3400 ) (208 7976 3316 ) (304 7976 3316 ) 
4 244 245 (208 7976 3304 ) (208 7980 3304 ) (304 7980 3304 ) (304 7976 3304 ) 
4 244 246 (208 7976 3304 ) (208 7976 3400 ) (208 7980 3400 ) (208 7980 3304 ) 
4 245 249 (208 7976 3304 ) (208 7976 3296 ) (304 7976 3296 ) (304 7976 3304 ) 
4 245 246 (208 8008 3296 ) (208 7976 3296 ) (208 7976 3304 ) (208 8008 3304 ) 
4 246 249 (200 7976 3316 ) (200 7976 3296 ) (208 7976 3296 ) (208 7976 3316 ) 
4 246 247 (208 7976 3400 ) (200 7976 3400 ) (200 7976 3316 ) (208 7976 3316 ) 
4 247 256 (184 7976 3456 ) (184 7976 3316 ) (184 7784 3316 ) (184 7784 3456 ) 
4 247 249 (184 7784 3316 ) (184 7976 3316 ) (312 7976 3316 ) (312 7784 3316 ) 
4 248 260 (184 7288 3432 ) (184 7288 3384 ) (184 7224 3384 ) (184 7224 3432 ) 
4 249 256 (184 7784 3316 ) (184 7976 3316 ) (184 7976 3268 ) (184 7784 3268 ) 
4 249 253 (184 7784 3268 ) (184 7976 3268 ) (312 7976 3268 ) (312 7784 3268 ) 
4 250 252 (184 7608 3268 ) (248 7608 3268 ) (248 7608 3316 ) (184 7608 3316 ) 
4 251 252 (248 7480 3268 ) (248 7416 3268 ) (248 7416 3316 ) (248 7480 3316 ) 
4 253 256 (184 7784 3264 ) (184 7784 3268 ) (184 7976 3268 ) (184 7976 3264 ) 
4 254 257 (184 7784 2368 ) (184 7784 2560 ) (184 7976 2560 ) (184 7976 2368 ) 
4 255 258 (168 8096 3376 ) (168 8096 3264 ) (168 8040 3264 ) (168 8040 3376 ) 
4 256 258 (168 7784 3264 ) (168 7784 3456 ) (168 7976 3456 ) (168 7976 3264 ) 
4 257 259 (168 7784 2368 ) (168 7784 2560 ) (168 7976 2560 ) (168 7976 2368 ) 
4 258 290 (0 8192 3456 ) (0 8192 3264 ) (0 7784 3264 ) (0 7784 3456 ) 
4 259 291 (0 8192 2560 ) (0 8192 2368 ) (0 7784 2368 ) (0 7784 2560 ) 
4 260 261 (152 7224 3432 ) (152 7288 3432 ) (152 7288 3384 ) (152 7224 3384 ) 
4 261 292 (0 7208 3376 ) (0 7208 3512 ) (0 7432 3512 ) (0 7432 3376 ) 
4 261 262 (136 7208 3432 ) (72 7208 3432 ) (72 7208 3384 ) (136 7208 3384 ) 
4 262 311 (136 7168 3432 ) (72 7168 3432 ) (72 7168 3384 ) (136 7168 3384 ) 
4 263 271 (0 7642.471680 3760 ) (0 7619.830078 3760 ) (-63.146500 7683.030762 3760 ) (-51.833790 7694.340820 3760 ) 
5 263 268 (0 7619.830078 3760 ) (0 7592 3760 ) (-130.480164 7592 3760 ) (-142.330704 7603.830566 3760 ) (-63.145466 7683.029785 3760 ) 
4 263 267 (-37.693531 7720 3760 ) (0 7720 3760 ) (0 7642.471680 3760 ) (-57.572929 7700.083984 3760 ) 
3 263 266 (-130.480164 7592 3760 ) (-165.457779 7592 3760 ) (-148 7609.490234 3760 ) 
4 263 265 (-40 7720 3760 ) (-37.693531 7720 3760 ) (-165.457779 7592 3760 ) (-168 7592 3760 ) 
4 263 264 (-168 7592 3760 ) (0 7592 3760 ) (0 7592 3791.690186 ) (-168 7592 3791.690186 ) 
4 264 313 (0 7168 3760 ) (0 7168 3791.690186 ) (-168 7168 3791.690186 ) (-168 7168 3760 ) 
3 264 268 (-130.480103 7592 3760 ) (0 7592 3760 ) (0 7461.741211 3760 ) 
6 264 266 (0 7168 3760 ) (-168 7168 3760 ) (-168 7589.453125 3760 ) (-165.457718 7592 3760 ) (-130.480103 7592 3760 ) (0 7461.741211 3760 ) 
3 264 265 (-168 7589.453125 3760 ) (-168 7592 3760 ) (-165.457718 7592 3760 ) 
4 265 286 (-168 7589.453125 3568 ) (-168 7592 3568 ) (-40 7720 3568 ) (-37.693314 7720 3568 ) 
4 265 276 (-136.701263 7620.812012 3568 ) (-57.571983 7700.086914 3568 ) (-57.572155 7700.086914 3584 ) (-136.700577 7620.812988 3584 ) 
4 265 274 (-57.572155 7700.086914 3584 ) (-57.573883 7700.084961 3744 ) (-136.694733 7620.818848 3744 ) (-136.700592 7620.812988 3584 ) 
4 265 270 (-57.573883 7700.084961 3744 ) (-57.574055 7700.084961 3760 ) (-68.874298 7688.764160 3760 ) (-68.874146 7688.764160 3744 ) 
4 265 269 (-68.874298 7688.764160 3760 ) (-148.001495 7609.491211 3760 ) (-148.001495 7609.491211 3744 ) (-68.874146 7688.764160 3744 ) 
4 265 267 (-57.571983 7700.086914 3568 ) (-37.695313 7720 3568 ) (-37.695313 7720 3760 ) (-57.574055 7700.084961 3760 ) 
4 265 266 (-168 7589.456055 3760 ) (-168 7589.456055 3568 ) (-148.001495 7609.491211 3568 ) (-148.001495 7609.491211 3760 ) 
4 266 314 (0 7168 3568 ) (0 7168 3760 ) (-168 7168 3760 ) (-168 7168 3568 ) 
5 266 286 (0 7461.741211 3568 ) (0 7168 3568 ) (-168 7168 3568 ) (-168 7589.453125 3568 ) (-148 7609.489746 3568 ) 
4 266 285 (-168 7176 3568 ) (-168 7168 3568 ) (-168 7168 3632 ) (-168 7176 3632 ) 
4 266 284 (-168 7168 3696 ) (-168 7168 3760 ) (-168 7176 3760 ) (-168 7176 3696 ) 
4 266 283 (-168 7304 3568 ) (-168 7208 3568 ) (-168 7208 3760 ) (-168 7304 3760 ) 
4 266 281 (-168 7336 3696 ) (-168 7336 3760 ) (-168 7432 3760 ) (-168 7432 3696 ) 
4 266 282 (-168 7432 3568 ) (-168 7336 3568 ) (-168 7336 3632 ) (-168 7432 3632 ) 
4 266 280 (-168 7560 3568 ) (-168 7464 3568 ) (-168 7464 3760 ) (-168 7560 3760 ) 
4 266 279 (0 7461.747070 3568 ) (-142.339035 7603.844727 3568 ) (-142.339035 7603.844727 3584 ) (0 7461.747070 3584 ) 
4 266 272 (-142.339020 7603.844727 3744 ) (0 7461.747559 3744 ) (0 7461.747070 3584 ) (-142.339035 7603.844727 3584 ) 
4 266 268 (-142.327621 7603.833496 3760 ) (0 7461.747559 3760 ) (0 7461.747559 3744 ) (-142.326935 7603.832520 3744 ) 
4 267 286 (0 7720 3568 ) (0 7642.475586 3568 ) (-57.570961 7700.085938 3568 ) (-37.693314 7720 3568 ) 
4 267 278 (-51.832161 7694.343750 3568 ) (0 7642.476563 3568 ) (0 7642.476074 3584 ) (-51.832027 7694.343750 3584 ) 
4 267 272 (-51.801273 7694.312988 3584 ) (0 7642.476074 3584 ) (0 7642.473145 3744 ) (-51.802872 7694.311035 3744 ) 
4 267 271 (-51.833244 7694.341309 3744 ) (0 7642.473145 3744 ) (0 7642.472656 3760 ) (-51.833427 7694.341309 3760 ) 
4 268 272 (0 7461.738281 3744 ) (-142.331100 7603.829102 3744 ) (-63.144463 7683.029297 3744 ) (0 7619.830566 3744 ) 
4 268 271 (0 7619.824219 3744 ) (-63.147755 7683.025879 3744 ) (-63.148510 7683.026367 3760 ) (0 7619.823730 3760 ) 
4 271 272 (-51.833576 7694.341309 3744 ) (0 7642.472656 3744 ) (0 7619.830566 3744 ) (-63.146191 7683.031250 3744 ) 
4 272 279 (0 7461.738281 3584 ) (-142.342865 7603.840820 3584 ) (-131.030594 7615.144531 3584 ) (0 7484.162598 3584 ) 
4 272 278 (-63.118271 7683.003906 3584 ) (-51.802891 7694.310547 3584 ) (0 7642.472656 3584 ) (0 7619.831543 3584 ) 
4 272 277 (-131.030594 7615.144531 3584 ) (-63.118271 7683.003906 3584 ) (0 7619.831543 3584 ) (0 7484.162598 3584 ) 
4 272 273 (-63.118568 7683.003418 3584 ) (-131.029816 7615.144531 3584 ) (-131.024292 7615.150391 3744 ) (-63.118912 7683.002930 3744 ) 
4 273 275 (-67.385391 7687.274414 3584 ) (-135.272781 7619.385742 3584 ) (-135.269669 7619.394531 3744 ) (-67.388588 7687.277344 3744 ) 
4 274 275 (-136.679504 7620.800781 3744 ) (-136.686859 7620.796875 3584 ) (-68.803879 7688.694336 3584 ) (-68.802345 7688.691406 3744 ) 
4 277 286 (0 7619.831055 3568 ) (0 7484.161621 3568 ) (-131.025528 7615.138184 3568 ) (-63.144573 7683.029785 3568 ) 
4 277 279 (0 7484.166016 3584 ) (-131.023819 7615.141113 3584 ) (-131.023712 7615.140137 3568 ) (0 7484.164551 3568 ) 
4 277 278 (0 7619.828125 3568 ) (-63.145847 7683.028320 3568 ) (-63.146858 7683.029297 3584 ) (0 7619.828125 3584 ) 
4 278 286 (0 7642.475586 3568 ) (0 7619.831055 3568 ) (-63.146645 7683.032227 3568 ) (-51.832504 7694.343750 3568 ) 
4 279 286 (0 7484.161621 3568 ) (0 7461.741211 3568 ) (-142.341965 7603.841309 3568 ) (-131.031067 7615.143555 3568 ) 
4 284 315 (-168 7168 3760 ) (-200 7168 3760 ) (-200 7168 3696 ) (-168 7168 3696 ) 
4 285 317 (-200 7168 3568 ) (-168 7168 3568 ) (-168 7168 3632 ) (-200 7168 3632 ) 
4 286 324 (-40 7168 3568 ) (-168 7168 3568 ) (-168 7168 3536 ) (-40 7168 3536 ) 
4 286 323 (0 7168 3536 ) (0 7168 3568 ) (-40 7168 3568 ) (-40 7168 3536 ) 
4 286 289 (-40 7176 3536 ) (-40 7464 3536 ) (-8 7464 3536 ) (-8 7176 3536 ) 
4 286 287 (-8 7464 3536 ) (0 7464 3536 ) (0 7176 3536 ) (-8 7176 3536 ) 
4 287 289 (-8 7464 3536 ) (-8 7464 3520 ) (-8 7176 3520 ) (-8 7176 3536 ) 
4 287 288 (-8 7208 3520 ) (-8 7432 3520 ) (0 7432 3520 ) (0 7208 3520 ) 
4 288 292 (0 7432 3512 ) (0 7208 3512 ) (-8 7208 3512 ) (-8 7432 3512 ) 
4 293 304 (664 7144 3759.690186 ) (664 7168 3759.690186 ) (664 7168 3696 ) (664 7144 3696 ) 
4 294 304 (664 7048 3759.690186 ) (664 7080 3759.690186 ) (664 7080 3696 ) (664 7048 3696 ) 
4 295 296 (696 7144 3631.690186 ) (696 7144 3632 ) (696 7168 3632 ) (696 7168 3631.690186 ) 
4 296 304 (664 7168 3632 ) (664 7168 3567.690186 ) (664 7144 3567.690186 ) (664 7144 3632 ) 
4 297 298 (696 7080 3632 ) (696 7080 3631.690186 ) (696 7048 3631.690186 ) (696 7048 3632 ) 
4 298 304 (664 7080 3567.690186 ) (664 7048 3567.690186 ) (664 7048 3632 ) (664 7080 3632 ) 
4 298 299 (664 7048 3567.690186 ) (696 7048 3567.690186 ) (696 7048 3568 ) (664 7048 3568 ) 
4 299 304 (664 7048 3568 ) (664 7048 3567.690186 ) (664 7016 3567.690186 ) (664 7016 3568 ) 
4 299 300 (664 7016 3567.690186 ) (696 7016 3567.690186 ) (696 7016 3568 ) (664 7016 3568 ) 
4 300 304 (664 6920 3759.690186 ) (664 7016 3759.690186 ) (664 7016 3567.690186 ) (664 6920 3567.690186 ) 
4 301 304 (664 6792 3759.690186 ) (664 6888 3759.690186 ) (664 6888 3694 ) (664 6792 3694 ) 
4 302 304 (664 6888 3634.149902 ) (664 6888 3567.690186 ) (664 6792 3567.690186 ) (664 6792 3634.149902 ) 
4 303 304 (664 6664 3759.690186 ) (664 6760 3759.690186 ) (664 6760 3567.690186 ) (664 6664 3567.690186 ) 
4 304 323 (0 7168 3568 ) (0 7168 3536 ) (0 6632 3536 ) (0 6632 3568 ) 
4 304 314 (0 7168 3760 ) (0 7168 3568 ) (0 6632 3568 ) (0 6632 3760 ) 
4 304 313 (0 7168 3791.690186 ) (0 7168 3760 ) (0 6632 3760 ) (0 6632 3791.690186 ) 
4 304 305 (312 6632 3716 ) (312 6632 3740 ) (184 6632 3740 ) (184 6632 3716 ) 
4 304 306 (184 6632 3536 ) (312 6632 3536 ) (312 6632 3664 ) (184 6632 3664 ) 
4 306 307 (184 6600 3536 ) (312 6600 3536 ) (312 6600 3664 ) (184 6600 3664 ) 
4 307 308 (184 6472 3536 ) (312 6472 3536 ) (312 6472 3664 ) (184 6472 3664 ) 
4 308 309 (120 6440 3536 ) (120 6376 3536 ) (56 6376 3536 ) (56 6440 3536 ) 
4 309 310 (120 6440 3504 ) (120 6376 3504 ) (56 6376 3504 ) (56 6440 3504 ) 
4 310 312 (56 6440 3432 ) (72 6440 3432 ) (72 6376 3432 ) (56 6376 3432 ) 
4 310 311 (72 6440 3432 ) (120 6440 3432 ) (120 6376 3432 ) (72 6376 3432 ) 
4 311 312 (72 6440 3384 ) (72 6376 3384 ) (72 6376 3432 ) (72 6440 3432 ) 
4 313 314 (-168 7168 3760 ) (0 7168 3760 ) (0 6632 3760 ) (-168 6632 3760 ) 
4 314 324 (-168 6632 3568 ) (-168 7168 3568 ) (-40 7168 3568 ) (-40 6632 3568 ) 
4 314 323 (-40 7168 3568 ) (0 7168 3568 ) (0 6632 3568 ) (-40 6632 3568 ) 
4 314 322 (-168 6760 3568 ) (-168 6664 3568 ) (-168 6664 3760 ) (-168 6760 3760 ) 
4 314 320 (-168 6792 3696 ) (-168 6792 3760 ) (-168 6888 3760 ) (-168 6888 3696 ) 
4 314 321 (-168 6888 3568 ) (-168 6792 3568 ) (-168 6792 3632 ) (-168 6888 3632 ) 
4 314 319 (-168 7016 3568 ) (-168 6920 3568 ) (-168 6920 3760 ) (-168 7016 3760 ) 
4 314 318 (-168 7080 3568 ) (-168 7048 3568 ) (-168 7048 3632 ) (-168 7080 3632 ) 
4 314 317 (-168 7168 3568 ) (-168 7144 3568 ) (-168 7144 3632 ) (-168 7168 3632 ) 
4 314 316 (-168 7048 3760 ) (-168 7080 3760 ) (-168 7080 3696 ) (-168 7048 3696 ) 
4 314 315 (-168 7144 3760 ) (-168 7168 3760 ) (-168 7168 3696 ) (-168 7144 3696 ) 
4 323 324 (-40 6632 3536 ) (-40 6632 3568 ) (-40 7168 3568 ) (-40 7168 3536 ) 
