PRT1
388
926
4 0 32 (2080 8192 2388 ) (2080 8192 2404 ) (2048 8192 2404 ) (2048 8192 2388 ) 
4 0 27 (2080 8192 2404 ) (2080 8192 2628 ) (2048 8192 2628 ) (2048 8192 2404 ) 
4 0 7 (2048 8192 2388 ) (2048 8192 2404 ) (2048 8288 2404 ) (2048 8288 2388 ) 
4 0 6 (2048 8192 2404 ) (2048 8192 2628 ) (2048 8288 2628 ) (2048 8288 2404 ) 
4 1 14 (1160 8230 3380 ) (1160 8486 3380 ) (1160 8486 3338 ) (1160 8230 3338 ) 
4 1 3 (1160 8230 3338 ) (1160 8486 3338 ) (1288 8486 3338 ) (1288 8230 3338 ) 
4 2 14 (1160 8490 3338 ) (1160 8614 3338 ) (1160 8614 3332 ) (1160 8490 3332 ) 
4 2 13 (1160 8614 3338 ) (1160 8618 3338 ) (1160 8618 3332 ) (1160 8614 3332 ) 
4 2 3 (1160 8490 3332 ) (1164 8490 3332 ) (1164 8490 3338 ) (1160 8490 3338 ) 
4 3 14 (1160 8226 3338 ) (1160 8490 3338 ) (1160 8490 3332 ) (1160 8226 3332 ) 
4 3 11 (1160 8230 3332 ) (1160 8288 3332 ) (1288 8288 3332 ) (1288 8230 3332 ) 
4 3 5 (1160 8288 3332 ) (1160 8486 3332 ) (1288 8486 3332 ) (1288 8288 3332 ) 
4 3 4 (1160 8226 3332 ) (1164 8226 3332 ) (1164 8226 3338 ) (1160 8226 3338 ) 
4 4 63 (1164 8192 3338 ) (1160 8192 3338 ) (1160 8192 3332 ) (1164 8192 3332 ) 
4 4 14 (1160 8192 3332 ) (1160 8192 3338 ) (1160 8226 3338 ) (1160 8226 3332 ) 
4 5 14 (1160 8288 3268 ) (1160 8288 3332 ) (1160 8486 3332 ) (1160 8486 3268 ) 
4 5 11 (1288 8288 3332 ) (1160 8288 3332 ) (1160 8288 3268 ) (1288 8288 3268 ) 
4 6 45 (2016 8192 2628 ) (1952 8192 2628 ) (1952 8192 2404 ) (2016 8192 2404 ) 
4 6 37 (2048 8192 2404 ) (2048 8192 2412 ) (2016 8192 2412 ) (2016 8192 2404 ) 
4 6 36 (2048 8192 2412 ) (2048 8192 2628 ) (2016 8192 2628 ) (2016 8192 2412 ) 
4 6 9 (1952 8288 2628 ) (1952 8288 2404 ) (1952 8192 2404 ) (1952 8192 2628 ) 
4 6 8 (1952 8224 2404 ) (1952 8288 2404 ) (2016 8288 2404 ) (2016 8224 2404 ) 
4 6 7 (2048 8192 2404 ) (2016 8192 2404 ) (2016 8288 2404 ) (2048 8288 2404 ) 
4 7 41 (2048 8192 2388 ) (2048 8192 2404 ) (2016 8192 2404 ) (2016 8192 2388 ) 
4 7 8 (2016 8288 2388 ) (2016 8224 2388 ) (2016 8224 2404 ) (2016 8288 2404 ) 
4 8 10 (1952 8288 2404 ) (1952 8288 2388 ) (1952 8224 2388 ) (1952 8224 2404 ) 
4 9 45 (1952 8192 2404 ) (1952 8192 2628 ) (1920 8192 2628 ) (1920 8192 2404 ) 
4 9 12 (1920 8288 2628 ) (1920 8288 2404 ) (1920 8192 2404 ) (1920 8192 2628 ) 
4 9 10 (1920 8224 2404 ) (1920 8288 2404 ) (1952 8288 2404 ) (1952 8224 2404 ) 
4 10 12 (1920 8288 2404 ) (1920 8288 2380 ) (1920 8224 2380 ) (1920 8224 2404 ) 
4 11 14 (1160 8230 3332 ) (1160 8288 3332 ) (1160 8288 3268 ) (1160 8230 3268 ) 
4 12 59 (1920 8192 2372 ) (1920 8192 2380 ) (1312 8192 2380 ) (1312 8192 2372 ) 
4 12 57 (1920 8192 2380 ) (1920 8192 2388 ) (1312 8192 2388 ) (1312 8192 2380 ) 
4 12 46 (1920 8192 2388 ) (1920 8192 2628 ) (1312 8192 2628 ) (1312 8192 2388 ) 
4 13 17 (1032 8618 3332 ) (1032 8614 3332 ) (1032 8614 3338 ) (1032 8618 3338 ) 
4 13 14 (1032 8614 3338 ) (1032 8614 3332 ) (1160 8614 3332 ) (1160 8614 3338 ) 
4 14 65 (1160 8192 3268 ) (1160 8192 3380 ) (1032 8192 3380 ) (1032 8192 3268 ) 
4 14 26 (1032 8192 3268 ) (1032 8192 3370 ) (1032 8216 3370 ) (1032 8216 3268 ) 
4 14 25 (1032 8250 3338 ) (1032 8250 3332 ) (1032 8222 3332 ) (1032 8222 3338 ) 
4 14 24 (1032 8256 3370 ) (1032 8308 3370 ) (1032 8308 3268 ) (1032 8256 3268 ) 
4 14 23 (1032 8330 3316 ) (1032 8330 3300 ) (1032 8314 3300 ) (1032 8314 3316 ) 
4 14 22 (1032 8330 3338 ) (1032 8330 3332 ) (1032 8314 3332 ) (1032 8314 3338 ) 
4 14 21 (1032 8334 3370 ) (1032 8382 3370 ) (1032 8382 3268 ) (1032 8334 3268 ) 
4 14 20 (1032 8402 3316 ) (1032 8402 3300 ) (1032 8386 3300 ) (1032 8386 3316 ) 
4 14 19 (1032 8402 3338 ) (1032 8402 3332 ) (1032 8386 3332 ) (1032 8386 3338 ) 
4 14 18 (1032 8408 3370 ) (1032 8596 3370 ) (1032 8596 3268 ) (1032 8408 3268 ) 
4 14 17 (1032 8614 3338 ) (1032 8614 3332 ) (1032 8602 3332 ) (1032 8602 3338 ) 
4 14 16 (1032 8382 3372 ) (1032 8382 3370 ) (1032 8334 3370 ) (1032 8334 3372 ) 
4 15 16 (1030 8334 3372 ) (1026 8334 3372 ) (1026 8382 3372 ) (1030 8382 3372 ) 
4 16 76 (1024 8382 3372 ) (1024 8382 3370 ) (1024 8334 3370 ) (1024 8334 3372 ) 
4 16 21 (1024 8334 3370 ) (1024 8382 3370 ) (1032 8382 3370 ) (1032 8334 3370 ) 
4 18 80 (1024 8596 3332 ) (1024 8596 3268 ) (1024 8408 3268 ) (1024 8408 3332 ) 
4 18 78 (1024 8596 3338 ) (1024 8596 3332 ) (1024 8408 3332 ) (1024 8408 3338 ) 
4 18 77 (1024 8408 3370 ) (1024 8596 3370 ) (1024 8596 3338 ) (1024 8408 3338 ) 
4 21 82 (1024 8334 3370 ) (1024 8382 3370 ) (1024 8382 3268 ) (1024 8334 3268 ) 
4 24 122 (1024 8256 3370 ) (1024 8308 3370 ) (1024 8308 3268 ) (1024 8256 3268 ) 
4 26 123 (1024 8192 3268 ) (1024 8192 3370 ) (1024 8216 3370 ) (1024 8216 3268 ) 
4 26 68 (1032 8192 3268 ) (1032 8192 3370 ) (1024 8192 3370 ) (1024 8192 3268 ) 
4 27 37 (2048 8192 2412 ) (2048 8192 2404 ) (2048 8032 2404 ) (2048 8032 2412 ) 
4 27 36 (2048 8192 2628 ) (2048 8192 2412 ) (2048 8032 2412 ) (2048 8032 2628 ) 
4 27 33 (2048 8128 2404 ) (2048 8160 2404 ) (2080 8160 2404 ) (2080 8128 2404 ) 
4 27 32 (2048 8160 2404 ) (2048 8192 2404 ) (2080 8192 2404 ) (2080 8160 2404 ) 
4 27 28 (2080 8032 2412 ) (2080 8032 2628 ) (2048 8032 2628 ) (2048 8032 2412 ) 
4 28 36 (2048 8000 2412 ) (2048 8000 2628 ) (2048 8032 2628 ) (2048 8032 2412 ) 
4 28 29 (2048 8000 2628 ) (2048 8000 2420 ) (2080 8000 2420 ) (2080 8000 2628 ) 
4 29 38 (2048 7808 2420 ) (2048 7808 2628 ) (2048 8000 2628 ) (2048 8000 2420 ) 
4 29 30 (2080 7808 2420 ) (2080 7808 2628 ) (2048 7808 2628 ) (2048 7808 2420 ) 
4 30 39 (2048 7776 2628 ) (2048 7808 2628 ) (2048 7808 2412 ) (2048 7776 2412 ) 
4 30 40 (2048 7520 2412 ) (2048 7520 2628 ) (2048 7776 2628 ) (2048 7776 2412 ) 
4 30 31 (2080 7520 2412 ) (2048 7520 2412 ) (2048 7776 2412 ) (2080 7776 2412 ) 
4 31 40 (2048 7776 2404 ) (2048 7520 2404 ) (2048 7520 2412 ) (2048 7776 2412 ) 
4 31 34 (2048 7648 2404 ) (2048 7680 2404 ) (2080 7680 2404 ) (2080 7648 2404 ) 
4 31 35 (2080 7520 2404 ) (2048 7520 2404 ) (2048 7648 2404 ) (2080 7648 2404 ) 
4 32 41 (2048 8192 2404 ) (2048 8192 2388 ) (2048 8160 2388 ) (2048 8160 2404 ) 
4 32 33 (2080 8160 2396 ) (2080 8160 2404 ) (2048 8160 2404 ) (2048 8160 2396 ) 
4 33 42 (2048 8128 2396 ) (2048 8128 2404 ) (2048 8160 2404 ) (2048 8160 2396 ) 
4 34 43 (2048 7648 2396 ) (2048 7648 2404 ) (2048 7680 2404 ) (2048 7680 2396 ) 
4 34 35 (2080 7648 2396 ) (2080 7648 2404 ) (2048 7648 2404 ) (2048 7648 2396 ) 
4 35 44 (2048 7648 2388 ) (2048 7520 2388 ) (2048 7520 2404 ) (2048 7648 2404 ) 
4 36 49 (2016 8000 2420 ) (2016 8000 2628 ) (2016 8032 2628 ) (2016 8032 2420 ) 
4 36 47 (2016 8160 2412 ) (2016 8032 2412 ) (2016 8032 2628 ) (2016 8160 2628 ) 
4 36 45 (2016 8192 2628 ) (2016 8192 2412 ) (2016 8160 2412 ) (2016 8160 2628 ) 
4 36 38 (2016 8000 2628 ) (2016 8000 2420 ) (2048 8000 2420 ) (2048 8000 2628 ) 
4 36 37 (2016 8032 2412 ) (2016 8192 2412 ) (2048 8192 2412 ) (2048 8032 2412 ) 
4 37 47 (2016 8160 2404 ) (2016 8032 2404 ) (2016 8032 2412 ) (2016 8160 2412 ) 
4 37 45 (2016 8192 2412 ) (2016 8192 2404 ) (2016 8160 2404 ) (2016 8160 2412 ) 
4 37 42 (2016 8128 2404 ) (2016 8160 2404 ) (2048 8160 2404 ) (2048 8128 2404 ) 
4 37 41 (2016 8160 2404 ) (2016 8192 2404 ) (2048 8192 2404 ) (2048 8160 2404 ) 
4 38 49 (2016 8000 2628 ) (2016 8000 2420 ) (2016 7808 2420 ) (2016 7808 2628 ) 
4 38 39 (2016 7808 2628 ) (2016 7808 2420 ) (2048 7808 2420 ) (2048 7808 2628 ) 
4 39 49 (2016 7776 2628 ) (2016 7808 2628 ) (2016 7808 2420 ) (2016 7776 2420 ) 
4 39 40 (2048 7776 2412 ) (2048 7776 2628 ) (2016 7776 2628 ) (2016 7776 2412 ) 
4 40 51 (2016 7520 2404 ) (2016 7520 2628 ) (2016 7776 2628 ) (2016 7776 2404 ) 
4 40 43 (2016 7648 2404 ) (2016 7680 2404 ) (2048 7680 2404 ) (2048 7648 2404 ) 
4 40 44 (2048 7520 2404 ) (2016 7520 2404 ) (2016 7648 2404 ) (2048 7648 2404 ) 
4 41 42 (2048 8160 2404 ) (2016 8160 2404 ) (2016 8160 2396 ) (2048 8160 2396 ) 
4 43 44 (2048 7648 2404 ) (2016 7648 2404 ) (2016 7648 2396 ) (2048 7648 2396 ) 
4 44 53 (2016 7584 2388 ) (2016 7520 2388 ) (2016 7520 2404 ) (2016 7584 2404 ) 
4 45 47 (2016 8160 2404 ) (2016 8160 2628 ) (1920 8160 2628 ) (1920 8160 2404 ) 
4 45 46 (1920 8160 2404 ) (1920 8160 2628 ) (1920 8192 2628 ) (1920 8192 2404 ) 
4 46 57 (1312 8160 2388 ) (1312 8192 2388 ) (1920 8192 2388 ) (1920 8160 2388 ) 
4 46 48 (1312 8160 2404 ) (1312 8160 2388 ) (1920 8160 2388 ) (1920 8160 2404 ) 
4 46 47 (1312 8160 2628 ) (1312 8160 2404 ) (1920 8160 2404 ) (1920 8160 2628 ) 
4 47 50 (1312 8032 2420 ) (1312 8032 2404 ) (1952 8032 2404 ) (1952 8032 2420 ) 
4 47 49 (1312 8032 2628 ) (1312 8032 2420 ) (2016 8032 2420 ) (2016 8032 2628 ) 
4 47 48 (1952 8032 2404 ) (1312 8032 2404 ) (1312 8160 2404 ) (1952 8160 2404 ) 
4 48 55 (1920 8160 2388 ) (1952 8160 2388 ) (1952 8032 2388 ) (1920 8032 2388 ) 
4 48 57 (1312 8032 2388 ) (1312 8160 2388 ) (1920 8160 2388 ) (1920 8032 2388 ) 
4 48 50 (1312 8032 2404 ) (1312 8032 2388 ) (1952 8032 2388 ) (1952 8032 2404 ) 
4 49 60 (1312 7956 2420 ) (1312 7852 2420 ) (1312 7852 2484 ) (1312 7956 2484 ) 
4 49 51 (1312 7776 2628 ) (1312 7776 2420 ) (2016 7776 2420 ) (2016 7776 2628 ) 
4 49 50 (1952 7776 2420 ) (1312 7776 2420 ) (1312 8032 2420 ) (1952 8032 2420 ) 
4 50 60 (1312 7956 2388 ) (1312 7852 2388 ) (1312 7852 2420 ) (1312 7956 2420 ) 
4 50 55 (1920 8032 2388 ) (1952 8032 2388 ) (1952 7776 2388 ) (1920 7776 2388 ) 
4 50 57 (1312 7776 2388 ) (1312 8032 2388 ) (1920 8032 2388 ) (1920 7776 2388 ) 
4 50 52 (1312 7776 2404 ) (1312 7776 2388 ) (1952 7776 2388 ) (1952 7776 2404 ) 
4 50 51 (1312 7776 2420 ) (1312 7776 2404 ) (1952 7776 2404 ) (1952 7776 2420 ) 
4 51 53 (2016 7520 2404 ) (1920 7520 2404 ) (1920 7584 2404 ) (2016 7584 2404 ) 
4 51 54 (1920 7520 2404 ) (1312 7520 2404 ) (1312 7648 2404 ) (1920 7648 2404 ) 
4 51 52 (1312 7648 2404 ) (1312 7776 2404 ) (1952 7776 2404 ) (1952 7648 2404 ) 
4 52 55 (1920 7776 2388 ) (1952 7776 2388 ) (1952 7648 2388 ) (1920 7648 2388 ) 
4 52 57 (1312 7648 2388 ) (1312 7776 2388 ) (1920 7776 2388 ) (1920 7648 2388 ) 
4 52 54 (1312 7648 2388 ) (1920 7648 2388 ) (1920 7648 2404 ) (1312 7648 2404 ) 
4 53 56 (1952 7520 2388 ) (1920 7520 2388 ) (1920 7584 2388 ) (1952 7584 2388 ) 
4 53 54 (1920 7584 2388 ) (1920 7520 2388 ) (1920 7520 2404 ) (1920 7584 2404 ) 
4 54 57 (1312 7520 2388 ) (1312 7648 2388 ) (1920 7648 2388 ) (1920 7520 2388 ) 
4 55 58 (1952 8160 2380 ) (1952 7648 2380 ) (1920 7648 2380 ) (1920 8160 2380 ) 
4 55 57 (1920 8160 2380 ) (1920 7648 2380 ) (1920 7648 2388 ) (1920 8160 2388 ) 
4 56 57 (1920 7584 2380 ) (1920 7520 2380 ) (1920 7520 2388 ) (1920 7584 2388 ) 
4 57 60 (1312 7852 2388 ) (1312 7956 2388 ) (1312 7956 2380 ) (1312 7852 2380 ) 
4 57 59 (1312 7520 2380 ) (1312 8192 2380 ) (1920 8192 2380 ) (1920 7520 2380 ) 
4 58 71 (1952 8160 2372 ) (1952 7648 2372 ) (1920 7648 2372 ) (1920 8160 2372 ) 
4 58 59 (1920 8160 2372 ) (1920 7648 2372 ) (1920 7648 2380 ) (1920 8160 2380 ) 
4 59 60 (1312 7956 2372 ) (1312 7852 2372 ) (1312 7852 2380 ) (1312 7956 2380 ) 
4 60 61 (1300 7952 2480 ) (1300 7952 2372 ) (1300 7856 2372 ) (1300 7856 2480 ) 
4 61 62 (1292 7952 2480 ) (1292 7952 2372 ) (1292 7856 2372 ) (1292 7856 2480 ) 
4 62 64 (1280 7956 2372 ) (1280 7852 2372 ) (1280 7852 2484 ) (1280 7956 2484 ) 
4 63 66 (1160 8102 3332 ) (1160 8098 3332 ) (1160 8098 3338 ) (1160 8102 3338 ) 
4 63 65 (1160 8192 3338 ) (1160 8192 3332 ) (1160 8102 3332 ) (1160 8102 3338 ) 
4 64 67 (1160 8000 2372 ) (1160 7808 2372 ) (1160 7808 2564 ) (1160 8000 2564 ) 
4 65 69 (1032 8102 3332 ) (1032 8102 3338 ) (1032 8114 3338 ) (1032 8114 3332 ) 
4 65 68 (1032 8192 3370 ) (1032 8192 3268 ) (1032 8120 3268 ) (1032 8120 3370 ) 
4 65 66 (1032 8102 3338 ) (1032 8102 3332 ) (1160 8102 3332 ) (1160 8102 3338 ) 
4 66 69 (1032 8098 3338 ) (1032 8102 3338 ) (1032 8102 3332 ) (1032 8098 3332 ) 
4 67 70 (1032 8000 2372 ) (1032 7808 2372 ) (1032 7808 2564 ) (1032 8000 2564 ) 
4 68 205 (1024 8192 3370 ) (1024 8192 3268 ) (1024 8120 3268 ) (1024 8120 3370 ) 
4 70 262 (1024 7808 2564 ) (1024 8000 2564 ) (1024 8000 2372 ) (1024 7808 2372 ) 
4 72 73 (980 8342 3382 ) (980 8374 3382 ) (1012 8374 3382 ) (1012 8342 3382 ) 
4 73 76 (980 8374 3380 ) (1012 8374 3380 ) (1012 8342 3380 ) (980 8342 3380 ) 
4 74 75 (916 8342 3382 ) (916 8374 3382 ) (948 8374 3382 ) (948 8342 3382 ) 
4 75 76 (916 8374 3380 ) (948 8374 3380 ) (948 8342 3380 ) (916 8342 3380 ) 
4 76 85 (904 8382 3370 ) (904 8334 3370 ) (904 8334 3372 ) (904 8382 3372 ) 
4 76 82 (904 8330 3370 ) (904 8386 3370 ) (1024 8386 3370 ) (1024 8330 3370 ) 
4 77 78 (991 8408 3338 ) (991 8596 3338 ) (1024 8596 3338 ) (1024 8408 3338 ) 
4 78 80 (991 8408 3332 ) (991 8596 3332 ) (1024 8596 3332 ) (1024 8408 3332 ) 
4 79 81 (991 8386 3332 ) (991 8386 3338 ) (991 8390 3338 ) (991 8390 3332 ) 
4 79 82 (991 8386 3338 ) (991 8386 3332 ) (1024 8386 3332 ) (1024 8386 3338 ) 
4 81 82 (904 8386 3338 ) (904 8386 3332 ) (991 8386 3332 ) (991 8386 3338 ) 
4 82 112 (904 8330 3268 ) (904 8386 3268 ) (1024 8386 3268 ) (1024 8330 3268 ) 
4 82 85 (904 8382 3268 ) (904 8334 3268 ) (904 8334 3370 ) (904 8382 3370 ) 
4 82 83 (904 8330 3338 ) (904 8330 3332 ) (1024 8330 3332 ) (1024 8330 3338 ) 
4 84 119 (1024 8320 3268 ) (1024 8320 3370 ) (991 8320 3370 ) (991 8320 3268 ) 
4 85 86 (896 8382 3268 ) (896 8334 3268 ) (896 8334 3372 ) (896 8382 3372 ) 
4 86 120 (792 8320 3268 ) (820 8320 3268 ) (820 8320 3356 ) (792 8320 3356 ) 
4 86 116 (896 8320 3268 ) (872 8320 3268 ) (872 8330 3268 ) (896 8330 3268 ) 
4 86 115 (872 8330 3268 ) (872 8386 3268 ) (896 8386 3268 ) (896 8330 3268 ) 
4 86 114 (872 8386 3268 ) (872 8396 3268 ) (896 8396 3268 ) (896 8386 3268 ) 
4 86 113 (872 8396 3268 ) (872 8528 3268 ) (896 8528 3268 ) (896 8396 3268 ) 
4 86 118 (872 8320 3268 ) (792 8320 3268 ) (792 8528 3268 ) (872 8528 3268 ) 
3 86 92 (792 8382.751953 3524 ) (792 8385 3524 ) (792 8388.990234 3519.004150 ) 
3 86 91 (792 8339.977539 3524 ) (792 8382.751953 3524 ) (792 8393.993164 3514.997559 ) 
4 86 90 (792 8320 3500.666504 ) (792 8320 3524 ) (792 8339.977539 3524 ) (792 8399.990234 3513.998047 ) 
3 86 89 (792 8415.005859 3524 ) (792 8417.250000 3524 ) (792 8411 3519 ) 
3 86 88 (792 8320 3446.200195 ) (792 8320 3500.666504 ) (792 8406 3515 ) 
5 86 87 (792 8528 3524 ) (792 8528 3268 ) (792 8320 3268 ) (792 8320 3446.200195 ) (792 8417.250000 3524 ) 
4 87 120 (784 8320 3268 ) (792 8320 3268 ) (792 8320 3356 ) (784 8320 3356 ) 
4 87 118 (792 8320 3268 ) (784 8320 3268 ) (784 8528 3268 ) (792 8528 3268 ) 
4 87 99 (784 8415.808594 3522.846680 ) (784 8417.250000 3524 ) (784 8419.800781 3524 ) (784 8415 3518 ) 
3 87 98 (784 8396.528320 3507.422852 ) (784 8397.720703 3508.376465 ) (784 8399.985352 3508 ) 
4 87 97 (784 8399.994141 3504.170898 ) (784 8396.236328 3507.188965 ) (784 8396.528320 3507.422852 ) (784 8406.001953 3509.001709 ) 
3 87 96 (784 8402.394531 3502.242920 ) (784 8399.994141 3504.170898 ) (784 8411.044922 3513.056152 ) 
4 87 95 (784 8528 3524 ) (784 8528 3401.363281 ) (784 8402.394531 3502.242920 ) (784 8419.800781 3524 ) 
5 87 93 (784 8528 3401.363281 ) (784 8528 3268 ) (784 8320 3268 ) (784 8320 3446.200195 ) (784 8396.236328 3507.188965 ) 
4 87 89 (784 8417.252930 3524 ) (784 8410.978516 3518.980713 ) (792 8411.006836 3519.008545 ) (792 8417.246094 3524 ) 
4 87 88 (784 8406.002930 3515 ) (784 8320 3446.197754 ) (792 8320 3446.203125 ) (792 8405.995117 3515 ) 
4 88 98 (784 8397.720703 3508.376465 ) (784 8396.529297 3507.423096 ) (784 8396.044922 3507.342529 ) (784 8393.981445 3509 ) 
3 88 97 (784 8396.529297 3507.423096 ) (784 8396.236328 3507.188721 ) (784 8396.044922 3507.342529 ) 
4 88 93 (784 8320 3446.200195 ) (784 8320 3500.666504 ) (784 8389.859375 3512.309814 ) (784 8396.236328 3507.188721 ) 
4 88 90 (784 8399.997070 3514 ) (784 8320 3500.667236 ) (792 8320 3500.667236 ) (792 8399.988281 3513.998535 ) 
3 89 99 (784 8416 3524 ) (784 8417.250000 3524 ) (784 8415.808594 3522.846680 ) 
3 90 94 (784 8384.549805 3516.574707 ) (784 8386.385742 3516.268799 ) (784 8389.002930 3512.998535 ) 
5 90 93 (784 8320 3500.666504 ) (784 8320 3524 ) (784 8339.998047 3524 ) (784 8384.549805 3516.574707 ) (784 8389.860352 3512.309814 ) 
4 90 91 (784 8394 3515 ) (784 8340.003906 3524 ) (792 8339.976563 3524 ) (792 8393.993164 3514.998291 ) 
4 91 100 (784 8380.197266 3524 ) (784 8382.762695 3524 ) (784 8384.190430 3522.856201 ) (784 8385 3517.998291 ) 
4 91 94 (784 8375.303711 3524 ) (784 8380.197266 3524 ) (784 8386.384766 3516.269043 ) (784 8384.548828 3516.574951 ) 
3 91 93 (784 8339.998047 3524 ) (784 8375.303711 3524 ) (784 8384.548828 3516.574951 ) 
4 91 92 (784 8389.028320 3518.982178 ) (784 8382.762695 3524 ) (792 8382.753906 3524 ) (792 8388.988281 3519.005859 ) 
3 92 100 (784 8382.762695 3524 ) (784 8384 3524 ) (784 8384.190430 3522.856201 ) 
4 93 120 (752 8320 3268 ) (784 8320 3268 ) (784 8320 3356 ) (752 8320 3356 ) 
4 93 118 (784 8320 3268 ) (752 8320 3268 ) (752 8528 3268 ) (784 8528 3268 ) 
3 93 105 (752 8340 3524 ) (752 8375.323242 3524 ) (752 8384.572266 3516.571289 ) 
5 93 104 (752 8320 3500.666504 ) (752 8320 3524 ) (752 8340 3524 ) (752 8384.572266 3516.571289 ) (752 8389.875000 3512.312500 ) 
4 93 102 (752 8320 3446.200195 ) (752 8320 3500.666504 ) (752 8389.875000 3512.312500 ) (752 8396.245117 3507.196533 ) 
5 93 101 (752 8528 3401.378418 ) (752 8528 3268 ) (752 8320 3268 ) (752 8320 3446.200195 ) (752 8396.245117 3507.196533 ) 
4 93 98 (752 8396.059570 3507.343262 ) (752 8393.996094 3509 ) (784 8393.982422 3509 ) (784 8396.045898 3507.342285 ) 
4 93 97 (752 8400.001953 3504.177002 ) (752 8396.059570 3507.343262 ) (784 8396.045898 3507.342285 ) (784 8399.994141 3504.170898 ) 
4 93 96 (752 8402.400391 3502.250244 ) (752 8400.001953 3504.177002 ) (784 8399.994141 3504.170898 ) (784 8402.394531 3502.242920 ) 
4 93 95 (752 8528 3401.375000 ) (752 8402.400391 3502.250244 ) (784 8402.394531 3502.242920 ) (784 8528 3401.363281 ) 
4 93 94 (752 8388.976563 3513.031494 ) (752 8375.319336 3524 ) (784 8375.304688 3524 ) (784 8389.003906 3512.997803 ) 
4 94 105 (752 8384.573242 3516.571045 ) (752 8375.323242 3524 ) (752 8380.197266 3524 ) (752 8386.384766 3516.269043 ) 
3 94 104 (752 8388.969727 3513.040039 ) (752 8384.573242 3516.571045 ) (752 8386.384766 3516.269043 ) 
4 94 100 (784 8380.195313 3524 ) (784 8385 3517.996826 ) (752 8385 3517.998535 ) (752 8380.197266 3524 ) 
4 95 101 (752 8528 3524 ) (752 8528 3401.378418 ) (752 8402.402344 3502.251953 ) (752 8419.800781 3524 ) 
4 95 99 (752 8419.799805 3524 ) (752 8415 3518 ) (784 8415 3518 ) (784 8419.799805 3524 ) 
4 95 96 (752 8411.043945 3513.054932 ) (752 8402.401367 3502.251953 ) (784 8402.393555 3502.242432 ) (784 8411.042969 3513.054443 ) 
3 96 101 (752 8402.402344 3502.251953 ) (752 8400.002930 3504.178711 ) (752 8411.046875 3513.057617 ) 
4 96 97 (752 8406 3509 ) (752 8400.002930 3504.178223 ) (784 8399.993164 3504.170410 ) (784 8406.001953 3509.001953 ) 
3 97 102 (752 8396.245117 3507.196777 ) (752 8396.062500 3507.343750 ) (752 8396.525391 3507.420898 ) 
4 97 101 (752 8400.002930 3504.178711 ) (752 8396.245117 3507.196777 ) (752 8396.525391 3507.420898 ) (752 8406 3509 ) 
4 97 98 (752 8399.996094 3508 ) (752 8396.060547 3507.344482 ) (784 8396.042969 3507.343018 ) (784 8399.982422 3508 ) 
4 98 102 (752 8396.062500 3507.343750 ) (752 8394 3509 ) (752 8397.723633 3508.379150 ) (752 8396.525391 3507.420898 ) 
3 98 101 (752 8397.723633 3508.379150 ) (752 8400 3508 ) (752 8396.525391 3507.420898 ) 
3 99 103 (752 8416 3524 ) (752 8417.250000 3524 ) (752 8415.807617 3522.846436 ) 
4 99 101 (752 8417.250000 3524 ) (752 8419.800781 3524 ) (752 8415 3517.998779 ) (752 8415.807617 3522.846436 ) 
3 100 106 (752 8382.745117 3524 ) (752 8384 3524 ) (752 8384.194336 3522.841309 ) 
4 100 105 (752 8385 3517.998291 ) (752 8380.197266 3524 ) (752 8382.745117 3524 ) (752 8384.194336 3522.841309 ) 
4 101 120 (744 8320 3268 ) (752 8320 3268 ) (752 8320 3356 ) (744 8320 3356 ) 
4 101 118 (752 8320 3268 ) (744 8320 3268 ) (744 8528 3268 ) (752 8528 3268 ) 
4 101 103 (744 8417.252930 3524 ) (744 8410.995117 3518.993652 ) (752 8411.015625 3519.015137 ) (752 8417.246094 3524 ) 
4 101 102 (744 8406.002930 3515 ) (744 8320 3446.197754 ) (752 8320 3446.203125 ) (752 8405.995117 3515 ) 
5 101 107 (744 8528 3524 ) (744 8528 3268 ) (744 8320 3268 ) (744 8320 3446.200195 ) (744 8417.250000 3524 ) 
4 102 104 (744 8400 3514 ) (744 8320 3500.667236 ) (752 8320 3500.667236 ) (752 8400 3514 ) 
3 102 107 (744 8320 3446.200195 ) (744 8320 3500.666504 ) (744 8406 3515 ) 
3 103 107 (744 8415 3524 ) (744 8417.250000 3524 ) (744 8411 3519 ) 
4 104 105 (744 8394 3515 ) (744 8340 3524 ) (752 8340 3524 ) (752 8393.995117 3515 ) 
4 104 107 (744 8320 3500.666504 ) (744 8320 3524 ) (744 8340 3524 ) (744 8400.001953 3514 ) 
4 105 106 (744 8388.997070 3519.004883 ) (744 8382.752930 3524 ) (752 8382.746094 3524 ) (752 8388.995117 3519.001465 ) 
3 105 107 (744 8340 3524 ) (744 8382.750000 3524 ) (744 8394 3515 ) 
3 106 107 (744 8382.750000 3524 ) (744 8385.003906 3524 ) (744 8389.001953 3518.998047 ) 
4 107 120 (716 8320 3268 ) (744 8320 3268 ) (744 8320 3356 ) (716 8320 3356 ) 
4 107 118 (744 8320 3268 ) (640 8320 3268 ) (640 8528 3268 ) (744 8528 3268 ) 
4 108 109 (368 8480 3462 ) (304 8480 3462 ) (304 8512 3462 ) (368 8512 3462 ) 
4 109 110 (368 8512 3460 ) (368 8480 3460 ) (304 8480 3460 ) (304 8512 3460 ) 
4 110 111 (224 8352 3268 ) (280 8352 3268 ) (280 8352 3380 ) (224 8352 3380 ) 
4 111 133 (224 8320 3268 ) (280 8320 3268 ) (280 8320 3380 ) (224 8320 3380 ) 
4 113 118 (872 8528 3268 ) (872 8528 3266 ) (872 8396 3266 ) (872 8396 3268 ) 
4 113 117 (872 8396 3266 ) (872 8528 3266 ) (896 8528 3266 ) (896 8396 3266 ) 
4 113 114 (872 8396 3268 ) (872 8396 3266 ) (896 8396 3266 ) (896 8396 3268 ) 
4 114 115 (872 8386 3268 ) (872 8386 3266 ) (896 8386 3266 ) (896 8386 3268 ) 
4 114 118 (872 8396 3266 ) (872 8386 3266 ) (872 8386 3268 ) (872 8396 3268 ) 
4 114 117 (872 8386 3266 ) (872 8396 3266 ) (896 8396 3266 ) (896 8386 3266 ) 
4 115 118 (872 8386 3266 ) (872 8330 3266 ) (872 8330 3268 ) (872 8386 3268 ) 
4 115 117 (872 8330 3266 ) (872 8386 3266 ) (896 8386 3266 ) (896 8330 3266 ) 
4 115 116 (872 8330 3268 ) (872 8330 3266 ) (896 8330 3266 ) (896 8330 3268 ) 
4 116 118 (872 8330 3266 ) (872 8320 3266 ) (872 8320 3268 ) (872 8330 3268 ) 
4 116 117 (872 8320 3266 ) (872 8330 3266 ) (896 8330 3266 ) (896 8320 3266 ) 
4 117 149 (896 8528 2371 ) (896 8320 2371 ) (872 8320 2371 ) (872 8528 2371 ) 
4 117 118 (872 8528 3266 ) (872 8528 2371 ) (872 8320 2371 ) (872 8320 3266 ) 
4 118 149 (872 8320 2371 ) (640 8320 2371 ) (640 8528 2371 ) (872 8528 2371 ) 
4 118 135 (716 8320 2460 ) (716 8320 2372 ) (820 8320 2372 ) (820 8320 2460 ) 
4 120 129 (784 8312 3356 ) (752 8312 3356 ) (752 8312 3269 ) (784 8312 3269 ) 
4 120 124 (820 8312 3269 ) (820 8312 3356 ) (784 8312 3356 ) (784 8312 3269 ) 
4 120 131 (752 8312 3356 ) (716 8312 3356 ) (716 8312 3269 ) (752 8312 3269 ) 
4 121 212 (680 8192 3460 ) (672 8192 3460 ) (672 8192 3376 ) (680 8192 3376 ) 
4 121 204 (864 8192 3460 ) (680 8192 3460 ) (680 8192 3376 ) (864 8192 3376 ) 
4 121 128 (784 8309 3376 ) (783 8308 3376 ) (753 8308 3376 ) (752 8309 3376 ) 
3 121 126 (784 8309 3376 ) (784 8308 3376 ) (783 8308 3376 ) 
3 121 125 (753 8308 3376 ) (752 8308 3376 ) (752 8309 3376 ) 
4 121 130 (784 8308 3376 ) (784 8192 3376 ) (752 8192 3376 ) (752 8308 3376 ) 
4 121 124 (784 8312 3376 ) (864 8312 3376 ) (864 8192 3376 ) (784 8192 3376 ) 
4 121 131 (672 8192 3376 ) (672 8312 3376 ) (752 8312 3376 ) (752 8192 3376 ) 
4 123 205 (1024 8192 3268 ) (1024 8192 3370 ) (1002 8192 3370 ) (1002 8192 3268 ) 
4 124 206 (784 8192 3370 ) (784 8192 3269 ) (864 8192 3269 ) (864 8192 3370 ) 
4 124 204 (864 8192 3376 ) (784 8192 3376 ) (784 8192 3370 ) (864 8192 3370 ) 
4 124 132 (864 8304 3269 ) (864 8192 3269 ) (784 8192 3269 ) (784 8304 3269 ) 
4 124 126 (784 8308 3360 ) (784 8308 3376 ) (784 8309 3376 ) (784 8309 3360 ) 
4 124 129 (784 8312 3269 ) (784 8308 3269 ) (784 8308 3360 ) (784 8312 3360 ) 
4 124 130 (784 8308 3269 ) (784 8192 3269 ) (784 8192 3376 ) (784 8308 3376 ) 
4 125 128 (752.996094 8308 3376 ) (752.996094 8308 3375 ) (752 8308.996094 3375.995850 ) (752 8308.996094 3376 ) 
4 125 127 (752.996094 8308 3361 ) (752.996094 8308 3360 ) (752 8308.996094 3360 ) (752 8308.996094 3360.004150 ) 
3 125 129 (753 8308 3360 ) (752 8308 3360 ) (752 8309 3360 ) 
4 125 131 (752 8308 3360 ) (752 8308 3376 ) (752 8309 3376 ) (752 8309 3360 ) 
4 125 130 (752 8308 3376 ) (752 8308 3360 ) (753 8308 3360 ) (753 8308 3376 ) 
3 126 128 (784 8309 3376 ) (783 8308 3375 ) (783 8308 3376 ) 
3 126 127 (784 8309 3360 ) (783 8308 3360 ) (783 8308 3361 ) 
4 126 130 (783 8308 3360 ) (784 8308 3360 ) (784 8308 3376 ) (783 8308 3376 ) 
3 126 129 (784 8308 3360 ) (783 8308 3360 ) (784 8309 3360 ) 
4 127 129 (783 8308 3360 ) (753 8308 3360 ) (752 8309 3360 ) (784 8309 3360 ) 
4 127 130 (753 8308 3360 ) (783 8308 3360 ) (783 8308 3361 ) (753 8308 3361 ) 
4 128 130 (783 8308 3375 ) (783 8308 3376 ) (753 8308 3376 ) (753 8308 3375 ) 
4 129 130 (752 8308 3360 ) (752 8308 3269 ) (784 8308 3269 ) (784 8308 3360 ) 
4 129 131 (752 8312 3269 ) (752 8308 3269 ) (752 8308 3360 ) (752 8312 3360 ) 
4 130 206 (752 8192 3370 ) (752 8192 3269 ) (784 8192 3269 ) (784 8192 3370 ) 
4 130 204 (784 8192 3376 ) (752 8192 3376 ) (752 8192 3370 ) (784 8192 3370 ) 
4 130 132 (784 8304 3269 ) (784 8192 3269 ) (752 8192 3269 ) (752 8304 3269 ) 
4 130 131 (752 8308 3269 ) (752 8192 3269 ) (752 8192 3376 ) (752 8308 3376 ) 
4 131 212 (680 8192 3376 ) (672 8192 3376 ) (672 8192 3269 ) (680 8192 3269 ) 
4 131 208 (744 8192 3316 ) (744 8192 3324 ) (712 8192 3324 ) (712 8192 3316 ) 
4 131 207 (744 8192 3324 ) (744 8192 3370 ) (712 8192 3370 ) (712 8192 3324 ) 
4 131 210 (712 8192 3269 ) (744 8192 3269 ) (744 8192 3316 ) (712 8192 3316 ) 
4 131 206 (744 8192 3269 ) (752 8192 3269 ) (752 8192 3370 ) (744 8192 3370 ) 
4 131 211 (680 8192 3370 ) (680 8192 3269 ) (712 8192 3269 ) (712 8192 3370 ) 
4 131 204 (752 8192 3376 ) (680 8192 3376 ) (680 8192 3370 ) (752 8192 3370 ) 
4 131 132 (672 8192 3269 ) (672 8304 3269 ) (752 8304 3269 ) (752 8192 3269 ) 
4 132 212 (672 8192 3269 ) (672 8192 3268 ) (680 8192 3268 ) (680 8192 3269 ) 
4 132 210 (712 8192 3268 ) (744 8192 3268 ) (744 8192 3269 ) (712 8192 3269 ) 
4 132 206 (744 8192 3268 ) (864 8192 3268 ) (864 8192 3269 ) (744 8192 3269 ) 
4 132 211 (680 8192 3268 ) (712 8192 3268 ) (712 8192 3269 ) (680 8192 3269 ) 
4 133 315 (192 8192 3308 ) (192 8192 3268 ) (332 8192 3268 ) (332 8192 3308 ) 
4 133 295 (200 8192 3308 ) (296 8192 3308 ) (296 8192 3404 ) (200 8192 3404 ) 
4 133 294 (296 8192 3308 ) (304 8192 3308 ) (304 8192 3404 ) (296 8192 3404 ) 
4 133 298 (192 8192 3404 ) (192 8192 3308 ) (200 8192 3308 ) (200 8192 3404 ) 
4 133 291 (304 8192 3460 ) (192 8192 3460 ) (192 8192 3404 ) (304 8192 3404 ) 
4 133 287 (304 8192 3320 ) (304 8192 3308 ) (332 8192 3308 ) (332 8192 3320 ) 
4 133 283 (304 8192 3404 ) (304 8192 3320 ) (332 8192 3320 ) (332 8192 3404 ) 
4 133 280 (332 8192 3460 ) (304 8192 3460 ) (304 8192 3404 ) (332 8192 3404 ) 
4 133 227 (332 8192 3308 ) (332 8192 3268 ) (640 8192 3268 ) (640 8192 3308 ) 
4 133 225 (332 8192 3404 ) (332 8192 3308 ) (528 8192 3308 ) (528 8192 3404 ) 
4 133 224 (528 8192 3308 ) (536 8192 3308 ) (536 8192 3404 ) (528 8192 3404 ) 
4 133 221 (536 8192 3308 ) (632 8192 3308 ) (632 8192 3404 ) (536 8192 3404 ) 
4 133 220 (632 8192 3308 ) (640 8192 3308 ) (640 8192 3404 ) (632 8192 3404 ) 
4 133 218 (640 8192 3460 ) (332 8192 3460 ) (332 8192 3404 ) (640 8192 3404 ) 
4 134 316 (0 8192 3308 ) (0 8192 3268 ) (160 8192 3268 ) (160 8192 3308 ) 
4 134 309 (160 8192 3460 ) (0 8192 3460 ) (0 8192 3308 ) (160 8192 3308 ) 
4 134 153 (0 8192 3268 ) (0 8192 3460 ) (0 8320 3460 ) (0 8320 3268 ) 
4 135 144 (820 8312 2373 ) (820 8312 2460 ) (716 8312 2460 ) (716 8312 2373 ) 
4 136 263 (784 8192 2464 ) (864 8192 2464 ) (864 8192 2564 ) (784 8192 2564 ) 
4 136 144 (784 8312 2464 ) (864 8312 2464 ) (864 8304 2464 ) (784 8304 2464 ) 
4 136 145 (864 8304 2464 ) (864 8192 2464 ) (784 8192 2464 ) (784 8304 2464 ) 
4 136 139 (784 8309 2464 ) (784 8308 2464 ) (784 8308 2480 ) (784 8309 2480 ) 
4 136 137 (784 8308 2480 ) (784 8308 2564 ) (784 8312 2564 ) (784 8312 2480 ) 
4 136 142 (784 8308 2464 ) (784 8192 2464 ) (784 8192 2564 ) (784 8308 2564 ) 
4 137 141 (783 8308 2480 ) (753 8308 2480 ) (752 8309 2480 ) (784 8309 2480 ) 
3 137 139 (784 8308 2480 ) (783 8308 2480 ) (784 8309 2480 ) 
3 137 138 (753 8308 2480 ) (752 8308 2480 ) (752 8309 2480 ) 
4 137 142 (752 8308 2564 ) (752 8308 2480 ) (784 8308 2480 ) (784 8308 2564 ) 
4 137 143 (752 8308 2480 ) (752 8308 2564 ) (752 8312 2564 ) (752 8312 2480 ) 
3 138 144 (753 8308 2464 ) (752 8308 2464 ) (752 8309 2464 ) 
3 138 141 (752 8309 2480 ) (753 8308 2480 ) (753 8308 2479 ) 
3 138 140 (752 8309 2464 ) (753 8308 2465 ) (753 8308 2464 ) 
4 138 143 (752 8309 2464 ) (752 8308 2464 ) (752 8308 2480 ) (752 8309 2480 ) 
4 138 142 (752 8308 2480 ) (752 8308 2464 ) (753 8308 2464 ) (753 8308 2480 ) 
3 139 144 (784 8309 2464 ) (784 8308 2464 ) (783 8308 2464 ) 
3 139 141 (783 8308 2479 ) (783 8308 2480 ) (784 8309 2480 ) 
3 139 140 (783 8308 2464 ) (783 8308 2465 ) (784 8309 2464 ) 
4 139 142 (783 8308 2464 ) (784 8308 2464 ) (784 8308 2480 ) (783 8308 2480 ) 
4 140 144 (784 8309 2464 ) (783 8308 2464 ) (753 8308 2464 ) (752 8309 2464 ) 
4 140 142 (753 8308 2464 ) (783 8308 2464 ) (783 8308 2465 ) (753 8308 2465 ) 
4 141 142 (783 8308 2479 ) (783 8308 2480 ) (753 8308 2480 ) (753 8308 2479 ) 
4 142 263 (752 8192 2464 ) (784 8192 2464 ) (784 8192 2564 ) (752 8192 2564 ) 
4 142 144 (784 8308 2464 ) (784 8304 2464 ) (752 8304 2464 ) (752 8308 2464 ) 
4 142 145 (784 8304 2464 ) (784 8192 2464 ) (752 8192 2464 ) (752 8304 2464 ) 
4 142 143 (752 8308 2464 ) (752 8192 2464 ) (752 8192 2564 ) (752 8308 2564 ) 
4 143 263 (672 8192 2564 ) (672 8192 2464 ) (752 8192 2464 ) (752 8192 2564 ) 
4 143 144 (672 8304 2464 ) (672 8312 2464 ) (752 8312 2464 ) (752 8304 2464 ) 
4 143 145 (672 8192 2464 ) (672 8304 2464 ) (752 8304 2464 ) (752 8192 2464 ) 
4 144 145 (864 8304 2373 ) (864 8304 2464 ) (672 8304 2464 ) (672 8304 2373 ) 
4 145 263 (672 8192 2464 ) (672 8192 2372 ) (864 8192 2372 ) (864 8192 2464 ) 
4 146 328 (192 8192 2564 ) (192 8192 2372 ) (332 8192 2372 ) (332 8192 2564 ) 
4 146 264 (332 8192 2372 ) (640 8192 2372 ) (640 8192 2564 ) (332 8192 2564 ) 
4 146 147 (608 8192 2372 ) (448 8192 2372 ) (448 8256 2372 ) (608 8256 2372 ) 
4 146 148 (384 8192 2372 ) (224 8192 2372 ) (224 8256 2372 ) (384 8256 2372 ) 
4 147 267 (608 8192 2372 ) (448 8192 2372 ) (448 8192 2371 ) (608 8192 2371 ) 
4 147 150 (608 8256 2371 ) (608 8192 2371 ) (448 8192 2371 ) (448 8256 2371 ) 
4 148 331 (332 8192 2372 ) (224 8192 2372 ) (224 8192 2371 ) (332 8192 2371 ) 
4 148 270 (384 8192 2372 ) (332 8192 2372 ) (332 8192 2371 ) (384 8192 2371 ) 
4 148 151 (384 8192 2371 ) (224 8192 2371 ) (224 8256 2371 ) (384 8256 2371 ) 
4 150 267 (608 8192 2370 ) (608 8192 2371 ) (448 8192 2371 ) (448 8192 2370 ) 
4 150 152 (448 8256 2370 ) (608 8256 2370 ) (608 8192 2370 ) (448 8192 2370 ) 
4 151 331 (332 8192 2371 ) (224 8192 2371 ) (224 8192 2370 ) (332 8192 2370 ) 
4 151 270 (384 8192 2371 ) (332 8192 2371 ) (332 8192 2370 ) (384 8192 2370 ) 
4 151 152 (224 8192 2370 ) (224 8256 2370 ) (384 8256 2370 ) (384 8192 2370 ) 
4 152 332 (332 8192 2370 ) (224 8192 2370 ) (224 8192 2356 ) (332 8192 2356 ) 
4 152 271 (384 8192 2370 ) (332 8192 2370 ) (332 8192 2356 ) (384 8192 2356 ) 
4 152 269 (448 8192 2370 ) (384 8192 2370 ) (384 8192 2356 ) (448 8192 2356 ) 
4 152 268 (608 8192 2356 ) (608 8192 2370 ) (448 8192 2370 ) (448 8192 2356 ) 
4 153 359 (0 8192 3268 ) (0 8192 3460 ) (-32 8192 3460 ) (-32 8192 3268 ) 
4 154 337 (0 7744 3796 ) (0 7744 3764 ) (0 7736 3764 ) (0 7736 3796 ) 
4 154 164 (536 7736 3796 ) (0 7736 3796 ) (0 7736 3764 ) (536 7736 3764 ) 
4 154 161 (176 7736 3764 ) (128 7736 3764 ) (128 7744 3764 ) (176 7744 3764 ) 
4 154 158 (352 7736 3764 ) (304 7736 3764 ) (304 7744 3764 ) (352 7744 3764 ) 
4 154 155 (536 7736 3764 ) (480 7736 3764 ) (480 7744 3764 ) (528 7744 3764 ) 
4 155 179 (480 7744 3572 ) (528 7744 3572 ) (536 7736 3572 ) (480 7736 3572 ) 
4 155 166 (480 7736 3572 ) (536 7736 3572 ) (536 7736 3764 ) (480 7736 3764 ) 
4 156 157 (368 7742 3588 ) (464 7742 3588 ) (464 7742 3748 ) (368 7742 3748 ) 
4 157 166 (464 7736 3588 ) (464 7736 3748 ) (368 7736 3748 ) (368 7736 3588 ) 
4 158 179 (304 7744 3572 ) (352 7744 3572 ) (352 7736 3572 ) (304 7736 3572 ) 
4 158 166 (304 7736 3572 ) (352 7736 3572 ) (352 7736 3764 ) (304 7736 3764 ) 
4 159 160 (192 7742 3588 ) (288 7742 3588 ) (288 7742 3748 ) (192 7742 3748 ) 
4 160 166 (288 7736 3588 ) (288 7736 3748 ) (192 7736 3748 ) (192 7736 3588 ) 
4 161 179 (128 7744 3572 ) (176 7744 3572 ) (176 7736 3572 ) (128 7736 3572 ) 
4 161 166 (128 7736 3572 ) (176 7736 3572 ) (176 7736 3764 ) (128 7736 3764 ) 
4 162 163 (16 7742 3588 ) (112 7742 3588 ) (112 7742 3748 ) (16 7742 3748 ) 
4 163 166 (112 7736 3588 ) (112 7736 3748 ) (16 7736 3748 ) (16 7736 3588 ) 
4 164 337 (0 7736 3796 ) (0 7736 3764 ) (0 7616 3764 ) (0 7616 3796 ) 
4 164 180 (0 7616 3795.690186 ) (0 7616 3764 ) (656 7616 3764 ) (656 7616 3795.690186 ) 
4 164 170 (546.655823 7725.344238 3764 ) (557.978455 7714.021484 3764 ) (556.805176 7712.849609 3764 ) (545.480713 7724.170898 3764 ) 
4 164 169 (625.856750 7646.143066 3764 ) (637.165283 7634.834473 3764 ) (635.995239 7633.664551 3764 ) (624.684570 7644.970703 3764 ) 
4 164 168 (557.978455 7714.021484 3764 ) (625.856750 7646.143066 3764 ) (624.684570 7644.970703 3764 ) (556.804138 7712.848633 3764 ) 
4 164 167 (630.335510 7628.004395 3764 ) (618.331177 7616 3764 ) (437.154053 7616 3764 ) (539.817017 7718.515137 3764 ) 
5 164 166 (0 7736 3764 ) (536 7736 3764 ) (546.655823 7725.344238 3764 ) (437.154053 7616 3764 ) (0 7616 3764 ) 
3 164 165 (637.165283 7634.834473 3764 ) (656 7616 3764 ) (618.331177 7616 3764 ) 
4 165 189 (618.339539 7616 3572 ) (656 7616 3572 ) (656 7616 3763.690186 ) (618.331177 7616 3763.690186 ) 
4 165 180 (656 7616 3763.690186 ) (656 7616 3764 ) (618.331177 7616 3764 ) (618.331177 7616 3763.690186 ) 
3 165 179 (656 7616 3572 ) (618.339478 7616 3572 ) (637.169434 7634.830566 3572 ) 
4 165 178 (630.339111 7628 3572 ) (618.338623 7616 3572 ) (618.338074 7616 3588 ) (630.338806 7628.001465 3588 ) 
4 165 175 (637.168701 7634.831543 3588 ) (637.169067 7634.831055 3572 ) (636.008606 7633.670410 3572 ) (636.007935 7633.670898 3588 ) 
4 165 172 (637.165344 7634.834473 3748 ) (637.168701 7634.831543 3588 ) (636.007935 7633.670898 3588 ) (636.004272 7633.673340 3748 ) 
4 165 171 (630.338867 7628.001465 3588 ) (618.338074 7616 3588 ) (618.332581 7616 3748 ) (630.335815 7628.004395 3748 ) 
4 165 169 (637.165039 7634.834961 3764 ) (637.165344 7634.834473 3748 ) (635.995239 7633.664063 3748 ) (635.994995 7633.664551 3764 ) 
4 165 167 (630.335815 7628.004395 3748 ) (618.332581 7616 3748 ) (618.332031 7616 3764 ) (630.335327 7628.004395 3764 ) 
4 166 348 (0 7658.543945 3572 ) (0 7635.792969 3572 ) (0 7635.792480 3588 ) (0 7658.542480 3588 ) 
4 166 347 (0 7635.792969 3572 ) (0 7616 3572 ) (0 7616 3588 ) (0 7635.792480 3588 ) 
4 166 344 (0 7616 3588 ) (0 7616 3748 ) (0 7658.526855 3748 ) (0 7658.542480 3588 ) 
4 166 343 (0 7635.789551 3764 ) (0 7658.525391 3764 ) (0 7658.526855 3748 ) (0 7635.789551 3748 ) 
4 166 342 (0 7616 3748 ) (0 7616 3764 ) (0 7635.789551 3764 ) (0 7635.789551 3748 ) 
4 166 341 (0 7736 3764 ) (0 7736 3572 ) (0 7658.543945 3572 ) (0 7658.525391 3764 ) 
4 166 189 (0 7616 3763.690186 ) (0 7616 3572 ) (437.156189 7616 3572 ) (437.154053 7616 3763.690186 ) 
4 166 180 (0 7616 3764 ) (0 7616 3763.690186 ) (437.154053 7616 3763.690186 ) (437.154053 7616 3764 ) 
5 166 179 (437.156158 7616 3572 ) (0 7616 3572 ) (0 7736 3572 ) (536 7736 3572 ) (546.656860 7725.343262 3572 ) 
4 166 177 (437.156250 7616 3572 ) (539.822998 7718.520020 3572 ) (539.822937 7718.520020 3588 ) (437.156006 7616 3588 ) 
4 166 175 (545.481812 7724.170898 3572 ) (546.655151 7725.342773 3572 ) (546.655090 7725.342773 3588 ) (545.481750 7724.170898 3588 ) 
4 166 172 (546.655090 7725.342773 3588 ) (546.654236 7725.343750 3748 ) (545.480225 7724.171387 3748 ) (545.481812 7724.170898 3588 ) 
4 166 171 (539.816467 7718.515625 3748 ) (437.153564 7616 3748 ) (437.156006 7616 3588 ) (539.817383 7718.514648 3588 ) 
4 166 170 (546.654236 7725.343750 3748 ) (546.654175 7725.343750 3764 ) (545.480164 7724.171387 3764 ) (545.480225 7724.171387 3748 ) 
4 166 167 (539.816467 7718.515625 3764 ) (437.153320 7616 3764 ) (437.153564 7616 3748 ) (539.816467 7718.515625 3748 ) 
4 167 189 (618.331848 7616 3748 ) (618.331177 7616 3763.690186 ) (437.154053 7616 3763.690186 ) (437.154236 7616 3748 ) 
4 167 180 (618.331177 7616 3763.690186 ) (618.331177 7616 3764 ) (437.154053 7616 3764 ) (437.154053 7616 3763.690186 ) 
4 167 171 (437.156250 7616 3748 ) (539.817505 7718.514648 3748 ) (630.338196 7628.001953 3748 ) (618.336548 7616 3748 ) 
4 168 172 (557.978088 7714.020996 3748 ) (625.853638 7646.139648 3748 ) (624.685242 7644.971191 3748 ) (556.804504 7712.849121 3748 ) 
4 168 170 (557.980469 7714.023438 3764 ) (557.980469 7714.023438 3748 ) (556.804688 7712.848633 3748 ) (556.804382 7712.848145 3764 ) 
4 168 169 (624.685608 7644.970703 3748 ) (625.857361 7646.142578 3748 ) (625.857422 7646.142578 3764 ) (624.685242 7644.970215 3764 ) 
4 169 172 (625.853638 7646.139648 3748 ) (637.164063 7634.828125 3748 ) (635.998108 7633.662109 3748 ) (624.684937 7644.970703 3748 ) 
4 170 172 (545.481201 7724.170410 3748 ) (546.656250 7725.343750 3748 ) (557.978088 7714.020996 3748 ) (556.805176 7712.849609 3748 ) 
4 171 189 (618.338867 7616 3588 ) (618.331848 7616 3748 ) (437.154236 7616 3748 ) (437.156006 7616 3588 ) 
4 171 178 (619.026306 7639.312500 3588 ) (630.338074 7628.001953 3588 ) (618.336548 7616 3588 ) (595.714355 7616 3588 ) 
4 171 177 (437.164063 7616 3588 ) (539.821289 7718.510742 3588 ) (551.140686 7707.192383 3588 ) (459.834045 7616 3588 ) 
4 171 176 (551.140686 7707.192383 3588 ) (619.026306 7639.312500 3588 ) (595.714355 7616 3588 ) (459.834045 7616 3588 ) 
4 171 173 (619.028381 7639.314453 3588 ) (551.142456 7707.194336 3588 ) (551.140625 7707.192383 3748 ) (619.026489 7639.312500 3748 ) 
4 172 175 (545.485718 7724.166992 3588 ) (546.656250 7725.335938 3588 ) (637.167969 7634.832031 3588 ) (636.007568 7633.671387 3588 ) 
4 172 174 (556.807312 7712.852051 3588 ) (624.696472 7644.982422 3588 ) (624.696899 7644.983398 3748 ) (556.807373 7712.852051 3748 ) 
4 173 174 (623.269409 7643.556152 3588 ) (555.394104 7711.440430 3588 ) (555.389709 7711.436035 3748 ) (623.265808 7643.551758 3748 ) 
4 175 179 (545.482483 7724.170410 3572 ) (546.656860 7725.343262 3572 ) (637.169434 7634.830566 3572 ) (636.009033 7633.669922 3572 ) 
4 176 189 (459.834442 7616 3572 ) (595.713867 7616 3572 ) (595.713867 7616 3588 ) (459.834290 7616 3588 ) 
4 176 179 (595.713806 7616 3572 ) (459.834412 7616 3572 ) (551.151978 7707.203613 3572 ) (619.030273 7639.316406 3572 ) 
4 176 178 (595.710938 7616 3572 ) (619.028809 7639.318359 3572 ) (619.026428 7639.315918 3588 ) (595.711426 7616 3588 ) 
4 176 177 (551.153076 7707.202637 3572 ) (459.835907 7616 3572 ) (459.835938 7616 3588 ) (551.150574 7707.200684 3588 ) 
4 177 189 (437.156189 7616 3572 ) (459.834442 7616 3572 ) (459.834290 7616 3588 ) (437.156006 7616 3588 ) 
4 177 179 (459.834412 7616 3572 ) (437.156158 7616 3572 ) (539.823608 7718.519531 3572 ) (551.147156 7707.199219 3572 ) 
4 178 189 (595.713867 7616 3572 ) (618.339539 7616 3572 ) (618.338867 7616 3588 ) (595.713867 7616 3588 ) 
4 178 179 (618.339478 7616 3572 ) (595.713806 7616 3572 ) (619.026489 7639.312500 3572 ) (630.339478 7628 3572 ) 
4 179 355 (0 7743.880371 3540 ) (0 7616 3540 ) (0 7616 3572 ) (0 7743.880371 3572 ) 
4 179 191 (0 7616 3571.690186 ) (0 7616 3540 ) (528 7616 3540 ) (528 7616 3571.690186 ) 
4 179 190 (528 7616 3540 ) (656 7616 3540 ) (656 7616 3571.690186 ) (528 7616 3571.690186 ) 
4 179 189 (0 7616 3572 ) (0 7616 3571.690186 ) (656 7616 3571.690186 ) (656 7616 3572 ) 
4 180 369 (0 7168 3795.690186 ) (0 7168 3763.690186 ) (656 7168 3763.690186 ) (656 7168 3795.690186 ) 
4 180 342 (0 7477.856445 3764 ) (0 7616 3764 ) (0 7616 3763.690186 ) (0 7477.856445 3763.690186 ) 
4 180 340 (0 7168 3763.690186 ) (0 7168 3764 ) (0 7477.856445 3764 ) (0 7477.856445 3763.690186 ) 
4 180 338 (0 7168 3764 ) (0 7168 3795.690186 ) (0 7616 3795.690186 ) (0 7616 3764 ) 
4 180 189 (0 7616 3763.690186 ) (656 7616 3763.690186 ) (656 7168 3763.690186 ) (0 7168 3763.690186 ) 
4 181 189 (656 7584 3571.690186 ) (656 7488 3571.690186 ) (656 7488 3763.690186 ) (656 7584 3763.690186 ) 
4 182 189 (656 7360 3698 ) (656 7360 3763.690186 ) (656 7456 3763.690186 ) (656 7456 3698 ) 
4 183 189 (656 7456 3571.690186 ) (656 7360 3571.690186 ) (656 7360 3638.149902 ) (656 7456 3638.149902 ) 
4 184 185 (656 7232 3572 ) (656 7232 3571.690186 ) (688 7232 3571.690186 ) (688 7232 3572 ) 
4 184 189 (656 7328 3571.690186 ) (656 7232 3571.690186 ) (656 7232 3763.690186 ) (656 7328 3763.690186 ) 
4 185 188 (656 7200 3572 ) (656 7200 3571.690186 ) (688 7200 3571.690186 ) (688 7200 3572 ) 
4 185 189 (656 7232 3571.690186 ) (656 7200 3571.690186 ) (656 7200 3572 ) (656 7232 3572 ) 
4 186 189 (656 7168 3700 ) (656 7168 3763.690186 ) (656 7200 3763.690186 ) (656 7200 3700 ) 
4 187 188 (688 7168 3636 ) (688 7200 3636 ) (688 7200 3635.690186 ) (688 7168 3635.690186 ) 
4 188 189 (656 7200 3571.690186 ) (656 7168 3571.690186 ) (656 7168 3636 ) (656 7200 3636 ) 
4 189 369 (0 7168 3763.690186 ) (0 7168 3571.690186 ) (656 7168 3571.690186 ) (656 7168 3763.690186 ) 
4 189 355 (0 7168 3571.690186 ) (0 7168 3572 ) (0 7616 3572 ) (0 7616 3571.690186 ) 
4 189 347 (0 7616 3588 ) (0 7616 3572 ) (0 7477.856445 3572 ) (0 7477.856445 3588 ) 
4 189 344 (0 7616 3748 ) (0 7616 3588 ) (0 7477.856445 3588 ) (0 7477.856445 3748 ) 
4 189 342 (0 7477.856445 3763.690186 ) (0 7616 3763.690186 ) (0 7616 3748 ) (0 7477.856445 3748 ) 
4 189 340 (0 7168 3572 ) (0 7168 3763.690186 ) (0 7477.856445 3763.690186 ) (0 7477.856445 3572 ) 
4 189 199 (528 7168 3571.690186 ) (0 7168 3571.690186 ) (0 7200 3571.690186 ) (528 7200 3571.690186 ) 
4 189 193 (176 7488 3571.690186 ) (304 7488 3571.690186 ) (304 7200 3571.690186 ) (176 7200 3571.690186 ) 
4 189 192 (304 7488 3571.690186 ) (528 7488 3571.690186 ) (528 7200 3571.690186 ) (304 7200 3571.690186 ) 
4 189 194 (0 7200 3571.690186 ) (0 7488 3571.690186 ) (176 7488 3571.690186 ) (176 7200 3571.690186 ) 
4 189 191 (0 7488 3571.690186 ) (0 7616 3571.690186 ) (528 7616 3571.690186 ) (528 7488 3571.690186 ) 
4 189 190 (656 7168 3571.690186 ) (528 7168 3571.690186 ) (528 7616 3571.690186 ) (656 7616 3571.690186 ) 
4 190 369 (656 7168 3571.690186 ) (528 7168 3571.690186 ) (528 7168 3540 ) (656 7168 3540 ) 
4 190 199 (528 7168 3571.690186 ) (528 7200 3571.690186 ) (528 7200 3540 ) (528 7168 3540 ) 
4 190 192 (528 7200 3571.690186 ) (528 7488 3571.690186 ) (528 7488 3540 ) (528 7200 3540 ) 
4 190 191 (528 7488 3571.690186 ) (528 7616 3571.690186 ) (528 7616 3540 ) (528 7488 3540 ) 
4 191 355 (0 7488 3571.690186 ) (0 7616 3571.690186 ) (0 7616 3540 ) (0 7488 3540 ) 
4 191 193 (304 7488 3571.690186 ) (176 7488 3571.690186 ) (176 7488 3540 ) (304 7488 3540 ) 
4 191 192 (528 7488 3540 ) (528 7488 3571.690186 ) (304 7488 3571.690186 ) (304 7488 3540 ) 
4 191 194 (176 7488 3571.690186 ) (0 7488 3571.690186 ) (0 7488 3540 ) (176 7488 3540 ) 
4 192 199 (528 7200 3540 ) (528 7200 3571.690186 ) (304 7200 3571.690186 ) (304 7200 3540 ) 
4 192 195 (336 7232 3524 ) (336 7456 3524 ) (496 7456 3524 ) (496 7232 3524 ) 
4 192 193 (304 7488 3571.690186 ) (304 7488 3540 ) (304 7200 3540 ) (304 7200 3571.690186 ) 
4 193 199 (304 7200 3571.690186 ) (176 7200 3571.690186 ) (176 7200 3540 ) (304 7200 3540 ) 
4 193 194 (176 7488 3571.690186 ) (176 7488 3540 ) (176 7200 3540 ) (176 7200 3571.690186 ) 
4 194 356 (0 7488 3540 ) (0 7488 3524 ) (0 7200 3524 ) (0 7200 3540 ) 
4 194 355 (0 7200 3571.690186 ) (0 7488 3571.690186 ) (0 7488 3540 ) (0 7200 3540 ) 
4 194 199 (176 7200 3571.690186 ) (0 7200 3571.690186 ) (0 7200 3540 ) (176 7200 3540 ) 
4 194 196 (72 7456 3524 ) (144 7456 3524 ) (144 7232 3524 ) (72 7232 3524 ) 
4 194 198 (0 7232 3524 ) (0 7456 3524 ) (56 7456 3524 ) (56 7232 3524 ) 
4 195 250 (496 7456 3516 ) (496 7232 3516 ) (336 7232 3516 ) (336 7456 3516 ) 
4 196 313 (72 7456 3516 ) (144 7456 3516 ) (144 7232 3516 ) (72 7232 3516 ) 
4 196 197 (72 7456 3520 ) (72 7456 3516 ) (72 7232 3516 ) (72 7232 3520 ) 
4 197 313 (56 7456 3516 ) (72 7456 3516 ) (72 7232 3516 ) (56 7232 3516 ) 
4 197 198 (56 7456 3520 ) (56 7456 3516 ) (56 7232 3516 ) (56 7232 3520 ) 
4 198 357 (0 7456 3516 ) (0 7232 3516 ) (0 7232 3524 ) (0 7456 3524 ) 
4 198 313 (0 7232 3516 ) (0 7456 3516 ) (56 7456 3516 ) (56 7232 3516 ) 
4 199 369 (528 7168 3571.690186 ) (0 7168 3571.690186 ) (0 7168 3540 ) (528 7168 3540 ) 
4 199 355 (0 7168 3540 ) (0 7168 3571.690186 ) (0 7200 3571.690186 ) (0 7200 3540 ) 
4 200 201 (448 8160 3462 ) (448 8192 3462 ) (512 8192 3462 ) (512 8160 3462 ) 
4 201 218 (448 8192 3460 ) (512 8192 3460 ) (512 8160 3460 ) (448 8160 3460 ) 
4 202 278 (332 8192 3490 ) (332 8192 3462 ) (332 8160 3462 ) (332 8160 3490 ) 
4 202 203 (384 8192 3462 ) (384 8160 3462 ) (332 8160 3462 ) (332 8192 3462 ) 
4 203 279 (332 8192 3462 ) (332 8192 3460 ) (332 8160 3460 ) (332 8160 3462 ) 
4 203 218 (332 8160 3460 ) (332 8192 3460 ) (384 8192 3460 ) (384 8160 3460 ) 
4 204 239 (680 7808 3372 ) (680 7808 3370 ) (760 7808 3370 ) (760 7808 3372 ) 
4 204 213 (680 7808 3370 ) (680 7808 3460 ) (680 8000 3460 ) (680 8000 3370 ) 
4 204 212 (680 8000 3460 ) (680 8192 3460 ) (680 8192 3370 ) (680 8000 3370 ) 
4 204 207 (744 7808 3370 ) (712 7808 3370 ) (712 8192 3370 ) (744 8192 3370 ) 
4 204 206 (864 7808 3370 ) (744 7808 3370 ) (744 8192 3370 ) (864 8192 3370 ) 
4 204 211 (712 7808 3370 ) (680 7808 3370 ) (680 8192 3370 ) (712 8192 3370 ) 
4 206 239 (760 7808 3370 ) (744 7808 3370 ) (744 7808 3308 ) (760 7808 3308 ) 
4 206 209 (744 7808 3316 ) (744 7808 3324 ) (744 7809 3324 ) (744 7809 3316 ) 
4 206 208 (744 7809 3324 ) (744 8192 3324 ) (744 8192 3316 ) (744 7809 3316 ) 
4 206 207 (744 7808 3324 ) (744 7808 3370 ) (744 8192 3370 ) (744 8192 3324 ) 
4 206 210 (744 8192 3268 ) (744 7808 3268 ) (744 7808 3316 ) (744 8192 3316 ) 
4 207 239 (744 7808 3324 ) (744 7808 3370 ) (712 7808 3370 ) (712 7808 3324 ) 
4 207 209 (712 7808 3324 ) (712 7809 3324 ) (744 7809 3324 ) (744 7808 3324 ) 
4 207 208 (712 7809 3324 ) (712 8192 3324 ) (744 8192 3324 ) (744 7809 3324 ) 
4 207 211 (712 7808 3324 ) (712 7808 3370 ) (712 8192 3370 ) (712 8192 3324 ) 
4 208 211 (712 7809 3324 ) (712 8192 3324 ) (712 8192 3316 ) (712 7809 3316 ) 
4 208 210 (712 7809 3316 ) (712 8192 3316 ) (744 8192 3316 ) (744 7809 3316 ) 
4 208 209 (712 7809 3316 ) (744 7809 3316 ) (744 7809 3324 ) (712 7809 3324 ) 
4 209 239 (744 7808 3316 ) (744 7808 3324 ) (712 7808 3324 ) (712 7808 3316 ) 
4 209 211 (712 7808 3316 ) (712 7808 3324 ) (712 7809 3324 ) (712 7809 3316 ) 
4 209 210 (712 7808 3316 ) (712 7809 3316 ) (744 7809 3316 ) (744 7808 3316 ) 
4 210 239 (744 7808 3308 ) (744 7808 3316 ) (712 7808 3316 ) (712 7808 3308 ) 
4 210 211 (712 8192 3268 ) (712 7808 3268 ) (712 7808 3316 ) (712 8192 3316 ) 
4 211 239 (712 7808 3308 ) (712 7808 3370 ) (680 7808 3370 ) (680 7808 3308 ) 
4 211 215 (680 7808 3316 ) (680 7808 3324 ) (680 7809 3324 ) (680 7809 3316 ) 
4 211 214 (680 7809 3324 ) (680 8000 3324 ) (680 8000 3316 ) (680 7809 3316 ) 
4 211 213 (680 7808 3324 ) (680 7808 3370 ) (680 8000 3370 ) (680 8000 3324 ) 
4 211 216 (680 8000 3268 ) (680 7808 3268 ) (680 7808 3316 ) (680 8000 3316 ) 
4 211 212 (680 8192 3268 ) (680 8000 3268 ) (680 8000 3370 ) (680 8192 3370 ) 
4 212 214 (680 8000 3316 ) (680 8000 3324 ) (672 8000 3324 ) (672 8000 3316 ) 
4 212 213 (680 8000 3324 ) (680 8000 3460 ) (672 8000 3460 ) (672 8000 3324 ) 
4 212 216 (672 8000 3268 ) (680 8000 3268 ) (680 8000 3316 ) (672 8000 3316 ) 
4 213 239 (680 7808 3324 ) (680 7808 3372 ) (648 7808 3372 ) (648 7808 3324 ) 
4 213 215 (648 7808 3324 ) (648 7809 3324 ) (680 7809 3324 ) (680 7808 3324 ) 
4 213 214 (648 7809 3324 ) (648 8000 3324 ) (680 8000 3324 ) (680 7809 3324 ) 
4 213 217 (648 8000 3460 ) (648 8000 3324 ) (648 7808 3324 ) (648 7808 3460 ) 
4 214 217 (648 8000 3324 ) (648 8000 3316 ) (648 7809 3316 ) (648 7809 3324 ) 
4 214 216 (648 7809 3316 ) (648 8000 3316 ) (680 8000 3316 ) (680 7809 3316 ) 
4 214 215 (648 7809 3316 ) (680 7809 3316 ) (680 7809 3324 ) (648 7809 3324 ) 
4 215 239 (680 7808 3316 ) (680 7808 3324 ) (648 7808 3324 ) (648 7808 3316 ) 
4 215 217 (648 7809 3316 ) (648 7808 3316 ) (648 7808 3324 ) (648 7809 3324 ) 
4 215 216 (648 7808 3316 ) (648 7809 3316 ) (680 7809 3316 ) (680 7808 3316 ) 
4 216 239 (680 7808 3308 ) (680 7808 3316 ) (648 7808 3316 ) (648 7808 3308 ) 
4 216 217 (648 8000 3316 ) (648 8000 3268 ) (648 7808 3268 ) (648 7808 3316 ) 
4 217 239 (648 7808 3308 ) (648 7808 3372 ) (640 7808 3372 ) (640 7808 3308 ) 
4 217 229 (640 8000 3268 ) (640 7808 3268 ) (640 7808 3460 ) (640 8000 3460 ) 
4 218 280 (332 8192 3460 ) (332 8192 3404 ) (332 8032 3404 ) (332 8032 3460 ) 
4 218 225 (332 8032 3404 ) (332 8192 3404 ) (528 8192 3404 ) (528 8032 3404 ) 
4 218 224 (528 8192 3404 ) (536 8192 3404 ) (536 8032 3404 ) (528 8032 3404 ) 
4 218 221 (536 8192 3404 ) (632 8192 3404 ) (632 8032 3404 ) (536 8032 3404 ) 
4 218 220 (632 8192 3404 ) (640 8192 3404 ) (640 8032 3404 ) (632 8032 3404 ) 
4 218 219 (332 8032 3404 ) (640 8032 3404 ) (640 8032 3412 ) (332 8032 3412 ) 
4 219 281 (332 8032 3404 ) (332 8000 3404 ) (332 8000 3412 ) (332 8032 3412 ) 
4 219 236 (456 8000 3412 ) (376 8000 3412 ) (376 8000 3404 ) (456 8000 3404 ) 
4 219 238 (376 8000 3412 ) (332 8000 3412 ) (332 8000 3404 ) (376 8000 3404 ) 
4 219 230 (616 8000 3412 ) (584 8000 3412 ) (584 8000 3404 ) (616 8000 3404 ) 
4 219 229 (640 8000 3404 ) (640 8000 3412 ) (616 8000 3412 ) (616 8000 3404 ) 
4 219 234 (584 8000 3412 ) (456 8000 3412 ) (456 8000 3404 ) (584 8000 3404 ) 
4 219 225 (332 8008 3404 ) (332 8032 3404 ) (528 8032 3404 ) (528 8008 3404 ) 
4 219 226 (528 8000 3404 ) (332 8000 3404 ) (332 8004 3404 ) (528 8004 3404 ) 
4 219 224 (536 8000 3404 ) (528 8000 3404 ) (528 8032 3404 ) (536 8032 3404 ) 
4 219 222 (536 8004 3404 ) (536 8008 3404 ) (632 8008 3404 ) (632 8004 3404 ) 
4 219 221 (536 8008 3404 ) (536 8032 3404 ) (632 8032 3404 ) (632 8008 3404 ) 
4 219 223 (632 8000 3404 ) (536 8000 3404 ) (536 8004 3404 ) (632 8004 3404 ) 
4 219 220 (640 8000 3404 ) (632 8000 3404 ) (632 8032 3404 ) (640 8032 3404 ) 
4 220 229 (640 8000 3308 ) (640 8000 3404 ) (632 8000 3404 ) (632 8000 3308 ) 
4 220 228 (640 8000 3308 ) (632 8000 3308 ) (632 8032 3308 ) (640 8032 3308 ) 
4 220 227 (632 8032 3308 ) (632 8192 3308 ) (640 8192 3308 ) (640 8032 3308 ) 
4 220 222 (632 8008 3308 ) (632 8004 3308 ) (632 8004 3404 ) (632 8008 3404 ) 
4 220 221 (632 8192 3308 ) (632 8008 3308 ) (632 8008 3404 ) (632 8192 3404 ) 
4 220 223 (632 8004 3308 ) (632 8000 3308 ) (632 8000 3404 ) (632 8004 3404 ) 
4 221 228 (536 8008 3308 ) (536 8032 3308 ) (632 8032 3308 ) (632 8008 3308 ) 
4 221 227 (536 8032 3308 ) (536 8192 3308 ) (632 8192 3308 ) (632 8032 3308 ) 
4 221 224 (536 8192 3308 ) (536 8008 3308 ) (536 8008 3404 ) (536 8192 3404 ) 
4 221 222 (536 8008 3404 ) (536 8008 3308 ) (632 8008 3308 ) (632 8008 3404 ) 
4 222 228 (536 8004 3308 ) (536 8008 3308 ) (632 8008 3308 ) (632 8004 3308 ) 
4 222 224 (536 8008 3308 ) (536 8004 3308 ) (536 8004 3404 ) (536 8008 3404 ) 
4 222 223 (536 8004 3404 ) (536 8004 3308 ) (632 8004 3308 ) (632 8004 3404 ) 
4 223 231 (584 8000 3324 ) (584 8000 3316 ) (616 8000 3316 ) (616 8000 3324 ) 
4 223 230 (616 8000 3404 ) (584 8000 3404 ) (584 8000 3324 ) (616 8000 3324 ) 
4 223 233 (584 8000 3316 ) (584 8000 3308 ) (616 8000 3308 ) (616 8000 3316 ) 
4 223 229 (632 8000 3404 ) (616 8000 3404 ) (616 8000 3308 ) (632 8000 3308 ) 
4 223 234 (584 8000 3404 ) (536 8000 3404 ) (536 8000 3308 ) (584 8000 3308 ) 
4 223 228 (632 8000 3308 ) (536 8000 3308 ) (536 8004 3308 ) (632 8004 3308 ) 
4 223 224 (536 8004 3308 ) (536 8000 3308 ) (536 8000 3404 ) (536 8004 3404 ) 
4 224 234 (536 8000 3404 ) (528 8000 3404 ) (528 8000 3308 ) (536 8000 3308 ) 
4 224 228 (536 8000 3308 ) (528 8000 3308 ) (528 8032 3308 ) (536 8032 3308 ) 
4 224 227 (528 8032 3308 ) (528 8192 3308 ) (536 8192 3308 ) (536 8032 3308 ) 
4 224 225 (528 8192 3308 ) (528 8008 3308 ) (528 8008 3404 ) (528 8192 3404 ) 
4 224 226 (528 8004 3308 ) (528 8000 3308 ) (528 8000 3404 ) (528 8004 3404 ) 
4 225 287 (332 8192 3320 ) (332 8192 3308 ) (332 8008 3308 ) (332 8008 3320 ) 
4 225 283 (332 8192 3404 ) (332 8192 3320 ) (332 8008 3320 ) (332 8008 3404 ) 
4 225 228 (332 8008 3308 ) (332 8032 3308 ) (528 8032 3308 ) (528 8008 3308 ) 
4 225 227 (332 8032 3308 ) (332 8192 3308 ) (528 8192 3308 ) (528 8032 3308 ) 
4 226 288 (332 8004 3308 ) (332 8000 3308 ) (332 8000 3320 ) (332 8004 3320 ) 
4 226 284 (332 8000 3320 ) (332 8000 3404 ) (332 8004 3404 ) (332 8004 3320 ) 
4 226 236 (456 8000 3404 ) (376 8000 3404 ) (376 8000 3308 ) (456 8000 3308 ) 
4 226 238 (376 8000 3404 ) (332 8000 3404 ) (332 8000 3308 ) (376 8000 3308 ) 
4 226 234 (528 8000 3404 ) (456 8000 3404 ) (456 8000 3308 ) (528 8000 3308 ) 
4 226 228 (528 8000 3308 ) (332 8000 3308 ) (332 8004 3308 ) (528 8004 3308 ) 
4 227 318 (332 8064 3268 ) (332 8032 3268 ) (332 8032 3308 ) (332 8064 3308 ) 
4 227 317 (332 8120 3268 ) (332 8064 3268 ) (332 8064 3308 ) (332 8120 3308 ) 
4 227 315 (332 8192 3308 ) (332 8192 3268 ) (332 8120 3268 ) (332 8120 3308 ) 
4 227 228 (640 8032 3300 ) (640 8032 3308 ) (332 8032 3308 ) (332 8032 3300 ) 
4 228 320 (332 8000 3300 ) (332 8000 3308 ) (332 8032 3308 ) (332 8032 3300 ) 
4 228 236 (456 8000 3308 ) (376 8000 3308 ) (376 8000 3300 ) (456 8000 3300 ) 
4 228 238 (376 8000 3308 ) (332 8000 3308 ) (332 8000 3300 ) (376 8000 3300 ) 
4 228 233 (616 8000 3308 ) (584 8000 3308 ) (584 8000 3300 ) (616 8000 3300 ) 
4 228 229 (640 8000 3300 ) (640 8000 3308 ) (616 8000 3308 ) (616 8000 3300 ) 
4 228 234 (584 8000 3308 ) (456 8000 3308 ) (456 8000 3300 ) (584 8000 3300 ) 
4 229 239 (640 7808 3308 ) (640 7808 3372 ) (616 7808 3372 ) (616 7808 3308 ) 
4 229 232 (616 7809 3316 ) (616 7808 3316 ) (616 7808 3324 ) (616 7809 3324 ) 
4 229 231 (616 8000 3324 ) (616 8000 3316 ) (616 7809 3316 ) (616 7809 3324 ) 
4 229 230 (616 8000 3460 ) (616 8000 3324 ) (616 7808 3324 ) (616 7808 3460 ) 
4 229 233 (616 8000 3316 ) (616 8000 3268 ) (616 7808 3268 ) (616 7808 3316 ) 
4 230 239 (616 7808 3324 ) (616 7808 3372 ) (584 7808 3372 ) (584 7808 3324 ) 
4 230 232 (584 7808 3324 ) (584 7809 3324 ) (616 7809 3324 ) (616 7808 3324 ) 
4 230 231 (584 7809 3324 ) (584 8000 3324 ) (616 8000 3324 ) (616 7809 3324 ) 
4 230 234 (584 8000 3460 ) (584 8000 3324 ) (584 7808 3324 ) (584 7808 3460 ) 
4 231 234 (584 8000 3324 ) (584 8000 3316 ) (584 7809 3316 ) (584 7809 3324 ) 
4 231 233 (584 7809 3316 ) (584 8000 3316 ) (616 8000 3316 ) (616 7809 3316 ) 
4 231 232 (584 7809 3316 ) (616 7809 3316 ) (616 7809 3324 ) (584 7809 3324 ) 
4 232 239 (616 7808 3316 ) (616 7808 3324 ) (584 7808 3324 ) (584 7808 3316 ) 
4 232 234 (584 7809 3316 ) (584 7808 3316 ) (584 7808 3324 ) (584 7809 3324 ) 
4 232 233 (584 7808 3316 ) (584 7809 3316 ) (616 7809 3316 ) (616 7808 3316 ) 
4 233 239 (616 7808 3308 ) (616 7808 3316 ) (584 7808 3316 ) (584 7808 3308 ) 
4 233 234 (584 8000 3316 ) (584 8000 3268 ) (584 7808 3268 ) (584 7808 3316 ) 
4 234 243 (456 7808 3268 ) (460 7808 3268 ) (460 7808 3360 ) (456 7808 3360 ) 
4 234 239 (584 7808 3308 ) (584 7808 3372 ) (568 7808 3372 ) (568 7808 3308 ) 
4 234 235 (456 8000 3460 ) (456 8000 3446 ) (456 7996 3446 ) (456 7996 3460 ) 
4 234 236 (456 8000 3426 ) (456 8000 3268 ) (456 7996 3268 ) (456 7996 3426 ) 
4 234 237 (456 7996 3268 ) (456 7808 3268 ) (456 7808 3460 ) (456 7996 3460 ) 
4 235 238 (376 8000 3460 ) (376 8000 3446 ) (376 7996 3446 ) (376 7996 3460 ) 
4 235 237 (376 7996 3460 ) (376 7996 3446 ) (456 7996 3446 ) (456 7996 3460 ) 
4 236 237 (376 7996 3426 ) (376 7996 3268 ) (456 7996 3268 ) (456 7996 3426 ) 
4 236 238 (376 8000 3426 ) (376 8000 3268 ) (376 7996 3268 ) (376 7996 3426 ) 
4 237 243 (376 7808 3268 ) (456 7808 3268 ) (456 7808 3360 ) (376 7808 3360 ) 
4 237 238 (376 7996 3268 ) (376 7808 3268 ) (376 7808 3460 ) (376 7996 3460 ) 
4 238 321 (332 8000 3268 ) (332 7808 3268 ) (332 7808 3308 ) (332 8000 3308 ) 
4 238 288 (332 7808 3308 ) (332 7808 3320 ) (332 8000 3320 ) (332 8000 3308 ) 
4 238 284 (332 7808 3320 ) (332 7808 3404 ) (332 8000 3404 ) (332 8000 3320 ) 
4 238 282 (332 7808 3404 ) (332 7808 3460 ) (332 8000 3460 ) (332 8000 3404 ) 
4 238 243 (372 7808 3268 ) (376 7808 3268 ) (376 7808 3360 ) (372 7808 3360 ) 
4 239 240 (568 7807 3372 ) (568 7807 3308 ) (760 7807 3308 ) (760 7807 3372 ) 
4 241 254 (496 7312 3388 ) (496 7248 3388 ) (496 7248 3396 ) (496 7312 3396 ) 
4 241 250 (496 7248 3396 ) (496 7248 3436 ) (496 7312 3436 ) (496 7312 3396 ) 
4 242 252 (496 7696 3324 ) (496 7632 3324 ) (496 7632 3340 ) (496 7696 3340 ) 
4 242 251 (496 7760 3324 ) (496 7696 3324 ) (496 7696 3340 ) (496 7760 3340 ) 
4 243 245 (412 7796 3268 ) (420 7796 3268 ) (420 7796 3360 ) (412 7796 3360 ) 
4 243 244 (420 7796 3268 ) (460 7796 3268 ) (460 7796 3360 ) (420 7796 3360 ) 
4 243 246 (372 7796 3268 ) (412 7796 3268 ) (412 7796 3360 ) (372 7796 3360 ) 
4 244 247 (420 7788 3268 ) (460 7788 3268 ) (460 7788 3360 ) (420 7788 3360 ) 
4 244 245 (420 7796 3360 ) (420 7796 3268 ) (420 7788 3268 ) (420 7788 3360 ) 
4 245 247 (412 7788 3268 ) (420 7788 3268 ) (420 7788 3360 ) (412 7788 3360 ) 
4 245 246 (412 7796 3360 ) (412 7796 3268 ) (412 7788 3268 ) (412 7788 3360 ) 
4 246 247 (372 7788 3268 ) (412 7788 3268 ) (412 7788 3360 ) (372 7788 3360 ) 
4 247 251 (372 7776 3268 ) (460 7776 3268 ) (460 7776 3360 ) (372 7776 3360 ) 
4 248 254 (336 7488 3396 ) (336 7604 3396 ) (496 7604 3396 ) (496 7488 3396 ) 
4 248 249 (336 7488 3476 ) (336 7488 3396 ) (496 7488 3396 ) (496 7488 3476 ) 
4 249 254 (336 7456 3396 ) (336 7488 3396 ) (496 7488 3396 ) (496 7456 3396 ) 
4 249 250 (336 7456 3476 ) (336 7456 3396 ) (496 7456 3396 ) (496 7456 3476 ) 
4 250 256 (336 7248 3436 ) (336 7312 3436 ) (336 7312 3396 ) (336 7248 3396 ) 
4 250 254 (496 7232 3396 ) (336 7232 3396 ) (336 7456 3396 ) (496 7456 3396 ) 
4 251 257 (336 7696 3324 ) (336 7696 3340 ) (336 7760 3340 ) (336 7760 3324 ) 
3 251 253 (336 7696 3274 ) (336 7696 3268 ) (342 7696 3268 ) 
5 251 252 (496 7696 3268 ) (496 7696 3396 ) (336 7696 3396 ) (336 7696 3274 ) (342 7696 3268 ) 
4 252 258 (336 7632 3274 ) (336 7632 3320 ) (336 7696 3320 ) (336 7696 3274 ) 
4 252 257 (336 7632 3324 ) (336 7632 3340 ) (336 7696 3340 ) (336 7696 3324 ) 
5 252 254 (496 7632 3268 ) (496 7632 3396 ) (336 7632 3396 ) (336 7632 3274 ) (342 7632 3268 ) 
4 252 253 (336 7696 3274 ) (342 7696 3268 ) (342 7632 3268 ) (336 7632 3274 ) 
4 253 259 (336 7632 3272 ) (336 7632 3274 ) (336 7696 3274 ) (336 7696 3272 ) 
3 253 254 (336 7632 3274 ) (336 7632 3268 ) (342 7632 3268 ) 
4 254 261 (336 7440 3320 ) (336 7504 3320 ) (336 7504 3272 ) (336 7440 3272 ) 
4 254 256 (336 7248 3396 ) (336 7312 3396 ) (336 7312 3388 ) (336 7248 3388 ) 
4 254 255 (424 7232 3268 ) (480 7232 3268 ) (480 7232 3380 ) (424 7232 3380 ) 
4 256 286 (332 7248 3436 ) (332 7312 3436 ) (332 7312 3388 ) (332 7248 3388 ) 
4 257 285 (332 7632 3340 ) (332 7760 3340 ) (332 7760 3324 ) (332 7632 3324 ) 
4 258 260 (334 7696 3320 ) (334 7696 3276 ) (334 7632 3276 ) (334 7632 3320 ) 
4 258 259 (336 7632 3274 ) (334 7632 3275.998291 ) (334 7696 3275.998291 ) (336 7696 3273.998291 ) 
4 259 260 (334 7696 3276 ) (334 7696 3272 ) (334 7632 3272 ) (334 7632 3276 ) 
4 260 325 (332 7696 3308 ) (332 7696 3272 ) (332 7632 3272 ) (332 7632 3308 ) 
4 260 289 (332 7632 3320 ) (332 7696 3320 ) (332 7696 3308 ) (332 7632 3308 ) 
4 261 326 (332 7504 3308 ) (332 7504 3272 ) (332 7440 3272 ) (332 7440 3308 ) 
4 261 290 (332 7440 3320 ) (332 7504 3320 ) (332 7504 3308 ) (332 7440 3308 ) 
4 262 263 (864 8000 2372 ) (864 7808 2372 ) (864 7808 2564 ) (864 8000 2564 ) 
4 264 328 (332 8032 2564 ) (332 8192 2564 ) (332 8192 2372 ) (332 8032 2372 ) 
4 264 270 (332 8096 2372 ) (332 8192 2372 ) (384 8192 2372 ) (384 8096 2372 ) 
4 264 267 (448 8192 2372 ) (608 8192 2372 ) (608 8096 2372 ) (448 8096 2372 ) 
4 265 329 (332 7712 2564 ) (332 8000 2564 ) (332 8000 2372 ) (332 7712 2372 ) 
4 265 272 (448 7936 2372 ) (608 7936 2372 ) (608 7776 2372 ) (448 7776 2372 ) 
4 265 273 (332 7776 2372 ) (332 7936 2372 ) (384 7936 2372 ) (384 7776 2372 ) 
4 266 330 (332 7392 2564 ) (332 7680 2564 ) (332 7680 2372 ) (332 7392 2372 ) 
4 266 275 (448 7616 2372 ) (608 7616 2372 ) (608 7456 2372 ) (448 7456 2372 ) 
4 266 276 (332 7456 2372 ) (332 7616 2372 ) (384 7616 2372 ) (384 7456 2372 ) 
4 267 268 (608 8096 2370 ) (448 8096 2370 ) (448 8192 2370 ) (608 8192 2370 ) 
4 268 269 (448 8160 2370 ) (448 8192 2370 ) (448 8192 2356 ) (448 8160 2356 ) 
4 269 271 (384 8192 2370 ) (384 8192 2356 ) (384 8160 2356 ) (384 8160 2370 ) 
4 270 331 (332 8096 2370 ) (332 8096 2372 ) (332 8192 2372 ) (332 8192 2370 ) 
4 270 271 (384 8192 2370 ) (384 8096 2370 ) (332 8096 2370 ) (332 8192 2370 ) 
4 271 332 (332 8096 2356 ) (332 8096 2370 ) (332 8192 2370 ) (332 8192 2356 ) 
4 272 274 (608 7776 2370 ) (448 7776 2370 ) (448 7936 2370 ) (608 7936 2370 ) 
4 273 333 (332 7776 2370 ) (332 7776 2372 ) (332 7936 2372 ) (332 7936 2370 ) 
4 273 274 (384 7776 2370 ) (332 7776 2370 ) (332 7936 2370 ) (384 7936 2370 ) 
4 274 334 (332 7776 2356 ) (332 7776 2370 ) (332 7936 2370 ) (332 7936 2356 ) 
4 275 277 (608 7456 2370 ) (448 7456 2370 ) (448 7616 2370 ) (608 7616 2370 ) 
4 276 335 (332 7456 2370 ) (332 7456 2372 ) (332 7616 2372 ) (332 7616 2370 ) 
4 276 277 (384 7456 2370 ) (332 7456 2370 ) (332 7616 2370 ) (384 7616 2370 ) 
4 277 336 (332 7456 2356 ) (332 7456 2370 ) (332 7616 2370 ) (332 7616 2356 ) 
4 278 279 (332 8160 3462 ) (320 8160 3462 ) (320 8192 3462 ) (332 8192 3462 ) 
4 279 280 (320 8192 3460 ) (332 8192 3460 ) (332 8160 3460 ) (320 8160 3460 ) 
4 280 291 (304 8032 3460 ) (304 8192 3460 ) (304 8192 3404 ) (304 8032 3404 ) 
4 280 283 (304 8032 3404 ) (304 8192 3404 ) (332 8192 3404 ) (332 8032 3404 ) 
4 280 281 (304 8032 3404 ) (332 8032 3404 ) (332 8032 3412 ) (304 8032 3412 ) 
4 281 292 (304 8032 3412 ) (304 8032 3404 ) (304 8000 3404 ) (304 8000 3412 ) 
4 281 283 (304 8008 3404 ) (304 8032 3404 ) (332 8032 3404 ) (332 8008 3404 ) 
4 281 284 (304 8000 3404 ) (304 8004 3404 ) (332 8004 3404 ) (332 8000 3404 ) 
4 281 282 (304 8000 3404 ) (332 8000 3404 ) (332 8000 3412 ) (304 8000 3412 ) 
4 282 293 (304 7808 3460 ) (304 8000 3460 ) (304 8000 3404 ) (304 7808 3404 ) 
4 282 284 (332 7808 3404 ) (304 7808 3404 ) (304 8000 3404 ) (332 8000 3404 ) 
4 283 294 (304 8192 3404 ) (304 8192 3320 ) (304 8008 3320 ) (304 8008 3404 ) 
4 283 287 (304 8008 3320 ) (304 8192 3320 ) (332 8192 3320 ) (332 8008 3320 ) 
4 284 294 (304 8004 3320 ) (304 7808 3320 ) (304 7808 3404 ) (304 8004 3404 ) 
4 284 288 (304 7808 3320 ) (304 8004 3320 ) (332 8004 3320 ) (332 7808 3320 ) 
4 286 303 (304 7248 3436 ) (304 7312 3436 ) (304 7312 3388 ) (304 7248 3388 ) 
4 287 320 (332 8032 3308 ) (332 8008 3308 ) (304 8008 3308 ) (304 8032 3308 ) 
4 287 318 (332 8064 3308 ) (332 8032 3308 ) (304 8032 3308 ) (304 8064 3308 ) 
4 287 317 (332 8120 3308 ) (332 8064 3308 ) (304 8064 3308 ) (304 8120 3308 ) 
4 287 315 (304 8192 3308 ) (332 8192 3308 ) (332 8120 3308 ) (304 8120 3308 ) 
4 287 294 (304 8192 3308 ) (304 8008 3308 ) (304 8008 3320 ) (304 8192 3320 ) 
4 288 320 (332 8004 3308 ) (332 8000 3308 ) (304 8000 3308 ) (304 8004 3308 ) 
4 288 321 (332 8000 3308 ) (332 7808 3308 ) (304 7808 3308 ) (304 8000 3308 ) 
4 288 294 (304 8004 3308 ) (304 7808 3308 ) (304 7808 3320 ) (304 8004 3320 ) 
4 289 325 (332 7696 3308 ) (332 7632 3308 ) (304 7632 3308 ) (304 7696 3308 ) 
4 289 304 (304 7696 3308 ) (304 7632 3308 ) (304 7632 3320 ) (304 7696 3320 ) 
4 290 326 (332 7504 3308 ) (332 7440 3308 ) (304 7440 3308 ) (304 7504 3308 ) 
4 290 305 (304 7504 3308 ) (304 7440 3308 ) (304 7440 3320 ) (304 7504 3320 ) 
4 291 295 (200 8192 3404 ) (296 8192 3404 ) (296 8032 3404 ) (200 8032 3404 ) 
4 291 294 (296 8192 3404 ) (304 8192 3404 ) (304 8032 3404 ) (296 8032 3404 ) 
4 291 298 (192 8032 3404 ) (192 8192 3404 ) (200 8192 3404 ) (200 8032 3404 ) 
4 291 292 (192 8032 3412 ) (192 8032 3404 ) (304 8032 3404 ) (304 8032 3412 ) 
4 292 296 (296 8008 3404 ) (296 8004 3404 ) (200 8004 3404 ) (200 8008 3404 ) 
4 292 295 (200 8032 3404 ) (296 8032 3404 ) (296 8008 3404 ) (200 8008 3404 ) 
4 292 297 (296 8004 3404 ) (296 8000 3404 ) (200 8000 3404 ) (200 8004 3404 ) 
4 292 294 (296 8032 3404 ) (304 8032 3404 ) (304 8000 3404 ) (296 8000 3404 ) 
4 292 298 (192 8000 3404 ) (192 8032 3404 ) (200 8032 3404 ) (200 8000 3404 ) 
4 292 293 (192 8000 3412 ) (192 8000 3404 ) (304 8000 3404 ) (304 8000 3412 ) 
4 293 300 (192 7808 3404 ) (192 7808 3460 ) (192 8000 3460 ) (192 8000 3404 ) 
4 293 297 (296 7808 3404 ) (200 7808 3404 ) (200 8000 3404 ) (296 8000 3404 ) 
4 293 294 (304 7808 3404 ) (296 7808 3404 ) (296 8000 3404 ) (304 8000 3404 ) 
4 293 298 (200 7808 3404 ) (192 7808 3404 ) (192 8000 3404 ) (200 8000 3404 ) 
4 294 320 (304 8032 3308 ) (304 8000 3308 ) (296 8000 3308 ) (296 8032 3308 ) 
4 294 321 (304 8000 3308 ) (304 7808 3308 ) (296 7808 3308 ) (296 8000 3308 ) 
4 294 318 (304 8064 3308 ) (304 8032 3308 ) (296 8032 3308 ) (296 8064 3308 ) 
4 294 317 (304 8120 3308 ) (304 8064 3308 ) (296 8064 3308 ) (296 8120 3308 ) 
4 294 315 (296 8192 3308 ) (304 8192 3308 ) (304 8120 3308 ) (296 8120 3308 ) 
4 294 296 (296 8008 3308 ) (296 8004 3308 ) (296 8004 3404 ) (296 8008 3404 ) 
4 294 295 (296 8192 3308 ) (296 8008 3308 ) (296 8008 3404 ) (296 8192 3404 ) 
4 294 297 (296 8004 3308 ) (296 7808 3308 ) (296 7808 3404 ) (296 8004 3404 ) 
4 295 320 (296 8032 3308 ) (296 8008 3308 ) (200 8008 3308 ) (200 8032 3308 ) 
4 295 318 (296 8064 3308 ) (296 8032 3308 ) (200 8032 3308 ) (200 8064 3308 ) 
4 295 317 (296 8120 3308 ) (296 8064 3308 ) (200 8064 3308 ) (200 8120 3308 ) 
4 295 315 (200 8192 3308 ) (296 8192 3308 ) (296 8120 3308 ) (200 8120 3308 ) 
4 295 298 (200 8192 3308 ) (200 8008 3308 ) (200 8008 3404 ) (200 8192 3404 ) 
4 295 296 (200 8008 3404 ) (200 8008 3308 ) (296 8008 3308 ) (296 8008 3404 ) 
4 296 320 (296 8008 3308 ) (296 8004 3308 ) (200 8004 3308 ) (200 8008 3308 ) 
4 296 297 (200 8004 3404 ) (200 8004 3308 ) (296 8004 3308 ) (296 8004 3404 ) 
4 296 298 (200 8008 3308 ) (200 8004 3308 ) (200 8004 3404 ) (200 8008 3404 ) 
4 297 320 (296 8004 3308 ) (296 8000 3308 ) (200 8000 3308 ) (200 8004 3308 ) 
4 297 321 (296 8000 3308 ) (296 7808 3308 ) (200 7808 3308 ) (200 8000 3308 ) 
4 297 301 (200 7808 3372 ) (200 7808 3308 ) (264 7808 3308 ) (264 7808 3372 ) 
4 297 298 (200 8004 3308 ) (200 7808 3308 ) (200 7808 3404 ) (200 8004 3404 ) 
4 298 320 (200 8032 3308 ) (200 8000 3308 ) (192 8000 3308 ) (192 8032 3308 ) 
4 298 321 (200 8000 3308 ) (200 7808 3308 ) (192 7808 3308 ) (192 8000 3308 ) 
4 298 318 (200 8064 3308 ) (200 8032 3308 ) (192 8032 3308 ) (192 8064 3308 ) 
4 298 317 (200 8120 3308 ) (200 8064 3308 ) (192 8064 3308 ) (192 8120 3308 ) 
4 298 315 (192 8192 3308 ) (200 8192 3308 ) (200 8120 3308 ) (192 8120 3308 ) 
4 298 301 (192 7808 3372 ) (192 7808 3308 ) (200 7808 3308 ) (200 7808 3372 ) 
4 298 300 (192 8000 3308 ) (192 7808 3308 ) (192 7808 3404 ) (192 8000 3404 ) 
4 298 299 (192 8120 3308 ) (192 8064 3308 ) (192 8064 3380 ) (192 8120 3380 ) 
4 299 317 (192 8120 3308 ) (192 8064 3308 ) (176 8064 3308 ) (176 8120 3308 ) 
4 299 307 (176 8120 3308 ) (176 8064 3308 ) (176 8064 3380 ) (176 8120 3380 ) 
4 300 322 (192 8000 3308 ) (192 7808 3308 ) (176 7808 3308 ) (176 8000 3308 ) 
4 300 308 (176 8000 3308 ) (176 7808 3308 ) (176 7808 3460 ) (176 8000 3460 ) 
4 300 301 (176 7808 3372 ) (176 7808 3308 ) (192 7808 3308 ) (192 7808 3372 ) 
4 301 310 (176 7808 3308 ) (176 7807 3308 ) (176 7807 3372 ) (176 7808 3372 ) 
4 301 302 (264 7807 3308 ) (264 7807 3372 ) (176 7807 3372 ) (176 7807 3308 ) 
4 302 324 (176 7752 3308 ) (176 7800 3308 ) (256 7800 3308 ) (256 7752 3308 ) 
4 302 311 (176 7807 3308 ) (176 7744 3308 ) (176 7744 3372 ) (176 7807 3372 ) 
4 303 312 (176 7248 3436 ) (176 7312 3436 ) (176 7312 3388 ) (176 7248 3388 ) 
4 304 327 (240 7632 3308 ) (176 7632 3308 ) (176 7696 3308 ) (240 7696 3308 ) 
4 304 325 (304 7696 3308 ) (304 7632 3308 ) (240 7632 3308 ) (240 7696 3308 ) 
4 304 306 (240 7632 3320 ) (176 7632 3320 ) (176 7632 3308 ) (240 7632 3308 ) 
4 305 326 (304 7504 3308 ) (304 7440 3308 ) (240 7440 3308 ) (240 7504 3308 ) 
4 305 306 (240 7504 3308 ) (240 7440 3308 ) (240 7440 3320 ) (240 7504 3320 ) 
4 306 327 (176 7440 3308 ) (176 7632 3308 ) (240 7632 3308 ) (240 7440 3308 ) 
4 307 317 (176 8120 3308 ) (176 8064 3308 ) (160 8064 3308 ) (160 8120 3308 ) 
4 307 309 (160 8120 3308 ) (160 8064 3308 ) (160 8064 3380 ) (160 8120 3380 ) 
4 308 322 (176 8000 3308 ) (176 7808 3308 ) (160 7808 3308 ) (160 8000 3308 ) 
4 308 310 (160 7808 3308 ) (176 7808 3308 ) (176 7808 3372 ) (160 7808 3372 ) 
4 308 309 (160 8000 3308 ) (160 7808 3308 ) (160 7808 3460 ) (160 8000 3460 ) 
4 309 359 (0 8192 3460 ) (0 8192 3308 ) (0 7808 3308 ) (0 7808 3460 ) 
4 309 323 (0 7808 3308 ) (0 8032 3308 ) (160 8032 3308 ) (160 7808 3308 ) 
4 309 319 (0 8032 3308 ) (0 8064 3308 ) (160 8064 3308 ) (160 8032 3308 ) 
4 309 317 (0 8064 3308 ) (0 8120 3308 ) (160 8120 3308 ) (160 8064 3308 ) 
4 309 316 (0 8120 3308 ) (0 8192 3308 ) (160 8192 3308 ) (160 8120 3308 ) 
4 309 310 (72 7808 3308 ) (160 7808 3308 ) (160 7808 3372 ) (72 7808 3372 ) 
4 310 311 (72 7807 3372 ) (72 7807 3308 ) (176 7807 3308 ) (176 7807 3372 ) 
4 311 324 (176 7800 3308 ) (176 7752 3308 ) (80 7752 3308 ) (80 7800 3308 ) 
4 312 313 (144 7312 3388 ) (144 7248 3388 ) (144 7248 3436 ) (144 7312 3436 ) 
4 313 360 (0 7232 3516 ) (0 7456 3516 ) (0 7456 3380 ) (0 7232 3380 ) 
4 313 314 (128 7232 3436 ) (64 7232 3436 ) (64 7232 3388 ) (128 7232 3388 ) 
4 314 376 (64 7168 3388 ) (128 7168 3388 ) (128 7168 3436 ) (64 7168 3436 ) 
4 315 317 (192 8120 3268 ) (332 8120 3268 ) (332 8120 3308 ) (192 8120 3308 ) 
4 316 359 (0 8120 3308 ) (0 8192 3308 ) (0 8192 3268 ) (0 8120 3268 ) 
4 316 317 (0 8120 3268 ) (160 8120 3268 ) (160 8120 3308 ) (0 8120 3308 ) 
4 317 359 (0 8064 3308 ) (0 8120 3308 ) (0 8120 3268 ) (0 8064 3268 ) 
4 317 319 (0 8064 3268 ) (160 8064 3268 ) (160 8064 3308 ) (0 8064 3308 ) 
4 317 318 (192 8064 3268 ) (332 8064 3268 ) (332 8064 3308 ) (192 8064 3308 ) 
4 318 320 (332 8032 3300 ) (332 8032 3308 ) (192 8032 3308 ) (192 8032 3300 ) 
4 319 359 (0 8032 3308 ) (0 8064 3308 ) (0 8064 3268 ) (0 8032 3268 ) 
4 319 323 (0 8032 3268 ) (160 8032 3268 ) (160 8032 3308 ) (0 8032 3308 ) 
4 320 321 (192 8000 3308 ) (192 8000 3300 ) (332 8000 3300 ) (332 8000 3308 ) 
4 321 322 (192 8000 3268 ) (192 7808 3268 ) (192 7808 3308 ) (192 8000 3308 ) 
4 322 323 (160 8000 3268 ) (160 7808 3268 ) (160 7808 3308 ) (160 8000 3308 ) 
4 323 359 (0 7808 3308 ) (0 8032 3308 ) (0 8032 3268 ) (0 7808 3268 ) 
4 325 327 (240 7696 3308 ) (240 7696 3272 ) (240 7632 3272 ) (240 7632 3308 ) 
4 326 327 (240 7504 3272 ) (240 7440 3272 ) (240 7440 3308 ) (240 7504 3308 ) 
4 328 331 (224 8192 2372 ) (332 8192 2372 ) (332 8096 2372 ) (224 8096 2372 ) 
4 329 333 (332 7936 2372 ) (332 7776 2372 ) (224 7776 2372 ) (224 7936 2372 ) 
4 330 335 (332 7616 2372 ) (332 7456 2372 ) (224 7456 2372 ) (224 7616 2372 ) 
4 331 332 (332 8096 2370 ) (224 8096 2370 ) (224 8192 2370 ) (332 8192 2370 ) 
4 333 334 (332 7776 2370 ) (224 7776 2370 ) (224 7936 2370 ) (332 7936 2370 ) 
4 335 336 (332 7456 2370 ) (224 7456 2370 ) (224 7616 2370 ) (332 7616 2370 ) 
4 337 343 (0 7658.525391 3764 ) (0 7635.789551 3764 ) (-71.148918 7707.030762 3764 ) (-59.838181 7718.336914 3764 ) 
5 337 342 (0 7635.789551 3764 ) (0 7616 3764 ) (-138.476639 7616 3764 ) (-150.330978 7627.825684 3764 ) (-71.146843 7707.028320 3764 ) 
4 337 341 (-45.643871 7744 3764 ) (0 7744 3764 ) (0 7658.525391 3764 ) (-65.559814 7724.056152 3764 ) 
3 337 340 (-138.476639 7616 3764 ) (-173.465332 7616 3764 ) (-156.004257 7633.485352 3764 ) 
4 337 339 (-48 7744 3764 ) (-45.643871 7744 3764 ) (-173.465332 7616 3764 ) (-176 7616 3764 ) 
4 337 338 (-176 7616 3764 ) (0 7616 3764 ) (0 7616 3795.690186 ) (-176 7616 3795.690186 ) 
4 338 378 (0 7168 3764 ) (0 7168 3795.690186 ) (-176 7168 3795.690186 ) (-176 7168 3764 ) 
3 338 342 (-138.476715 7616 3764 ) (0 7616 3764 ) (0 7477.856445 3764 ) 
6 338 340 (0 7168 3764 ) (-176 7168 3764 ) (-176 7613.461914 3764 ) (-173.465439 7616 3764 ) (-138.476715 7616 3764 ) (0 7477.856445 3764 ) 
3 338 339 (-176 7613.461914 3764 ) (-176 7616 3764 ) (-173.465439 7616 3764 ) 
4 339 355 (-176 7613.461914 3572 ) (-176 7616 3572 ) (-48 7744 3572 ) (-45.643917 7744 3572 ) 
4 339 346 (-76.856293 7712.745605 3748 ) (-144.689453 7644.817871 3748 ) (-144.697388 7644.810059 3588 ) (-76.854523 7712.746582 3588 ) 
4 339 341 (-65.551254 7724.065918 3572 ) (-45.644981 7744 3572 ) (-45.644981 7744 3764 ) (-65.560570 7724.056641 3764 ) 
4 339 340 (-176 7613.463867 3764 ) (-176 7613.463867 3572 ) (-156.005341 7633.486328 3572 ) (-156.005325 7633.486328 3764 ) 
4 340 379 (0 7168 3572 ) (0 7168 3764 ) (-176 7168 3764 ) (-176 7168 3572 ) 
5 340 355 (0 7477.855957 3572 ) (0 7168 3572 ) (-176 7168 3572 ) (-176 7613.461914 3572 ) (-156.004349 7633.485352 3572 ) 
4 340 354 (-176 7200 3572 ) (-176 7168 3572 ) (-176 7168 3636 ) (-176 7200 3636 ) 
4 340 353 (-176 7168 3700 ) (-176 7168 3764 ) (-176 7200 3764 ) (-176 7200 3700 ) 
4 340 352 (-176 7328 3572 ) (-176 7232 3572 ) (-176 7232 3764 ) (-176 7328 3764 ) 
4 340 350 (-176 7360 3700 ) (-176 7360 3764 ) (-176 7456 3764 ) (-176 7456 3700 ) 
4 340 351 (-176 7456 3572 ) (-176 7360 3572 ) (-176 7360 3636 ) (-176 7456 3636 ) 
4 340 349 (-176 7584 3572 ) (-176 7488 3572 ) (-176 7488 3764 ) (-176 7584 3764 ) 
4 340 347 (0 7477.855469 3572 ) (-150.334473 7627.828613 3572 ) (-150.334824 7627.829102 3588 ) (0 7477.855469 3588 ) 
4 340 344 (-150.342087 7627.836426 3748 ) (0 7477.855469 3748 ) (0 7477.855469 3588 ) (-150.342087 7627.836426 3588 ) 
4 340 342 (-150.331375 7627.825684 3764 ) (0 7477.855469 3764 ) (0 7477.855469 3748 ) (-150.330688 7627.824707 3748 ) 
4 341 355 (0 7744 3572 ) (0 7658.543945 3572 ) (-65.550491 7724.065430 3572 ) (-45.643917 7744 3572 ) 
4 341 348 (-59.828678 7718.343262 3572 ) (0 7658.541016 3572 ) (0 7658.540039 3588 ) (-59.830090 7718.342773 3588 ) 
4 341 344 (-59.805569 7718.318359 3588 ) (0 7658.540039 3588 ) (0 7658.528320 3748 ) (-59.812943 7718.311035 3748 ) 
4 341 343 (-59.838528 7718.336914 3748 ) (0 7658.528320 3748 ) (0 7658.527344 3764 ) (-59.839558 7718.335938 3764 ) 
4 342 344 (0 7477.855469 3748 ) (-150.330673 7627.824707 3748 ) (-71.146133 7707.028320 3748 ) (0 7635.789551 3748 ) 
4 342 343 (0 7635.785156 3748 ) (-71.147484 7707.026855 3748 ) (-71.148254 7707.027344 3764 ) (0 7635.786621 3764 ) 
4 343 344 (-59.834530 7718.340820 3748 ) (0 7658.532715 3748 ) (0 7635.789551 3748 ) (-71.148888 7707.031250 3748 ) 
4 344 348 (-71.123123 7707.008301 3588 ) (-59.807117 7718.317383 3588 ) (0 7658.536621 3588 ) (0 7635.791992 3588 ) 
4 344 347 (0 7477.855469 3588 ) (-150.342072 7627.835938 3588 ) (-71.123123 7707.008301 3588 ) (0 7635.791992 3588 ) 
4 344 345 (-71.123550 7707.008301 3588 ) (-139.030533 7639.141602 3588 ) (-139.021317 7639.147461 3748 ) (-71.122971 7707.004883 3748 ) 
4 345 346 (-75.384369 7711.274902 3588 ) (-143.270828 7643.382813 3588 ) (-143.272552 7643.401367 3748 ) (-75.395737 7711.283203 3748 ) 
4 347 355 (0 7635.792480 3572 ) (0 7477.855957 3572 ) (-150.334122 7627.828613 3572 ) (-71.144493 7707.030273 3572 ) 
4 347 348 (-71.143135 7707.032227 3588 ) (0 7635.796387 3588 ) (0 7635.800781 3572 ) (-71.142792 7707.032227 3572 ) 
4 348 355 (0 7658.543945 3572 ) (0 7635.792480 3572 ) (-71.145187 7707.030762 3572 ) (-59.827446 7718.344727 3572 ) 
4 355 387 (-48 7168 3572 ) (-176 7168 3572 ) (-176 7168 3540 ) (-48 7168 3540 ) 
4 355 386 (0 7168 3540 ) (0 7168 3572 ) (-48 7168 3572 ) (-48 7168 3540 ) 
4 355 358 (-48 7200 3540 ) (-48 7488 3540 ) (-16 7488 3540 ) (-16 7200 3540 ) 
4 355 356 (-16 7488 3540 ) (0 7488 3540 ) (0 7200 3540 ) (-16 7200 3540 ) 
4 356 358 (-16 7488 3540 ) (-16 7488 3524 ) (-16 7200 3524 ) (-16 7200 3540 ) 
4 356 357 (-16 7232 3524 ) (-16 7456 3524 ) (0 7456 3524 ) (0 7232 3524 ) 
4 357 360 (0 7456 3516 ) (0 7232 3516 ) (-16 7232 3516 ) (-16 7456 3516 ) 
4 361 369 (656 7072 3763.690186 ) (656 7104 3763.690186 ) (656 7104 3700 ) (656 7072 3700 ) 
4 362 363 (688 7104 3636 ) (688 7104 3635.690186 ) (688 7072 3635.690186 ) (688 7072 3636 ) 
4 363 369 (656 7104 3571.690186 ) (656 7072 3571.690186 ) (656 7072 3636 ) (656 7104 3636 ) 
4 363 364 (656 7072 3571.690186 ) (688 7072 3571.690186 ) (688 7072 3572 ) (656 7072 3572 ) 
4 364 369 (656 7072 3572 ) (656 7072 3571.690186 ) (656 7040 3571.690186 ) (656 7040 3572 ) 
4 364 365 (656 7040 3571.690186 ) (688 7040 3571.690186 ) (688 7040 3572 ) (656 7040 3572 ) 
4 365 369 (656 6944 3763.690186 ) (656 7040 3763.690186 ) (656 7040 3571.690186 ) (656 6944 3571.690186 ) 
4 366 369 (656 6816 3763.690186 ) (656 6912 3763.690186 ) (656 6912 3698 ) (656 6816 3698 ) 
4 367 369 (656 6912 3638.149902 ) (656 6912 3571.690186 ) (656 6816 3571.690186 ) (656 6816 3638.149902 ) 
4 368 369 (656 6688 3763.690186 ) (656 6784 3763.690186 ) (656 6784 3571.690186 ) (656 6688 3571.690186 ) 
4 369 386 (0 7168 3572 ) (0 7168 3540 ) (0 6656 3540 ) (0 6656 3572 ) 
4 369 379 (0 7168 3764 ) (0 7168 3572 ) (0 6656 3572 ) (0 6656 3764 ) 
4 369 378 (0 7168 3795.690186 ) (0 7168 3764 ) (0 6656 3764 ) (0 6656 3795.690186 ) 
4 369 370 (304 6656 3720 ) (304 6656 3744 ) (176 6656 3744 ) (176 6656 3720 ) 
4 369 371 (176 6656 3540 ) (304 6656 3540 ) (304 6656 3668 ) (176 6656 3668 ) 
4 371 372 (176 6624 3540 ) (304 6624 3540 ) (304 6624 3668 ) (176 6624 3668 ) 
4 372 373 (176 6496 3540 ) (304 6496 3540 ) (304 6496 3668 ) (176 6496 3668 ) 
4 373 374 (112 6464 3540 ) (112 6400 3540 ) (48 6400 3540 ) (48 6464 3540 ) 
4 374 375 (112 6464 3508 ) (112 6400 3508 ) (48 6400 3508 ) (48 6464 3508 ) 
4 375 377 (48 6464 3436 ) (64 6464 3436 ) (64 6400 3436 ) (48 6400 3436 ) 
4 375 376 (64 6464 3436 ) (112 6464 3436 ) (112 6400 3436 ) (64 6400 3436 ) 
4 376 377 (64 6464 3388 ) (64 6400 3388 ) (64 6400 3436 ) (64 6464 3436 ) 
4 378 379 (-176 7168 3764 ) (0 7168 3764 ) (0 6656 3764 ) (-176 6656 3764 ) 
4 379 387 (-176 6656 3572 ) (-176 7168 3572 ) (-48 7168 3572 ) (-48 6656 3572 ) 
4 379 386 (-48 7168 3572 ) (0 7168 3572 ) (0 6656 3572 ) (-48 6656 3572 ) 
4 379 385 (-176 6784 3572 ) (-176 6688 3572 ) (-176 6688 3764 ) (-176 6784 3764 ) 
4 379 383 (-176 6816 3700 ) (-176 6816 3764 ) (-176 6912 3764 ) (-176 6912 3700 ) 
4 379 384 (-176 6912 3572 ) (-176 6816 3572 ) (-176 6816 3636 ) (-176 6912 3636 ) 
4 379 382 (-176 7040 3572 ) (-176 6944 3572 ) (-176 6944 3764 ) (-176 7040 3764 ) 
4 379 381 (-176 7104 3572 ) (-176 7072 3572 ) (-176 7072 3636 ) (-176 7104 3636 ) 
4 379 380 (-176 7072 3764 ) (-176 7104 3764 ) (-176 7104 3700 ) (-176 7072 3700 ) 
4 386 387 (-48 6656 3540 ) (-48 6656 3572 ) (-48 7168 3572 ) (-48 7168 3540 ) 
